host: phoenix-24.prism
Building DAG of jobs...
Using shell: /usr/bin/bash
Provided remote nodes: 1
Provided resources: mem_mb=40000, mem_mib=38147, disk_mb=6856, disk_mib=6539
Select jobs to execute...
Execute 1 jobs...

[Thu Mar  6 11:11:08 2025]
rule align_short_reads:
    input: /private/groups/russelllab/jodie/merrill_23_wRi_genome/short_reads/trimmed_R1.fastq.gz, /private/groups/russelllab/jodie/merrill_23_wRi_genome/short_reads/trimmed_R2.fastq.gz, /private/groups/russelllab/jodie/reference_genomes/fastas/Drosophila_simulans_ref/data/GCF_016746395.2/GCF_016746395.2_Prin_Dsim_3.1_genomic.fna
    output: /private/groups/russelllab/jodie/merrill_23_wRi_genome/short_reads/aligned_to_dsim.bam
    jobid: 0
    reason: Forced execution
    threads: 16
    resources: mem_mb=40000, mem_mib=38147, disk_mb=6856, disk_mib=6539, tmpdir=<TBD>, slurm_partition=medium, runtime=240

host: phoenix-24.prism
Building DAG of jobs...
Using shell: /usr/bin/bash
Provided cores: 16
Rules claiming more threads will be scaled down.
Provided resources: mem_mb=40000, mem_mib=38147, disk_mb=6856, disk_mib=6539
Select jobs to execute...
Execute 1 jobs...

[Thu Mar  6 11:11:09 2025]
localrule align_short_reads:
    input: /private/groups/russelllab/jodie/merrill_23_wRi_genome/short_reads/trimmed_R1.fastq.gz, /private/groups/russelllab/jodie/merrill_23_wRi_genome/short_reads/trimmed_R2.fastq.gz, /private/groups/russelllab/jodie/reference_genomes/fastas/Drosophila_simulans_ref/data/GCF_016746395.2/GCF_016746395.2_Prin_Dsim_3.1_genomic.fna
    output: /private/groups/russelllab/jodie/merrill_23_wRi_genome/short_reads/aligned_to_dsim.bam
    jobid: 0
    reason: Forced execution
    threads: 16
    resources: mem_mb=40000, mem_mib=38147, disk_mb=6856, disk_mib=6539, tmpdir=/data/tmp, slurm_partition=medium, runtime=240

[E::bwa_idx_load_from_disk] fail to locate the index files
[main_samview] fail to read the header from "-".
[W::hts_set_opt] Cannot change block size for this format
samtools sort: failed to read header from "-"
[Thu Mar  6 11:11:09 2025]
Error in rule align_short_reads:
    jobid: 0
    input: /private/groups/russelllab/jodie/merrill_23_wRi_genome/short_reads/trimmed_R1.fastq.gz, /private/groups/russelllab/jodie/merrill_23_wRi_genome/short_reads/trimmed_R2.fastq.gz, /private/groups/russelllab/jodie/reference_genomes/fastas/Drosophila_simulans_ref/data/GCF_016746395.2/GCF_016746395.2_Prin_Dsim_3.1_genomic.fna
    output: /private/groups/russelllab/jodie/merrill_23_wRi_genome/short_reads/aligned_to_dsim.bam
    shell:
        
        # Align to Drosophila simulans reference
        bwa mem -t 16 /private/groups/russelllab/jodie/reference_genomes/fastas/Drosophila_simulans_ref/data/GCF_016746395.2/GCF_016746395.2_Prin_Dsim_3.1_genomic.fna /private/groups/russelllab/jodie/merrill_23_wRi_genome/short_reads/trimmed_R1.fastq.gz /private/groups/russelllab/jodie/merrill_23_wRi_genome/short_reads/trimmed_R2.fastq.gz |             samtools view -@ 16 -b |             samtools sort -@ 16 -o /private/groups/russelllab/jodie/merrill_23_wRi_genome/short_reads/aligned_to_dsim.bam
        
        # Index the BAM file
        samtools index -@ 16 /private/groups/russelllab/jodie/merrill_23_wRi_genome/short_reads/aligned_to_dsim.bam
        
        (one of the commands exited with non-zero exit code; note that snakemake uses bash strict mode!)

Shutting down, this might take some time.
Exiting because a job execution failed. Look above for error message
Storing output in storage.
WorkflowError:
At least one job did not complete successfully.
srun: error: phoenix-24: task 0: Exited with exit code 1
[Thu Mar  6 11:11:09 2025]
Error in rule align_short_reads:
    jobid: 0
    input: /private/groups/russelllab/jodie/merrill_23_wRi_genome/short_reads/trimmed_R1.fastq.gz, /private/groups/russelllab/jodie/merrill_23_wRi_genome/short_reads/trimmed_R2.fastq.gz, /private/groups/russelllab/jodie/reference_genomes/fastas/Drosophila_simulans_ref/data/GCF_016746395.2/GCF_016746395.2_Prin_Dsim_3.1_genomic.fna
    output: /private/groups/russelllab/jodie/merrill_23_wRi_genome/short_reads/aligned_to_dsim.bam
    shell:
        
        # Align to Drosophila simulans reference
        bwa mem -t 16 /private/groups/russelllab/jodie/reference_genomes/fastas/Drosophila_simulans_ref/data/GCF_016746395.2/GCF_016746395.2_Prin_Dsim_3.1_genomic.fna /private/groups/russelllab/jodie/merrill_23_wRi_genome/short_reads/trimmed_R1.fastq.gz /private/groups/russelllab/jodie/merrill_23_wRi_genome/short_reads/trimmed_R2.fastq.gz |             samtools view -@ 16 -b |             samtools sort -@ 16 -o /private/groups/russelllab/jodie/merrill_23_wRi_genome/short_reads/aligned_to_dsim.bam
        
        # Index the BAM file
        samtools index -@ 16 /private/groups/russelllab/jodie/merrill_23_wRi_genome/short_reads/aligned_to_dsim.bam
        
        (one of the commands exited with non-zero exit code; note that snakemake uses bash strict mode!)

Shutting down, this might take some time.
Exiting because a job execution failed. Look above for error message
Storing output in storage.
WorkflowError:
At least one job did not complete successfully.
