host: phoenix-07.prism
Building DAG of jobs...
Using shell: /usr/bin/bash
Provided remote nodes: 1
Provided resources: mem_mb=100000, mem_mib=95368, disk_mb=9969, disk_mib=9508
Select jobs to execute...
Execute 1 jobs...

[Thu Mar  6 11:44:49 2025]
rule assembly:
    input: /private/groups/russelllab/jodie/merrill_23_wRi_genome/nanopore_data/basecalled/merrill_23_all_basecalled.Dsim.fastq.gz, /private/groups/russelllab/jodie/merrill_23_wRi_genome/nanopore_data/basecalled/merrill_23_all_basecalled.wRi.fastq.gz
    output: /private/groups/russelllab/jodie/merrill_23_wRi_genome/flye/merrill_23_all_basecalled/Dsim/assembly.fasta, /private/groups/russelllab/jodie/merrill_23_wRi_genome/flye/merrill_23_all_basecalled/wRi/assembly.fasta
    jobid: 0
    reason: Forced execution
    wildcards: sample=merrill_23_all_basecalled
    threads: 16
    resources: mem_mb=100000, mem_mib=95368, disk_mb=9969, disk_mib=9508, tmpdir=<TBD>, slurm_partition=medium, runtime=200

host: phoenix-07.prism
Building DAG of jobs...
Using shell: /usr/bin/bash
Provided cores: 16
Rules claiming more threads will be scaled down.
Provided resources: mem_mb=100000, mem_mib=95368, disk_mb=9969, disk_mib=9508
Select jobs to execute...
Execute 1 jobs...

[Thu Mar  6 11:44:50 2025]
localrule assembly:
    input: /private/groups/russelllab/jodie/merrill_23_wRi_genome/nanopore_data/basecalled/merrill_23_all_basecalled.Dsim.fastq.gz, /private/groups/russelllab/jodie/merrill_23_wRi_genome/nanopore_data/basecalled/merrill_23_all_basecalled.wRi.fastq.gz
    output: /private/groups/russelllab/jodie/merrill_23_wRi_genome/flye/merrill_23_all_basecalled/Dsim/assembly.fasta, /private/groups/russelllab/jodie/merrill_23_wRi_genome/flye/merrill_23_all_basecalled/wRi/assembly.fasta
    jobid: 0
    reason: Forced execution
    wildcards: sample=merrill_23_all_basecalled
    threads: 16
    resources: mem_mb=100000, mem_mib=95368, disk_mb=9969, disk_mib=9508, tmpdir=/data/tmp, slurm_partition=medium, runtime=200

[2025-03-06 11:44:51] INFO: Starting Flye 2.9.5-b1801
[2025-03-06 11:44:51] INFO: >>>STAGE: configure
[2025-03-06 11:44:51] INFO: Configuring run
[2025-03-06 11:46:25] INFO: Total read length: 5702836847
[2025-03-06 11:46:25] INFO: Input genome size: 180000000
[2025-03-06 11:46:25] INFO: Estimated coverage: 31
[2025-03-06 11:46:25] INFO: Reads N50/N90: 2017 / 444
[2025-03-06 11:46:25] INFO: Minimum overlap set to 1000
[2025-03-06 11:46:25] INFO: >>>STAGE: assembly
[2025-03-06 11:46:25] INFO: Assembling disjointigs
[2025-03-06 11:46:25] INFO: Reading sequences
[2025-03-06 11:47:43] INFO: Building minimizer index
[2025-03-06 11:47:43] INFO: Pre-calculating index storage
0% 10% 20% 30% 40% 50% 60% 70% 80% 90% 100% 
[2025-03-06 11:48:13] INFO: Filling index
0% 10% 20% 30% 40% 50% 60% 70% 80% 90% 100% 
[2025-03-06 11:48:56] INFO: Extending reads
[2025-03-06 11:49:07] INFO: Overlap-based coverage: 20
[2025-03-06 11:49:07] INFO: Median overlap divergence: 0.0292056
0% 10% 20% 30% 40% 50% 60% 70% 80% 90% 100% 
[2025-03-06 11:56:43] INFO: Assembled 2600 disjointigs
[2025-03-06 11:56:44] INFO: Generating sequence
0% 10% 20% 30% 40% 50% 60% 70% 80% 90% 100% 
[2025-03-06 11:56:53] INFO: Filtering contained disjointigs
0% 10% 20% 30% 40% 50% 60% 70% 80% 90% 100% 
[2025-03-06 11:57:10] INFO: Contained seqs: 493
[2025-03-06 11:57:15] INFO: >>>STAGE: consensus
[2025-03-06 11:57:15] INFO: Running Minimap2
[2025-03-06 12:13:10] INFO: Computing consensus
[2025-03-06 12:18:33] INFO: Alignment error rate: 0.041453
[2025-03-06 12:18:34] INFO: >>>STAGE: repeat
[2025-03-06 12:18:35] INFO: Building and resolving repeat graph
[2025-03-06 12:18:35] INFO: Parsing disjointigs
[2025-03-06 12:18:36] INFO: Building repeat graph
0% 10% 20% 30% 40% 50% 60% 70% 80% 90% 100% 
[2025-03-06 12:20:53] INFO: Median overlap divergence: 0.0711482
[2025-03-06 12:20:58] INFO: Parsing reads
[2025-03-06 12:22:24] INFO: Aligning reads to the graph
0% 10% 20% 30% 40% 50% 60% 70% 80% 90% 100% 
[2025-03-06 12:26:15] INFO: Aligned read sequence: 3725604227 / 4141861608 (0.8995)
[2025-03-06 12:26:15] INFO: Median overlap divergence: 0.022356
[2025-03-06 12:26:17] INFO: Mean edge coverage: 31
[2025-03-06 12:26:17] INFO: Simplifying the graph
[2025-03-06 12:26:52] INFO: >>>STAGE: contigger
[2025-03-06 12:26:52] INFO: Generating contigs
[2025-03-06 12:26:52] INFO: Reading sequences
[2025-03-06 12:28:42] INFO: Generated 3117 contigs
[2025-03-06 12:28:43] INFO: Added 23 scaffold connections
[2025-03-06 12:28:54] INFO: >>>STAGE: polishing
[2025-03-06 12:28:54] INFO: Polishing genome (1/1)
[2025-03-06 12:28:54] INFO: Running minimap2
[2025-03-06 12:41:20] INFO: Separating alignment into bubbles
[2025-03-06 12:47:29] INFO: Alignment error rate: 0.037446
[2025-03-06 12:47:29] INFO: Correcting bubbles
0% 10% 20% 30% 40% 50% 60% 70% 80% 90% 100% 
[2025-03-06 13:13:20] INFO: >>>STAGE: finalize
[2025-03-06 13:13:22] INFO: Assembly statistics:

	Total length:	127499655
	Fragments:	2383
	Fragments N50:	1959523
	Largest frg:	6539838
	Scaffolds:	0
	Mean coverage:	43

[2025-03-06 13:13:22] INFO: Final assembly: /private/groups/russelllab/jodie/merrill_23_wRi_genome/flye/merrill_23_all_basecalled/Dsim/assembly.fasta
[2025-03-06 13:13:22] INFO: Starting Flye 2.9.5-b1801
[2025-03-06 13:13:23] INFO: >>>STAGE: configure
[2025-03-06 13:13:23] INFO: Configuring run
[2025-03-06 13:13:32] INFO: Total read length: 427549984
[2025-03-06 13:13:32] INFO: Input genome size: 1300000
[2025-03-06 13:13:32] INFO: Estimated coverage: 328
[2025-03-06 13:13:32] INFO: Reads N50/N90: 1371 / 282
[2025-03-06 13:13:32] INFO: Minimum overlap set to 1000
[2025-03-06 13:13:32] INFO: >>>STAGE: assembly
[2025-03-06 13:13:32] INFO: Assembling disjointigs
[2025-03-06 13:13:32] INFO: Reading sequences
[2025-03-06 13:13:38] INFO: Building minimizer index
[2025-03-06 13:13:38] INFO: Pre-calculating index storage
0% 10% 20% 30% 40% 50% 60% 70% 80% 90% 100% 
[2025-03-06 13:13:41] INFO: Filling index
0% 10% 20% 30% 40% 50% 60% 70% 80% 90% 100% 
[2025-03-06 13:13:49] INFO: Extending reads
[2025-03-06 13:14:13] INFO: Overlap-based coverage: 62
[2025-03-06 13:14:13] INFO: Median overlap divergence: 0.0272556
0% 30% 40% 50% 60% 70% 80% 90% 100% 
[2025-03-06 13:16:49] INFO: Assembled 57 disjointigs
[2025-03-06 13:16:49] INFO: Generating sequence
0% 10% 20% 30% 40% 50% 60% 70% 80% 90% 100% 
[2025-03-06 13:16:49] INFO: Filtering contained disjointigs
0% 10% 20% 30% 40% 50% 60% 70% 80% 90% 100% 
[2025-03-06 13:16:51] INFO: Contained seqs: 28
[2025-03-06 13:16:52] INFO: >>>STAGE: consensus
[2025-03-06 13:16:52] INFO: Running Minimap2
[2025-03-06 13:17:33] INFO: Computing consensus
[2025-03-06 13:18:28] INFO: Alignment error rate: 0.028619
[2025-03-06 13:18:28] INFO: >>>STAGE: repeat
[2025-03-06 13:18:28] INFO: Building and resolving repeat graph
[2025-03-06 13:18:28] INFO: Parsing disjointigs
[2025-03-06 13:18:28] INFO: Building repeat graph
0% 10% 20% 30% 40% 50% 60% 70% 80% 90% 100% 
[2025-03-06 13:18:31] INFO: Median overlap divergence: 0.0219653
[2025-03-06 13:18:31] INFO: Parsing reads
[2025-03-06 13:18:39] INFO: Aligning reads to the graph
0% 10% 20% 30% 40% 50% 60% 70% 80% 90% 100% 
[2025-03-06 13:18:59] INFO: Aligned read sequence: 190700655 / 250846697 (0.760228)
[2025-03-06 13:18:59] INFO: Median overlap divergence: 0.00891972
[2025-03-06 13:18:59] INFO: Mean edge coverage: 133
[2025-03-06 13:18:59] INFO: Simplifying the graph
[2025-03-06 13:19:01] INFO: >>>STAGE: contigger
[2025-03-06 13:19:01] INFO: Generating contigs
[2025-03-06 13:19:01] INFO: Reading sequences
[2025-03-06 13:19:09] INFO: Generated 33 contigs
[2025-03-06 13:19:10] INFO: Added 0 scaffold connections
[2025-03-06 13:19:10] INFO: >>>STAGE: polishing
[2025-03-06 13:19:10] INFO: Polishing genome (1/1)
[2025-03-06 13:19:10] INFO: Running minimap2
[2025-03-06 13:19:41] INFO: Separating alignment into bubbles
[2025-03-06 13:20:22] INFO: Alignment error rate: 0.022534
[2025-03-06 13:20:22] INFO: Correcting bubbles
0% 10% 20% 30% 40% 50% 60% 70% 80% 90% 100% 
[2025-03-06 13:21:26] INFO: >>>STAGE: finalize
[2025-03-06 13:21:26] INFO: Assembly statistics:

	Total length:	1423024
	Fragments:	21
	Fragments N50:	434918
	Largest frg:	606948
	Scaffolds:	0
	Mean coverage:	204

[2025-03-06 13:21:26] INFO: Final assembly: /private/groups/russelllab/jodie/merrill_23_wRi_genome/flye/merrill_23_all_basecalled/wRi/assembly.fasta
[Thu Mar  6 13:21:28 2025]
Finished job 0.
1 of 1 steps (100%) done
Storing output in storage.
[Thu Mar  6 13:21:28 2025]
Finished job 0.
1 of 1 steps (100%) done
Storing output in storage.
