host: emerald.prism
Building DAG of jobs...
SLURM run ID: bfbe5719-5c6a-480d-bca0-4027f4ff0811
Using shell: /usr/bin/bash
Provided remote nodes: 100
Job stats:
job                                   count
----------------------------------  -------
BUSCO_polished                            1
BUSCO_raw                                 1
all                                       1
attempt_circularization                   1
close_gaps                                1
polish_nanopore_assembly                  1
polish_scaffolded_with_short_reads        1
scaffold_assembly                         1
total                                     8

Select jobs to execute...
Execute 2 jobs...

[Thu Mar  6 15:44:13 2025]
rule BUSCO_raw:
    input: /private/groups/russelllab/jodie/merrill_23_wRi_genome/flye/merrill_23_all_basecalled/wRi/assembly.fasta
    output: /private/groups/russelllab/jodie/merrill_23_wRi_genome/busco/merrill_23_all_basecalled/raw/wRi/short_summary.specific.fasta
    jobid: 7
    reason: Missing output files: /private/groups/russelllab/jodie/merrill_23_wRi_genome/busco/merrill_23_all_basecalled/raw/wRi/short_summary.specific.fasta
    wildcards: sample=merrill_23_all_basecalled
    threads: 16
    resources: tmpdir=<TBD>, mem_mb=100000, mem_mib=95368, runtime=60

No SLURM account given, trying to guess.
Guessed SLURM account: standard
Job 7 has been submitted with SLURM jobid 6761714 (log: /private/groups/russelllab/jodie/merrill_23_wRi_genome/de_novo_wRi_merrill_23_assembly/scripts/polish/.snakemake/slurm_logs/rule_BUSCO_raw/merrill_23_all_basecalled/6761714.log).

[Thu Mar  6 15:44:16 2025]
rule polish_nanopore_assembly:
    input: /private/groups/russelllab/jodie/merrill_23_wRi_genome/flye/merrill_23_all_basecalled/wRi/assembly.fasta, /private/groups/russelllab/jodie/merrill_23_wRi_genome/nanopore_data/basecalled/merrill_23_all_basecalled.wRi.fastq.gz
    output: /private/groups/russelllab/jodie/merrill_23_wRi_genome/polished/merrill_23_all_basecalled/wRi/racon_polished.fasta, /private/groups/russelllab/jodie/merrill_23_wRi_genome/polished/merrill_23_all_basecalled/wRi/medaka_polished.fasta
    jobid: 2
    reason: Missing output files: /private/groups/russelllab/jodie/merrill_23_wRi_genome/polished/merrill_23_all_basecalled/wRi/medaka_polished.fasta
    wildcards: sample=merrill_23_all_basecalled
    threads: 16
    resources: tmpdir=<TBD>, mem_mb=100000, mem_mib=95368, runtime=60

Job 2 has been submitted with SLURM jobid 6761715 (log: /private/groups/russelllab/jodie/merrill_23_wRi_genome/de_novo_wRi_merrill_23_assembly/scripts/polish/.snakemake/slurm_logs/rule_polish_nanopore_assembly/merrill_23_all_basecalled/6761715.log).
[Thu Mar  6 15:44:53 2025]
Error in rule BUSCO_raw:
    message: SLURM-job '6761714' failed, SLURM status is: 'FAILED'. For further error details see the cluster/cloud log and the log files of the involved rule(s).
    jobid: 7
    input: /private/groups/russelllab/jodie/merrill_23_wRi_genome/flye/merrill_23_all_basecalled/wRi/assembly.fasta
    output: /private/groups/russelllab/jodie/merrill_23_wRi_genome/busco/merrill_23_all_basecalled/raw/wRi/short_summary.specific.fasta
    log: /private/groups/russelllab/jodie/merrill_23_wRi_genome/de_novo_wRi_merrill_23_assembly/scripts/polish/.snakemake/slurm_logs/rule_BUSCO_raw/merrill_23_all_basecalled/6761714.log (check log file(s) for error details)
    shell:
         
            mkdir -p /private/groups/russelllab/jodie/merrill_23_wRi_genome/busco/merrill_23_all_basecalled/raw/wRi/
            busco -i /private/groups/russelllab/jodie/merrill_23_wRi_genome/flye/merrill_23_all_basecalled/wRi/assembly.fasta -o /private/groups/russelllab/jodie/merrill_23_wRi_genome/busco/merrill_23_all_basecalled/raw/wRi/ -l rickettsiales_odb10 -m genome --cpu 16
        
        (one of the commands exited with non-zero exit code; note that snakemake uses bash strict mode!)
    external_jobid: 6761714

[Thu Mar  6 15:44:53 2025]
Error in rule polish_nanopore_assembly:
    message: SLURM-job '6761715' failed, SLURM status is: 'FAILED'. For further error details see the cluster/cloud log and the log files of the involved rule(s).
    jobid: 2
    input: /private/groups/russelllab/jodie/merrill_23_wRi_genome/flye/merrill_23_all_basecalled/wRi/assembly.fasta, /private/groups/russelllab/jodie/merrill_23_wRi_genome/nanopore_data/basecalled/merrill_23_all_basecalled.wRi.fastq.gz
    output: /private/groups/russelllab/jodie/merrill_23_wRi_genome/polished/merrill_23_all_basecalled/wRi/racon_polished.fasta, /private/groups/russelllab/jodie/merrill_23_wRi_genome/polished/merrill_23_all_basecalled/wRi/medaka_polished.fasta
    log: /private/groups/russelllab/jodie/merrill_23_wRi_genome/de_novo_wRi_merrill_23_assembly/scripts/polish/.snakemake/slurm_logs/rule_polish_nanopore_assembly/merrill_23_all_basecalled/6761715.log (check log file(s) for error details)
    conda-env: medaka
    shell:
        
        # Create output directory
        mkdir -p /private/groups/russelllab/jodie/merrill_23_wRi_genome/polished/merrill_23_all_basecalled/wRi/
        
        # First round: Map reads back to assembly
        minimap2 -ax map-ont -t 16 /private/groups/russelllab/jodie/merrill_23_wRi_genome/flye/merrill_23_all_basecalled/wRi/assembly.fasta /private/groups/russelllab/jodie/merrill_23_wRi_genome/nanopore_data/basecalled/merrill_23_all_basecalled.wRi.fastq.gz > /private/groups/russelllab/jodie/merrill_23_wRi_genome/polished/merrill_23_all_basecalled/wRi//mapped.sam
        
        # Polish with Racon (3 iterations for better quality)
        # Iteration 1
        racon -t 16 /private/groups/russelllab/jodie/merrill_23_wRi_genome/nanopore_data/basecalled/merrill_23_all_basecalled.wRi.fastq.gz /private/groups/russelllab/jodie/merrill_23_wRi_genome/polished/merrill_23_all_basecalled/wRi//mapped.sam /private/groups/russelllab/jodie/merrill_23_wRi_genome/flye/merrill_23_all_basecalled/wRi/assembly.fasta > /private/groups/russelllab/jodie/merrill_23_wRi_genome/polished/merrill_23_all_basecalled/wRi//racon_1.fasta
        
        # Iteration 2
        minimap2 -ax map-ont -t 16 /private/groups/russelllab/jodie/merrill_23_wRi_genome/polished/merrill_23_all_basecalled/wRi//racon_1.fasta /private/groups/russelllab/jodie/merrill_23_wRi_genome/nanopore_data/basecalled/merrill_23_all_basecalled.wRi.fastq.gz > /private/groups/russelllab/jodie/merrill_23_wRi_genome/polished/merrill_23_all_basecalled/wRi//mapped_2.sam
        racon -t 16 /private/groups/russelllab/jodie/merrill_23_wRi_genome/nanopore_data/basecalled/merrill_23_all_basecalled.wRi.fastq.gz /private/groups/russelllab/jodie/merrill_23_wRi_genome/polished/merrill_23_all_basecalled/wRi//mapped_2.sam /private/groups/russelllab/jodie/merrill_23_wRi_genome/polished/merrill_23_all_basecalled/wRi//racon_1.fasta > /private/groups/russelllab/jodie/merrill_23_wRi_genome/polished/merrill_23_all_basecalled/wRi//racon_2.fasta
        
        # Iteration 3
        minimap2 -ax map-ont -t 16 /private/groups/russelllab/jodie/merrill_23_wRi_genome/polished/merrill_23_all_basecalled/wRi//racon_2.fasta /private/groups/russelllab/jodie/merrill_23_wRi_genome/nanopore_data/basecalled/merrill_23_all_basecalled.wRi.fastq.gz > /private/groups/russelllab/jodie/merrill_23_wRi_genome/polished/merrill_23_all_basecalled/wRi//mapped_3.sam
        racon -t 16 /private/groups/russelllab/jodie/merrill_23_wRi_genome/nanopore_data/basecalled/merrill_23_all_basecalled.wRi.fastq.gz /private/groups/russelllab/jodie/merrill_23_wRi_genome/polished/merrill_23_all_basecalled/wRi//mapped_3.sam /private/groups/russelllab/jodie/merrill_23_wRi_genome/polished/merrill_23_all_basecalled/wRi//racon_2.fasta > /private/groups/russelllab/jodie/merrill_23_wRi_genome/polished/merrill_23_all_basecalled/wRi/racon_polished.fasta
        
        # Further polish with Medaka
        medaka_consensus -i /private/groups/russelllab/jodie/merrill_23_wRi_genome/nanopore_data/basecalled/merrill_23_all_basecalled.wRi.fastq.gz -d /private/groups/russelllab/jodie/merrill_23_wRi_genome/polished/merrill_23_all_basecalled/wRi/racon_polished.fasta -o /private/groups/russelllab/jodie/merrill_23_wRi_genome/polished/merrill_23_all_basecalled/wRi//medaka -t 16 -m r10_450bps_sup
        
        # Move the medaka output to expected location
        cp /private/groups/russelllab/jodie/merrill_23_wRi_genome/polished/merrill_23_all_basecalled/wRi//medaka/consensus.fasta /private/groups/russelllab/jodie/merrill_23_wRi_genome/polished/merrill_23_all_basecalled/wRi/medaka_polished.fasta
        
        (one of the commands exited with non-zero exit code; note that snakemake uses bash strict mode!)
    external_jobid: 6761715

Shutting down, this might take some time.
Exiting because a job execution failed. Look above for error message
Complete log: .snakemake/log/2025-03-06T154412.070232.snakemake.log
WorkflowError:
At least one job did not complete successfully.
