host: emerald.prism
Building DAG of jobs...
SLURM run ID: 39dfc502-fc9d-445b-80a9-e8c8cc95344a
Using shell: /usr/bin/bash
Provided remote nodes: 10
Job stats:
job                        count
-----------------------  -------
BUSCO                          1
BUSCO_polished                 1
align_short_reads              1
all                            1
assembly                       1
polish_with_short_reads        1
separate_short_reads           1
short_reads_bam2fastq          1
trim_short_reads               1
total                          9

Select jobs to execute...
InputFunctionException in rule assembly in file /private/groups/russelllab/jodie/merrill_23_wRi_genome/de_novo_wRi_merrill_23_assembly/scripts/polish/Snakefile, line 88:
Error:
  WorkflowError:
    Failed to evaluate resources value '48:00:00'.
        String arguments may need additional quoting. E.g.: --default-resources "tmpdir='/home/user/tmp'" or --set-resources "somerule:someresource='--nice=100'". This also holds for setting resources inside of a profile, where you might have to enclose them in single and double quotes, i.e. someresource: "'--nice=100'".
    SyntaxError: invalid syntax (<string>, line 1)
Wildcards:
  sample=merrill_23_all_basecalled
Traceback:
 (rule assembly, line 163, /private/groups/russelllab/jodie/merrill_23_wRi_genome/de_novo_wRi_merrill_23_assembly/scripts/polish/Snakefile)
