host: emerald.prism
Building DAG of jobs...
SLURM run ID: 12100e3a-74e1-47cf-8d64-bfc629961a57
Using shell: /usr/bin/bash
Provided remote nodes: 100
Job stats:
job                                   count
----------------------------------  -------
BUSCO_polished                            1
BUSCO_raw                                 1
all                                       1
attempt_circularization                   1
close_gaps                                1
polish_nanopore_assembly                  1
polish_scaffolded_with_short_reads        1
scaffold_assembly                         1
total                                     8

Select jobs to execute...
Execute 2 jobs...

[Thu Mar  6 15:43:22 2025]
rule BUSCO_raw:
    input: /private/groups/russelllab/jodie/merrill_23_wRi_genome/flye/merrill_23_all_basecalled/wRi/assembly.fasta
    output: /private/groups/russelllab/jodie/merrill_23_wRi_genome/busco/merrill_23_all_basecalled/raw/wRi/short_summary.specific.fasta
    jobid: 7
    reason: Missing output files: /private/groups/russelllab/jodie/merrill_23_wRi_genome/busco/merrill_23_all_basecalled/raw/wRi/short_summary.specific.fasta
    wildcards: sample=merrill_23_all_basecalled
    threads: 16
    resources: tmpdir=<TBD>, mem_mb=100000, mem_mib=95368, runtime=60

No SLURM account given, trying to guess.
Guessed SLURM account: standard
Job 7 has been submitted with SLURM jobid 6761712 (log: /private/groups/russelllab/jodie/merrill_23_wRi_genome/de_novo_wRi_merrill_23_assembly/scripts/polish/.snakemake/slurm_logs/rule_BUSCO_raw/merrill_23_all_basecalled/6761712.log).

[Thu Mar  6 15:43:25 2025]
rule polish_nanopore_assembly:
    input: /private/groups/russelllab/jodie/merrill_23_wRi_genome/flye/merrill_23_all_basecalled/wRi/assembly.fasta, /private/groups/russelllab/jodie/merrill_23_wRi_genome/nanopore_data/basecalled/merrill_23_all_basecalled.wRi.fastq.gz
    output: /private/groups/russelllab/jodie/merrill_23_wRi_genome/polished/merrill_23_all_basecalled/wRi/racon_polished.fasta, /private/groups/russelllab/jodie/merrill_23_wRi_genome/polished/merrill_23_all_basecalled/wRi/medaka_polished.fasta
    jobid: 2
    reason: Missing output files: /private/groups/russelllab/jodie/merrill_23_wRi_genome/polished/merrill_23_all_basecalled/wRi/medaka_polished.fasta
    wildcards: sample=merrill_23_all_basecalled
    threads: 16
    resources: tmpdir=<TBD>, mem_mb=100000, mem_mib=95368, runtime=360

WorkflowError:
SLURM job submission failed. The error message was sbatch: error: Batch job submission failed: Requested time limit is invalid (missing or exceeds some limit)

