host: emerald.prism
Building DAG of jobs...
SLURM run ID: 2e44a045-3290-444e-8b78-b546f9d79f78
Using shell: /usr/bin/bash
Provided remote nodes: 10
Job stats:
job                        count
-----------------------  -------
BUSCO                          1
BUSCO_polished                 1
align_short_reads              1
all                            1
assembly                       1
polish_with_short_reads        1
separate_short_reads           1
short_reads_bam2fastq          1
trim_short_reads               1
total                          9

Select jobs to execute...
Execute 2 jobs...

[Thu Mar  6 10:49:28 2025]
rule assembly:
    input: /private/groups/russelllab/jodie/merrill_23_wRi_genome/nanopore_data/basecalled/merrill_23_all_basecalled.Dsim.fastq.gz, /private/groups/russelllab/jodie/merrill_23_wRi_genome/nanopore_data/basecalled/merrill_23_all_basecalled.wRi.fastq.gz
    output: /private/groups/russelllab/jodie/merrill_23_wRi_genome/flye/merrill_23_all_basecalled/Dsim/assembly.fasta, /private/groups/russelllab/jodie/merrill_23_wRi_genome/flye/merrill_23_all_basecalled/wRi/assembly.fasta
    jobid: 2
    reason: Missing output files: /private/groups/russelllab/jodie/merrill_23_wRi_genome/flye/merrill_23_all_basecalled/wRi/assembly.fasta
    wildcards: sample=merrill_23_all_basecalled
    threads: 16
    resources: mem_mb=100000, mem_mib=95368, disk_mb=9969, disk_mib=9508, tmpdir=<TBD>, slurm_partition=medium, runtime=200

No SLURM account given, trying to guess.
Unable to guess SLURM account. Trying to proceed without.
Job 2 has been submitted with SLURM jobid 6758465 (log: /private/groups/russelllab/jodie/merrill_23_wRi_genome/de_novo_wRi_merrill_23_assembly/scripts/polish/.snakemake/slurm_logs/rule_assembly/merrill_23_all_basecalled/6758465.log).

[Thu Mar  6 10:49:28 2025]
rule trim_short_reads:
    input: /private/groups/russelllab/jodie/merrill_23_wRi_genome/short_reads/merged_R1.fastq.gz, /private/groups/russelllab/jodie/merrill_23_wRi_genome/short_reads/merged_R2.fastq.gz
    output: /private/groups/russelllab/jodie/merrill_23_wRi_genome/short_reads/trimmed_R1.fastq.gz, /private/groups/russelllab/jodie/merrill_23_wRi_genome/short_reads/trimmed_R2.fastq.gz
    jobid: 11
    reason: Missing output files: /private/groups/russelllab/jodie/merrill_23_wRi_genome/short_reads/trimmed_R1.fastq.gz, /private/groups/russelllab/jodie/merrill_23_wRi_genome/short_reads/trimmed_R2.fastq.gz
    threads: 8
    resources: mem_mb=20000, mem_mib=19074, disk_mb=8508, disk_mib=8114, tmpdir=<TBD>, slurm_partition=medium, runtime=180

Job 11 has been submitted with SLURM jobid 6758466 (log: /private/groups/russelllab/jodie/merrill_23_wRi_genome/de_novo_wRi_merrill_23_assembly/scripts/polish/.snakemake/slurm_logs/rule_trim_short_reads/6758466.log).
[Thu Mar  6 10:50:08 2025]
Error in rule trim_short_reads:
    message: SLURM-job '6758466' failed, SLURM status is: 'FAILED'. For further error details see the cluster/cloud log and the log files of the involved rule(s).
    jobid: 11
    input: /private/groups/russelllab/jodie/merrill_23_wRi_genome/short_reads/merged_R1.fastq.gz, /private/groups/russelllab/jodie/merrill_23_wRi_genome/short_reads/merged_R2.fastq.gz
    output: /private/groups/russelllab/jodie/merrill_23_wRi_genome/short_reads/trimmed_R1.fastq.gz, /private/groups/russelllab/jodie/merrill_23_wRi_genome/short_reads/trimmed_R2.fastq.gz
    log: /private/groups/russelllab/jodie/merrill_23_wRi_genome/de_novo_wRi_merrill_23_assembly/scripts/polish/.snakemake/slurm_logs/rule_trim_short_reads/6758466.log (check log file(s) for error details)
    shell:
        
        # Trim adapters and low quality bases
        trimmomatic PE -threads 8             /private/groups/russelllab/jodie/merrill_23_wRi_genome/short_reads/merged_R1.fastq.gz /private/groups/russelllab/jodie/merrill_23_wRi_genome/short_reads/merged_R2.fastq.gz             /private/groups/russelllab/jodie/merrill_23_wRi_genome/short_reads/trimmed_R1.fastq.gz /dev/null             /private/groups/russelllab/jodie/merrill_23_wRi_genome/short_reads/trimmed_R2.fastq.gz /dev/null             ILLUMINACLIP:/private/groups/russelllab/jodie/adapters/TruSeq3-PE.fa:2:30:10             LEADING:3 TRAILING:3 SLIDINGWINDOW:4:15 MINLEN:36
        
        (one of the commands exited with non-zero exit code; note that snakemake uses bash strict mode!)
    external_jobid: 6758466

Terminating processes on user request, this might take some time.
