host: emerald.prism
Building DAG of jobs...
Your conda installation is not configured to use strict channel priorities. This is however crucial for having robust and correct environments (for details, see https://conda-forge.org/docs/user/tipsandtricks.html). Please consider to configure strict priorities by executing 'conda config --set channel_priority strict'.
Creating conda environment envs/plotting.yaml...
Downloading and installing remote packages.
CreateCondaEnvironmentException:
Could not create conda environment from /private/groups/russelllab/jodie/merrill_23_wRi_genome/de_novo_wRi_merrill_23_assembly/scripts/bacterial-repeat-analysis/envs/plotting.yaml:
Command:
mamba env create --quiet --no-default-packages --file "/private/groups/russelllab/jodie/merrill_23_wRi_genome/de_novo_wRi_merrill_23_assembly/scripts/bacterial-repeat-analysis/.snakemake/conda/de330fcfe8f15a98d82fc16a335ac058_.yaml" --prefix "/private/groups/russelllab/jodie/merrill_23_wRi_genome/de_novo_wRi_merrill_23_assembly/scripts/bacterial-repeat-analysis/.snakemake/conda/de330fcfe8f15a98d82fc16a335ac058_"
Output:
Retrieving notices: ...working... done
error    libmamba Error when extracting package: Can't create 'site-packages/cycler-0.12.1.dist-info/WHEEL'
error    libmamba Error when extracting package: filesystem error: cannot create directories: Disk quota exceeded [/private/home/jomojaco/mambaforge/pkgs/mysql-libs-9.0.1-he0572af_4]
error    libmamba Error when extracting package: filesystem error: cannot create directories: Disk quota exceeded [/private/home/jomojaco/mambaforge/pkgs/pip-23.0.1-pyhd8ed1ab_0]
error    libmamba Error when extracting package: filesystem error: cannot create directories: Disk quota exceeded [/private/home/jomojaco/mambaforge/pkgs/importlib_resources-6.5.2-pyhd8ed1ab_0]
error    libmamba Error when extracting package: filesystem error: cannot create directories: Disk quota exceeded [/private/home/jomojaco/mambaforge/pkgs/pytz-2025.1-pyhd8ed1ab_0]
error    libmamba Error when extracting package: filesystem error: cannot create directories: Disk quota exceeded [/private/home/jomojaco/mambaforge/pkgs/libstdcxx-14.2.0-h8f9b012_2]
error    libmamba Error when extracting package: filesystem error: cannot create directories: Disk quota exceeded [/private/home/jomojaco/mambaforge/pkgs/tornado-6.4.2-py39h8cd3c5a_0]
error    libmamba Error when extracting package: filesystem error: cannot create directories: Disk quota exceeded [/private/home/jomojaco/mambaforge/pkgs/libpq-17.4-h27ae623_0]
error    libmamba Error when extracting package: filesystem error: cannot create directories: Disk quota exceeded [/private/home/jomojaco/mambaforge/pkgs/pyqt5-sip-12.12.2-py39h3d6467e_5]
error    libmamba Could not open lockfile '/private/home/jomojaco/mambaforge/pkgs/bcbio-gff-0.7.0-pyh7cba7a3_1.tar.bz2.lock'
error    libmamba Error when extracting package: filesystem error: cannot create directories: Disk quota exceeded [/private/home/jomojaco/mambaforge/pkgs/bcbio-gff-0.7.0-pyh7cba7a3_1]
error    libmamba Error when extracting package: filesystem error: cannot create directories: Disk quota exceeded [/private/home/jomojaco/mambaforge/pkgs/libgcc-ng-14.2.0-h69a702a_2]
error    libmamba Error when extracting package: filesystem error: cannot create directories: Disk quota exceeded [/private/home/jomojaco/mambaforge/pkgs/libbrotlienc-1.1.0-hb9d3cd8_2]
error    libmamba Error when extracting package: filesystem error: cannot create directories: Disk quota exceeded [/private/home/jomojaco/mambaforge/pkgs/libasprintf-0.23.1-h8e693c7_0]
error    libmamba Error when extracting package: filesystem error: cannot create directories: Disk quota exceeded [/private/home/jomojaco/mambaforge/pkgs/libgcc-14.2.0-h767d61c_2]
error    libmamba Error when extracting package: filesystem error: cannot create directories: Disk quota exceeded [/private/home/jomojaco/mambaforge/pkgs/libasprintf-devel-0.23.1-h8e693c7_0]
error    libmamba Error when extracting package: filesystem error: cannot create directories: Disk quota exceeded [/private/home/jomojaco/mambaforge/pkgs/brotli-1.1.0-hb9d3cd8_2]
error    libmamba Error when extracting package: filesystem error: cannot create directories: Disk quota exceeded [/private/home/jomojaco/mambaforge/pkgs/setuptools-75.8.2-pyhff2d567_0]
error    libmamba Error when extracting package: filesystem error: cannot create directories: Disk quota exceeded [/private/home/jomojaco/mambaforge/pkgs/nss-3.108-h159eef7_0]
error    libmamba Error when extracting package: filesystem error: cannot create directories: Disk quota exceeded [/private/home/jomojaco/mambaforge/pkgs/tomli-2.2.1-pyhd8ed1ab_1]
error    libmamba Error when extracting package: filesystem error: cannot create directories: Disk quota exceeded [/private/home/jomojaco/mambaforge/pkgs/unicodedata2-16.0.0-py39h8cd3c5a_0]
error    libmamba Error when extracting package: filesystem error: cannot create directories: Disk quota exceeded [/private/home/jomojaco/mambaforge/pkgs/sip-6.7.12-py39h3d6467e_0]
error    libmamba Could not open lockfile '/private/home/jomojaco/mambaforge/pkgs/bx-python-0.11.0-py39had678e3_3.tar.bz2.lock'
error    libmamba Error when extracting package: filesystem error: cannot create directories: Disk quota exceeded [/private/home/jomojaco/mambaforge/pkgs/bx-python-0.11.0-py39had678e3_3]
error    libmamba Error when extracting package: filesystem error: cannot create directories: Disk quota exceeded [/private/home/jomojaco/mambaforge/pkgs/numpy-1.26.4-py39h474f0d3_0]
error    libmamba Error when extracting package: filesystem error: cannot create directories: Disk quota exceeded [/private/home/jomojaco/mambaforge/pkgs/libgettextpo-0.23.1-h5888daf_0]
error    libmamba Error when extracting package: filesystem error: cannot create directories: Disk quota exceeded [/private/home/jomojaco/mambaforge/pkgs/libgfortran5-14.2.0-hf1ad2bd_2]
error    libmamba Error when extracting package: filesystem error: cannot create directories: Disk quota exceeded [/private/home/jomojaco/mambaforge/pkgs/zstd-1.5.7-hb8e6e7a_1]
error    libmamba Error when extracting package: filesystem error: cannot create directories: Disk quota exceeded [/private/home/jomojaco/mambaforge/pkgs/gettext-0.23.1-h5888daf_0]
error    libmamba Error when extracting package: filesystem error: cannot create directories: Disk quota exceeded [/private/home/jomojaco/mambaforge/pkgs/lcms2-2.17-h717163a_0]
error    libmamba Error when extracting package: filesystem error: cannot create directories: Disk quota exceeded [/private/home/jomojaco/mambaforge/pkgs/pyparsing-3.2.1-pyhd8ed1ab_0]
error    libmamba Error when extracting package: filesystem error: cannot create directories: Disk quota exceeded [/private/home/jomojaco/mambaforge/pkgs/pyqt-5.15.9-py39h52134e7_5]
error    libmamba Error when extracting package: filesystem error: cannot create directories: Disk quota exceeded [/private/home/jomojaco/mambaforge/pkgs/kiwisolver-1.4.7-py39h74842e3_0]
error    libmamba Error when extracting package: filesystem error: cannot create directories: Disk quota exceeded [/private/home/jomojaco/mambaforge/pkgs/libbrotlidec-1.1.0-hb9d3cd8_2]
error    libmamba Error when extracting package: filesystem error: cannot create directories: Disk quota exceeded [/private/home/jomojaco/mambaforge/pkgs/matplotlib-3.7.1-py39hf3d152e_0]
error    libmamba Error when extracting package: filesystem error: cannot create directories: Disk quota exceeded [/private/home/jomojaco/mambaforge/pkgs/pandas-1.5.3-py39h2ad29b5_1]
error    libmamba Error when extracting package: filesystem error: cannot create directories: Disk quota exceeded [/private/home/jomojaco/mambaforge/pkgs/brotli-bin-1.1.0-hb9d3cd8_2]
error    libmamba Error when extracting package: filesystem error: cannot create directories: Disk quota exceeded [/private/home/jomojaco/mambaforge/pkgs/libsqlite-3.49.1-hee588c1_1]
error    libmamba Error when extracting package: filesystem error: cannot create directories: Disk quota exceeded [/private/home/jomojaco/mambaforge/pkgs/importlib-resources-6.5.2-pyhd8ed1ab_0]
error    libmamba Error when extracting package: filesystem error: cannot create directories: Disk quota exceeded [/private/home/jomojaco/mambaforge/pkgs/contourpy-1.3.0-py39h74842e3_2]
error    libmamba Error when extracting package: filesystem error: cannot create directories: Disk quota exceeded [/private/home/jomojaco/mambaforge/pkgs/gettext-tools-0.23.1-h5888daf_0]
error    libmamba Error when extracting package: filesystem error: cannot create directories: Disk quota exceeded [/private/home/jomojaco/mambaforge/pkgs/libxml2-2.13.6-h8d12d68_0]
error    libmamba Error when extracting package: filesystem error: cannot create directories: Disk quota exceeded [/private/home/jomojaco/mambaforge/pkgs/harfbuzz-10.4.0-h76408a6_0]
error    libmamba Error when extracting package: filesystem error: cannot create directories: Disk quota exceeded [/private/home/jomojaco/mambaforge/pkgs/biopython-1.81-py39hd1e30aa_1]
error    libmamba Error when extracting package: filesystem error: cannot create directories: Disk quota exceeded [/private/home/jomojaco/mambaforge/pkgs/libbrotlicommon-1.1.0-hb9d3cd8_2]
error    libmamba Error when extracting package: filesystem error: cannot create directories: Disk quota exceeded [/private/home/jomojaco/mambaforge/pkgs/liblapack-3.9.0-31_h7ac8fdf_openblas]
error    libmamba Error when extracting package: filesystem error: cannot create directories: Disk quota exceeded [/private/home/jomojaco/mambaforge/pkgs/ply-3.11-pyhd8ed1ab_3]
error    libmamba Error when extracting package: filesystem error: cannot create directories: Disk quota exceeded [/private/home/jomojaco/mambaforge/pkgs/libgettextpo-devel-0.23.1-h5888daf_0]
error    libmamba Error when extracting package: filesystem error: cannot create directories: Disk quota exceeded [/private/home/jomojaco/mambaforge/pkgs/zipp-3.21.0-pyhd8ed1ab_1]
error    libmamba Error when extracting package: filesystem error: cannot create directories: Disk quota exceeded [/private/home/jomojaco/mambaforge/pkgs/libstdcxx-ng-14.2.0-h4852527_2]
error    libmamba Error when extracting package: filesystem error: cannot create directories: Disk quota exceeded [/private/home/jomojaco/mambaforge/pkgs/python-3.9.21-h9c0c6dc_1_cpython]
error    libmamba Error when extracting package: filesystem error: cannot create directories: Disk quota exceeded [/private/home/jomojaco/mambaforge/pkgs/libclang-cpp19.1-19.1.7-default_hb5137d0_1]
error    libmamba Error when extracting package: filesystem error: cannot create directories: Disk quota exceeded [/private/home/jomojaco/mambaforge/pkgs/fonttools-4.56.0-py39h9399b63_0]
error    libmamba Error when extracting package: filesystem error: cannot create directories: Disk quota exceeded [/private/home/jomojaco/mambaforge/pkgs/matplotlib-base-3.7.1-py39he190548_0]
error    libmamba Error when extracting package: filesystem error: cannot create directories: Disk quota exceeded [/private/home/jomojaco/mambaforge/pkgs/libllvm19-19.1.7-ha7bfdaf_1]
error    libmamba Error when extracting package: filesystem error: cannot create directories: Disk quota exceeded [/private/home/jomojaco/mambaforge/pkgs/libclang13-19.1.7-default_h9c6a7e4_1]
error    libmamba Error when extracting package: filesystem error: cannot create directories: Disk quota exceeded [/private/home/jomojaco/mambaforge/pkgs/pillow-11.1.0-py39h15c0740_0]

# >>>>>>>>>>>>>>>>>>>>>> ERROR REPORT <<<<<<<<<<<<<<<<<<<<<<

    Traceback (most recent call last):
      File "/private/home/jomojaco/mambaforge/lib/python3.10/site-packages/conda/exception_handler.py", line 17, in __call__
        return func(*args, **kwargs)
      File "/private/home/jomojaco/mambaforge/lib/python3.10/site-packages/conda_env/cli/main.py", line 56, in do_call
        exit_code = getattr(module, func_name)(arguments, parser)
      File "/private/home/jomojaco/mambaforge/lib/python3.10/site-packages/conda/notices/core.py", line 119, in wrapper
        return_value = func(*args, **kwargs)
      File "/private/home/jomojaco/mambaforge/lib/python3.10/site-packages/conda_env/cli/main_create.py", line 162, in execute
        result[installer_type] = installer.install(
      File "/private/home/jomojaco/mambaforge/lib/python3.10/site-packages/mamba/mamba_env.py", line 155, in mamba_install
        transaction.fetch_extract_packages()
    RuntimeError: Found incorrect download: libgcc. Aborting

`$ /private/home/jomojaco/mambaforge/condabin/mamba create --quiet --no-default-packages --file /private/groups/russelllab/jodie/merrill_23_wRi_genome/de_novo_wRi_merrill_23_assembly/scripts/bacterial-repeat-analysis/.snakemake/conda/de330fcfe8f15a98d82fc16a335ac058_.yaml --prefix /private/groups/russelllab/jodie/merrill_23_wRi_genome/de_novo_wRi_merrill_23_assembly/scripts/bacterial-repeat-analysis/.snakemake/conda/de330fcfe8f15a98d82fc16a335ac058_`

  environment variables:
        AUGUSTUS_BIN_PATH=/private/home/jomojaco/mambaforge/envs/snakemake_v8/bin/
     AUGUSTUS_CONFIG_PATH=/private/home/jomojaco/mambaforge/envs/snakemake_v8/config/
    AUGUSTUS_SCRIPTS_PATH=/private/home/jomojaco/mambaforge/envs/snakemake_v8/bin/
                 CIO_TEST=<not set>
  CONDA_AUTO_UPDATE_CONDA=false
        CONDA_DEFAULT_ENV=snakemake_v8
                CONDA_EXE=/private/home/jomojaco/mambaforge/bin/conda
             CONDA_PREFIX=/private/home/jomojaco/mambaforge/envs/snakemake_v8
           CONDA_PREFIX_1=/private/home/jomojaco/mambaforge
    CONDA_PROMPT_MODIFIER=(snakemake_v8)
         CONDA_PYTHON_EXE=/private/home/jomojaco/mambaforge/bin/python
               CONDA_ROOT=/private/home/jomojaco/mambaforge
              CONDA_SHLVL=2
           CURL_CA_BUNDLE=<not set>
         HDF5_PLUGIN_PATH=/private/home/jomojaco/mambaforge/envs/snakemake_v8/hdf5/lib/plugin/
     JAVA_LD_LIBRARY_PATH=/private/home/jomojaco/mambaforge/lib/jvm/lib/server
               LD_PRELOAD=<not set>
                  MANPATH=:/opt/puppetlabs/puppet/share/man
                     PATH=PATH:/private/home/jomojaco/dorado-0.7.3-linux-
                          x64/bin/dorado:/private/home/jomojaco/pipseeker/pipseeker-v3.3.0-
                          linux:/private/home/jomojaco/bbmap:/private/home/jomojaco/cellranger/c
                          ellranger-8.0.0:/private/home/jomojaco/cellranger/cellranger-
                          8.0.0:/private/home/jomojaco/cellranger/cellranger-
                          8.0.0:/private/home/jomojaco/mambaforge/envs/snakemake_v8/bin:/private
                          /home/jomojaco/mambaforge/condabin:/private/home/jomojaco/.local/bin:/
                          private/home/jomojaco/bin:/usr/local/sbin:/usr/local/bin:/usr/sbin:/us
                          r/bin:/sbin:/bin:/usr/games:/usr/local/games:/snap/bin:/opt/puppetlabs
                          /bin:/opt/dell/srvadmin/bin
       REQUESTS_CA_BUNDLE=<not set>
            SSL_CERT_FILE=<not set>
     __CONDA_SHLVL_0_PATH=/private/home/jomojaco/mambaforge/condabin:/private/home/jomojaco/.loc
                          al/bin:/private/home/jomojaco/bin:/usr/local/sbin:/usr/local/bin:/usr/
                          sbin:/usr/bin:/sbin:/bin:/usr/games:/usr/local/games:/snap/bin:/opt/pu
                          ppetlabs/bin:/opt/dell/srvadmin/bin

     active environment : snakemake_v8
    active env location : /private/home/jomojaco/mambaforge/envs/snakemake_v8
            shell level : 2
       user config file : /private/home/jomojaco/.condarc
 populated config files : /private/home/jomojaco/mambaforge/.condarc
          conda version : 23.7.4
    conda-build version : not installed
         python version : 3.10.12.final.0
       virtual packages : __archspec=1=nehalem
                          __glibc=2.35=0
                          __linux=5.15.0=0
                          __unix=0=0
       base environment : /private/home/jomojaco/mambaforge  (writable)
      conda av data dir : /private/home/jomojaco/mambaforge/etc/conda
  conda av metadata url : None
           channel URLs : https://conda.anaconda.org/conda-forge/linux-64
                          https://conda.anaconda.org/conda-forge/noarch
          package cache : /private/home/jomojaco/mambaforge/pkgs
                          /private/home/jomojaco/.conda/pkgs
       envs directories : /private/home/jomojaco/mambaforge/envs
                          /private/home/jomojaco/.conda/envs
               platform : linux-64
             user-agent : conda/23.7.4 requests/2.31.0 CPython/3.10.12 Linux/5.15.0-122-generic ubuntu/22.04.5 glibc/2.35
                UID:GID : 30176:600
             netrc file : None
           offline mode : False


An unexpected error has occurred. Conda has prepared the above report.
If you suspect this error is being caused by a malfunctioning plugin,
consider using the --no-plugins option to turn off plugins.

Example: conda --no-plugins install <package>

Alternatively, you can set the CONDA_NO_PLUGINS environment variable on
the command line to run the command without plugins enabled.

Example: CONDA_NO_PLUGINS=true conda install <package>


