host: emerald.prism
Building DAG of jobs...
SLURM run ID: 18ad430d-a4e3-4bac-9cf4-1082dab81a07
Using shell: /usr/bin/bash
Provided remote nodes: 100
Job stats:
job                     count
--------------------  -------
all                         1
generate_genome_plot        1
total                       2

Select jobs to execute...
Execute 1 jobs...

[Wed Mar  5 12:12:50 2025]
rule generate_genome_plot:
    input: results/repeat_analysis/repeatmasker/merrill-23.fasta.out, results/repeat_analysis/isescan/output/genomes/merrill-23.fasta.tsv, results/repeat_analysis/isescan/output/genomes/merrill-23.fasta.gff, results/repeat_analysis/red/merrill-23.msk, results/repeat_analysis/interspersed_repeats/repeats.gff
    output: results/repeat_analysis/plots/genome_with_repeats.pdf, results/repeat_analysis/plots/genome_with_repeats_density.pdf
    jobid: 5
    reason: Missing output files: results/repeat_analysis/plots/genome_with_repeats_density.pdf, results/repeat_analysis/plots/genome_with_repeats.pdf
    resources: tmpdir=<TBD>

No SLURM account given, trying to guess.
Guessed SLURM account: standard
No wall time information given. This might or might not work on your cluster. If not, specify the resource runtime in your rule or as a reasonable default via --default-resources.
No job memory information ('mem_mb' or 'mem_mb_per_cpu') is given - submitting without. This might or might not work on your cluster.
Job 5 has been submitted with SLURM jobid 6756345 (log: /private/groups/russelllab/jodie/merrill_23_wRi_genome/de_novo_wRi_merrill_23_assembly/scripts/bacterial-repeat-analysis/.snakemake/slurm_logs/rule_generate_genome_plot/6756345.log).
[Wed Mar  5 12:13:30 2025]
Error in rule generate_genome_plot:
    message: SLURM-job '6756345' failed, SLURM status is: 'FAILED'. For further error details see the cluster/cloud log and the log files of the involved rule(s).
    jobid: 5
    input: results/repeat_analysis/repeatmasker/merrill-23.fasta.out, results/repeat_analysis/isescan/output/genomes/merrill-23.fasta.tsv, results/repeat_analysis/isescan/output/genomes/merrill-23.fasta.gff, results/repeat_analysis/red/merrill-23.msk, results/repeat_analysis/interspersed_repeats/repeats.gff
    output: results/repeat_analysis/plots/genome_with_repeats.pdf, results/repeat_analysis/plots/genome_with_repeats_density.pdf
    log: /private/groups/russelllab/jodie/merrill_23_wRi_genome/de_novo_wRi_merrill_23_assembly/scripts/bacterial-repeat-analysis/.snakemake/slurm_logs/rule_generate_genome_plot/6756345.log (check log file(s) for error details)
    conda-env: plotting
    shell:
        
        python scripts/plot_genome.py             --assembly data/genomes/merrill-23.fasta             --repeatmasker results/repeat_analysis/repeatmasker/merrill-23.fasta.out             --isescan_tsv results/repeat_analysis/isescan/output/genomes/merrill-23.fasta.tsv             --isescan_gff results/repeat_analysis/isescan/output/genomes/merrill-23.fasta.gff             --red results/repeat_analysis/red/merrill-23.msk             --interspersed results/repeat_analysis/interspersed_repeats/repeats.gff             --output results/repeat_analysis/plots/genome_with_repeats.pdf             --density_output results/repeat_analysis/plots/genome_with_repeats_density.pdf
        
        (one of the commands exited with non-zero exit code; note that snakemake uses bash strict mode!)
    external_jobid: 6756345

Shutting down, this might take some time.
Exiting because a job execution failed. Look above for error message
Complete log: .snakemake/log/2025-03-05T121242.161166.snakemake.log
WorkflowError:
At least one job did not complete successfully.
