host: emerald.prism
Building DAG of jobs...
Your conda installation is not configured to use strict channel priorities. This is however crucial for having robust and correct environments (for details, see https://conda-forge.org/docs/user/tipsandtricks.html). Please consider to configure strict priorities by executing 'conda config --set channel_priority strict'.
Creating conda environment envs/repeatmasker.yaml...
Downloading and installing remote packages.
CreateCondaEnvironmentException:
Could not create conda environment from /private/groups/russelllab/jodie/merrill_23_wRi_genome/de_novo_wRi_merrill_23_assembly/scripts/bacterial-repeat-analysis/envs/repeatmasker.yaml:
Command:
mamba env create --quiet --no-default-packages --file "/private/groups/russelllab/jodie/merrill_23_wRi_genome/de_novo_wRi_merrill_23_assembly/scripts/bacterial-repeat-analysis/.snakemake/conda/0628ef608ba53376331ec3cb19e5120f_.yaml" --prefix "/private/groups/russelllab/jodie/merrill_23_wRi_genome/de_novo_wRi_merrill_23_assembly/scripts/bacterial-repeat-analysis/.snakemake/conda/0628ef608ba53376331ec3cb19e5120f_"
Output:
Preparing transaction: ...working... done
Verifying transaction: ...working... failed

CondaVerificationError: The package for perl-common-sense located at /private/home/jomojaco/mambaforge/pkgs/perl-common-sense-3.75-pl5321hdfd78af_0
appears to be corrupted. The path 'lib/perl5/5.32/site_perl/auto/common/sense/.packlist'
specified in the package manifest cannot be found.

CondaVerificationError: The package for perl-common-sense located at /private/home/jomojaco/mambaforge/pkgs/perl-common-sense-3.75-pl5321hdfd78af_0
appears to be corrupted. The path 'lib/perl5/5.32/site_perl/common/sense.pm'
specified in the package manifest cannot be found.

CondaVerificationError: The package for perl-common-sense located at /private/home/jomojaco/mambaforge/pkgs/perl-common-sense-3.75-pl5321hdfd78af_0
appears to be corrupted. The path 'lib/perl5/5.32/site_perl/common/sense.pod'
specified in the package manifest cannot be found.

CondaVerificationError: The package for perl-common-sense located at /private/home/jomojaco/mambaforge/pkgs/perl-common-sense-3.75-pl5321hdfd78af_0
appears to be corrupted. The path 'man/man3/common::sense.3'
specified in the package manifest cannot be found.

CondaVerificationError: The package for perl-io-compress located at /private/home/jomojaco/mambaforge/pkgs/perl-io-compress-2.201-pl5321h503566f_4
appears to be corrupted. The path 'lib/perl5/5.32/site_perl/auto/IO/Compress/.packlist'
specified in the package manifest cannot be found.

CondaVerificationError: The package for perl-io-compress located at /private/home/jomojaco/mambaforge/pkgs/perl-io-compress-2.201-pl5321h503566f_4
appears to be corrupted. The path 'lib/perl5/site_perl/Compress/Zlib.pm'
specified in the package manifest cannot be found.

CondaVerificationError: The package for perl-io-compress located at /private/home/jomojaco/mambaforge/pkgs/perl-io-compress-2.201-pl5321h503566f_4
appears to be corrupted. The path 'lib/perl5/site_perl/File/GlobMapper.pm'
specified in the package manifest cannot be found.

CondaVerificationError: The package for perl-io-compress located at /private/home/jomojaco/mambaforge/pkgs/perl-io-compress-2.201-pl5321h503566f_4
appears to be corrupted. The path 'lib/perl5/site_perl/IO/Compress/Adapter/Bzip2.pm'
specified in the package manifest cannot be found.

CondaVerificationError: The package for perl-io-compress located at /private/home/jomojaco/mambaforge/pkgs/perl-io-compress-2.201-pl5321h503566f_4
appears to be corrupted. The path 'lib/perl5/site_perl/IO/Compress/Adapter/Deflate.pm'
specified in the package manifest cannot be found.

CondaVerificationError: The package for perl-io-compress located at /private/home/jomojaco/mambaforge/pkgs/perl-io-compress-2.201-pl5321h503566f_4
appears to be corrupted. The path 'lib/perl5/site_perl/IO/Compress/Adapter/Identity.pm'
specified in the package manifest cannot be found.

CondaVerificationError: The package for perl-io-compress located at /private/home/jomojaco/mambaforge/pkgs/perl-io-compress-2.201-pl5321h503566f_4
appears to be corrupted. The path 'lib/perl5/site_perl/IO/Compress/Base.pm'
specified in the package manifest cannot be found.

CondaVerificationError: The package for perl-io-compress located at /private/home/jomojaco/mambaforge/pkgs/perl-io-compress-2.201-pl5321h503566f_4
appears to be corrupted. The path 'lib/perl5/site_perl/IO/Compress/Base/Common.pm'
specified in the package manifest cannot be found.

CondaVerificationError: The package for perl-io-compress located at /private/home/jomojaco/mambaforge/pkgs/perl-io-compress-2.201-pl5321h503566f_4
appears to be corrupted. The path 'lib/perl5/site_perl/IO/Compress/Bzip2.pm'
specified in the package manifest cannot be found.

CondaVerificationError: The package for perl-io-compress located at /private/home/jomojaco/mambaforge/pkgs/perl-io-compress-2.201-pl5321h503566f_4
appears to be corrupted. The path 'lib/perl5/site_perl/IO/Compress/Deflate.pm'
specified in the package manifest cannot be found.

CondaVerificationError: The package for perl-io-compress located at /private/home/jomojaco/mambaforge/pkgs/perl-io-compress-2.201-pl5321h503566f_4
appears to be corrupted. The path 'lib/perl5/site_perl/IO/Compress/FAQ.pod'
specified in the package manifest cannot be found.

CondaVerificationError: The package for perl-io-compress located at /private/home/jomojaco/mambaforge/pkgs/perl-io-compress-2.201-pl5321h503566f_4
appears to be corrupted. The path 'lib/perl5/site_perl/IO/Compress/Gzip.pm'
specified in the package manifest cannot be found.

CondaVerificationError: The package for perl-io-compress located at /private/home/jomojaco/mambaforge/pkgs/perl-io-compress-2.201-pl5321h503566f_4
appears to be corrupted. The path 'lib/perl5/site_perl/IO/Compress/Gzip/Constants.pm'
specified in the package manifest cannot be found.

CondaVerificationError: The package for perl-io-compress located at /private/home/jomojaco/mambaforge/pkgs/perl-io-compress-2.201-pl5321h503566f_4
appears to be corrupted. The path 'lib/perl5/site_perl/IO/Compress/RawDeflate.pm'
specified in the package manifest cannot be found.

CondaVerificationError: The package for perl-io-compress located at /private/home/jomojaco/mambaforge/pkgs/perl-io-compress-2.201-pl5321h503566f_4
appears to be corrupted. The path 'lib/perl5/site_perl/IO/Compress/Zip.pm'
specified in the package manifest cannot be found.

CondaVerificationError: The package for perl-io-compress located at /private/home/jomojaco/mambaforge/pkgs/perl-io-compress-2.201-pl5321h503566f_4
appears to be corrupted. The path 'lib/perl5/site_perl/IO/Compress/Zip/Constants.pm'
specified in the package manifest cannot be found.

CondaVerificationError: The package for perl-io-compress located at /private/home/jomojaco/mambaforge/pkgs/perl-io-compress-2.201-pl5321h503566f_4
appears to be corrupted. The path 'lib/perl5/site_perl/IO/Compress/Zlib/Constants.pm'
specified in the package manifest cannot be found.

CondaVerificationError: The package for perl-io-compress located at /private/home/jomojaco/mambaforge/pkgs/perl-io-compress-2.201-pl5321h503566f_4
appears to be corrupted. The path 'lib/perl5/site_perl/IO/Compress/Zlib/Extra.pm'
specified in the package manifest cannot be found.

CondaVerificationError: The package for perl-io-compress located at /private/home/jomojaco/mambaforge/pkgs/perl-io-compress-2.201-pl5321h503566f_4
appears to be corrupted. The path 'lib/perl5/site_perl/IO/Uncompress/Adapter/Bunzip2.pm'
specified in the package manifest cannot be found.

CondaVerificationError: The package for perl-io-compress located at /private/home/jomojaco/mambaforge/pkgs/perl-io-compress-2.201-pl5321h503566f_4
appears to be corrupted. The path 'lib/perl5/site_perl/IO/Uncompress/Adapter/Identity.pm'
specified in the package manifest cannot be found.

CondaVerificationError: The package for perl-io-compress located at /private/home/jomojaco/mambaforge/pkgs/perl-io-compress-2.201-pl5321h503566f_4
appears to be corrupted. The path 'lib/perl5/site_perl/IO/Uncompress/Adapter/Inflate.pm'
specified in the package manifest cannot be found.

CondaVerificationError: The package for perl-io-compress located at /private/home/jomojaco/mambaforge/pkgs/perl-io-compress-2.201-pl5321h503566f_4
appears to be corrupted. The path 'lib/perl5/site_perl/IO/Uncompress/AnyInflate.pm'
specified in the package manifest cannot be found.

CondaVerificationError: The package for perl-io-compress located at /private/home/jomojaco/mambaforge/pkgs/perl-io-compress-2.201-pl5321h503566f_4
appears to be corrupted. The path 'lib/perl5/site_perl/IO/Uncompress/AnyUncompress.pm'
specified in the package manifest cannot be found.

CondaVerificationError: The package for perl-io-compress located at /private/home/jomojaco/mambaforge/pkgs/perl-io-compress-2.201-pl5321h503566f_4
appears to be corrupted. The path 'lib/perl5/site_perl/IO/Uncompress/Base.pm'
specified in the package manifest cannot be found.

CondaVerificationError: The package for perl-io-compress located at /private/home/jomojaco/mambaforge/pkgs/perl-io-compress-2.201-pl5321h503566f_4
appears to be corrupted. The path 'lib/perl5/site_perl/IO/Uncompress/Bunzip2.pm'
specified in the package manifest cannot be found.

CondaVerificationError: The package for perl-io-compress located at /private/home/jomojaco/mambaforge/pkgs/perl-io-compress-2.201-pl5321h503566f_4
appears to be corrupted. The path 'lib/perl5/site_perl/IO/Uncompress/Gunzip.pm'
specified in the package manifest cannot be found.

CondaVerificationError: The package for perl-io-compress located at /private/home/jomojaco/mambaforge/pkgs/perl-io-compress-2.201-pl5321h503566f_4
appears to be corrupted. The path 'lib/perl5/site_perl/IO/Uncompress/Inflate.pm'
specified in the package manifest cannot be found.

CondaVerificationError: The package for perl-io-compress located at /private/home/jomojaco/mambaforge/pkgs/perl-io-compress-2.201-pl5321h503566f_4
appears to be corrupted. The path 'lib/perl5/site_perl/IO/Uncompress/RawInflate.pm'
specified in the package manifest cannot be found.

CondaVerificationError: The package for perl-io-compress located at /private/home/jomojaco/mambaforge/pkgs/perl-io-compress-2.201-pl5321h503566f_4
appears to be corrupted. The path 'lib/perl5/site_perl/IO/Uncompress/Unzip.pm'
specified in the package manifest cannot be found.



