host: emerald.prism
Building DAG of jobs...
SLURM run ID: cf0dce60-8af4-49d6-8fa7-b16d879b7580
Using shell: /usr/bin/bash
Provided remote nodes: 100
Job stats:
job                        count
-----------------------  -------
all                            1
generate_genome_plot           1
generate_summary_report        1
run_isescan                    1
run_red                        1
total                          5

Select jobs to execute...
Execute 2 jobs...

[Wed Mar  5 11:17:09 2025]
rule run_red:
    input: data/genomes/merrill-23.fasta
    output: results/repeat_analysis/red/red_repeats.txt
    jobid: 3
    reason: Missing output files: results/repeat_analysis/red/red_repeats.txt
    threads: 8
    resources: tmpdir=<TBD>, mem_mb=6000, mem_mib=5723, time=180

No SLURM account given, trying to guess.
Guessed SLURM account: standard
No wall time information given. This might or might not work on your cluster. If not, specify the resource runtime in your rule or as a reasonable default via --default-resources.
Job 3 has been submitted with SLURM jobid 6756302 (log: /private/groups/russelllab/jodie/merrill_23_wRi_genome/de_novo_wRi_merrill_23_assembly/scripts/bacterial-repeat-analysis/.snakemake/slurm_logs/rule_run_red/6756302.log).

[Wed Mar  5 11:17:11 2025]
rule run_isescan:
    input: data/genomes/merrill-23.fasta
    output: results/repeat_analysis/isescan/output/merrill-23.fasta.features
    jobid: 2
    reason: Missing output files: results/repeat_analysis/isescan/output/merrill-23.fasta.features
    threads: 8
    resources: tmpdir=<TBD>, mem_mb=6000, mem_mib=5723, time=180

No wall time information given. This might or might not work on your cluster. If not, specify the resource runtime in your rule or as a reasonable default via --default-resources.
Job 2 has been submitted with SLURM jobid 6756303 (log: /private/groups/russelllab/jodie/merrill_23_wRi_genome/de_novo_wRi_merrill_23_assembly/scripts/bacterial-repeat-analysis/.snakemake/slurm_logs/rule_run_isescan/6756303.log).
[Wed Mar  5 11:17:49 2025]
Error in rule run_red:
    message: SLURM-job '6756302' failed, SLURM status is: 'FAILED'. For further error details see the cluster/cloud log and the log files of the involved rule(s).
    jobid: 3
    input: data/genomes/merrill-23.fasta
    output: results/repeat_analysis/red/red_repeats.txt
    log: /private/groups/russelllab/jodie/merrill_23_wRi_genome/de_novo_wRi_merrill_23_assembly/scripts/bacterial-repeat-analysis/.snakemake/slurm_logs/rule_run_red/6756302.log (check log file(s) for error details)
    conda-env: red
    shell:
        
        # Run RED for de novo repeat detection
        Red -gnm data/genomes/merrill-23.fasta  -o results/repeat_analysis/red -t 8
        mv results/repeat_analysis/red/*_repeats.txt results/repeat_analysis/red/red_repeats.txt
        
        (one of the commands exited with non-zero exit code; note that snakemake uses bash strict mode!)
    external_jobid: 6756302

[Wed Mar  5 11:17:49 2025]
Error in rule run_isescan:
    message: SLURM-job '6756303' failed, SLURM status is: 'FAILED'. For further error details see the cluster/cloud log and the log files of the involved rule(s).
    jobid: 2
    input: data/genomes/merrill-23.fasta
    output: results/repeat_analysis/isescan/output/merrill-23.fasta.features
    log: /private/groups/russelllab/jodie/merrill_23_wRi_genome/de_novo_wRi_merrill_23_assembly/scripts/bacterial-repeat-analysis/.snakemake/slurm_logs/rule_run_isescan/6756303.log (check log file(s) for error details)
    conda-env: isescan
    shell:
        
        mkdir -p results/repeat_analysis/isescan/proteome
        mkdir -p results/repeat_analysis/isescan/hmm
        mkdir -p results/repeat_analysis/isescan/output
        
        # Run ISEScan with optimized parameters for bacterial genomes
        # ISEScan is already designed for bacteria, but we'll ensure optimal settings
        isescan.py --seqfile data/genomes/merrill-23.fasta             --output results/repeat_analysis/isescan/output             --proteome results/repeat_analysis/isescan/proteome             --hmm results/repeat_analysis/isescan/hmm             --cpu 8             --nthread 8             --evalue 1e-5             --diamondopt " -c1 -b6 --min-score 30"
        
        (one of the commands exited with non-zero exit code; note that snakemake uses bash strict mode!)
    external_jobid: 6756303

Shutting down, this might take some time.
Terminating processes on user request, this might take some time.
Complete log: .snakemake/log/2025-03-05T111704.643386.snakemake.log
WorkflowError:
At least one job did not complete successfully.
