A	C	G	T	N	IUPAC	Other	GC	GC_stdev
0.3254	0.1743	0.1745	0.3258	0.0000	0.0000	0.0000	0.3488	0.0697

Main genome scaffold total:         	20
Main genome contig total:           	20
Main genome scaffold sequence total:	1455203
Main genome contig sequence total:  	1455203  	0.000% gap
Main genome scaffold N/L50:         	1/902718
Main genome contig N/L50:           	1/902718
Main genome scaffold N/L90:         	2/447292
Main genome contig N/L90:           	2/447292
Max scaffold length:                	902718
Max contig length:                  	902718
Number of scaffolds > 50 KB:        	2
% main genome in scaffolds > 50 KB: 	92.77%


Minimum 	Number        	Number        	Total         	Total         	Scaffold
Scaffold	of            	of            	Scaffold      	Contig        	Contig  
Length  	Scaffolds     	Contigs       	Length        	Length        	Coverage
--------	--------------	--------------	--------------	--------------	--------
    All 	            20	            20	       1455203	       1455203	 100.00%
    250 	            20	            20	       1455203	       1455203	 100.00%
    500 	            19	            19	       1454759	       1454759	 100.00%
   1000 	            18	            18	       1453849	       1453849	 100.00%
   2500 	            10	            10	       1438218	       1438218	 100.00%
   5000 	             5	             5	       1418277	       1418277	 100.00%
  10000 	             4	             4	       1412509	       1412509	 100.00%
  25000 	             3	             3	       1388019	       1388019	 100.00%
  50000 	             2	             2	       1350010	       1350010	 100.00%
 100000 	             2	             2	       1350010	       1350010	 100.00%
 250000 	             2	             2	       1350010	       1350010	 100.00%
 500000 	             1	             1	        902718	        902718	 100.00%

