#                                                                                 --- full sequence --- -------------- this domain -------------   hmm coord   ali coord   env coord
# target name             accession   tlen query name           accession   qlen   E-value  score  bias   #  of  c-Evalue  i-Evalue  score  bias  from    to  from    to  from    to  acc description of target
#     ------------------- ---------- ----- -------------------- ---------- ----- --------- ------ ----- --- --- --------- --------- ------ ----- ----- ----- ----- ----- ----- ----- ---- ---------------------
contig_8:55251-57704|+    -            818 119at766             -            681         0 1112.8  16.4   1   2   6.1e-26   8.5e-24   79.8   0.2     1    75    14   101    14   125 0.84 contig_8_65 # 55251 # 57704 # 1 # ID=19_65;partial=00;start_type=ATG;rbs_motif=GGAG/GAGG;rbs_spacer=5-10bp;gc_cont=0.363
contig_8:55251-57704|+    -            818 119at766             -            681         0 1112.8  16.4   2   2         0         0 1036.4  11.0    73   681   134   782   124   782 0.95 contig_8_65 # 55251 # 57704 # 1 # ID=19_65;partial=00;start_type=ATG;rbs_motif=GGAG/GAGG;rbs_spacer=5-10bp;gc_cont=0.363
contig_8:705803-708109|-  -            769 119at766             -            681   3.2e-10   34.9   0.4   1   3     0.055       7.8    0.6   0.0   273   288   235   250   220   261 0.86 contig_8_696 # 705803 # 708109 # -1 # ID=19_696;partial=00;start_type=ATG;rbs_motif=GGA/GAG/AGG;rbs_spacer=5-10bp;gc_cont=0.340
contig_8:705803-708109|-  -            769 119at766             -            681   3.2e-10   34.9   0.4   2   3   2.3e-12   3.2e-10   34.9   0.4   208   393   444   627   353   634 0.73 contig_8_696 # 705803 # 708109 # -1 # ID=19_696;partial=00;start_type=ATG;rbs_motif=GGA/GAG/AGG;rbs_spacer=5-10bp;gc_cont=0.340
contig_8:705803-708109|-  -            769 119at766             -            681   3.2e-10   34.9   0.4   3   3     0.036       5.1    1.2   1.7   399   486   660   748   651   767 0.62 contig_8_696 # 705803 # 708109 # -1 # ID=19_696;partial=00;start_type=ATG;rbs_motif=GGA/GAG/AGG;rbs_spacer=5-10bp;gc_cont=0.340
contig_18:303176-304519|- -            448 119at766             -            681   5.2e-07   24.3   1.1   1   2       0.3        43   -1.9   0.1   270   291    83   104    78   109 0.77 contig_18_294 # 303176 # 304519 # -1 # ID=5_294;partial=00;start_type=ATG;rbs_motif=None;rbs_spacer=None;gc_cont=0.379
contig_18:303176-304519|- -            448 119at766             -            681   5.2e-07   24.3   1.1   2   2   6.8e-09   9.6e-07   23.4   0.1   562   654   335   426   326   443 0.87 contig_18_294 # 303176 # 304519 # -1 # ID=5_294;partial=00;start_type=ATG;rbs_motif=None;rbs_spacer=None;gc_cont=0.379
contig_8:690395-692233|+  -            613 119at766             -            681   1.3e-05   19.7   0.4   1   2   2.5e-07   3.6e-05   18.2   0.0   232   300   145   219   134   265 0.66 contig_8_680 # 690395 # 692233 # 1 # ID=19_680;partial=00;start_type=ATG;rbs_motif=None;rbs_spacer=None;gc_cont=0.372
contig_8:690395-692233|+  -            613 119at766             -            681   1.3e-05   19.7   0.4   2   2      0.24        33   -1.5   0.1   232   257   552   577   528   587 0.82 contig_8_680 # 690395 # 692233 # 1 # ID=19_680;partial=00;start_type=ATG;rbs_motif=None;rbs_spacer=None;gc_cont=0.372
contig_18:191763-193166|- -            468 119at766             -            681   1.6e-05   19.4   1.3   1   2   8.5e-06    0.0012   13.2   0.3   569   651    24   107     7   131 0.81 contig_18_183 # 191763 # 193166 # -1 # ID=5_183;partial=00;start_type=TTG;rbs_motif=3Base/5BMM;rbs_spacer=13-15bp;gc_cont=0.390
contig_18:191763-193166|- -            468 119at766             -            681   1.6e-05   19.4   1.3   2   2    0.0028      0.39    4.9   0.0   267   287   176   196   157   200 0.75 contig_18_183 # 191763 # 193166 # -1 # ID=5_183;partial=00;start_type=TTG;rbs_motif=3Base/5BMM;rbs_spacer=13-15bp;gc_cont=0.390
contig_18:335873-336568|+ -            232 119at766             -            681   0.00032   15.0   0.1   1   2   4.2e-06   0.00059   14.2   0.0   266   290    32    56     3    64 0.89 contig_18_323 # 335873 # 336568 # 1 # ID=5_323;partial=00;start_type=TTG;rbs_motif=None;rbs_spacer=None;gc_cont=0.326
contig_18:335873-336568|+ -            232 119at766             -            681   0.00032   15.0   0.1   2   2      0.85   1.2e+02   -3.3   0.1   103   129    95   121    91   134 0.62 contig_18_323 # 335873 # 336568 # 1 # ID=5_323;partial=00;start_type=TTG;rbs_motif=None;rbs_spacer=None;gc_cont=0.326
contig_8:53958-55235|+    -            426 119at766             -            681   0.00047   14.5   0.0   1   1   4.7e-06   0.00066   14.0   0.0   266   351   113   196    32   253 0.83 contig_8_64 # 53958 # 55235 # 1 # ID=19_64;partial=00;start_type=ATG;rbs_motif=GGA/GAG/AGG;rbs_spacer=5-10bp;gc_cont=0.367
contig_8:259645-260742|-  -            366 119at766             -            681   0.00071   13.9   0.1   1   2     1e-05    0.0014   12.9   0.0   262   349   130   207   116   218 0.74 contig_8_257 # 259645 # 260742 # -1 # ID=19_257;partial=00;start_type=ATG;rbs_motif=GGA/GAG/AGG;rbs_spacer=5-10bp;gc_cont=0.360
contig_8:259645-260742|-  -            366 119at766             -            681   0.00071   13.9   0.1   2   2         1   1.4e+02   -3.6   0.0   165   192   300   327   288   343 0.75 contig_8_257 # 259645 # 260742 # -1 # ID=19_257;partial=00;start_type=ATG;rbs_motif=GGA/GAG/AGG;rbs_spacer=5-10bp;gc_cont=0.360
contig_18:201173-201970|- -            266 119at766             -            681    0.0021   12.4   0.0   1   1   1.9e-05    0.0027   12.0   0.0   254   293     3    42     1    68 0.82 contig_18_190 # 201173 # 201970 # -1 # ID=5_190;partial=00;start_type=ATG;rbs_motif=GGA/GAG/AGG;rbs_spacer=5-10bp;gc_cont=0.392
contig_8:273987-274718|+  -            244 119at766             -            681    0.0022   12.3   2.1   1   2    0.0035      0.49    4.6   0.1   275   301     3    29     1    84 0.88 contig_8_271 # 273987 # 274718 # 1 # ID=19_271;partial=00;start_type=TTG;rbs_motif=AGGA;rbs_spacer=5-10bp;gc_cont=0.339
contig_8:273987-274718|+  -            244 119at766             -            681    0.0022   12.3   2.1   2   2   0.00058     0.082    7.1   0.2    75   149   141   217    89   229 0.70 contig_8_271 # 273987 # 274718 # 1 # ID=19_271;partial=00;start_type=TTG;rbs_motif=AGGA;rbs_spacer=5-10bp;gc_cont=0.339
#
# Program:         hmmsearch
# Version:         3.1b2 (February 2015)
# Pipeline mode:   SEARCH
# Query file:      /private/groups/russelllab/jodie/busco_downloads/lineages/rickettsiales_odb10/hmms/119at766.hmm
# Target file:     private/groups/russelllab/jodie/merrill_23_wRi_genome/flye/merge_bootcamp_data/unpolished_busco.txt/prodigal_output/predicted_genes/predicted.faa
# Option settings: hmmsearch --domtblout private/groups/russelllab/jodie/merrill_23_wRi_genome/flye/merge_bootcamp_data/unpolished_busco.txt/run_rickettsiales_odb10/hmmer_output/119at766.out --cpu 1 /private/groups/russelllab/jodie/busco_downloads/lineages/rickettsiales_odb10/hmms/119at766.hmm private/groups/russelllab/jodie/merrill_23_wRi_genome/flye/merge_bootcamp_data/unpolished_busco.txt/prodigal_output/predicted_genes/predicted.faa 
# Current dir:     /private/groups/russelllab/jodie
# Date:            Fri Jan 17 16:13:36 2025
# [ok]
