#                                                                                 --- full sequence --- -------------- this domain -------------   hmm coord   ali coord   env coord
# target name             accession   tlen query name           accession   qlen   E-value  score  bias   #  of  c-Evalue  i-Evalue  score  bias  from    to  from    to  from    to  acc description of target
#     ------------------- ---------- ----- -------------------- ---------- ----- --------- ------ ----- --- --- --------- --------- ------ ----- ----- ----- ----- ----- ----- ----- ---- ---------------------
contig_8:47162-48535|+    -            458 1231at766            -            370  3.5e-158  522.8  16.3   1   1  7.3e-158  2.6e-155  513.4  16.3     1   369     5   455     5   456 0.86 contig_8_56 # 47162 # 48535 # 1 # ID=19_56;partial=00;start_type=ATG;rbs_motif=None;rbs_spacer=None;gc_cont=0.370
contig_18:161342-162712|- -            457 1231at766            -            370   2.1e-73  243.8  16.4   1   2   9.2e-45   3.2e-42  141.2   4.5     1   197     5   233     5   248 0.82 contig_18_155 # 161342 # 162712 # -1 # ID=5_155;partial=00;start_type=ATG;rbs_motif=GGA/GAG/AGG;rbs_spacer=5-10bp;gc_cont=0.392
contig_18:161342-162712|- -            457 1231at766            -            370   2.1e-73  243.8  16.4   2   2   1.2e-34   4.2e-32  107.9   4.3   193   368   255   452   238   453 0.87 contig_18_155 # 161342 # 162712 # -1 # ID=5_155;partial=00;start_type=ATG;rbs_motif=GGA/GAG/AGG;rbs_spacer=5-10bp;gc_cont=0.392
contig_18:20198-21136|-   -            313 1231at766            -            370   6.9e-10   34.8   6.0   1   2     3e-09     1e-06   24.4   2.8     2   199    10   209     9   215 0.76 contig_18_22 # 20198 # 21136 # -1 # ID=5_22;partial=00;start_type=GTG;rbs_motif=None;rbs_spacer=None;gc_cont=0.390
contig_18:20198-21136|-   -            313 1231at766            -            370   6.9e-10   34.8   6.0   2   2   0.00011     0.038    9.3   0.1   192   241   229   286   208   304 0.73 contig_18_22 # 20198 # 21136 # -1 # ID=5_22;partial=00;start_type=GTG;rbs_motif=None;rbs_spacer=None;gc_cont=0.390
contig_18:379036-380052|+ -            339 1231at766            -            370    0.0025   13.2   1.9   1   3   5.8e-05      0.02   10.2   0.1     1    38     4    42     4    53 0.91 contig_18_371 # 379036 # 380052 # 1 # ID=5_371;partial=00;start_type=ATG;rbs_motif=None;rbs_spacer=None;gc_cont=0.362
contig_18:379036-380052|+ -            339 1231at766            -            370    0.0025   13.2   1.9   2   3      0.55   1.9e+02   -2.9   0.0    99   117   143   161   125   181 0.61 contig_18_371 # 379036 # 380052 # 1 # ID=5_371;partial=00;start_type=ATG;rbs_motif=None;rbs_spacer=None;gc_cont=0.362
contig_18:379036-380052|+ -            339 1231at766            -            370    0.0025   13.2   1.9   3   3     0.022       7.7    1.7   0.0   225   240   274   289   221   315 0.82 contig_18_371 # 379036 # 380052 # 1 # ID=5_371;partial=00;start_type=ATG;rbs_motif=None;rbs_spacer=None;gc_cont=0.362
#
# Program:         hmmsearch
# Version:         3.1b2 (February 2015)
# Pipeline mode:   SEARCH
# Query file:      /private/groups/russelllab/jodie/busco_downloads/lineages/rickettsiales_odb10/hmms/1231at766.hmm
# Target file:     private/groups/russelllab/jodie/merrill_23_wRi_genome/flye/merge_bootcamp_data/unpolished_busco.txt/prodigal_output/predicted_genes/predicted.faa
# Option settings: hmmsearch --domtblout private/groups/russelllab/jodie/merrill_23_wRi_genome/flye/merge_bootcamp_data/unpolished_busco.txt/run_rickettsiales_odb10/hmmer_output/1231at766.out --cpu 1 /private/groups/russelllab/jodie/busco_downloads/lineages/rickettsiales_odb10/hmms/1231at766.hmm private/groups/russelllab/jodie/merrill_23_wRi_genome/flye/merge_bootcamp_data/unpolished_busco.txt/prodigal_output/predicted_genes/predicted.faa 
# Current dir:     /private/groups/russelllab/jodie
# Date:            Fri Jan 17 16:13:37 2025
# [ok]
