#                                                                                 --- full sequence --- -------------- this domain -------------   hmm coord   ali coord   env coord
# target name             accession   tlen query name           accession   qlen   E-value  score  bias   #  of  c-Evalue  i-Evalue  score  bias  from    to  from    to  from    to  acc description of target
#     ------------------- ---------- ----- -------------------- ---------- ----- --------- ------ ----- --- --- --------- --------- ------ ----- ----- ----- ----- ----- ----- ----- ---- ---------------------
contig_8:635509-636483|+  -            325 1379at766            -            278  4.6e-134  442.4   0.9   1   1  6.9e-136  9.6e-134  441.3   0.9     2   277    15   321    14   322 0.90 contig_8_620 # 635509 # 636483 # 1 # ID=19_620;partial=00;start_type=ATG;rbs_motif=3Base/5BMM;rbs_spacer=13-15bp;gc_cont=0.389
contig_8:259645-260742|-  -            366 1379at766            -            278   3.8e-09   32.6   0.0   1   1   4.4e-11   6.2e-09   31.9   0.0     5    97   105   206   102   251 0.78 contig_8_257 # 259645 # 260742 # -1 # ID=19_257;partial=00;start_type=ATG;rbs_motif=GGA/GAG/AGG;rbs_spacer=5-10bp;gc_cont=0.360
contig_8:273987-274718|+  -            244 1379at766            -            278   8.5e-08   28.2   0.1   1   1   7.8e-09   1.1e-06   24.5   0.1    38   204     1   169     1   181 0.76 contig_8_271 # 273987 # 274718 # 1 # ID=19_271;partial=00;start_type=TTG;rbs_motif=AGGA;rbs_spacer=5-10bp;gc_cont=0.339
contig_8:822579-824180|-  -            534 1379at766            -            278   1.8e-06   23.8   0.5   1   1   6.6e-08   9.2e-06   21.5   0.5     7   235     8   254     2   295 0.66 contig_8_808 # 822579 # 824180 # -1 # ID=19_808;partial=00;start_type=ATG;rbs_motif=None;rbs_spacer=None;gc_cont=0.345
contig_8:705803-708109|-  -            769 1379at766            -            278   7.3e-06   21.8   2.2   1   2    0.0035      0.49    6.0   0.2    35    80   232   278   202   317 0.64 contig_8_696 # 705803 # 708109 # -1 # ID=19_696;partial=00;start_type=ATG;rbs_motif=GGA/GAG/AGG;rbs_spacer=5-10bp;gc_cont=0.340
contig_8:705803-708109|-  -            769 1379at766            -            278   7.3e-06   21.8   2.2   2   2   6.1e-05    0.0086   11.7   0.1    29    61   504   536   467   611 0.73 contig_8_696 # 705803 # 708109 # -1 # ID=19_696;partial=00;start_type=ATG;rbs_motif=GGA/GAG/AGG;rbs_spacer=5-10bp;gc_cont=0.340
contig_8:53958-55235|+    -            426 1379at766            -            278   9.1e-05   18.2   0.0   1   1   1.6e-06   0.00023   16.9   0.0    35   101   117   197    99   205 0.79 contig_8_64 # 53958 # 55235 # 1 # ID=19_64;partial=00;start_type=ATG;rbs_motif=GGA/GAG/AGG;rbs_spacer=5-10bp;gc_cont=0.367
contig_8:690395-692233|+  -            613 1379at766            -            278   0.00044   16.0   0.0   1   2   2.4e-05    0.0033   13.1   0.0    36    70   190   224   185   262 0.67 contig_8_680 # 690395 # 692233 # 1 # ID=19_680;partial=00;start_type=ATG;rbs_motif=None;rbs_spacer=None;gc_cont=0.372
contig_8:690395-692233|+  -            613 1379at766            -            278   0.00044   16.0   0.0   2   2      0.27        37   -0.2   0.0   135   194   295   357   290   378 0.81 contig_8_680 # 690395 # 692233 # 1 # ID=19_680;partial=00;start_type=ATG;rbs_motif=None;rbs_spacer=None;gc_cont=0.372
contig_8:347523-350084|+  -            854 1379at766            -            278   0.00061   15.5   0.1   1   2    0.0078       1.1    4.8   0.2     4    60   173   228   170   288 0.54 contig_8_341 # 347523 # 350084 # 1 # ID=19_341;partial=00;start_type=ATG;rbs_motif=None;rbs_spacer=None;gc_cont=0.377
contig_8:347523-350084|+  -            854 1379at766            -            278   0.00061   15.5   0.1   2   2     0.003      0.42    6.2   0.0    30    55   594   619   580   626 0.84 contig_8_341 # 347523 # 350084 # 1 # ID=19_341;partial=00;start_type=ATG;rbs_motif=None;rbs_spacer=None;gc_cont=0.377
contig_8:55251-57704|+    -            818 1379at766            -            278   0.00091   14.9   0.0   1   2   6.4e-05     0.009   11.7   0.0    36    62   364   390   340   401 0.75 contig_8_65 # 55251 # 57704 # 1 # ID=19_65;partial=00;start_type=ATG;rbs_motif=GGAG/GAGG;rbs_spacer=5-10bp;gc_cont=0.363
contig_8:55251-57704|+    -            818 1379at766            -            278   0.00091   14.9   0.0   2   2      0.21        29    0.2   0.0   129   171   474   514   469   526 0.74 contig_8_65 # 55251 # 57704 # 1 # ID=19_65;partial=00;start_type=ATG;rbs_motif=GGAG/GAGG;rbs_spacer=5-10bp;gc_cont=0.363
contig_18:191763-193166|- -            468 1379at766            -            278    0.0014   14.4   0.0   1   2   0.00022     0.031    9.9   0.0     2    51   149   195   148   201 0.79 contig_18_183 # 191763 # 193166 # -1 # ID=5_183;partial=00;start_type=TTG;rbs_motif=3Base/5BMM;rbs_spacer=13-15bp;gc_cont=0.390
contig_18:191763-193166|- -            468 1379at766            -            278    0.0014   14.4   0.0   2   2     0.082        12    1.5   0.0    81   115   257   291   228   323 0.82 contig_18_183 # 191763 # 193166 # -1 # ID=5_183;partial=00;start_type=TTG;rbs_motif=3Base/5BMM;rbs_spacer=13-15bp;gc_cont=0.390
#
# Program:         hmmsearch
# Version:         3.1b2 (February 2015)
# Pipeline mode:   SEARCH
# Query file:      /private/groups/russelllab/jodie/busco_downloads/lineages/rickettsiales_odb10/hmms/1379at766.hmm
# Target file:     private/groups/russelllab/jodie/merrill_23_wRi_genome/flye/merge_bootcamp_data/unpolished_busco.txt/prodigal_output/predicted_genes/predicted.faa
# Option settings: hmmsearch --domtblout private/groups/russelllab/jodie/merrill_23_wRi_genome/flye/merge_bootcamp_data/unpolished_busco.txt/run_rickettsiales_odb10/hmmer_output/1379at766.out --cpu 1 /private/groups/russelllab/jodie/busco_downloads/lineages/rickettsiales_odb10/hmms/1379at766.hmm private/groups/russelllab/jodie/merrill_23_wRi_genome/flye/merge_bootcamp_data/unpolished_busco.txt/prodigal_output/predicted_genes/predicted.faa 
# Current dir:     /private/groups/russelllab/jodie
# Date:            Fri Jan 17 16:13:37 2025
# [ok]
