#                                                                                 --- full sequence --- -------------- this domain -------------   hmm coord   ali coord   env coord
# target name             accession   tlen query name           accession   qlen   E-value  score  bias   #  of  c-Evalue  i-Evalue  score  bias  from    to  from    to  from    to  acc description of target
#     ------------------- ---------- ----- -------------------- ---------- ----- --------- ------ ----- --- --- --------- --------- ------ ----- ----- ----- ----- ----- ----- ----- ---- ---------------------
contig_8:242053-243147|-  -            365 1440at766            -            303    4e-149  492.1   5.8   1   2   5.4e-84   1.3e-81  270.5   0.4     1   161     1   166     1   174 0.95 contig_8_242 # 242053 # 243147 # -1 # ID=19_242;partial=00;start_type=ATG;rbs_motif=None;rbs_spacer=None;gc_cont=0.379
contig_8:242053-243147|-  -            365 1440at766            -            303    4e-149  492.1   5.8   2   2   1.1e-69   2.6e-67  223.5   1.0   145   303   180   363   163   363 0.90 contig_8_242 # 242053 # 243147 # -1 # ID=19_242;partial=00;start_type=ATG;rbs_motif=None;rbs_spacer=None;gc_cont=0.379
contig_8:300960-301982|-  -            341 1440at766            -            303   3.6e-14   49.0   2.0   1   1   1.3e-14   3.1e-12   42.6   1.7     4   113   161   253   158   278 0.82 contig_8_300 # 300960 # 301982 # -1 # ID=19_300;partial=00;start_type=ATG;rbs_motif=None;rbs_spacer=None;gc_cont=0.362
contig_8:646455-647780|-  -            442 1440at766            -            303   7.4e-13   44.7   0.1   1   2   7.5e-10   1.8e-07   27.0   0.0     3    44     2    43     1    58 0.89 contig_8_632 # 646455 # 647780 # -1 # ID=19_632;partial=00;start_type=ATG;rbs_motif=None;rbs_spacer=None;gc_cont=0.373
contig_8:646455-647780|-  -            442 1440at766            -            303   7.4e-13   44.7   0.1   2   2   1.1e-05    0.0026   13.3   0.1     3    29   176   202   174   269 0.81 contig_8_632 # 646455 # 647780 # -1 # ID=19_632;partial=00;start_type=ATG;rbs_motif=None;rbs_spacer=None;gc_cont=0.373
contig_18:377404-378732|+ -            443 1440at766            -            303   8.2e-06   21.5   0.0   1   1   7.3e-08   1.7e-05   20.5   0.0     3    38   218   253   216   265 0.88 contig_18_370 # 377404 # 378732 # 1 # ID=5_370;partial=00;start_type=ATG;rbs_motif=None;rbs_spacer=None;gc_cont=0.359
contig_8:323797-324390|+  -            198 1440at766            -            303    0.0018   13.8   0.0   1   1   1.4e-05    0.0033   13.0   0.0     8    54    32    80    28   105 0.76 contig_8_320 # 323797 # 324390 # 1 # ID=19_320;partial=00;start_type=ATG;rbs_motif=None;rbs_spacer=None;gc_cont=0.320
contig_18:169567-170451|- -            295 1440at766            -            303    0.0029   13.2   0.6   1   2   2.2e-05    0.0052   12.3   0.1     5    30     9    34     5    49 0.87 contig_18_162 # 169567 # 170451 # -1 # ID=5_162;partial=00;start_type=GTG;rbs_motif=None;rbs_spacer=None;gc_cont=0.350
contig_18:169567-170451|- -            295 1440at766            -            303    0.0029   13.2   0.6   2   2       1.1   2.6e+02   -3.1   0.1   161   215   228   252   214   269 0.57 contig_18_162 # 169567 # 170451 # -1 # ID=5_162;partial=00;start_type=GTG;rbs_motif=None;rbs_spacer=None;gc_cont=0.350
#
# Program:         hmmsearch
# Version:         3.1b2 (February 2015)
# Pipeline mode:   SEARCH
# Query file:      /private/groups/russelllab/jodie/busco_downloads/lineages/rickettsiales_odb10/hmms/1440at766.hmm
# Target file:     private/groups/russelllab/jodie/merrill_23_wRi_genome/flye/merge_bootcamp_data/unpolished_busco.txt/prodigal_output/predicted_genes/predicted.faa
# Option settings: hmmsearch --domtblout private/groups/russelllab/jodie/merrill_23_wRi_genome/flye/merge_bootcamp_data/unpolished_busco.txt/run_rickettsiales_odb10/hmmer_output/1440at766.out --cpu 1 /private/groups/russelllab/jodie/busco_downloads/lineages/rickettsiales_odb10/hmms/1440at766.hmm private/groups/russelllab/jodie/merrill_23_wRi_genome/flye/merge_bootcamp_data/unpolished_busco.txt/prodigal_output/predicted_genes/predicted.faa 
# Current dir:     /private/groups/russelllab/jodie
# Date:            Fri Jan 17 16:13:37 2025
# [ok]
