#                                                                                 --- full sequence --- -------------- this domain -------------   hmm coord   ali coord   env coord
# target name             accession   tlen query name           accession   qlen   E-value  score  bias   #  of  c-Evalue  i-Evalue  score  bias  from    to  from    to  from    to  acc description of target
#     ------------------- ---------- ----- -------------------- ---------- ----- --------- ------ ----- --- --- --------- --------- ------ ----- ----- ----- ----- ----- ----- ----- ---- ---------------------
contig_8:639981-641447|-  -            489 1476at766            -            429  4.7e-146  483.4  54.8   1   1  5.7e-148  1.3e-145  481.9  54.8     5   425     2   487     1   488 0.87 contig_8_624 # 639981 # 641447 # -1 # ID=19_624;partial=00;start_type=ATG;rbs_motif=None;rbs_spacer=None;gc_cont=0.344
contig_18:365341-366705|+ -            455 1476at766            -            429   1.3e-33  112.9  54.3   1   1   1.9e-35   4.4e-33  111.2  54.3    15   408    13   437     2   453 0.69 contig_18_356 # 365341 # 366705 # 1 # ID=5_356;partial=00;start_type=ATG;rbs_motif=None;rbs_spacer=None;gc_cont=0.346
contig_18:362042-363898|+ -            619 1476at766            -            429   6.1e-29   97.5  41.9   1   1   5.4e-31   1.3e-28   96.5  41.9     9   421     7   478     1   486 0.78 contig_18_354 # 362042 # 363898 # 1 # ID=5_354;partial=00;start_type=ATG;rbs_motif=None;rbs_spacer=None;gc_cont=0.349
contig_18:363902-365344|+ -            481 1476at766            -            429   1.5e-28   96.2  52.1   1   1   1.9e-30   4.5e-28   94.7  52.1    11   415     7   460     1   474 0.75 contig_18_355 # 363902 # 365344 # 1 # ID=5_355;partial=00;start_type=GTG;rbs_motif=None;rbs_spacer=None;gc_cont=0.351
contig_18:218546-220054|+ -            503 1476at766            -            429   9.2e-27   90.3  57.5   1   1   1.3e-28   2.9e-26   88.7  57.5     4   385    20   461    17   502 0.76 contig_18_213 # 218546 # 220054 # 1 # ID=5_213;partial=00;start_type=ATG;rbs_motif=None;rbs_spacer=None;gc_cont=0.342
contig_8:803943-805502|+  -            520 1476at766            -            429   4.3e-16   55.2  21.1   1   3       1.6   3.7e+02   -3.9   9.8    71   141    40   109     6   132 0.75 contig_8_789 # 803943 # 805502 # 1 # ID=19_789;partial=00;start_type=GTG;rbs_motif=None;rbs_spacer=None;gc_cont=0.332
contig_8:803943-805502|+  -            520 1476at766            -            429   4.3e-16   55.2  21.1   2   3   1.8e-18   4.3e-16   55.2  21.1   195   362   138   326   125   396 0.82 contig_8_789 # 803943 # 805502 # 1 # ID=19_789;partial=00;start_type=GTG;rbs_motif=None;rbs_spacer=None;gc_cont=0.332
contig_8:803943-805502|+  -            520 1476at766            -            429   4.3e-16   55.2  21.1   3   3     0.007       1.6    3.9   2.2   241   302   450   511   445   518 0.86 contig_8_789 # 803943 # 805502 # 1 # ID=19_789;partial=00;start_type=GTG;rbs_motif=None;rbs_spacer=None;gc_cont=0.332
#
# Program:         hmmsearch
# Version:         3.1b2 (February 2015)
# Pipeline mode:   SEARCH
# Query file:      /private/groups/russelllab/jodie/busco_downloads/lineages/rickettsiales_odb10/hmms/1476at766.hmm
# Target file:     private/groups/russelllab/jodie/merrill_23_wRi_genome/flye/merge_bootcamp_data/unpolished_busco.txt/prodigal_output/predicted_genes/predicted.faa
# Option settings: hmmsearch --domtblout private/groups/russelllab/jodie/merrill_23_wRi_genome/flye/merge_bootcamp_data/unpolished_busco.txt/run_rickettsiales_odb10/hmmer_output/1476at766.out --cpu 1 /private/groups/russelllab/jodie/busco_downloads/lineages/rickettsiales_odb10/hmms/1476at766.hmm private/groups/russelllab/jodie/merrill_23_wRi_genome/flye/merge_bootcamp_data/unpolished_busco.txt/prodigal_output/predicted_genes/predicted.faa 
# Current dir:     /private/groups/russelllab/jodie
# Date:            Fri Jan 17 16:13:37 2025
# [ok]
