#                                                                                --- full sequence --- -------------- this domain -------------   hmm coord   ali coord   env coord
# target name            accession   tlen query name           accession   qlen   E-value  score  bias   #  of  c-Evalue  i-Evalue  score  bias  from    to  from    to  from    to  acc description of target
#    ------------------- ---------- ----- -------------------- ---------- ----- --------- ------ ----- --- --- --------- --------- ------ ----- ----- ----- ----- ----- ----- ----- ---- ---------------------
contig_8:549834-551909|- -            692 150at766             -            576         0 1040.7   9.6   1   2  1.1e-132  3.1e-130  431.8   2.7     1   240     9   286     9   290 0.92 contig_8_540 # 549834 # 551909 # -1 # ID=19_540;partial=00;start_type=ATG;rbs_motif=None;rbs_spacer=None;gc_cont=0.368
contig_8:549834-551909|- -            692 150at766             -            576         0 1040.7   9.6   2   2  2.5e-187  7.1e-185  612.2   0.6   237   576   306   680   294   680 0.93 contig_8_540 # 549834 # 551909 # -1 # ID=19_540;partial=00;start_type=ATG;rbs_motif=None;rbs_spacer=None;gc_cont=0.368
contig_8:344416-346245|+ -            610 150at766             -            576   2.2e-41  138.4   0.8   1   3   8.5e-30   2.4e-27   92.1   0.0     1   125     8   137     8   164 0.93 contig_8_338 # 344416 # 346245 # 1 # ID=19_338;partial=00;start_type=ATG;rbs_motif=None;rbs_spacer=None;gc_cont=0.402
contig_8:344416-346245|+ -            610 150at766             -            576   2.2e-41  138.4   0.8   2   3   8.9e-14   2.5e-11   39.2   0.1   218   400   183   394   174   399 0.73 contig_8_338 # 344416 # 346245 # 1 # ID=19_338;partial=00;start_type=ATG;rbs_motif=None;rbs_spacer=None;gc_cont=0.402
contig_8:344416-346245|+ -            610 150at766             -            576   2.2e-41  138.4   0.8   3   3    0.0033      0.92    4.3   0.0   504   534   400   430   397   478 0.69 contig_8_338 # 344416 # 346245 # 1 # ID=19_338;partial=00;start_type=ATG;rbs_motif=None;rbs_spacer=None;gc_cont=0.402
contig_8:253923-255719|+ -            599 150at766             -            576   8.7e-40  133.2   0.0   1   3   2.6e-22   7.3e-20   67.4   0.0     1   127     5   140     5   161 0.82 contig_8_253 # 253923 # 255719 # 1 # ID=19_253;partial=00;start_type=ATG;rbs_motif=None;rbs_spacer=None;gc_cont=0.378
contig_8:253923-255719|+ -            599 150at766             -            576   8.7e-40  133.2   0.0   2   3   4.2e-17   1.2e-14   50.2   0.0   213   413   162   386   143   392 0.74 contig_8_253 # 253923 # 255719 # 1 # ID=19_253;partial=00;start_type=ATG;rbs_motif=None;rbs_spacer=None;gc_cont=0.378
contig_8:253923-255719|+ -            599 150at766             -            576   8.7e-40  133.2   0.0   3   3   1.4e-05    0.0039   12.2   0.0   504   571   400   477   394   482 0.79 contig_8_253 # 253923 # 255719 # 1 # ID=19_253;partial=00;start_type=ATG;rbs_motif=None;rbs_spacer=None;gc_cont=0.378
contig_8:10656-11828|+   -            391 150at766             -            576   2.5e-12   42.5   0.3   1   1   1.4e-14     4e-12   41.8   0.3     2   138    14   151    13   173 0.88 contig_8_9 # 10656 # 11828 # 1 # ID=19_9;partial=00;start_type=ATG;rbs_motif=None;rbs_spacer=None;gc_cont=0.423
contig_8:548650-549822|- -            391 150at766             -            576   2.9e-12   42.3   0.3   1   1   1.7e-14   4.6e-12   41.6   0.3     2   138    14   151    13   173 0.88 contig_8_539 # 548650 # 549822 # -1 # ID=19_539;partial=00;start_type=ATG;rbs_motif=GGA/GAG/AGG;rbs_spacer=5-10bp;gc_cont=0.430
#
# Program:         hmmsearch
# Version:         3.1b2 (February 2015)
# Pipeline mode:   SEARCH
# Query file:      /private/groups/russelllab/jodie/busco_downloads/lineages/rickettsiales_odb10/hmms/150at766.hmm
# Target file:     private/groups/russelllab/jodie/merrill_23_wRi_genome/flye/merge_bootcamp_data/unpolished_busco.txt/prodigal_output/predicted_genes/predicted.faa
# Option settings: hmmsearch --domtblout private/groups/russelllab/jodie/merrill_23_wRi_genome/flye/merge_bootcamp_data/unpolished_busco.txt/run_rickettsiales_odb10/hmmer_output/150at766.out --cpu 1 /private/groups/russelllab/jodie/busco_downloads/lineages/rickettsiales_odb10/hmms/150at766.hmm private/groups/russelllab/jodie/merrill_23_wRi_genome/flye/merge_bootcamp_data/unpolished_busco.txt/prodigal_output/predicted_genes/predicted.faa 
# Current dir:     /private/groups/russelllab/jodie
# Date:            Fri Jan 17 16:13:37 2025
# [ok]
