#                                                                                 --- full sequence --- -------------- this domain -------------   hmm coord   ali coord   env coord
# target name             accession   tlen query name           accession   qlen   E-value  score  bias   #  of  c-Evalue  i-Evalue  score  bias  from    to  from    to  from    to  acc description of target
#     ------------------- ---------- ----- -------------------- ---------- ----- --------- ------ ----- --- --- --------- --------- ------ ----- ----- ----- ----- ----- ----- ----- ---- ---------------------
contig_18:20198-21136|-   -            313 1528at766            -            256  5.2e-124  408.9   9.1   1   2   2.2e-36   7.7e-34  113.4   0.3     1    74     8    83     8    90 0.92 contig_18_22 # 20198 # 21136 # -1 # ID=5_22;partial=00;start_type=GTG;rbs_motif=None;rbs_spacer=None;gc_cont=0.390
contig_18:20198-21136|-   -            313 1528at766            -            256  5.2e-124  408.9   9.1   2   2   6.9e-93   2.4e-90  298.6   3.6    75   256   110   310    96   310 0.92 contig_18_22 # 20198 # 21136 # -1 # ID=5_22;partial=00;start_type=GTG;rbs_motif=None;rbs_spacer=None;gc_cont=0.390
contig_18:379036-380052|+ -            339 1528at766            -            256   7.2e-12   41.4   0.6   1   3   2.6e-05    0.0091   11.6   0.1     1    68     3    73     3   119 0.89 contig_18_371 # 379036 # 380052 # 1 # ID=5_371;partial=00;start_type=ATG;rbs_motif=None;rbs_spacer=None;gc_cont=0.362
contig_18:379036-380052|+ -            339 1528at766            -            256   7.2e-12   41.4   0.6   2   3   6.1e-09   2.1e-06   23.5   0.0   113   177   148   217   136   232 0.79 contig_18_371 # 379036 # 380052 # 1 # ID=5_371;partial=00;start_type=ATG;rbs_motif=None;rbs_spacer=None;gc_cont=0.362
contig_18:379036-380052|+ -            339 1528at766            -            256   7.2e-12   41.4   0.6   3   3    0.0085         3    3.3   0.0   207   231   265   289   245   316 0.73 contig_18_371 # 379036 # 380052 # 1 # ID=5_371;partial=00;start_type=ATG;rbs_motif=None;rbs_spacer=None;gc_cont=0.362
contig_18:161342-162712|- -            457 1528at766            -            256   1.5e-07   27.3  11.8   1   3    0.0023       0.8    5.2   0.2     2    32     5    35     4    46 0.84 contig_18_155 # 161342 # 162712 # -1 # ID=5_155;partial=00;start_type=ATG;rbs_motif=GGA/GAG/AGG;rbs_spacer=5-10bp;gc_cont=0.392
contig_18:161342-162712|- -            457 1528at766            -            256   1.5e-07   27.3  11.8   2   3   1.4e-08   4.8e-06   22.3   1.4    72   231   130   308   107   317 0.64 contig_18_155 # 161342 # 162712 # -1 # ID=5_155;partial=00;start_type=ATG;rbs_motif=GGA/GAG/AGG;rbs_spacer=5-10bp;gc_cont=0.392
contig_18:161342-162712|- -            457 1528at766            -            256   1.5e-07   27.3  11.8   3   3     0.003         1    4.8   0.3   166   248   343   428   335   433 0.86 contig_18_155 # 161342 # 162712 # -1 # ID=5_155;partial=00;start_type=ATG;rbs_motif=GGA/GAG/AGG;rbs_spacer=5-10bp;gc_cont=0.392
contig_8:47162-48535|+    -            458 1528at766            -            256    0.0024   13.5   4.6   1   2   0.00019     0.065    8.8   0.1     2    36     5    39     4    46 0.84 contig_8_56 # 47162 # 48535 # 1 # ID=19_56;partial=00;start_type=ATG;rbs_motif=None;rbs_spacer=None;gc_cont=0.370
contig_8:47162-48535|+    -            458 1528at766            -            256    0.0024   13.5   4.6   2   2    0.0051       1.8    4.1   1.0    44   230   107   308    84   318 0.54 contig_8_56 # 47162 # 48535 # 1 # ID=19_56;partial=00;start_type=ATG;rbs_motif=None;rbs_spacer=None;gc_cont=0.370
#
# Program:         hmmsearch
# Version:         3.1b2 (February 2015)
# Pipeline mode:   SEARCH
# Query file:      /private/groups/russelllab/jodie/busco_downloads/lineages/rickettsiales_odb10/hmms/1528at766.hmm
# Target file:     private/groups/russelllab/jodie/merrill_23_wRi_genome/flye/merge_bootcamp_data/unpolished_busco.txt/prodigal_output/predicted_genes/predicted.faa
# Option settings: hmmsearch --domtblout private/groups/russelllab/jodie/merrill_23_wRi_genome/flye/merge_bootcamp_data/unpolished_busco.txt/run_rickettsiales_odb10/hmmer_output/1528at766.out --cpu 1 /private/groups/russelllab/jodie/busco_downloads/lineages/rickettsiales_odb10/hmms/1528at766.hmm private/groups/russelllab/jodie/merrill_23_wRi_genome/flye/merge_bootcamp_data/unpolished_busco.txt/prodigal_output/predicted_genes/predicted.faa 
# Current dir:     /private/groups/russelllab/jodie
# Date:            Fri Jan 17 16:13:37 2025
# [ok]
