#                                                                                 --- full sequence --- -------------- this domain -------------   hmm coord   ali coord   env coord
# target name             accession   tlen query name           accession   qlen   E-value  score  bias   #  of  c-Evalue  i-Evalue  score  bias  from    to  from    to  from    to  acc description of target
#     ------------------- ---------- ----- -------------------- ---------- ----- --------- ------ ----- --- --- --------- --------- ------ ----- ----- ----- ----- ----- ----- ----- ---- ---------------------
contig_18:218546-220054|+ -            503 1561at766            -            357  5.4e-126  416.9  62.4   1   3       1.1   2.5e+02   -3.0   0.8   101   117    23    39     7    69 0.53 contig_18_213 # 218546 # 220054 # 1 # ID=5_213;partial=00;start_type=ATG;rbs_motif=None;rbs_spacer=None;gc_cont=0.342
contig_18:218546-220054|+ -            503 1561at766            -            357  5.4e-126  416.9  62.4   2   3   1.3e-69     3e-67  223.7  28.1    11   191    82   294    75   299 0.85 contig_18_213 # 218546 # 220054 # 1 # ID=5_213;partial=00;start_type=ATG;rbs_motif=None;rbs_spacer=None;gc_cont=0.342
contig_18:218546-220054|+ -            503 1561at766            -            357  5.4e-126  416.9  62.4   3   3   9.6e-64   2.2e-61  204.4  18.7   189   357   311   496   305   496 0.90 contig_18_213 # 218546 # 220054 # 1 # ID=5_213;partial=00;start_type=ATG;rbs_motif=None;rbs_spacer=None;gc_cont=0.342
contig_18:362042-363898|+ -            619 1561at766            -            357   1.2e-47  159.2  46.8   1   4       4.5   1.1e+03   -5.0   1.2    29    65     5    42     3    50 0.57 contig_18_354 # 362042 # 363898 # 1 # ID=5_354;partial=00;start_type=ATG;rbs_motif=None;rbs_spacer=None;gc_cont=0.349
contig_18:362042-363898|+ -            619 1561at766            -            357   1.2e-47  159.2  46.8   2   4   9.7e-08   2.3e-05   20.2   9.5    13   106    67   170    57   195 0.77 contig_18_354 # 362042 # 363898 # 1 # ID=5_354;partial=00;start_type=ATG;rbs_motif=None;rbs_spacer=None;gc_cont=0.349
contig_18:362042-363898|+ -            619 1561at766            -            357   1.2e-47  159.2  46.8   3   4   3.4e-48     8e-46  153.2  20.1    86   337   179   439   172   462 0.82 contig_18_354 # 362042 # 363898 # 1 # ID=5_354;partial=00;start_type=ATG;rbs_motif=None;rbs_spacer=None;gc_cont=0.349
contig_18:362042-363898|+ -            619 1561at766            -            357   1.2e-47  159.2  46.8   4   4      0.28        65   -1.1   0.2   268   287   598   617   580   618 0.72 contig_18_354 # 362042 # 363898 # 1 # ID=5_354;partial=00;start_type=ATG;rbs_motif=None;rbs_spacer=None;gc_cont=0.349
contig_8:639981-641447|-  -            489 1561at766            -            357     6e-36  120.7  51.1   1   2       0.4        92   -1.6   0.7    52    83    17    47     5    63 0.52 contig_8_624 # 639981 # 641447 # -1 # ID=19_624;partial=00;start_type=ATG;rbs_motif=None;rbs_spacer=None;gc_cont=0.344
contig_8:639981-641447|-  -            489 1561at766            -            357     6e-36  120.7  51.1   2   2   1.4e-37   3.2e-35  118.3  44.3    14   338    65   439    53   452 0.78 contig_8_624 # 639981 # 641447 # -1 # ID=19_624;partial=00;start_type=ATG;rbs_motif=None;rbs_spacer=None;gc_cont=0.344
contig_18:365341-366705|+ -            455 1561at766            -            357   8.5e-25   84.1  47.5   1   1   1.8e-26   4.2e-24   81.8  45.1    25   342    73   425    39   448 0.68 contig_18_356 # 365341 # 366705 # 1 # ID=5_356;partial=00;start_type=ATG;rbs_motif=None;rbs_spacer=None;gc_cont=0.346
contig_18:363902-365344|+ -            481 1561at766            -            357     3e-24   82.3  45.3   1   2      0.48   1.1e+02   -1.8   0.2    14    41    24    49    11    63 0.64 contig_18_355 # 363902 # 365344 # 1 # ID=5_355;partial=00;start_type=GTG;rbs_motif=None;rbs_spacer=None;gc_cont=0.351
contig_18:363902-365344|+ -            481 1561at766            -            357     3e-24   82.3  45.3   2   2   1.3e-26     3e-24   82.3  45.3    16   334    67   424    56   455 0.71 contig_18_355 # 363902 # 365344 # 1 # ID=5_355;partial=00;start_type=GTG;rbs_motif=None;rbs_spacer=None;gc_cont=0.351
contig_8:803943-805502|+  -            520 1561at766            -            357   6.6e-08   28.5  42.2   1   2   2.8e-10   6.6e-08   28.5  42.2    26   326    41   347    10   386 0.73 contig_8_789 # 803943 # 805502 # 1 # ID=19_789;partial=00;start_type=GTG;rbs_motif=None;rbs_spacer=None;gc_cont=0.332
contig_8:803943-805502|+  -            520 1561at766            -            357   6.6e-08   28.5  42.2   2   2      0.22        51   -0.7   0.8   192   221   477   506   446   517 0.65 contig_8_789 # 803943 # 805502 # 1 # ID=19_789;partial=00;start_type=GTG;rbs_motif=None;rbs_spacer=None;gc_cont=0.332
#
# Program:         hmmsearch
# Version:         3.1b2 (February 2015)
# Pipeline mode:   SEARCH
# Query file:      /private/groups/russelllab/jodie/busco_downloads/lineages/rickettsiales_odb10/hmms/1561at766.hmm
# Target file:     private/groups/russelllab/jodie/merrill_23_wRi_genome/flye/merge_bootcamp_data/unpolished_busco.txt/prodigal_output/predicted_genes/predicted.faa
# Option settings: hmmsearch --domtblout private/groups/russelllab/jodie/merrill_23_wRi_genome/flye/merge_bootcamp_data/unpolished_busco.txt/run_rickettsiales_odb10/hmmer_output/1561at766.out --cpu 1 /private/groups/russelllab/jodie/busco_downloads/lineages/rickettsiales_odb10/hmms/1561at766.hmm private/groups/russelllab/jodie/merrill_23_wRi_genome/flye/merge_bootcamp_data/unpolished_busco.txt/prodigal_output/predicted_genes/predicted.faa 
# Current dir:     /private/groups/russelllab/jodie
# Date:            Fri Jan 17 16:13:37 2025
# [ok]
