#                                                                                 --- full sequence --- -------------- this domain -------------   hmm coord   ali coord   env coord
# target name             accession   tlen query name           accession   qlen   E-value  score  bias   #  of  c-Evalue  i-Evalue  score  bias  from    to  from    to  from    to  acc description of target
#     ------------------- ---------- ----- -------------------- ---------- ----- --------- ------ ----- --- --- --------- --------- ------ ----- ----- ----- ----- ----- ----- ----- ---- ---------------------
contig_18:377404-378732|+ -            443 1619at766            -            354  2.1e-148  490.3  11.1   1   1    2e-147  3.9e-145  479.5  11.1     2   354     6   442     5   442 0.83 contig_18_370 # 377404 # 378732 # 1 # ID=5_370;partial=00;start_type=ATG;rbs_motif=None;rbs_spacer=None;gc_cont=0.359
contig_8:646455-647780|-  -            442 1619at766            -            354   1.9e-31  105.6   1.7   1   2   2.9e-16   5.7e-14   48.1   0.0   175   261     2    90     1    94 0.84 contig_8_632 # 646455 # 647780 # -1 # ID=19_632;partial=00;start_type=ATG;rbs_motif=None;rbs_spacer=None;gc_cont=0.373
contig_8:646455-647780|-  -            442 1619at766            -            354   1.9e-31  105.6   1.7   2   2   7.9e-19   1.6e-16   56.5   0.4   173   259   174   266   150   334 0.78 contig_8_632 # 646455 # 647780 # -1 # ID=19_632;partial=00;start_type=ATG;rbs_motif=None;rbs_spacer=None;gc_cont=0.373
contig_18:169567-170451|- -            295 1619at766            -            354   3.5e-14   48.8   1.1   1   3   1.1e-15   2.2e-13   46.2   0.3   173   263     5    98     2   110 0.90 contig_18_162 # 169567 # 170451 # -1 # ID=5_162;partial=00;start_type=GTG;rbs_motif=None;rbs_spacer=None;gc_cont=0.350
contig_18:169567-170451|- -            295 1619at766            -            354   3.5e-14   48.8   1.1   2   3       0.1        20    0.3   0.1   261   261   137   137    99   174 0.54 contig_18_162 # 169567 # 170451 # -1 # ID=5_162;partial=00;start_type=GTG;rbs_motif=None;rbs_spacer=None;gc_cont=0.350
contig_18:169567-170451|- -            295 1619at766            -            354   3.5e-14   48.8   1.1   3   3      0.14        28   -0.2   0.0   265   293   141   170   123   203 0.72 contig_18_162 # 169567 # 170451 # -1 # ID=5_162;partial=00;start_type=GTG;rbs_motif=None;rbs_spacer=None;gc_cont=0.350
contig_8:323797-324390|+  -            198 1619at766            -            354   1.6e-06   23.6   0.4   1   1   1.3e-08   2.5e-06   23.0   0.4   176   212    28    65    23   189 0.70 contig_8_320 # 323797 # 324390 # 1 # ID=19_320;partial=00;start_type=ATG;rbs_motif=None;rbs_spacer=None;gc_cont=0.320
contig_8:242053-243147|-  -            365 1619at766            -            354   0.00013   17.4   0.2   1   1   1.1e-06   0.00023   16.5   0.2   176   217     4    45     1   177 0.88 contig_8_242 # 242053 # 243147 # -1 # ID=19_242;partial=00;start_type=ATG;rbs_motif=None;rbs_spacer=None;gc_cont=0.379
contig_8:692388-693056|+  -            223 1619at766            -            354    0.0014   13.9   0.4   1   1   9.8e-06     0.002   13.5   0.4   262   351    81   163    69   166 0.78 contig_8_681 # 692388 # 693056 # 1 # ID=19_681;partial=00;start_type=ATG;rbs_motif=GGAG/GAGG;rbs_spacer=5-10bp;gc_cont=0.317
contig_8:300960-301982|-  -            341 1619at766            -            354    0.0063   11.8   0.1   1   2   0.00011     0.023   10.0   0.0   176   234   161   218   148   264 0.81 contig_8_300 # 300960 # 301982 # -1 # ID=19_300;partial=00;start_type=ATG;rbs_motif=None;rbs_spacer=None;gc_cont=0.362
contig_8:300960-301982|-  -            341 1619at766            -            354    0.0063   11.8   0.1   2   2      0.28        57   -1.2   0.0   260   280   270   290   250   304 0.79 contig_8_300 # 300960 # 301982 # -1 # ID=19_300;partial=00;start_type=ATG;rbs_motif=None;rbs_spacer=None;gc_cont=0.362
#
# Program:         hmmsearch
# Version:         3.1b2 (February 2015)
# Pipeline mode:   SEARCH
# Query file:      /private/groups/russelllab/jodie/busco_downloads/lineages/rickettsiales_odb10/hmms/1619at766.hmm
# Target file:     private/groups/russelllab/jodie/merrill_23_wRi_genome/flye/merge_bootcamp_data/unpolished_busco.txt/prodigal_output/predicted_genes/predicted.faa
# Option settings: hmmsearch --domtblout private/groups/russelllab/jodie/merrill_23_wRi_genome/flye/merge_bootcamp_data/unpolished_busco.txt/run_rickettsiales_odb10/hmmer_output/1619at766.out --cpu 1 /private/groups/russelllab/jodie/busco_downloads/lineages/rickettsiales_odb10/hmms/1619at766.hmm private/groups/russelllab/jodie/merrill_23_wRi_genome/flye/merge_bootcamp_data/unpolished_busco.txt/prodigal_output/predicted_genes/predicted.faa 
# Current dir:     /private/groups/russelllab/jodie
# Date:            Fri Jan 17 16:13:37 2025
# [ok]
