#                                                                                --- full sequence --- -------------- this domain -------------   hmm coord   ali coord   env coord
# target name            accession   tlen query name           accession   qlen   E-value  score  bias   #  of  c-Evalue  i-Evalue  score  bias  from    to  from    to  from    to  acc description of target
#    ------------------- ---------- ----- -------------------- ---------- ----- --------- ------ ----- --- --- --------- --------- ------ ----- ----- ----- ----- ----- ----- ----- ---- ---------------------
contig_8:347523-350084|+ -            854 162at766             -            717         0 1184.4  19.4   1   2     1e-12   3.7e-10   34.9   0.1     1    45     1    51     1    68 0.89 contig_8_341 # 347523 # 350084 # 1 # ID=19_341;partial=00;start_type=ATG;rbs_motif=None;rbs_spacer=None;gc_cont=0.377
contig_8:347523-350084|+ -            854 162at766             -            717         0 1184.4  19.4   2   2         0         0 1145.9  15.9    59   717   102   837    87   837 0.91 contig_8_341 # 347523 # 350084 # 1 # ID=19_341;partial=00;start_type=ATG;rbs_motif=None;rbs_spacer=None;gc_cont=0.377
contig_8:705803-708109|- -            769 162at766             -            717  1.4e-168  558.6   8.8   1   3   8.2e-96   2.9e-93  309.6   0.6    89   333   181   433   102   437 0.93 contig_8_696 # 705803 # 708109 # -1 # ID=19_696;partial=00;start_type=ATG;rbs_motif=GGA/GAG/AGG;rbs_spacer=5-10bp;gc_cont=0.340
contig_8:705803-708109|- -            769 162at766             -            717  1.4e-168  558.6   8.8   2   3   9.7e-73   3.4e-70  233.4   0.5   440   684   440   700   432   704 0.86 contig_8_696 # 705803 # 708109 # -1 # ID=19_696;partial=00;start_type=ATG;rbs_motif=GGA/GAG/AGG;rbs_spacer=5-10bp;gc_cont=0.340
contig_8:705803-708109|- -            769 162at766             -            717  1.4e-168  558.6   8.8   3   3   4.3e-08   1.5e-05   19.7   0.1   673   716   706   749   702   750 0.91 contig_8_696 # 705803 # 708109 # -1 # ID=19_696;partial=00;start_type=ATG;rbs_motif=GGA/GAG/AGG;rbs_spacer=5-10bp;gc_cont=0.340
contig_8:53958-55235|+   -            426 162at766             -            717   5.5e-05   17.8   0.0   1   1   2.4e-07   8.6e-05   17.2   0.0   465   529    68   138    58   185 0.83 contig_8_64 # 53958 # 55235 # 1 # ID=19_64;partial=00;start_type=ATG;rbs_motif=GGA/GAG/AGG;rbs_spacer=5-10bp;gc_cont=0.367
contig_8:635509-636483|+ -            325 162at766             -            717    0.0024   12.4   0.1   1   1   3.2e-05     0.011   10.2   0.1   101   214     8   114     2   121 0.73 contig_8_620 # 635509 # 636483 # 1 # ID=19_620;partial=00;start_type=ATG;rbs_motif=3Base/5BMM;rbs_spacer=13-15bp;gc_cont=0.389
#
# Program:         hmmsearch
# Version:         3.1b2 (February 2015)
# Pipeline mode:   SEARCH
# Query file:      /private/groups/russelllab/jodie/busco_downloads/lineages/rickettsiales_odb10/hmms/162at766.hmm
# Target file:     private/groups/russelllab/jodie/merrill_23_wRi_genome/flye/merge_bootcamp_data/unpolished_busco.txt/prodigal_output/predicted_genes/predicted.faa
# Option settings: hmmsearch --domtblout private/groups/russelllab/jodie/merrill_23_wRi_genome/flye/merge_bootcamp_data/unpolished_busco.txt/run_rickettsiales_odb10/hmmer_output/162at766.out --cpu 1 /private/groups/russelllab/jodie/busco_downloads/lineages/rickettsiales_odb10/hmms/162at766.hmm private/groups/russelllab/jodie/merrill_23_wRi_genome/flye/merge_bootcamp_data/unpolished_busco.txt/prodigal_output/predicted_genes/predicted.faa 
# Current dir:     /private/groups/russelllab/jodie
# Date:            Fri Jan 17 16:13:37 2025
# [ok]
