#                                                                                 --- full sequence --- -------------- this domain -------------   hmm coord   ali coord   env coord
# target name             accession   tlen query name           accession   qlen   E-value  score  bias   #  of  c-Evalue  i-Evalue  score  bias  from    to  from    to  from    to  acc description of target
#     ------------------- ---------- ----- -------------------- ---------- ----- --------- ------ ----- --- --- --------- --------- ------ ----- ----- ----- ----- ----- ----- ----- ---- ---------------------
contig_18:379036-380052|+ -            339 1655at766            -            269  4.8e-124  409.1   2.9   1   2   8.7e-49     3e-46  153.9   0.7     1    88     3    90     3    92 0.98 contig_18_371 # 379036 # 380052 # 1 # ID=5_371;partial=00;start_type=ATG;rbs_motif=None;rbs_spacer=None;gc_cont=0.362
contig_18:379036-380052|+ -            339 1655at766            -            269  4.8e-124  409.1   2.9   2   2   2.8e-79   9.7e-77  254.0   0.1    85   269   106   329    90   329 0.83 contig_18_371 # 379036 # 380052 # 1 # ID=5_371;partial=00;start_type=ATG;rbs_motif=None;rbs_spacer=None;gc_cont=0.362
contig_18:20198-21136|-   -            313 1655at766            -            269   4.1e-14   48.6   4.3   1   2   2.2e-14   7.9e-12   41.1   2.0     2   187     9   212     8   221 0.71 contig_18_22 # 20198 # 21136 # -1 # ID=5_22;partial=00;start_type=GTG;rbs_motif=None;rbs_spacer=None;gc_cont=0.390
contig_18:20198-21136|-   -            313 1655at766            -            269   4.1e-14   48.6   4.3   2   2     0.058        20    0.4   0.0    76    97   278   299   263   307 0.59 contig_18_22 # 20198 # 21136 # -1 # ID=5_22;partial=00;start_type=GTG;rbs_motif=None;rbs_spacer=None;gc_cont=0.390
contig_8:47162-48535|+    -            458 1655at766            -            269   8.3e-07   24.6   1.6   1   3     2e-07   6.9e-05   18.3   0.0     2    41     5    44     4    72 0.92 contig_8_56 # 47162 # 48535 # 1 # ID=19_56;partial=00;start_type=ATG;rbs_motif=None;rbs_spacer=None;gc_cont=0.370
contig_8:47162-48535|+    -            458 1655at766            -            269   8.3e-07   24.6   1.6   2   3     0.049        17    0.7   0.2     3    34   175   206   173   208 0.79 contig_8_56 # 47162 # 48535 # 1 # ID=19_56;partial=00;start_type=ATG;rbs_motif=None;rbs_spacer=None;gc_cont=0.370
contig_8:47162-48535|+    -            458 1655at766            -            269   8.3e-07   24.6   1.6   3   3     0.015       5.2    2.3   0.0   222   235   296   309   267   315 0.90 contig_8_56 # 47162 # 48535 # 1 # ID=19_56;partial=00;start_type=ATG;rbs_motif=None;rbs_spacer=None;gc_cont=0.370
contig_18:161342-162712|- -            457 1655at766            -            269   4.8e-06   22.1   7.4   1   2   4.9e-07   0.00017   17.0   2.0     2   135     5   143     4   156 0.67 contig_18_155 # 161342 # 162712 # -1 # ID=5_155;partial=00;start_type=ATG;rbs_motif=GGA/GAG/AGG;rbs_spacer=5-10bp;gc_cont=0.392
contig_18:161342-162712|- -            457 1655at766            -            269   4.8e-06   22.1   7.4   2   2   0.00064      0.23    6.8   0.9    87   235   133   308   121   318 0.58 contig_18_155 # 161342 # 162712 # -1 # ID=5_155;partial=00;start_type=ATG;rbs_motif=GGA/GAG/AGG;rbs_spacer=5-10bp;gc_cont=0.392
#
# Program:         hmmsearch
# Version:         3.1b2 (February 2015)
# Pipeline mode:   SEARCH
# Query file:      /private/groups/russelllab/jodie/busco_downloads/lineages/rickettsiales_odb10/hmms/1655at766.hmm
# Target file:     private/groups/russelllab/jodie/merrill_23_wRi_genome/flye/merge_bootcamp_data/unpolished_busco.txt/prodigal_output/predicted_genes/predicted.faa
# Option settings: hmmsearch --domtblout private/groups/russelllab/jodie/merrill_23_wRi_genome/flye/merge_bootcamp_data/unpolished_busco.txt/run_rickettsiales_odb10/hmmer_output/1655at766.out --cpu 1 /private/groups/russelllab/jodie/busco_downloads/lineages/rickettsiales_odb10/hmms/1655at766.hmm private/groups/russelllab/jodie/merrill_23_wRi_genome/flye/merge_bootcamp_data/unpolished_busco.txt/prodigal_output/predicted_genes/predicted.faa 
# Current dir:     /private/groups/russelllab/jodie
# Date:            Fri Jan 17 16:13:37 2025
# [ok]
