#                                                                                 --- full sequence --- -------------- this domain -------------   hmm coord   ali coord   env coord
# target name             accession   tlen query name           accession   qlen   E-value  score  bias   #  of  c-Evalue  i-Evalue  score  bias  from    to  from    to  from    to  acc description of target
#     ------------------- ---------- ----- -------------------- ---------- ----- --------- ------ ----- --- --- --------- --------- ------ ----- ----- ----- ----- ----- ----- ----- ---- ---------------------
contig_8:822579-824180|-  -            534 1675at766            -            358  2.4e-132  437.6  12.4   1   3  3.1e-122  1.1e-119  396.0   3.9     2   262     1   287     1   296 0.90 contig_8_808 # 822579 # 824180 # -1 # ID=19_808;partial=00;start_type=ATG;rbs_motif=None;rbs_spacer=None;gc_cont=0.345
contig_8:822579-824180|-  -            534 1675at766            -            358  2.4e-132  437.6  12.4   2   3   9.8e-16   3.4e-13   45.6   0.3   264   321   314   376   293   394 0.82 contig_8_808 # 822579 # 824180 # -1 # ID=19_808;partial=00;start_type=ATG;rbs_motif=None;rbs_spacer=None;gc_cont=0.345
contig_8:822579-824180|-  -            534 1675at766            -            358  2.4e-132  437.6  12.4   3   3     0.061        21    0.3   0.0   310   327   433   450   423   527 0.89 contig_8_808 # 822579 # 824180 # -1 # ID=19_808;partial=00;start_type=ATG;rbs_motif=None;rbs_spacer=None;gc_cont=0.345
contig_18:221640-222461|- -            274 1675at766            -            358   2.1e-16   56.2   4.6   1   1   3.4e-18   1.2e-15   53.7   2.5    30   175    14   147     8   168 0.85 contig_18_216 # 221640 # 222461 # -1 # ID=5_216;partial=00;start_type=ATG;rbs_motif=AGGAG;rbs_spacer=5-10bp;gc_cont=0.309
contig_8:635509-636483|+  -            325 1675at766            -            358   9.1e-08   27.8   0.1   1   2   1.3e-09   4.6e-07   25.5   0.0     8    61    19    76    15    83 0.80 contig_8_620 # 635509 # 636483 # 1 # ID=19_620;partial=00;start_type=ATG;rbs_motif=3Base/5BMM;rbs_spacer=13-15bp;gc_cont=0.389
contig_8:635509-636483|+  -            325 1675at766            -            358   9.1e-08   27.8   0.1   2   2      0.14        48   -0.9   0.0   115   137   105   127    96   132 0.80 contig_8_620 # 635509 # 636483 # 1 # ID=19_620;partial=00;start_type=ATG;rbs_motif=3Base/5BMM;rbs_spacer=13-15bp;gc_cont=0.389
contig_8:690395-692233|+  -            613 1675at766            -            358    0.0026   13.1   0.0   1   1   1.4e-05    0.0049   12.2   0.0    27    58   178   209   164   214 0.83 contig_8_680 # 690395 # 692233 # 1 # ID=19_680;partial=00;start_type=ATG;rbs_motif=None;rbs_spacer=None;gc_cont=0.372
#
# Program:         hmmsearch
# Version:         3.1b2 (February 2015)
# Pipeline mode:   SEARCH
# Query file:      /private/groups/russelllab/jodie/busco_downloads/lineages/rickettsiales_odb10/hmms/1675at766.hmm
# Target file:     private/groups/russelllab/jodie/merrill_23_wRi_genome/flye/merge_bootcamp_data/unpolished_busco.txt/prodigal_output/predicted_genes/predicted.faa
# Option settings: hmmsearch --domtblout private/groups/russelllab/jodie/merrill_23_wRi_genome/flye/merge_bootcamp_data/unpolished_busco.txt/run_rickettsiales_odb10/hmmer_output/1675at766.out --cpu 1 /private/groups/russelllab/jodie/busco_downloads/lineages/rickettsiales_odb10/hmms/1675at766.hmm private/groups/russelllab/jodie/merrill_23_wRi_genome/flye/merge_bootcamp_data/unpolished_busco.txt/prodigal_output/predicted_genes/predicted.faa 
# Current dir:     /private/groups/russelllab/jodie
# Date:            Fri Jan 17 16:13:37 2025
# [ok]
