#                                                                                --- full sequence --- -------------- this domain -------------   hmm coord   ali coord   env coord
# target name            accession   tlen query name           accession   qlen   E-value  score  bias   #  of  c-Evalue  i-Evalue  score  bias  from    to  from    to  from    to  acc description of target
#    ------------------- ---------- ----- -------------------- ---------- ----- --------- ------ ----- --- --- --------- --------- ------ ----- ----- ----- ----- ----- ----- ----- ---- ---------------------
contig_8:228335-230410|- -            692 170at766             -            547  1.5e-266  881.6  19.2   1   2  2.7e-251  9.4e-249  822.8   8.4     1   478     8   498     8   547 0.92 contig_8_234 # 228335 # 230410 # -1 # ID=19_234;partial=00;start_type=ATG;rbs_motif=None;rbs_spacer=None;gc_cont=0.364
contig_8:228335-230410|- -            692 170at766             -            547  1.5e-266  881.6  19.2   2   2   1.8e-21   6.2e-19   64.3   3.0   455   545   576   688   562   690 0.77 contig_8_234 # 228335 # 230410 # -1 # ID=19_234;partial=00;start_type=ATG;rbs_motif=None;rbs_spacer=None;gc_cont=0.364
contig_8:599036-602491|- -           1152 170at766             -            547   1.7e-17   59.5   2.4   1   3   1.4e-11   4.9e-09   31.6   0.6    68   324    79   339    31   354 0.81 contig_8_584 # 599036 # 602491 # -1 # ID=19_584;partial=00;start_type=ATG;rbs_motif=3Base/5BMM;rbs_spacer=13-15bp;gc_cont=0.388
contig_8:599036-602491|- -           1152 170at766             -            547   1.7e-17   59.5   2.4   2   3   4.1e-10   1.4e-07   26.8   0.0    88   217   683   806   676   870 0.83 contig_8_584 # 599036 # 602491 # -1 # ID=19_584;partial=00;start_type=ATG;rbs_motif=3Base/5BMM;rbs_spacer=13-15bp;gc_cont=0.388
contig_8:599036-602491|- -           1152 170at766             -            547   1.7e-17   59.5   2.4   3   3       0.4   1.4e+02   -2.9   0.0   278   322   916   960   912   972 0.83 contig_8_584 # 599036 # 602491 # -1 # ID=19_584;partial=00;start_type=ATG;rbs_motif=3Base/5BMM;rbs_spacer=13-15bp;gc_cont=0.388
contig_8:531262-532533|- -            424 170at766             -            547   3.9e-06   22.0   0.3   1   1   1.8e-08   6.4e-06   21.3   0.3    89   200    79   190    75   201 0.88 contig_8_529 # 531262 # 532533 # -1 # ID=19_529;partial=00;start_type=ATG;rbs_motif=GGAG/GAGG;rbs_spacer=5-10bp;gc_cont=0.369
contig_8:88671-89753|-   -            361 170at766             -            547   5.5e-06   21.5   0.1   1   2   9.3e-05     0.033    9.1   0.0   478   515    77   114    44   130 0.88 contig_8_96 # 88671 # 89753 # -1 # ID=19_96;partial=00;start_type=ATG;rbs_motif=None;rbs_spacer=None;gc_cont=0.353
contig_8:88671-89753|-   -            361 170at766             -            547   5.5e-06   21.5   0.1   2   2   3.5e-05     0.012   10.5   0.1   480   512   173   205   150   237 0.80 contig_8_96 # 88671 # 89753 # -1 # ID=19_96;partial=00;start_type=ATG;rbs_motif=None;rbs_spacer=None;gc_cont=0.353
#
# Program:         hmmsearch
# Version:         3.1b2 (February 2015)
# Pipeline mode:   SEARCH
# Query file:      /private/groups/russelllab/jodie/busco_downloads/lineages/rickettsiales_odb10/hmms/170at766.hmm
# Target file:     private/groups/russelllab/jodie/merrill_23_wRi_genome/flye/merge_bootcamp_data/unpolished_busco.txt/prodigal_output/predicted_genes/predicted.faa
# Option settings: hmmsearch --domtblout private/groups/russelllab/jodie/merrill_23_wRi_genome/flye/merge_bootcamp_data/unpolished_busco.txt/run_rickettsiales_odb10/hmmer_output/170at766.out --cpu 1 /private/groups/russelllab/jodie/busco_downloads/lineages/rickettsiales_odb10/hmms/170at766.hmm private/groups/russelllab/jodie/merrill_23_wRi_genome/flye/merge_bootcamp_data/unpolished_busco.txt/prodigal_output/predicted_genes/predicted.faa 
# Current dir:     /private/groups/russelllab/jodie
# Date:            Fri Jan 17 16:13:37 2025
# [ok]
