#                                                                                 --- full sequence --- -------------- this domain -------------   hmm coord   ali coord   env coord
# target name             accession   tlen query name           accession   qlen   E-value  score  bias   #  of  c-Evalue  i-Evalue  score  bias  from    to  from    to  from    to  acc description of target
#     ------------------- ---------- ----- -------------------- ---------- ----- --------- ------ ----- --- --- --------- --------- ------ ----- ----- ----- ----- ----- ----- ----- ---- ---------------------
contig_18:384091-384792|+ -            234 1817at766            -            208   1.4e-88  292.4   5.9   1   1   1.7e-90   1.9e-88  292.0   5.9     1   208     6   230     6   230 0.93 contig_18_376 # 384091 # 384792 # 1 # ID=5_376;partial=00;start_type=ATG;rbs_motif=None;rbs_spacer=None;gc_cont=0.322
contig_8:281273-281914|-  -            214 1817at766            -            208   1.8e-38  128.7   0.7   1   1   1.9e-40     2e-38  128.5   0.7     1   201     2   207     2   213 0.85 contig_8_277 # 281273 # 281914 # -1 # ID=19_277;partial=00;start_type=ATG;rbs_motif=GGA/GAG/AGG;rbs_spacer=5-10bp;gc_cont=0.315
contig_8:464831-465604|-  -            258 1817at766            -            208   1.3e-36  122.6   2.8   1   1   2.2e-38   2.4e-36  121.8   2.8    11   206    13   233     3   235 0.79 contig_8_456 # 464831 # 465604 # -1 # ID=19_456;partial=00;start_type=ATG;rbs_motif=None;rbs_spacer=None;gc_cont=0.335
contig_8:112456-113214|+  -            253 1817at766            -            208   2.6e-32  108.6   0.1   1   1   3.2e-33   3.4e-31  104.9   0.1     2   206     7   247     6   249 0.75 contig_8_116 # 112456 # 113214 # 1 # ID=19_116;partial=00;start_type=ATG;rbs_motif=AGGA;rbs_spacer=5-10bp;gc_cont=0.362
contig_8:146470-148179|+  -            570 1817at766            -            208   1.8e-28   96.0   2.1   1   1   7.1e-30   7.7e-28   94.0   2.1     7   200   341   559   336   565 0.81 contig_8_153 # 146470 # 148179 # 1 # ID=19_153;partial=00;start_type=ATG;rbs_motif=None;rbs_spacer=None;gc_cont=0.354
contig_8:57717-59498|-    -            594 1817at766            -            208   3.7e-26   88.5   2.3   1   2     0.023       2.5    4.1   0.0    16    59    17    62    11    85 0.79 contig_8_66 # 57717 # 59498 # -1 # ID=19_66;partial=00;start_type=ATG;rbs_motif=GGA/GAG/AGG;rbs_spacer=5-10bp;gc_cont=0.352
contig_8:57717-59498|-    -            594 1817at766            -            208   3.7e-26   88.5   2.3   2   2   3.4e-26   3.7e-24   82.0   0.6     3   200   346   569   344   574 0.77 contig_8_66 # 57717 # 59498 # -1 # ID=19_66;partial=00;start_type=ATG;rbs_motif=GGA/GAG/AGG;rbs_spacer=5-10bp;gc_cont=0.352
contig_18:76540-77214|-   -            225 1817at766            -            208   4.5e-26   88.2   1.4   1   1   1.2e-27   1.3e-25   86.7   1.4     3   174     9   209     7   219 0.76 contig_18_72 # 76540 # 77214 # -1 # ID=5_72;partial=00;start_type=ATG;rbs_motif=GGA/GAG/AGG;rbs_spacer=5-10bp;gc_cont=0.370
contig_8:881930-883705|-  -            592 1817at766            -            208   9.6e-25   83.9   4.9   1   1   3.4e-26   3.7e-24   82.0   4.9     1   198   348   571   348   578 0.76 contig_8_863 # 881930 # 883705 # -1 # ID=19_863;partial=00;start_type=ATG;rbs_motif=3Base/5BMM;rbs_spacer=13-15bp;gc_cont=0.317
contig_8:204088-204711|-  -            208 1817at766            -            208   5.8e-21   71.5   0.0   1   1   6.6e-23   7.1e-21   71.2   0.0     4   168     5   184     2   197 0.79 contig_8_215 # 204088 # 204711 # -1 # ID=19_215;partial=00;start_type=ATG;rbs_motif=3Base/5BMM;rbs_spacer=13-15bp;gc_cont=0.364
contig_18:335873-336568|+ -            232 1817at766            -            208   1.8e-20   69.9   4.2   1   1   2.2e-22   2.4e-20   69.5   4.2     2   198    10   217     9   226 0.77 contig_18_323 # 335873 # 336568 # 1 # ID=5_323;partial=00;start_type=TTG;rbs_motif=None;rbs_spacer=None;gc_cont=0.326
contig_18:33926-35671|+   -            582 1817at766            -            208   1.9e-18   63.3   0.4   1   1   1.4e-19   1.5e-17   60.3   0.4    12   196   349   560   345   565 0.78 contig_18_36 # 33926 # 35671 # 1 # ID=5_36;partial=00;start_type=GTG;rbs_motif=GGAG/GAGG;rbs_spacer=5-10bp;gc_cont=0.377
contig_18:322930-325725|+ -            932 1817at766            -            208   3.6e-18   62.4   8.6   1   5   0.00016     0.017   11.2   0.1    14    42    13    41     5    47 0.87 contig_18_312 # 322930 # 325725 # 1 # ID=5_312;partial=00;start_type=ATG;rbs_motif=None;rbs_spacer=None;gc_cont=0.379
contig_18:322930-325725|+ -            932 1817at766            -            208   3.6e-18   62.4   8.6   2   5       3.7     4e+02   -3.1   0.1   138   157   122   140   120   153 0.70 contig_18_312 # 322930 # 325725 # 1 # ID=5_312;partial=00;start_type=ATG;rbs_motif=None;rbs_spacer=None;gc_cont=0.379
contig_18:322930-325725|+ -            932 1817at766            -            208   3.6e-18   62.4   8.6   3   5   1.6e-07   1.7e-05   21.0   0.0    97   199   462   576   422   585 0.79 contig_18_312 # 322930 # 325725 # 1 # ID=5_312;partial=00;start_type=ATG;rbs_motif=None;rbs_spacer=None;gc_cont=0.379
contig_18:322930-325725|+ -            932 1817at766            -            208   3.6e-18   62.4   8.6   4   5    0.0019       0.2    7.7   0.1    14    43   612   641   602   654 0.87 contig_18_312 # 322930 # 325725 # 1 # ID=5_312;partial=00;start_type=ATG;rbs_motif=None;rbs_spacer=None;gc_cont=0.379
contig_18:322930-325725|+ -            932 1817at766            -            208   3.6e-18   62.4   8.6   5   5   1.2e-08   1.3e-06   24.6   0.0    84   196   790   914   761   926 0.71 contig_18_312 # 322930 # 325725 # 1 # ID=5_312;partial=00;start_type=ATG;rbs_motif=None;rbs_spacer=None;gc_cont=0.379
contig_18:191763-193166|- -            468 1817at766            -            208   0.00063   15.9   0.4   1   2   1.3e-05    0.0014   14.7   0.1    20    63   171   214   156   224 0.79 contig_18_183 # 191763 # 193166 # -1 # ID=5_183;partial=00;start_type=TTG;rbs_motif=3Base/5BMM;rbs_spacer=13-15bp;gc_cont=0.390
contig_18:191763-193166|- -            468 1817at766            -            208   0.00063   15.9   0.4   2   2       5.4   5.8e+02   -3.6   0.0   113   136   337   360   334   383 0.70 contig_18_183 # 191763 # 193166 # -1 # ID=5_183;partial=00;start_type=TTG;rbs_motif=3Base/5BMM;rbs_spacer=13-15bp;gc_cont=0.390
#
# Program:         hmmsearch
# Version:         3.1b2 (February 2015)
# Pipeline mode:   SEARCH
# Query file:      /private/groups/russelllab/jodie/busco_downloads/lineages/rickettsiales_odb10/hmms/1817at766.hmm
# Target file:     private/groups/russelllab/jodie/merrill_23_wRi_genome/flye/merge_bootcamp_data/unpolished_busco.txt/prodigal_output/predicted_genes/predicted.faa
# Option settings: hmmsearch --domtblout private/groups/russelllab/jodie/merrill_23_wRi_genome/flye/merge_bootcamp_data/unpolished_busco.txt/run_rickettsiales_odb10/hmmer_output/1817at766.out --cpu 1 /private/groups/russelllab/jodie/busco_downloads/lineages/rickettsiales_odb10/hmms/1817at766.hmm private/groups/russelllab/jodie/merrill_23_wRi_genome/flye/merge_bootcamp_data/unpolished_busco.txt/prodigal_output/predicted_genes/predicted.faa 
# Current dir:     /private/groups/russelllab/jodie
# Date:            Fri Jan 17 16:13:37 2025
# [ok]
