#                                                                                 --- full sequence --- -------------- this domain -------------   hmm coord   ali coord   env coord
# target name             accession   tlen query name           accession   qlen   E-value  score  bias   #  of  c-Evalue  i-Evalue  score  bias  from    to  from    to  from    to  acc description of target
#     ------------------- ---------- ----- -------------------- ---------- ----- --------- ------ ----- --- --- --------- --------- ------ ----- ----- ----- ----- ----- ----- ----- ---- ---------------------
contig_8:112456-113214|+  -            253 1882at766            -            186   2.1e-71  235.7   2.8   1   1   8.8e-71   9.5e-69  227.1   2.8     1   185    15   250    15   251 0.83 contig_8_116 # 112456 # 113214 # 1 # ID=19_116;partial=00;start_type=ATG;rbs_motif=AGGA;rbs_spacer=5-10bp;gc_cont=0.362
contig_8:281273-281914|-  -            214 1882at766            -            186   3.7e-57  189.3   0.5   1   1   1.1e-58   1.1e-56  187.7   0.5     1   181    11   211    11   213 0.80 contig_8_277 # 281273 # 281914 # -1 # ID=19_277;partial=00;start_type=ATG;rbs_motif=GGA/GAG/AGG;rbs_spacer=5-10bp;gc_cont=0.315
contig_18:384091-384792|+ -            234 1882at766            -            186   9.7e-39  129.2   2.7   1   1   1.7e-38   1.8e-36  121.8   2.7     1   184    15   230    15   232 0.75 contig_18_376 # 384091 # 384792 # 1 # ID=5_376;partial=00;start_type=ATG;rbs_motif=None;rbs_spacer=None;gc_cont=0.322
contig_8:464831-465604|-  -            258 1882at766            -            186   6.1e-37  123.4   2.9   1   1   5.9e-38   6.4e-36  120.0   2.9     3   185    14   236    10   237 0.75 contig_8_456 # 464831 # 465604 # -1 # ID=19_456;partial=00;start_type=ATG;rbs_motif=None;rbs_spacer=None;gc_cont=0.335
contig_8:146470-148179|+  -            570 1882at766            -            186   2.9e-31  104.9   0.4   1   2   2.2e-14   2.4e-12   43.2   0.0     4    78   347   432   344   452 0.79 contig_8_153 # 146470 # 148179 # 1 # ID=19_153;partial=00;start_type=ATG;rbs_motif=None;rbs_spacer=None;gc_cont=0.354
contig_8:146470-148179|+  -            570 1882at766            -            186   2.9e-31  104.9   0.4   2   2   7.5e-19   8.1e-17   57.8   0.1    94   167   469   548   456   558 0.83 contig_8_153 # 146470 # 148179 # 1 # ID=19_153;partial=00;start_type=ATG;rbs_motif=None;rbs_spacer=None;gc_cont=0.354
contig_8:57717-59498|-    -            594 1882at766            -            186   8.2e-28   93.6   1.3   1   1   1.3e-27   1.4e-25   86.4   1.3     7   168   360   559   353   574 0.74 contig_8_66 # 57717 # 59498 # -1 # ID=19_66;partial=00;start_type=ATG;rbs_motif=GGA/GAG/AGG;rbs_spacer=5-10bp;gc_cont=0.352
contig_18:76540-77214|-   -            225 1882at766            -            186   4.4e-26   88.0   2.6   1   1   1.5e-26   1.6e-24   82.9   2.6     3   160    19   216    16   223 0.68 contig_18_72 # 76540 # 77214 # -1 # ID=5_72;partial=00;start_type=ATG;rbs_motif=GGA/GAG/AGG;rbs_spacer=5-10bp;gc_cont=0.370
contig_8:881930-883705|-  -            592 1882at766            -            186   5.8e-24   81.0   1.6   1   2   1.3e-10   1.4e-08   30.9   0.2     3    82   360   450   357   463 0.81 contig_8_863 # 881930 # 883705 # -1 # ID=19_863;partial=00;start_type=ATG;rbs_motif=3Base/5BMM;rbs_spacer=13-15bp;gc_cont=0.317
contig_8:881930-883705|-  -            592 1882at766            -            186   5.8e-24   81.0   1.6   2   2   6.1e-16   6.5e-14   48.3   0.1    93   168   482   563   470   575 0.79 contig_8_863 # 881930 # 883705 # -1 # ID=19_863;partial=00;start_type=ATG;rbs_motif=3Base/5BMM;rbs_spacer=13-15bp;gc_cont=0.317
contig_18:335873-336568|+ -            232 1882at766            -            186   3.2e-19   65.6   3.2   1   1   1.1e-20   1.2e-18   63.8   3.2     1   162    18   204    18   224 0.75 contig_18_323 # 335873 # 336568 # 1 # ID=5_323;partial=00;start_type=TTG;rbs_motif=None;rbs_spacer=None;gc_cont=0.326
contig_18:33926-35671|+   -            582 1882at766            -            186   7.5e-15   51.3   0.3   1   2   0.00016     0.017   11.1   0.1     3    36   349   382   346   449 0.79 contig_18_36 # 33926 # 35671 # 1 # ID=5_36;partial=00;start_type=GTG;rbs_motif=GGAG/GAGG;rbs_spacer=5-10bp;gc_cont=0.377
contig_18:33926-35671|+   -            582 1882at766            -            186   7.5e-15   51.3   0.3   2   2   1.1e-12   1.2e-10   37.7   0.0    94   167   473   553   464   566 0.82 contig_18_36 # 33926 # 35671 # 1 # ID=5_36;partial=00;start_type=GTG;rbs_motif=GGAG/GAGG;rbs_spacer=5-10bp;gc_cont=0.377
contig_18:322930-325725|+ -            932 1882at766            -            186   1.9e-14   50.1   0.2   1   4   0.00014     0.015   11.3   0.0     5    33    13    41    10    48 0.91 contig_18_312 # 322930 # 325725 # 1 # ID=5_312;partial=00;start_type=ATG;rbs_motif=None;rbs_spacer=None;gc_cont=0.379
contig_18:322930-325725|+ -            932 1882at766            -            186   1.9e-14   50.1   0.2   2   4   0.00068     0.074    9.0   0.0    93   147   477   541   448   571 0.75 contig_18_312 # 322930 # 325725 # 1 # ID=5_312;partial=00;start_type=ATG;rbs_motif=None;rbs_spacer=None;gc_cont=0.379
contig_18:322930-325725|+ -            932 1882at766            -            186   1.9e-14   50.1   0.2   3   4    0.0041      0.44    6.4   0.0     5    37   612   642   609   662 0.81 contig_18_312 # 322930 # 325725 # 1 # ID=5_312;partial=00;start_type=ATG;rbs_motif=None;rbs_spacer=None;gc_cont=0.379
contig_18:322930-325725|+ -            932 1882at766            -            186   1.9e-14   50.1   0.2   4   4   1.5e-06   0.00016   17.7   0.0    93   158   817   892   800   927 0.77 contig_18_312 # 322930 # 325725 # 1 # ID=5_312;partial=00;start_type=ATG;rbs_motif=None;rbs_spacer=None;gc_cont=0.379
contig_8:204088-204711|-  -            208 1882at766            -            186   7.7e-13   44.8   0.0   1   1   1.3e-14   1.4e-12   43.9   0.0     3   139    13   171    11   193 0.74 contig_8_215 # 204088 # 204711 # -1 # ID=19_215;partial=00;start_type=ATG;rbs_motif=3Base/5BMM;rbs_spacer=13-15bp;gc_cont=0.364
contig_8:53958-55235|+    -            426 1882at766            -            186    0.0032   13.4   0.0   1   1   7.2e-05    0.0078   12.2   0.0     9    45   110   143   101   188 0.79 contig_8_64 # 53958 # 55235 # 1 # ID=19_64;partial=00;start_type=ATG;rbs_motif=GGA/GAG/AGG;rbs_spacer=5-10bp;gc_cont=0.367
#
# Program:         hmmsearch
# Version:         3.1b2 (February 2015)
# Pipeline mode:   SEARCH
# Query file:      /private/groups/russelllab/jodie/busco_downloads/lineages/rickettsiales_odb10/hmms/1882at766.hmm
# Target file:     private/groups/russelllab/jodie/merrill_23_wRi_genome/flye/merge_bootcamp_data/unpolished_busco.txt/prodigal_output/predicted_genes/predicted.faa
# Option settings: hmmsearch --domtblout private/groups/russelllab/jodie/merrill_23_wRi_genome/flye/merge_bootcamp_data/unpolished_busco.txt/run_rickettsiales_odb10/hmmer_output/1882at766.out --cpu 1 /private/groups/russelllab/jodie/busco_downloads/lineages/rickettsiales_odb10/hmms/1882at766.hmm private/groups/russelllab/jodie/merrill_23_wRi_genome/flye/merge_bootcamp_data/unpolished_busco.txt/prodigal_output/predicted_genes/predicted.faa 
# Current dir:     /private/groups/russelllab/jodie
# Date:            Fri Jan 17 16:13:37 2025
# [ok]
