#                                                                                 --- full sequence --- -------------- this domain -------------   hmm coord   ali coord   env coord
# target name             accession   tlen query name           accession   qlen   E-value  score  bias   #  of  c-Evalue  i-Evalue  score  bias  from    to  from    to  from    to  acc description of target
#     ------------------- ---------- ----- -------------------- ---------- ----- --------- ------ ----- --- --- --------- --------- ------ ----- ----- ----- ----- ----- ----- ----- ---- ---------------------
contig_18:225864-227885|+ -            674 197at766             -            571  2.7e-231  765.1   5.6   1   1  8.3e-232  2.3e-229  758.7   5.6     7   560    20   646    16   662 0.87 contig_18_221 # 225864 # 227885 # 1 # ID=5_221;partial=00;start_type=ATG;rbs_motif=None;rbs_spacer=None;gc_cont=0.361
contig_8:708313-709539|-  -            409 197at766             -            571   3.8e-14   48.2   1.8   1   1   7.7e-16   2.2e-13   45.7   1.8   211   495    48   341    28   361 0.68 contig_8_697 # 708313 # 709539 # -1 # ID=19_697;partial=00;start_type=GTG;rbs_motif=AGGA;rbs_spacer=5-10bp;gc_cont=0.391
contig_8:739875-742199|-  -            775 197at766             -            571   1.4e-13   46.3   8.2   1   3   4.4e-06    0.0012   13.5   0.0   174   231   113   171    90   198 0.78 contig_8_726 # 739875 # 742199 # -1 # ID=19_726;partial=00;start_type=ATG;rbs_motif=None;rbs_spacer=None;gc_cont=0.355
contig_8:739875-742199|-  -            775 197at766             -            571   1.4e-13   46.3   8.2   2   3   1.8e-10   4.9e-08   28.0   0.5   229   392   278   453   272   456 0.72 contig_8_726 # 739875 # 742199 # -1 # ID=19_726;partial=00;start_type=ATG;rbs_motif=None;rbs_spacer=None;gc_cont=0.355
contig_8:739875-742199|-  -            775 197at766             -            571   1.4e-13   46.3   8.2   3   3   0.00027     0.075    7.6   0.5   421   518   539   647   525   654 0.71 contig_8_726 # 739875 # 742199 # -1 # ID=19_726;partial=00;start_type=ATG;rbs_motif=None;rbs_spacer=None;gc_cont=0.355
contig_18:244142-246055|- -            638 197at766             -            571   9.4e-09   30.4   0.6   1   2   1.2e-06   0.00033   15.4   0.0   186   260    12    85     3    90 0.78 contig_18_241 # 244142 # 246055 # -1 # ID=5_241;partial=00;start_type=ATG;rbs_motif=None;rbs_spacer=None;gc_cont=0.382
contig_18:244142-246055|- -            638 197at766             -            571   9.4e-09   30.4   0.6   2   2   4.9e-06    0.0014   13.3   0.2   242   475   452   526   381   605 0.65 contig_18_241 # 244142 # 246055 # -1 # ID=5_241;partial=00;start_type=ATG;rbs_motif=None;rbs_spacer=None;gc_cont=0.382
contig_8:891193-894720|+  -           1176 197at766             -            571   4.4e-05   18.3   0.1   1   2   2.7e-05    0.0076   10.9   0.0   153   245   680   775   625   790 0.76 contig_8_869 # 891193 # 894720 # 1 # ID=19_869;partial=00;start_type=ATG;rbs_motif=None;rbs_spacer=None;gc_cont=0.342
contig_8:891193-894720|+  -           1176 197at766             -            571   4.4e-05   18.3   0.1   2   2    0.0022      0.62    4.6   0.0   413   444  1036  1067  1024  1093 0.83 contig_8_869 # 891193 # 894720 # 1 # ID=19_869;partial=00;start_type=ATG;rbs_motif=None;rbs_spacer=None;gc_cont=0.342
#
# Program:         hmmsearch
# Version:         3.1b2 (February 2015)
# Pipeline mode:   SEARCH
# Query file:      /private/groups/russelllab/jodie/busco_downloads/lineages/rickettsiales_odb10/hmms/197at766.hmm
# Target file:     private/groups/russelllab/jodie/merrill_23_wRi_genome/flye/merge_bootcamp_data/unpolished_busco.txt/prodigal_output/predicted_genes/predicted.faa
# Option settings: hmmsearch --domtblout private/groups/russelllab/jodie/merrill_23_wRi_genome/flye/merge_bootcamp_data/unpolished_busco.txt/run_rickettsiales_odb10/hmmer_output/197at766.out --cpu 1 /private/groups/russelllab/jodie/busco_downloads/lineages/rickettsiales_odb10/hmms/197at766.hmm private/groups/russelllab/jodie/merrill_23_wRi_genome/flye/merge_bootcamp_data/unpolished_busco.txt/prodigal_output/predicted_genes/predicted.faa 
# Current dir:     /private/groups/russelllab/jodie
# Date:            Fri Jan 17 16:13:37 2025
# [ok]
