#                                                                                 --- full sequence --- -------------- this domain -------------   hmm coord   ali coord   env coord
# target name             accession   tlen query name           accession   qlen   E-value  score  bias   #  of  c-Evalue  i-Evalue  score  bias  from    to  from    to  from    to  acc description of target
#     ------------------- ---------- ----- -------------------- ---------- ----- --------- ------ ----- --- --- --------- --------- ------ ----- ----- ----- ----- ----- ----- ----- ---- ---------------------
contig_18:169567-170451|- -            295 2000at766            -            235   6.1e-92  303.6  13.8   1   1   5.8e-92   1.4e-89  295.9  13.8     1   235     9   283     9   283 0.86 contig_18_162 # 169567 # 170451 # -1 # ID=5_162;partial=00;start_type=GTG;rbs_motif=None;rbs_spacer=None;gc_cont=0.350
contig_8:646455-647780|-  -            442 2000at766            -            235   1.6e-25   86.1   0.4   1   2     3e-15     7e-13   44.8   0.0     1    92     4    97     4   133 0.83 contig_8_632 # 646455 # 647780 # -1 # ID=19_632;partial=00;start_type=ATG;rbs_motif=None;rbs_spacer=None;gc_cont=0.373
contig_8:646455-647780|-  -            442 2000at766            -            235   1.6e-25   86.1   0.4   2   2   2.3e-13   5.4e-11   38.6   0.1     1    86   178   269   178   320 0.88 contig_8_632 # 646455 # 647780 # -1 # ID=19_632;partial=00;start_type=ATG;rbs_motif=None;rbs_spacer=None;gc_cont=0.373
contig_18:377404-378732|+ -            443 2000at766            -            235     1e-11   41.0   0.1   1   1   2.7e-13   6.3e-11   38.4   0.1     2   140   221   378   220   397 0.72 contig_18_370 # 377404 # 378732 # 1 # ID=5_370;partial=00;start_type=ATG;rbs_motif=None;rbs_spacer=None;gc_cont=0.359
contig_8:323797-324390|+  -            198 2000at766            -            235   3.6e-09   32.7   0.2   1   1   3.3e-11   7.6e-09   31.6   0.2     2   135    30   171    29   194 0.64 contig_8_320 # 323797 # 324390 # 1 # ID=19_320;partial=00;start_type=ATG;rbs_motif=None;rbs_spacer=None;gc_cont=0.320
contig_8:300960-301982|-  -            341 2000at766            -            235   4.2e-07   25.9   0.1   1   2   9.5e-09   2.2e-06   23.5   0.1     1    86   162   248   162   305 0.85 contig_8_300 # 300960 # 301982 # -1 # ID=19_300;partial=00;start_type=ATG;rbs_motif=None;rbs_spacer=None;gc_cont=0.362
contig_8:300960-301982|-  -            341 2000at766            -            235   4.2e-07   25.9   0.1   2   2       1.2   2.7e+02   -2.9   0.0   145   182   296   333   291   335 0.79 contig_8_300 # 300960 # 301982 # -1 # ID=19_300;partial=00;start_type=ATG;rbs_motif=None;rbs_spacer=None;gc_cont=0.362
contig_8:242053-243147|-  -            365 2000at766            -            235   0.00081   15.1   2.0   1   1     1e-05    0.0024   13.6   2.0     2   213     6   226     5   246 0.63 contig_8_242 # 242053 # 243147 # -1 # ID=19_242;partial=00;start_type=ATG;rbs_motif=None;rbs_spacer=None;gc_cont=0.379
#
# Program:         hmmsearch
# Version:         3.1b2 (February 2015)
# Pipeline mode:   SEARCH
# Query file:      /private/groups/russelllab/jodie/busco_downloads/lineages/rickettsiales_odb10/hmms/2000at766.hmm
# Target file:     private/groups/russelllab/jodie/merrill_23_wRi_genome/flye/merge_bootcamp_data/unpolished_busco.txt/prodigal_output/predicted_genes/predicted.faa
# Option settings: hmmsearch --domtblout private/groups/russelllab/jodie/merrill_23_wRi_genome/flye/merge_bootcamp_data/unpolished_busco.txt/run_rickettsiales_odb10/hmmer_output/2000at766.out --cpu 1 /private/groups/russelllab/jodie/busco_downloads/lineages/rickettsiales_odb10/hmms/2000at766.hmm private/groups/russelllab/jodie/merrill_23_wRi_genome/flye/merge_bootcamp_data/unpolished_busco.txt/prodigal_output/predicted_genes/predicted.faa 
# Current dir:     /private/groups/russelllab/jodie
# Date:            Fri Jan 17 16:13:37 2025
# [ok]
