#                                                                                 --- full sequence --- -------------- this domain -------------   hmm coord   ali coord   env coord
# target name             accession   tlen query name           accession   qlen   E-value  score  bias   #  of  c-Evalue  i-Evalue  score  bias  from    to  from    to  from    to  acc description of target
#     ------------------- ---------- ----- -------------------- ---------- ----- --------- ------ ----- --- --- --------- --------- ------ ----- ----- ----- ----- ----- ----- ----- ---- ---------------------
contig_18:365341-366705|+ -            455 2208at766            -            338  7.2e-111  367.0  58.5   1   2   0.00091      0.21    7.1   3.8     1    33     3    36     3    53 0.70 contig_18_356 # 365341 # 366705 # 1 # ID=5_356;partial=00;start_type=ATG;rbs_motif=None;rbs_spacer=None;gc_cont=0.346
contig_18:365341-366705|+ -            455 2208at766            -            338  7.2e-111  367.0  58.5   2   2  7.9e-112  1.9e-109  362.4  48.7     7   326    54   424    45   436 0.87 contig_18_356 # 365341 # 366705 # 1 # ID=5_356;partial=00;start_type=ATG;rbs_motif=None;rbs_spacer=None;gc_cont=0.346
contig_8:639981-641447|-  -            489 2208at766            -            338   1.5e-34  116.1  44.9   1   2       1.2   2.9e+02   -3.2   2.6    29    60    11    44     3    57 0.39 contig_8_624 # 639981 # 641447 # -1 # ID=19_624;partial=00;start_type=ATG;rbs_motif=None;rbs_spacer=None;gc_cont=0.344
contig_8:639981-641447|-  -            489 2208at766            -            338   1.5e-34  116.1  44.9   2   2   6.5e-37   1.5e-34  116.1  44.9    13   323    76   439    68   448 0.77 contig_8_624 # 639981 # 641447 # -1 # ID=19_624;partial=00;start_type=ATG;rbs_motif=None;rbs_spacer=None;gc_cont=0.344
contig_18:362042-363898|+ -            619 2208at766            -            338   1.6e-24   83.1  38.9   1   2       0.5   1.2e+02   -1.9   2.5    34   112    19    99     3   111 0.73 contig_18_354 # 362042 # 363898 # 1 # ID=5_354;partial=00;start_type=ATG;rbs_motif=None;rbs_spacer=None;gc_cont=0.349
contig_18:362042-363898|+ -            619 2208at766            -            338   1.6e-24   83.1  38.9   2   2   1.1e-24   2.6e-22   75.9  35.3    16   324    81   441    66   455 0.72 contig_18_354 # 362042 # 363898 # 1 # ID=5_354;partial=00;start_type=ATG;rbs_motif=None;rbs_spacer=None;gc_cont=0.349
contig_18:218546-220054|+ -            503 2208at766            -            338   7.5e-18   61.2  43.4   1   2   3.5e-05    0.0082   11.8  20.5    12   180    98   281    88   293 0.64 contig_18_213 # 218546 # 220054 # 1 # ID=5_213;partial=00;start_type=ATG;rbs_motif=None;rbs_spacer=None;gc_cont=0.342
contig_18:218546-220054|+ -            503 2208at766            -            338   7.5e-18   61.2  43.4   2   2   2.7e-18   6.4e-16   54.9  14.9   185   322   306   466   302   482 0.80 contig_18_213 # 218546 # 220054 # 1 # ID=5_213;partial=00;start_type=ATG;rbs_motif=None;rbs_spacer=None;gc_cont=0.342
contig_18:363902-365344|+ -            481 2208at766            -            338     6e-09   32.0  48.3   1   3       4.9   1.1e+03   -5.1   2.2    15    33    15    33     3    49 0.37 contig_18_355 # 363902 # 365344 # 1 # ID=5_355;partial=00;start_type=GTG;rbs_motif=None;rbs_spacer=None;gc_cont=0.351
contig_18:363902-365344|+ -            481 2208at766            -            338     6e-09   32.0  48.3   2   3   2.6e-11     6e-09   32.0  48.3    13   319    75   424    70   449 0.69 contig_18_355 # 363902 # 365344 # 1 # ID=5_355;partial=00;start_type=GTG;rbs_motif=None;rbs_spacer=None;gc_cont=0.351
contig_18:363902-365344|+ -            481 2208at766            -            338     6e-09   32.0  48.3   3   3       0.1        24    0.4   0.7    37    55   437   455   421   467 0.80 contig_18_355 # 363902 # 365344 # 1 # ID=5_355;partial=00;start_type=GTG;rbs_motif=None;rbs_spacer=None;gc_cont=0.351
contig_8:803943-805502|+  -            520 2208at766            -            338   1.9e-08   30.3  37.9   1   2   8.1e-11   1.9e-08   30.3  37.9    13   302    32   334    17   356 0.69 contig_8_789 # 803943 # 805502 # 1 # ID=19_789;partial=00;start_type=GTG;rbs_motif=None;rbs_spacer=None;gc_cont=0.332
contig_8:803943-805502|+  -            520 2208at766            -            338   1.9e-08   30.3  37.9   2   2      0.52   1.2e+02   -1.9   2.5   232   305   343   416   331   445 0.63 contig_8_789 # 803943 # 805502 # 1 # ID=19_789;partial=00;start_type=GTG;rbs_motif=None;rbs_spacer=None;gc_cont=0.332
#
# Program:         hmmsearch
# Version:         3.1b2 (February 2015)
# Pipeline mode:   SEARCH
# Query file:      /private/groups/russelllab/jodie/busco_downloads/lineages/rickettsiales_odb10/hmms/2208at766.hmm
# Target file:     private/groups/russelllab/jodie/merrill_23_wRi_genome/flye/merge_bootcamp_data/unpolished_busco.txt/prodigal_output/predicted_genes/predicted.faa
# Option settings: hmmsearch --domtblout private/groups/russelllab/jodie/merrill_23_wRi_genome/flye/merge_bootcamp_data/unpolished_busco.txt/run_rickettsiales_odb10/hmmer_output/2208at766.out --cpu 1 /private/groups/russelllab/jodie/busco_downloads/lineages/rickettsiales_odb10/hmms/2208at766.hmm private/groups/russelllab/jodie/merrill_23_wRi_genome/flye/merge_bootcamp_data/unpolished_busco.txt/prodigal_output/predicted_genes/predicted.faa 
# Current dir:     /private/groups/russelllab/jodie
# Date:            Fri Jan 17 16:13:37 2025
# [ok]
