#                                                                                 --- full sequence --- -------------- this domain -------------   hmm coord   ali coord   env coord
# target name             accession   tlen query name           accession   qlen   E-value  score  bias   #  of  c-Evalue  i-Evalue  score  bias  from    to  from    to  from    to  acc description of target
#     ------------------- ---------- ----- -------------------- ---------- ----- --------- ------ ----- --- --- --------- --------- ------ ----- ----- ----- ----- ----- ----- ----- ---- ---------------------
contig_8:608369-609466|-  -            366 2456at766            -            272   1.3e-89  296.2   9.7   1   2   1.3e-25   3.1e-23   78.5   0.2     1    60     6    68     6    75 0.91 contig_8_591 # 608369 # 609466 # -1 # ID=19_591;partial=00;start_type=ATG;rbs_motif=None;rbs_spacer=None;gc_cont=0.333
contig_8:608369-609466|-  -            366 2456at766            -            272   1.3e-89  296.2   9.7   2   2   5.7e-69   1.3e-66  220.8   4.5    70   272   106   340    83   340 0.85 contig_8_591 # 608369 # 609466 # -1 # ID=19_591;partial=00;start_type=ATG;rbs_motif=None;rbs_spacer=None;gc_cont=0.333
contig_8:204088-204711|-  -            208 2456at766            -            272   6.1e-07   25.1   0.1   1   2   4.9e-08   1.1e-05   20.9   0.0    11    44    18    52    13    87 0.83 contig_8_215 # 204088 # 204711 # -1 # ID=19_215;partial=00;start_type=ATG;rbs_motif=3Base/5BMM;rbs_spacer=13-15bp;gc_cont=0.364
contig_8:204088-204711|-  -            208 2456at766            -            272   6.1e-07   25.1   0.1   2   2     0.025       5.9    2.2   0.0   220   255   127   162   115   174 0.80 contig_8_215 # 204088 # 204711 # -1 # ID=19_215;partial=00;start_type=ATG;rbs_motif=3Base/5BMM;rbs_spacer=13-15bp;gc_cont=0.364
contig_8:464831-465604|-  -            258 2456at766            -            272   4.3e-05   19.0   0.4   1   2     0.011       2.6    3.3   0.3    22    41    31    50    14   113 0.82 contig_8_456 # 464831 # 465604 # -1 # ID=19_456;partial=00;start_type=ATG;rbs_motif=None;rbs_spacer=None;gc_cont=0.335
contig_8:464831-465604|-  -            258 2456at766            -            272   4.3e-05   19.0   0.4   2   2     7e-06    0.0016   13.9   0.0   214   252   128   166    94   178 0.88 contig_8_456 # 464831 # 465604 # -1 # ID=19_456;partial=00;start_type=ATG;rbs_motif=None;rbs_spacer=None;gc_cont=0.335
contig_18:76540-77214|-   -            225 2456at766            -            272   0.00012   17.6   0.3   1   2   3.8e-05    0.0088   11.5   0.2    20    50    34    65    26   100 0.72 contig_18_72 # 76540 # 77214 # -1 # ID=5_72;partial=00;start_type=ATG;rbs_motif=GGA/GAG/AGG;rbs_spacer=5-10bp;gc_cont=0.370
contig_18:76540-77214|-   -            225 2456at766            -            272   0.00012   17.6   0.3   2   2    0.0042      0.98    4.7   0.0   176   255    98   178    66   187 0.75 contig_18_72 # 76540 # 77214 # -1 # ID=5_72;partial=00;start_type=ATG;rbs_motif=GGA/GAG/AGG;rbs_spacer=5-10bp;gc_cont=0.370
contig_18:335873-336568|+ -            232 2456at766            -            272    0.0002   16.9   3.6   1   2   4.7e-05     0.011   11.1   0.3    21    45    36    60    23    73 0.83 contig_18_323 # 335873 # 336568 # 1 # ID=5_323;partial=00;start_type=TTG;rbs_motif=None;rbs_spacer=None;gc_cont=0.326
contig_18:335873-336568|+ -            232 2456at766            -            272    0.0002   16.9   3.6   2   2   0.00098      0.23    6.8   0.2   215   258   124   166    90   180 0.84 contig_18_323 # 335873 # 336568 # 1 # ID=5_323;partial=00;start_type=TTG;rbs_motif=None;rbs_spacer=None;gc_cont=0.326
contig_8:281273-281914|-  -            214 2456at766            -            272    0.0022   13.4   0.1   1   2    0.0046       1.1    4.6   0.1    14    42    20    49    11    59 0.84 contig_8_277 # 281273 # 281914 # -1 # ID=19_277;partial=00;start_type=ATG;rbs_motif=GGA/GAG/AGG;rbs_spacer=5-10bp;gc_cont=0.315
contig_8:281273-281914|-  -            214 2456at766            -            272    0.0022   13.4   0.1   2   2    0.0011      0.25    6.7   0.0   210   261   105   156    61   161 0.80 contig_8_277 # 281273 # 281914 # -1 # ID=19_277;partial=00;start_type=ATG;rbs_motif=GGA/GAG/AGG;rbs_spacer=5-10bp;gc_cont=0.315
#
# Program:         hmmsearch
# Version:         3.1b2 (February 2015)
# Pipeline mode:   SEARCH
# Query file:      /private/groups/russelllab/jodie/busco_downloads/lineages/rickettsiales_odb10/hmms/2456at766.hmm
# Target file:     private/groups/russelllab/jodie/merrill_23_wRi_genome/flye/merge_bootcamp_data/unpolished_busco.txt/prodigal_output/predicted_genes/predicted.faa
# Option settings: hmmsearch --domtblout private/groups/russelllab/jodie/merrill_23_wRi_genome/flye/merge_bootcamp_data/unpolished_busco.txt/run_rickettsiales_odb10/hmmer_output/2456at766.out --cpu 1 /private/groups/russelllab/jodie/busco_downloads/lineages/rickettsiales_odb10/hmms/2456at766.hmm private/groups/russelllab/jodie/merrill_23_wRi_genome/flye/merge_bootcamp_data/unpolished_busco.txt/prodigal_output/predicted_genes/predicted.faa 
# Current dir:     /private/groups/russelllab/jodie
# Date:            Fri Jan 17 16:13:37 2025
# [ok]
