#                                                                                 --- full sequence --- -------------- this domain -------------   hmm coord   ali coord   env coord
# target name             accession   tlen query name           accession   qlen   E-value  score  bias   #  of  c-Evalue  i-Evalue  score  bias  from    to  from    to  from    to  acc description of target
#     ------------------- ---------- ----- -------------------- ---------- ----- --------- ------ ----- --- --- --------- --------- ------ ----- ----- ----- ----- ----- ----- ----- ---- ---------------------
contig_18:302278-303189|+ -            304 2505at766            -            249   4.8e-98  323.8  11.0   1   2   1.1e-15     5e-13   45.4   1.9     1    71     2    86     2    88 0.82 contig_18_293 # 302278 # 303189 # 1 # ID=5_293;partial=00;start_type=TTG;rbs_motif=AGGAG;rbs_spacer=5-10bp;gc_cont=0.361
contig_18:302278-303189|+ -            304 2505at766            -            249   4.8e-98  323.8  11.0   2   2   1.8e-88   8.2e-86  283.8   4.1    47   249    78   300    68   300 0.91 contig_18_293 # 302278 # 303189 # 1 # ID=5_293;partial=00;start_type=TTG;rbs_motif=AGGAG;rbs_spacer=5-10bp;gc_cont=0.361
contig_8:805487-806830|+  -            448 2505at766            -            249   3.7e-39  131.0   6.5   1   4      0.13        61   -0.8   0.6    31    71    29    71     1    80 0.57 contig_8_790 # 805487 # 806830 # 1 # ID=19_790;partial=00;start_type=ATG;rbs_motif=None;rbs_spacer=None;gc_cont=0.357
contig_8:805487-806830|+  -            448 2505at766            -            249   3.7e-39  131.0   6.5   2   4   7.9e-42   3.7e-39  131.0   6.5    64   248    95   293    49   294 0.85 contig_8_790 # 805487 # 806830 # 1 # ID=19_790;partial=00;start_type=ATG;rbs_motif=None;rbs_spacer=None;gc_cont=0.357
contig_8:805487-806830|+  -            448 2505at766            -            249   3.7e-39  131.0   6.5   3   4      0.41   1.9e+02   -2.4   0.1   231   238   313   320   297   360 0.56 contig_8_790 # 805487 # 806830 # 1 # ID=19_790;partial=00;start_type=ATG;rbs_motif=None;rbs_spacer=None;gc_cont=0.357
contig_8:805487-806830|+  -            448 2505at766            -            249   3.7e-39  131.0   6.5   4   4      0.15        68   -0.9   0.2    10    35   413   437   405   445 0.55 contig_8_790 # 805487 # 806830 # 1 # ID=19_790;partial=00;start_type=ATG;rbs_motif=None;rbs_spacer=None;gc_cont=0.357
contig_18:369109-370581|- -            491 2505at766            -            249       1.4    4.6  13.7   1   4   6.1e-05     0.028   10.1   1.0     6    73   199   268   194   274 0.84 contig_18_362 # 369109 # 370581 # -1 # ID=5_362;partial=00;start_type=ATG;rbs_motif=None;rbs_spacer=None;gc_cont=0.359
contig_18:369109-370581|- -            491 2505at766            -            249       1.4    4.6  13.7   2   4     0.036        17    1.1   0.4    20    67   275   322   270   328 0.85 contig_18_362 # 369109 # 370581 # -1 # ID=5_362;partial=00;start_type=ATG;rbs_motif=None;rbs_spacer=None;gc_cont=0.359
contig_18:369109-370581|- -            491 2505at766            -            249       1.4    4.6  13.7   3   4     0.041        19    0.9   0.7    22    68   325   371   315   386 0.69 contig_18_362 # 369109 # 370581 # -1 # ID=5_362;partial=00;start_type=ATG;rbs_motif=None;rbs_spacer=None;gc_cont=0.359
contig_18:369109-370581|- -            491 2505at766            -            249       1.4    4.6  13.7   4   4      0.11        51   -0.5   0.5    18    52   345   380   334   407 0.71 contig_18_362 # 369109 # 370581 # -1 # ID=5_362;partial=00;start_type=ATG;rbs_motif=None;rbs_spacer=None;gc_cont=0.359
#
# Program:         hmmsearch
# Version:         3.1b2 (February 2015)
# Pipeline mode:   SEARCH
# Query file:      /private/groups/russelllab/jodie/busco_downloads/lineages/rickettsiales_odb10/hmms/2505at766.hmm
# Target file:     private/groups/russelllab/jodie/merrill_23_wRi_genome/flye/merge_bootcamp_data/unpolished_busco.txt/prodigal_output/predicted_genes/predicted.faa
# Option settings: hmmsearch --domtblout private/groups/russelllab/jodie/merrill_23_wRi_genome/flye/merge_bootcamp_data/unpolished_busco.txt/run_rickettsiales_odb10/hmmer_output/2505at766.out --cpu 1 /private/groups/russelllab/jodie/busco_downloads/lineages/rickettsiales_odb10/hmms/2505at766.hmm private/groups/russelllab/jodie/merrill_23_wRi_genome/flye/merge_bootcamp_data/unpolished_busco.txt/prodigal_output/predicted_genes/predicted.faa 
# Current dir:     /private/groups/russelllab/jodie
# Date:            Fri Jan 17 16:13:38 2025
# [ok]
