#                                                                                --- full sequence --- -------------- this domain -------------   hmm coord   ali coord   env coord
# target name            accession   tlen query name           accession   qlen   E-value  score  bias   #  of  c-Evalue  i-Evalue  score  bias  from    to  from    to  from    to  acc description of target
#    ------------------- ---------- ----- -------------------- ---------- ----- --------- ------ ----- --- --- --------- --------- ------ ----- ----- ----- ----- ----- ----- ----- ---- ---------------------
contig_8:208477-209400|- -            308 2551at766            -            221   2.3e-77  255.9  11.1   1   3     5e-18   1.7e-15   53.5   0.2     1    55    16    71    16    79 0.94 contig_8_219 # 208477 # 209400 # -1 # ID=19_219;partial=00;start_type=ATG;rbs_motif=None;rbs_spacer=None;gc_cont=0.347
contig_8:208477-209400|- -            308 2551at766            -            221   2.3e-77  255.9  11.1   2   3   4.1e-43   1.4e-40  135.5   0.2    48   153    81   189    73   202 0.89 contig_8_219 # 208477 # 209400 # -1 # ID=19_219;partial=00;start_type=ATG;rbs_motif=None;rbs_spacer=None;gc_cont=0.347
contig_8:208477-209400|- -            308 2551at766            -            221   2.3e-77  255.9  11.1   3   3     1e-23   3.6e-21   72.1   2.2   142   221   205   301   189   301 0.79 contig_8_219 # 208477 # 209400 # -1 # ID=19_219;partial=00;start_type=ATG;rbs_motif=None;rbs_spacer=None;gc_cont=0.347
contig_8:782022-782852|- -            277 2551at766            -            221   1.2e-37  126.0   2.8   1   2     8e-25   2.8e-22   75.7   0.1    53   171    40   167    26   168 0.81 contig_8_767 # 782022 # 782852 # -1 # ID=19_767;partial=00;start_type=GTG;rbs_motif=None;rbs_spacer=None;gc_cont=0.356
contig_8:782022-782852|- -            277 2551at766            -            221   1.2e-37  126.0   2.8   2   2   1.4e-17   4.8e-15   52.1   0.8   143   197   165   219   158   233 0.90 contig_8_767 # 782022 # 782852 # -1 # ID=19_767;partial=00;start_type=GTG;rbs_motif=None;rbs_spacer=None;gc_cont=0.356
contig_8:315594-316262|- -            223 2551at766            -            221    0.0032   13.4   0.1   1   2   0.00022     0.077    8.9   0.0     4    48    27    71    25    78 0.94 contig_8_310 # 315594 # 316262 # -1 # ID=19_310;partial=00;start_type=ATG;rbs_motif=GGA/GAG/AGG;rbs_spacer=5-10bp;gc_cont=0.309
contig_8:315594-316262|- -            223 2551at766            -            221    0.0032   13.4   0.1   2   2     0.019       6.5    2.6   0.0   107   193    95   180    84   195 0.76 contig_8_310 # 315594 # 316262 # -1 # ID=19_310;partial=00;start_type=ATG;rbs_motif=GGA/GAG/AGG;rbs_spacer=5-10bp;gc_cont=0.309
contig_8:428779-429447|- -            223 2551at766            -            221    0.0032   13.4   0.1   1   2   0.00022     0.077    8.9   0.0     4    48    27    71    25    78 0.94 contig_8_422 # 428779 # 429447 # -1 # ID=19_422;partial=00;start_type=ATG;rbs_motif=GGA/GAG/AGG;rbs_spacer=5-10bp;gc_cont=0.309
contig_8:428779-429447|- -            223 2551at766            -            221    0.0032   13.4   0.1   2   2     0.019       6.5    2.6   0.0   107   193    95   180    84   195 0.76 contig_8_422 # 428779 # 429447 # -1 # ID=19_422;partial=00;start_type=ATG;rbs_motif=GGA/GAG/AGG;rbs_spacer=5-10bp;gc_cont=0.309
#
# Program:         hmmsearch
# Version:         3.1b2 (February 2015)
# Pipeline mode:   SEARCH
# Query file:      /private/groups/russelllab/jodie/busco_downloads/lineages/rickettsiales_odb10/hmms/2551at766.hmm
# Target file:     private/groups/russelllab/jodie/merrill_23_wRi_genome/flye/merge_bootcamp_data/unpolished_busco.txt/prodigal_output/predicted_genes/predicted.faa
# Option settings: hmmsearch --domtblout private/groups/russelllab/jodie/merrill_23_wRi_genome/flye/merge_bootcamp_data/unpolished_busco.txt/run_rickettsiales_odb10/hmmer_output/2551at766.out --cpu 1 /private/groups/russelllab/jodie/busco_downloads/lineages/rickettsiales_odb10/hmms/2551at766.hmm private/groups/russelllab/jodie/merrill_23_wRi_genome/flye/merge_bootcamp_data/unpolished_busco.txt/prodigal_output/predicted_genes/predicted.faa 
# Current dir:     /private/groups/russelllab/jodie
# Date:            Fri Jan 17 16:13:37 2025
# [ok]
