#                                                                                --- full sequence --- -------------- this domain -------------   hmm coord   ali coord   env coord
# target name            accession   tlen query name           accession   qlen   E-value  score  bias   #  of  c-Evalue  i-Evalue  score  bias  from    to  from    to  from    to  acc description of target
#    ------------------- ---------- ----- -------------------- ---------- ----- --------- ------ ----- --- --- --------- --------- ------ ----- ----- ----- ----- ----- ----- ----- ---- ---------------------
contig_8:253923-255719|+ -            599 255at766             -            536  2.3e-296  979.8   1.1   1   1  1.3e-298  2.7e-296  979.6   1.1     1   536     4   598     4   598 0.94 contig_8_253 # 253923 # 255719 # 1 # ID=19_253;partial=00;start_type=ATG;rbs_motif=None;rbs_spacer=None;gc_cont=0.378
contig_8:549834-551909|- -            692 255at766             -            536   1.1e-35  119.5   1.0   1   4   8.4e-23   1.7e-20   69.4   0.0     2   146     9   152     8   179 0.84 contig_8_540 # 549834 # 551909 # -1 # ID=19_540;partial=00;start_type=ATG;rbs_motif=None;rbs_spacer=None;gc_cont=0.368
contig_8:549834-551909|- -            692 255at766             -            536   1.1e-35  119.5   1.0   2   4      0.44        87   -2.3   0.0   158   182   259   283   255   289 0.84 contig_8_540 # 549834 # 551909 # -1 # ID=19_540;partial=00;start_type=ATG;rbs_motif=None;rbs_spacer=None;gc_cont=0.368
contig_8:549834-551909|- -            692 255at766             -            536   1.1e-35  119.5   1.0   3   4   2.1e-11   4.3e-09   31.8   0.0   184   352   312   491   298   498 0.70 contig_8_540 # 549834 # 551909 # -1 # ID=19_540;partial=00;start_type=ATG;rbs_motif=None;rbs_spacer=None;gc_cont=0.368
contig_8:549834-551909|- -            692 255at766             -            536   1.1e-35  119.5   1.0   4   4   3.1e-06   0.00063   14.7   0.0   354   421   597   672   588   683 0.75 contig_8_540 # 549834 # 551909 # -1 # ID=19_540;partial=00;start_type=ATG;rbs_motif=None;rbs_spacer=None;gc_cont=0.368
contig_8:344416-346245|+ -            610 255at766             -            536   1.4e-32  109.3   0.1   1   2   2.9e-34   5.9e-32  107.2   0.0     1   152     7   156     7   177 0.93 contig_8_338 # 344416 # 346245 # 1 # ID=19_338;partial=00;start_type=ATG;rbs_motif=None;rbs_spacer=None;gc_cont=0.402
contig_8:344416-346245|+ -            610 255at766             -            536   1.4e-32  109.3   0.1   2   2      0.16        32   -0.8   0.0   305   384   356   427   338   432 0.73 contig_8_338 # 344416 # 346245 # 1 # ID=19_338;partial=00;start_type=ATG;rbs_motif=None;rbs_spacer=None;gc_cont=0.402
contig_8:10656-11828|+   -            391 255at766             -            536   3.7e-12   41.9   0.8   1   1   2.8e-14   5.6e-12   41.3   0.8     3   147    14   152    13   253 0.87 contig_8_9 # 10656 # 11828 # 1 # ID=19_9;partial=00;start_type=ATG;rbs_motif=None;rbs_spacer=None;gc_cont=0.423
contig_8:548650-549822|- -            391 255at766             -            536   4.9e-12   41.5   0.8   1   1   3.5e-14     7e-12   41.0   0.8     3   147    14   152    13   251 0.88 contig_8_539 # 548650 # 549822 # -1 # ID=19_539;partial=00;start_type=ATG;rbs_motif=GGA/GAG/AGG;rbs_spacer=5-10bp;gc_cont=0.430
contig_8:572784-575108|+ -            775 255at766             -            536   2.3e-06   22.7   5.4   1   2   1.2e-08   2.3e-06   22.7   5.4    49   216   310   488   280   502 0.68 contig_8_557 # 572784 # 575108 # 1 # ID=19_557;partial=00;start_type=ATG;rbs_motif=None;rbs_spacer=None;gc_cont=0.347
contig_8:572784-575108|+ -            775 255at766             -            536   2.3e-06   22.7   5.4   2   2      0.15        29   -0.7   0.1   467   519   686   741   678   760 0.70 contig_8_557 # 572784 # 575108 # 1 # ID=19_557;partial=00;start_type=ATG;rbs_motif=None;rbs_spacer=None;gc_cont=0.347
contig_8:646455-647780|- -            442 255at766             -            536   5.4e-05   18.2   0.1   1   2       1.1   2.3e+02   -3.6   0.0     5    24     5    24     3    28 0.79 contig_8_632 # 646455 # 647780 # -1 # ID=19_632;partial=00;start_type=ATG;rbs_motif=None;rbs_spacer=None;gc_cont=0.373
contig_8:646455-647780|- -            442 255at766             -            536   5.4e-05   18.2   0.1   2   2   5.5e-07   0.00011   17.2   0.1    87   173   254   344   178   368 0.76 contig_8_632 # 646455 # 647780 # -1 # ID=19_632;partial=00;start_type=ATG;rbs_motif=None;rbs_spacer=None;gc_cont=0.373
#
# Program:         hmmsearch
# Version:         3.1b2 (February 2015)
# Pipeline mode:   SEARCH
# Query file:      /private/groups/russelllab/jodie/busco_downloads/lineages/rickettsiales_odb10/hmms/255at766.hmm
# Target file:     private/groups/russelllab/jodie/merrill_23_wRi_genome/flye/merge_bootcamp_data/unpolished_busco.txt/prodigal_output/predicted_genes/predicted.faa
# Option settings: hmmsearch --domtblout private/groups/russelllab/jodie/merrill_23_wRi_genome/flye/merge_bootcamp_data/unpolished_busco.txt/run_rickettsiales_odb10/hmmer_output/255at766.out --cpu 1 /private/groups/russelllab/jodie/busco_downloads/lineages/rickettsiales_odb10/hmms/255at766.hmm private/groups/russelllab/jodie/merrill_23_wRi_genome/flye/merge_bootcamp_data/unpolished_busco.txt/prodigal_output/predicted_genes/predicted.faa 
# Current dir:     /private/groups/russelllab/jodie
# Date:            Fri Jan 17 16:13:38 2025
# [ok]
