#                                                                                --- full sequence --- -------------- this domain -------------   hmm coord   ali coord   env coord
# target name            accession   tlen query name           accession   qlen   E-value  score  bias   #  of  c-Evalue  i-Evalue  score  bias  from    to  from    to  from    to  acc description of target
#    ------------------- ---------- ----- -------------------- ---------- ----- --------- ------ ----- --- --- --------- --------- ------ ----- ----- ----- ----- ----- ----- ----- ---- ---------------------
contig_8:344416-346245|+ -            610 256at766             -            534  1.6e-289  956.9   0.4   1   1  1.4e-291  2.8e-289  956.1   0.4     1   533     6   603     6   604 0.94 contig_8_338 # 344416 # 346245 # 1 # ID=19_338;partial=00;start_type=ATG;rbs_motif=None;rbs_spacer=None;gc_cont=0.402
contig_8:549834-551909|- -            692 256at766             -            534     1e-42  142.4   3.1   1   3   4.3e-30   8.7e-28   93.2   0.0     2   136     8   147     7   156 0.92 contig_8_540 # 549834 # 551909 # -1 # ID=19_540;partial=00;start_type=ATG;rbs_motif=None;rbs_spacer=None;gc_cont=0.368
contig_8:549834-551909|- -            692 256at766             -            534     1e-42  142.4   3.1   2   3   1.2e-11   2.4e-09   32.3   0.4   178   346   313   493   302   510 0.69 contig_8_540 # 549834 # 551909 # -1 # ID=19_540;partial=00;start_type=ATG;rbs_motif=None;rbs_spacer=None;gc_cont=0.368
contig_8:549834-551909|- -            692 256at766             -            534     1e-42  142.4   3.1   3   3   1.2e-06   0.00023   15.8   0.0   335   410   599   675   584   682 0.86 contig_8_540 # 549834 # 551909 # -1 # ID=19_540;partial=00;start_type=ATG;rbs_motif=None;rbs_spacer=None;gc_cont=0.368
contig_8:253923-255719|+ -            599 256at766             -            534   3.9e-34  114.1   1.7   1   3   8.3e-35   1.7e-32  108.7   1.3     1   177     3   181     3   283 0.83 contig_8_253 # 253923 # 255719 # 1 # ID=19_253;partial=00;start_type=ATG;rbs_motif=None;rbs_spacer=None;gc_cont=0.378
contig_8:253923-255719|+ -            599 256at766             -            534   3.9e-34  114.1   1.7   2   3      0.05        10    0.5   0.0   290   336   326   373   318   381 0.88 contig_8_253 # 253923 # 255719 # 1 # ID=19_253;partial=00;start_type=ATG;rbs_motif=None;rbs_spacer=None;gc_cont=0.378
contig_8:253923-255719|+ -            599 256at766             -            534   3.9e-34  114.1   1.7   3   3     0.034       6.7    1.1   0.0   334   379   398   443   393   505 0.71 contig_8_253 # 253923 # 255719 # 1 # ID=19_253;partial=00;start_type=ATG;rbs_motif=None;rbs_spacer=None;gc_cont=0.378
contig_8:10656-11828|+   -            391 256at766             -            534   1.6e-19   65.9   0.2   1   1   1.3e-21   2.6e-19   65.2   0.2     4   142    14   152    12   171 0.85 contig_8_9 # 10656 # 11828 # 1 # ID=19_9;partial=00;start_type=ATG;rbs_motif=None;rbs_spacer=None;gc_cont=0.423
contig_8:548650-549822|- -            391 256at766             -            534   1.7e-19   65.8   0.2   1   1   1.4e-21   2.8e-19   65.1   0.2     4   142    14   152    12   172 0.83 contig_8_539 # 548650 # 549822 # -1 # ID=19_539;partial=00;start_type=ATG;rbs_motif=GGA/GAG/AGG;rbs_spacer=5-10bp;gc_cont=0.430
contig_8:572784-575108|+ -            775 256at766             -            534   1.7e-11   39.4   1.3   1   1   1.7e-13   3.4e-11   38.4   1.3     6   138   281   402   279   480 0.80 contig_8_557 # 572784 # 575108 # 1 # ID=19_557;partial=00;start_type=ATG;rbs_motif=None;rbs_spacer=None;gc_cont=0.347
contig_8:646455-647780|- -            442 256at766             -            534   0.00045   14.9   0.8   1   2     0.097        20   -0.4   0.0    64   127    51   121     2   135 0.64 contig_8_632 # 646455 # 647780 # -1 # ID=19_632;partial=00;start_type=ATG;rbs_motif=None;rbs_spacer=None;gc_cont=0.373
contig_8:646455-647780|- -            442 256at766             -            534   0.00045   14.9   0.8   2   2   7.6e-06    0.0015   13.1   0.3     4   144   177   322   174   327 0.74 contig_8_632 # 646455 # 647780 # -1 # ID=19_632;partial=00;start_type=ATG;rbs_motif=None;rbs_spacer=None;gc_cont=0.373
#
# Program:         hmmsearch
# Version:         3.1b2 (February 2015)
# Pipeline mode:   SEARCH
# Query file:      /private/groups/russelllab/jodie/busco_downloads/lineages/rickettsiales_odb10/hmms/256at766.hmm
# Target file:     private/groups/russelllab/jodie/merrill_23_wRi_genome/flye/merge_bootcamp_data/unpolished_busco.txt/prodigal_output/predicted_genes/predicted.faa
# Option settings: hmmsearch --domtblout private/groups/russelllab/jodie/merrill_23_wRi_genome/flye/merge_bootcamp_data/unpolished_busco.txt/run_rickettsiales_odb10/hmmer_output/256at766.out --cpu 1 /private/groups/russelllab/jodie/busco_downloads/lineages/rickettsiales_odb10/hmms/256at766.hmm private/groups/russelllab/jodie/merrill_23_wRi_genome/flye/merge_bootcamp_data/unpolished_busco.txt/prodigal_output/predicted_genes/predicted.faa 
# Current dir:     /private/groups/russelllab/jodie
# Date:            Fri Jan 17 16:13:38 2025
# [ok]
