#                                                                                 --- full sequence --- -------------- this domain -------------   hmm coord   ali coord   env coord
# target name             accession   tlen query name           accession   qlen   E-value  score  bias   #  of  c-Evalue  i-Evalue  score  bias  from    to  from    to  from    to  acc description of target
#     ------------------- ---------- ----- -------------------- ---------- ----- --------- ------ ----- --- --- --------- --------- ------ ----- ----- ----- ----- ----- ----- ----- ---- ---------------------
contig_8:204088-204711|-  -            208 2960at766            -            170   3.4e-63  208.8   1.1   1   1   4.3e-63   3.6e-61  202.3   1.1     1   166     1   190     1   194 0.87 contig_8_215 # 204088 # 204711 # -1 # ID=19_215;partial=00;start_type=ATG;rbs_motif=3Base/5BMM;rbs_spacer=13-15bp;gc_cont=0.364
contig_8:281273-281914|-  -            214 2960at766            -            170   5.8e-24   81.2   0.2   1   1   9.4e-26   7.8e-24   80.8   0.2     5   165     8   177     1   181 0.86 contig_8_277 # 281273 # 281914 # -1 # ID=19_277;partial=00;start_type=ATG;rbs_motif=GGA/GAG/AGG;rbs_spacer=5-10bp;gc_cont=0.315
contig_8:464831-465604|-  -            258 2960at766            -            170   1.3e-20   70.2   3.5   1   2   3.4e-08   2.8e-06   23.6   0.8    10    48    14    53     9    80 0.79 contig_8_456 # 464831 # 465604 # -1 # ID=19_456;partial=00;start_type=ATG;rbs_motif=None;rbs_spacer=None;gc_cont=0.335
contig_8:464831-465604|-  -            258 2960at766            -            170   1.3e-20   70.2   3.5   2   2   1.7e-15   1.4e-13   47.4   0.1    55   163    81   195    65   201 0.76 contig_8_456 # 464831 # 465604 # -1 # ID=19_456;partial=00;start_type=ATG;rbs_motif=None;rbs_spacer=None;gc_cont=0.335
contig_18:335873-336568|+ -            232 2960at766            -            170   2.2e-20   69.5   2.2   1   1   3.7e-22   3.1e-20   69.1   2.2     9   163    19   189     9   193 0.80 contig_18_323 # 335873 # 336568 # 1 # ID=5_323;partial=00;start_type=TTG;rbs_motif=None;rbs_spacer=None;gc_cont=0.326
contig_18:384091-384792|+ -            234 2960at766            -            170   3.6e-20   68.8   0.4   1   1   7.9e-22   6.6e-20   68.0   0.4     9   162    16   190     8   198 0.72 contig_18_376 # 384091 # 384792 # 1 # ID=5_376;partial=00;start_type=ATG;rbs_motif=None;rbs_spacer=None;gc_cont=0.322
contig_18:76540-77214|-   -            225 2960at766            -            170   4.9e-17   58.6   1.8   1   2   9.6e-08   7.9e-06   22.2   0.3     6    47    15    56    11    80 0.84 contig_18_72 # 76540 # 77214 # -1 # ID=5_72;partial=00;start_type=ATG;rbs_motif=GGA/GAG/AGG;rbs_spacer=5-10bp;gc_cont=0.370
contig_18:76540-77214|-   -            225 2960at766            -            170   4.9e-17   58.6   1.8   2   2   5.3e-12   4.4e-10   36.0   0.1    54   164    87   205    80   210 0.76 contig_18_72 # 76540 # 77214 # -1 # ID=5_72;partial=00;start_type=ATG;rbs_motif=GGA/GAG/AGG;rbs_spacer=5-10bp;gc_cont=0.370
contig_8:112456-113214|+  -            253 2960at766            -            170     2e-15   53.4   0.6   1   2   4.6e-06   0.00038   16.7   0.0    10    44    18    52    11    65 0.81 contig_8_116 # 112456 # 113214 # 1 # ID=19_116;partial=00;start_type=ATG;rbs_motif=AGGA;rbs_spacer=5-10bp;gc_cont=0.362
contig_8:112456-113214|+  -            253 2960at766            -            170     2e-15   53.4   0.6   2   2   1.1e-11   8.9e-10   35.0   0.2    97   166   143   213   114   216 0.78 contig_8_116 # 112456 # 113214 # 1 # ID=19_116;partial=00;start_type=ATG;rbs_motif=AGGA;rbs_spacer=5-10bp;gc_cont=0.362
contig_8:146470-148179|+  -            570 2960at766            -            170   4.8e-13   45.6   4.1   1   3       4.3   3.6e+02   -2.8   0.1    39    71   239   271   236   275 0.82 contig_8_153 # 146470 # 148179 # 1 # ID=19_153;partial=00;start_type=ATG;rbs_motif=None;rbs_spacer=None;gc_cont=0.354
contig_8:146470-148179|+  -            570 2960at766            -            170   4.8e-13   45.6   4.1   2   3   5.9e-06   0.00049   16.3   0.0     9    47   345   384   340   403 0.78 contig_8_153 # 146470 # 148179 # 1 # ID=19_153;partial=00;start_type=ATG;rbs_motif=None;rbs_spacer=None;gc_cont=0.354
contig_8:146470-148179|+  -            570 2960at766            -            170   4.8e-13   45.6   4.1   3   3   4.6e-10   3.8e-08   29.7   0.1   103   162   469   529   459   536 0.77 contig_8_153 # 146470 # 148179 # 1 # ID=19_153;partial=00;start_type=ATG;rbs_motif=None;rbs_spacer=None;gc_cont=0.354
contig_8:881930-883705|-  -            592 2960at766            -            170   2.3e-11   40.2   0.6   1   1   5.1e-11   4.2e-09   32.8   0.6     8   162   358   542   348   549 0.67 contig_8_863 # 881930 # 883705 # -1 # ID=19_863;partial=00;start_type=ATG;rbs_motif=3Base/5BMM;rbs_spacer=13-15bp;gc_cont=0.317
contig_8:57717-59498|-    -            594 2960at766            -            170   7.2e-11   38.5   0.7   1   2    0.0017      0.14    8.3   0.1    10    46   356   393   348   403 0.83 contig_8_66 # 57717 # 59498 # -1 # ID=19_66;partial=00;start_type=ATG;rbs_motif=GGA/GAG/AGG;rbs_spacer=5-10bp;gc_cont=0.352
contig_8:57717-59498|-    -            594 2960at766            -            170   7.2e-11   38.5   0.7   2   2   1.4e-09   1.1e-07   28.2   0.1   102   161   478   538   432   546 0.82 contig_8_66 # 57717 # 59498 # -1 # ID=19_66;partial=00;start_type=ATG;rbs_motif=GGA/GAG/AGG;rbs_spacer=5-10bp;gc_cont=0.352
contig_18:33926-35671|+   -            582 2960at766            -            170   1.1e-10   38.0   0.0   1   2    0.0087      0.72    6.0   0.0    10    46   349   386   343   396 0.84 contig_18_36 # 33926 # 35671 # 1 # ID=5_36;partial=00;start_type=GTG;rbs_motif=GGAG/GAGG;rbs_spacer=5-10bp;gc_cont=0.377
contig_18:33926-35671|+   -            582 2960at766            -            170   1.1e-10   38.0   0.0   2   2   5.6e-10   4.6e-08   29.4   0.0   104   162   474   534   471   541 0.80 contig_18_36 # 33926 # 35671 # 1 # ID=5_36;partial=00;start_type=GTG;rbs_motif=GGAG/GAGG;rbs_spacer=5-10bp;gc_cont=0.377
contig_18:322930-325725|+ -            932 2960at766            -            170   1.7e-10   37.3   6.0   1   4      0.14        11    2.1   0.0    20    39    21    41    10    57 0.75 contig_18_312 # 322930 # 325725 # 1 # ID=5_312;partial=00;start_type=ATG;rbs_motif=None;rbs_spacer=None;gc_cont=0.379
contig_18:322930-325725|+ -            932 2960at766            -            170   1.7e-10   37.3   6.0   2   4   3.9e-05    0.0032   13.6   0.1    99   165   474   543   449   547 0.74 contig_18_312 # 322930 # 325725 # 1 # ID=5_312;partial=00;start_type=ATG;rbs_motif=None;rbs_spacer=None;gc_cont=0.379
contig_18:322930-325725|+ -            932 2960at766            -            170   1.7e-10   37.3   6.0   3   4     0.071       5.9    3.0   0.1    12    40   612   641   604   655 0.80 contig_18_312 # 322930 # 325725 # 1 # ID=5_312;partial=00;start_type=ATG;rbs_motif=None;rbs_spacer=None;gc_cont=0.379
contig_18:322930-325725|+ -            932 2960at766            -            170   1.7e-10   37.3   6.0   4   4   1.6e-06   0.00013   18.2   0.1    65   164   779   883   766   888 0.74 contig_18_312 # 322930 # 325725 # 1 # ID=5_312;partial=00;start_type=ATG;rbs_motif=None;rbs_spacer=None;gc_cont=0.379
contig_8:608369-609466|-  -            366 2960at766            -            170   5.7e-05   19.3   3.0   1   3   1.6e-05    0.0013   14.9   0.1    15    47    19    51     9    56 0.85 contig_8_591 # 608369 # 609466 # -1 # ID=19_591;partial=00;start_type=ATG;rbs_motif=None;rbs_spacer=None;gc_cont=0.333
contig_8:608369-609466|-  -            366 2960at766            -            170   5.7e-05   19.3   3.0   2   3       4.2   3.5e+02   -2.7   0.0    52    85   151   184   137   201 0.62 contig_8_591 # 608369 # 609466 # -1 # ID=19_591;partial=00;start_type=ATG;rbs_motif=None;rbs_spacer=None;gc_cont=0.333
contig_8:608369-609466|-  -            366 2960at766            -            170   5.7e-05   19.3   3.0   3   3     0.035       2.9    4.0   0.1   117   151   296   333   270   339 0.76 contig_8_591 # 608369 # 609466 # -1 # ID=19_591;partial=00;start_type=ATG;rbs_motif=None;rbs_spacer=None;gc_cont=0.333
contig_8:53958-55235|+    -            426 2960at766            -            170    0.0017   14.6   0.2   1   2   6.8e-05    0.0056   12.9   0.0    19    46   111   138    94   145 0.83 contig_8_64 # 53958 # 55235 # 1 # ID=19_64;partial=00;start_type=ATG;rbs_motif=GGA/GAG/AGG;rbs_spacer=5-10bp;gc_cont=0.367
contig_8:53958-55235|+    -            426 2960at766            -            170    0.0017   14.6   0.2   2   2       4.7   3.9e+02   -2.9   0.1    14    49   344   379   335   400 0.65 contig_8_64 # 53958 # 55235 # 1 # ID=19_64;partial=00;start_type=ATG;rbs_motif=GGA/GAG/AGG;rbs_spacer=5-10bp;gc_cont=0.367
contig_8:347523-350084|+  -            854 2960at766            -            170     0.002   14.3   0.0   1   2    0.0036       0.3    7.2   0.0    16    45   194   223   186   230 0.86 contig_8_341 # 347523 # 350084 # 1 # ID=19_341;partial=00;start_type=ATG;rbs_motif=None;rbs_spacer=None;gc_cont=0.377
contig_8:347523-350084|+  -            854 2960at766            -            170     0.002   14.3   0.0   2   2     0.035       2.9    4.0   0.0    24    47   598   621   593   627 0.89 contig_8_341 # 347523 # 350084 # 1 # ID=19_341;partial=00;start_type=ATG;rbs_motif=None;rbs_spacer=None;gc_cont=0.377
contig_8:259645-260742|-  -            366 2960at766            -            170     0.004   13.3   0.2   1   2   0.00014     0.012   11.8   0.1     1    60   112   178   112   190 0.71 contig_8_257 # 259645 # 260742 # -1 # ID=19_257;partial=00;start_type=ATG;rbs_motif=GGA/GAG/AGG;rbs_spacer=5-10bp;gc_cont=0.360
contig_8:259645-260742|-  -            366 2960at766            -            170     0.004   13.3   0.2   2   2       2.8   2.3e+02   -2.2   0.0   101   116   314   329   307   330 0.74 contig_8_257 # 259645 # 260742 # -1 # ID=19_257;partial=00;start_type=ATG;rbs_motif=GGA/GAG/AGG;rbs_spacer=5-10bp;gc_cont=0.360
contig_18:201173-201970|- -            266 2960at766            -            170     0.014   11.5   0.0   1   1    0.0004     0.033   10.4   0.0    21    44    15    38     4    42 0.82 contig_18_190 # 201173 # 201970 # -1 # ID=5_190;partial=00;start_type=ATG;rbs_motif=GGA/GAG/AGG;rbs_spacer=5-10bp;gc_cont=0.392
#
# Program:         hmmsearch
# Version:         3.1b2 (February 2015)
# Pipeline mode:   SEARCH
# Query file:      /private/groups/russelllab/jodie/busco_downloads/lineages/rickettsiales_odb10/hmms/2960at766.hmm
# Target file:     private/groups/russelllab/jodie/merrill_23_wRi_genome/flye/merge_bootcamp_data/unpolished_busco.txt/prodigal_output/predicted_genes/predicted.faa
# Option settings: hmmsearch --domtblout private/groups/russelllab/jodie/merrill_23_wRi_genome/flye/merge_bootcamp_data/unpolished_busco.txt/run_rickettsiales_odb10/hmmer_output/2960at766.out --cpu 1 /private/groups/russelllab/jodie/busco_downloads/lineages/rickettsiales_odb10/hmms/2960at766.hmm private/groups/russelllab/jodie/merrill_23_wRi_genome/flye/merge_bootcamp_data/unpolished_busco.txt/prodigal_output/predicted_genes/predicted.faa 
# Current dir:     /private/groups/russelllab/jodie
# Date:            Fri Jan 17 16:13:38 2025
# [ok]
