#                                                                                 --- full sequence --- -------------- this domain -------------   hmm coord   ali coord   env coord
# target name             accession   tlen query name           accession   qlen   E-value  score  bias   #  of  c-Evalue  i-Evalue  score  bias  from    to  from    to  from    to  acc description of target
#     ------------------- ---------- ----- -------------------- ---------- ----- --------- ------ ----- --- --- --------- --------- ------ ----- ----- ----- ----- ----- ----- ----- ---- ---------------------
contig_8:323797-324390|+  -            198 3119at766            -            167   3.6e-68  224.6   4.1   1   2   5.6e-69   1.6e-66  219.3   0.7     1   143     3   152     3   165 0.94 contig_8_320 # 323797 # 324390 # 1 # ID=19_320;partial=00;start_type=ATG;rbs_motif=None;rbs_spacer=None;gc_cont=0.320
contig_8:323797-324390|+  -            198 3119at766            -            167   3.6e-68  224.6   4.1   2   2    0.0011      0.31    6.9   0.1   140   166   170   196   166   197 0.90 contig_8_320 # 323797 # 324390 # 1 # ID=19_320;partial=00;start_type=ATG;rbs_motif=None;rbs_spacer=None;gc_cont=0.320
contig_8:646455-647780|-  -            442 3119at766            -            167     3e-17   59.0   1.1   1   2   2.9e-08     8e-06   21.8   0.2    26   116     3    92     1   118 0.63 contig_8_632 # 646455 # 647780 # -1 # ID=19_632;partial=00;start_type=ATG;rbs_motif=None;rbs_spacer=None;gc_cont=0.373
contig_8:646455-647780|-  -            442 3119at766            -            167     3e-17   59.0   1.1   2   2   1.8e-12   4.9e-10   35.5   0.0    14   140   163   297   154   314 0.76 contig_8_632 # 646455 # 647780 # -1 # ID=19_632;partial=00;start_type=ATG;rbs_motif=None;rbs_spacer=None;gc_cont=0.373
contig_18:377404-378732|+ -            443 3119at766            -            167   1.1e-05   21.3   0.0   1   1   1.2e-07   3.2e-05   19.8   0.0    27    63   220   255   215   263 0.91 contig_18_370 # 377404 # 378732 # 1 # ID=5_370;partial=00;start_type=ATG;rbs_motif=None;rbs_spacer=None;gc_cont=0.359
contig_18:169567-170451|- -            295 3119at766            -            167   7.5e-05   18.6   0.4   1   1   5.2e-07   0.00015   17.7   0.4    27   142     9   129     3   168 0.72 contig_18_162 # 169567 # 170451 # -1 # ID=5_162;partial=00;start_type=GTG;rbs_motif=None;rbs_spacer=None;gc_cont=0.350
contig_8:242053-243147|-  -            365 3119at766            -            167    0.0034   13.2   0.2   1   1   4.9e-05     0.014   11.3   0.2    28    65     6    42     3   167 0.94 contig_8_242 # 242053 # 243147 # -1 # ID=19_242;partial=00;start_type=ATG;rbs_motif=None;rbs_spacer=None;gc_cont=0.379
#
# Program:         hmmsearch
# Version:         3.1b2 (February 2015)
# Pipeline mode:   SEARCH
# Query file:      /private/groups/russelllab/jodie/busco_downloads/lineages/rickettsiales_odb10/hmms/3119at766.hmm
# Target file:     private/groups/russelllab/jodie/merrill_23_wRi_genome/flye/merge_bootcamp_data/unpolished_busco.txt/prodigal_output/predicted_genes/predicted.faa
# Option settings: hmmsearch --domtblout private/groups/russelllab/jodie/merrill_23_wRi_genome/flye/merge_bootcamp_data/unpolished_busco.txt/run_rickettsiales_odb10/hmmer_output/3119at766.out --cpu 1 /private/groups/russelllab/jodie/busco_downloads/lineages/rickettsiales_odb10/hmms/3119at766.hmm private/groups/russelllab/jodie/merrill_23_wRi_genome/flye/merge_bootcamp_data/unpolished_busco.txt/prodigal_output/predicted_genes/predicted.faa 
# Current dir:     /private/groups/russelllab/jodie
# Date:            Fri Jan 17 16:13:38 2025
# [ok]
