#                                                                                --- full sequence --- -------------- this domain -------------   hmm coord   ali coord   env coord
# target name            accession   tlen query name           accession   qlen   E-value  score  bias   #  of  c-Evalue  i-Evalue  score  bias  from    to  from    to  from    to  acc description of target
#    ------------------- ---------- ----- -------------------- ---------- ----- --------- ------ ----- --- --- --------- --------- ------ ----- ----- ----- ----- ----- ----- ----- ---- ---------------------
contig_8:270708-273179|+ -            824 311at766             -            687         0 1051.7  29.6   1   3  3.1e-139  8.8e-137  453.4   1.1     8   276    16   300     2   302 0.92 contig_8_269 # 270708 # 273179 # 1 # ID=19_269;partial=00;start_type=ATG;rbs_motif=GGA/GAG/AGG;rbs_spacer=5-10bp;gc_cont=0.384
contig_8:270708-273179|+ -            824 311at766             -            687         0 1051.7  29.6   2   3  1.7e-177  4.6e-175  579.9  11.7   273   632   319   721   308   730 0.92 contig_8_269 # 270708 # 273179 # 1 # ID=19_269;partial=00;start_type=ATG;rbs_motif=GGA/GAG/AGG;rbs_spacer=5-10bp;gc_cont=0.384
contig_8:270708-273179|+ -            824 311at766             -            687         0 1051.7  29.6   3   3   8.7e-10   2.4e-07   25.6   2.1   623   677   735   800   729   807 0.74 contig_8_269 # 270708 # 273179 # 1 # ID=19_269;partial=00;start_type=ATG;rbs_motif=GGA/GAG/AGG;rbs_spacer=5-10bp;gc_cont=0.384
contig_8:508905-511421|- -            839 311at766             -            687   3.3e-61  203.7   9.9   1   7   1.5e-30   4.2e-28   94.3   0.0    10   166    15   167     2   170 0.85 contig_8_509 # 508905 # 511421 # -1 # ID=19_509;partial=00;start_type=ATG;rbs_motif=GGA/GAG/AGG;rbs_spacer=5-10bp;gc_cont=0.386
contig_8:508905-511421|- -            839 311at766             -            687   3.3e-61  203.7   9.9   2   7   1.7e-09   4.7e-07   24.7   0.5   311   358   172   219   166   223 0.95 contig_8_509 # 508905 # 511421 # -1 # ID=19_509;partial=00;start_type=ATG;rbs_motif=GGA/GAG/AGG;rbs_spacer=5-10bp;gc_cont=0.386
contig_8:508905-511421|- -            839 311at766             -            687   3.3e-61  203.7   9.9   3   7      0.31        87   -2.6   0.0   181   231   235   286   234   295 0.76 contig_8_509 # 508905 # 511421 # -1 # ID=19_509;partial=00;start_type=ATG;rbs_motif=GGA/GAG/AGG;rbs_spacer=5-10bp;gc_cont=0.386
contig_8:508905-511421|- -            839 311at766             -            687   3.3e-61  203.7   9.9   4   7   6.5e-07   0.00018   16.1   0.0   204   268   289   354   285   364 0.86 contig_8_509 # 508905 # 511421 # -1 # ID=19_509;partial=00;start_type=ATG;rbs_motif=GGA/GAG/AGG;rbs_spacer=5-10bp;gc_cont=0.386
contig_8:508905-511421|- -            839 311at766             -            687   3.3e-61  203.7   9.9   5   7      0.15        41   -1.6   0.0   274   295   395   416   392   423 0.86 contig_8_509 # 508905 # 511421 # -1 # ID=19_509;partial=00;start_type=ATG;rbs_motif=GGA/GAG/AGG;rbs_spacer=5-10bp;gc_cont=0.386
contig_8:508905-511421|- -            839 311at766             -            687   3.3e-61  203.7   9.9   6   7   3.8e-08   1.1e-05   20.2   0.4   362   400   426   460   418   508 0.87 contig_8_509 # 508905 # 511421 # -1 # ID=19_509;partial=00;start_type=ATG;rbs_motif=GGA/GAG/AGG;rbs_spacer=5-10bp;gc_cont=0.386
contig_8:508905-511421|- -            839 311at766             -            687   3.3e-61  203.7   9.9   7   7   7.5e-17   2.1e-14   49.0   0.0   480   630   610   764   595   825 0.73 contig_8_509 # 508905 # 511421 # -1 # ID=19_509;partial=00;start_type=ATG;rbs_motif=GGA/GAG/AGG;rbs_spacer=5-10bp;gc_cont=0.386
contig_8:214987-218298|+ -           1104 311at766             -            687   9.4e-60  198.9   3.2   1   2   1.7e-17   4.8e-15   51.1   0.1     7   164    22   198    17   258 0.84 contig_8_224 # 214987 # 218298 # 1 # ID=19_224;partial=00;start_type=ATG;rbs_motif=None;rbs_spacer=None;gc_cont=0.368
contig_8:214987-218298|+ -           1104 311at766             -            687   9.4e-60  198.9   3.2   2   2   9.4e-46   2.6e-43  144.5   0.5   228   637   349   824   338   847 0.74 contig_8_224 # 214987 # 218298 # 1 # ID=19_224;partial=00;start_type=ATG;rbs_motif=None;rbs_spacer=None;gc_cont=0.368
contig_8:95698-97344|+   -            549 311at766             -            687   1.2e-24   82.8   2.9   1   3   4.8e-14   1.3e-11   39.7   0.1    24   138     5   111     1   141 0.80 contig_8_101 # 95698 # 97344 # 1 # ID=19_101;partial=00;start_type=ATG;rbs_motif=None;rbs_spacer=None;gc_cont=0.400
contig_8:95698-97344|+   -            549 311at766             -            687   1.2e-24   82.8   2.9   2   3     8e-15   2.2e-12   42.3   0.1   313   524   149   378   139   396 0.70 contig_8_101 # 95698 # 97344 # 1 # ID=19_101;partial=00;start_type=ATG;rbs_motif=None;rbs_spacer=None;gc_cont=0.400
contig_8:95698-97344|+   -            549 311at766             -            687   1.2e-24   82.8   2.9   3   3      0.62   1.7e+02   -3.6   0.0   655   676   503   524   479   526 0.78 contig_8_101 # 95698 # 97344 # 1 # ID=19_101;partial=00;start_type=ATG;rbs_motif=None;rbs_spacer=None;gc_cont=0.400
contig_8:152800-154473|+ -            558 311at766             -            687   0.00032   15.3   0.0   1   2   0.00095      0.27    5.7   0.0    34    82   119   167    99   182 0.87 contig_8_158 # 152800 # 154473 # 1 # ID=19_158;partial=00;start_type=TTG;rbs_motif=3Base/5BMM;rbs_spacer=13-15bp;gc_cont=0.381
contig_8:152800-154473|+ -            558 311at766             -            687   0.00032   15.3   0.0   2   2    0.0003     0.084    7.3   0.0   480   512   379   411   362   426 0.85 contig_8_158 # 152800 # 154473 # 1 # ID=19_158;partial=00;start_type=TTG;rbs_motif=3Base/5BMM;rbs_spacer=13-15bp;gc_cont=0.381
#
# Program:         hmmsearch
# Version:         3.1b2 (February 2015)
# Pipeline mode:   SEARCH
# Query file:      /private/groups/russelllab/jodie/busco_downloads/lineages/rickettsiales_odb10/hmms/311at766.hmm
# Target file:     private/groups/russelllab/jodie/merrill_23_wRi_genome/flye/merge_bootcamp_data/unpolished_busco.txt/prodigal_output/predicted_genes/predicted.faa
# Option settings: hmmsearch --domtblout private/groups/russelllab/jodie/merrill_23_wRi_genome/flye/merge_bootcamp_data/unpolished_busco.txt/run_rickettsiales_odb10/hmmer_output/311at766.out --cpu 1 /private/groups/russelllab/jodie/busco_downloads/lineages/rickettsiales_odb10/hmms/311at766.hmm private/groups/russelllab/jodie/merrill_23_wRi_genome/flye/merge_bootcamp_data/unpolished_busco.txt/prodigal_output/predicted_genes/predicted.faa 
# Current dir:     /private/groups/russelllab/jodie
# Date:            Fri Jan 17 16:13:38 2025
# [ok]
