#                                                                                 --- full sequence --- -------------- this domain -------------   hmm coord   ali coord   env coord
# target name             accession   tlen query name           accession   qlen   E-value  score  bias   #  of  c-Evalue  i-Evalue  score  bias  from    to  from    to  from    to  acc description of target
#     ------------------- ---------- ----- -------------------- ---------- ----- --------- ------ ----- --- --- --------- --------- ------ ----- ----- ----- ----- ----- ----- ----- ---- ---------------------
contig_18:299113-300861|- -            583 322at766             -            435  3.6e-166  549.7  23.7   1   3   8.7e-21   4.1e-18   61.9   0.2     1    72     1    90     1   107 0.79 contig_18_289 # 299113 # 300861 # -1 # ID=5_289;partial=00;start_type=ATG;rbs_motif=AGGAGG;rbs_spacer=5-10bp;gc_cont=0.365
contig_18:299113-300861|- -            583 322at766             -            435  3.6e-166  549.7  23.7   2   3   2.8e-62   1.3e-59  198.6   0.7    67   198   106   253    99   278 0.87 contig_18_289 # 299113 # 300861 # -1 # ID=5_289;partial=00;start_type=ATG;rbs_motif=AGGAGG;rbs_spacer=5-10bp;gc_cont=0.365
contig_18:299113-300861|- -            583 322at766             -            435  3.6e-166  549.7  23.7   3   3   3.6e-90   1.7e-87  290.5  11.9   196   433   283   561   272   563 0.81 contig_18_289 # 299113 # 300861 # -1 # ID=5_289;partial=00;start_type=ATG;rbs_motif=AGGAGG;rbs_spacer=5-10bp;gc_cont=0.365
contig_18:330466-332388|- -            641 322at766             -            435  2.1e-108  359.4   8.6   1   3   4.1e-09   1.9e-06   23.4   0.0    12    64     4    55     2    91 0.85 contig_18_318 # 330466 # 332388 # -1 # ID=5_318;partial=00;start_type=ATG;rbs_motif=None;rbs_spacer=None;gc_cont=0.371
contig_18:330466-332388|- -            641 322at766             -            435  2.1e-108  359.4   8.6   2   3   2.4e-48   1.1e-45  152.7   0.3    81   188   130   240   101   267 0.91 contig_18_318 # 330466 # 332388 # -1 # ID=5_318;partial=00;start_type=ATG;rbs_motif=None;rbs_spacer=None;gc_cont=0.371
contig_18:330466-332388|- -            641 322at766             -            435  2.1e-108  359.4   8.6   3   3   1.6e-58   7.4e-56  186.2   1.3   195   400   292   515   283   567 0.83 contig_18_318 # 330466 # 332388 # -1 # ID=5_318;partial=00;start_type=ATG;rbs_motif=None;rbs_spacer=None;gc_cont=0.371
contig_8:685626-686702|-  -            359 322at766             -            435   3.1e-13   45.8   0.2   1   1   3.3e-15   1.5e-12   43.5   0.2    13   187    25   216    22   231 0.75 contig_8_676 # 685626 # 686702 # -1 # ID=19_676;partial=00;start_type=ATG;rbs_motif=GGA/GAG/AGG;rbs_spacer=5-10bp;gc_cont=0.380
#
# Program:         hmmsearch
# Version:         3.1b2 (February 2015)
# Pipeline mode:   SEARCH
# Query file:      /private/groups/russelllab/jodie/busco_downloads/lineages/rickettsiales_odb10/hmms/322at766.hmm
# Target file:     private/groups/russelllab/jodie/merrill_23_wRi_genome/flye/merge_bootcamp_data/unpolished_busco.txt/prodigal_output/predicted_genes/predicted.faa
# Option settings: hmmsearch --domtblout private/groups/russelllab/jodie/merrill_23_wRi_genome/flye/merge_bootcamp_data/unpolished_busco.txt/run_rickettsiales_odb10/hmmer_output/322at766.out --cpu 1 /private/groups/russelllab/jodie/busco_downloads/lineages/rickettsiales_odb10/hmms/322at766.hmm private/groups/russelllab/jodie/merrill_23_wRi_genome/flye/merge_bootcamp_data/unpolished_busco.txt/prodigal_output/predicted_genes/predicted.faa 
# Current dir:     /private/groups/russelllab/jodie
# Date:            Fri Jan 17 16:13:38 2025
# [ok]
