#                                                                                 --- full sequence --- -------------- this domain -------------   hmm coord   ali coord   env coord
# target name             accession   tlen query name           accession   qlen   E-value  score  bias   #  of  c-Evalue  i-Evalue  score  bias  from    to  from    to  from    to  acc description of target
#     ------------------- ---------- ----- -------------------- ---------- ----- --------- ------ ----- --- --- --------- --------- ------ ----- ----- ----- ----- ----- ----- ----- ---- ---------------------
contig_18:76540-77214|-   -            225 3233at766            -            175     1e-70  233.3   5.8   1   1   1.3e-70   1.6e-68  226.2   5.8     2   175     7   216     6   216 0.86 contig_18_72 # 76540 # 77214 # -1 # ID=5_72;partial=00;start_type=ATG;rbs_motif=GGA/GAG/AGG;rbs_spacer=5-10bp;gc_cont=0.370
contig_8:281273-281914|-  -            214 3233at766            -            175   4.9e-35  117.1   0.1   1   1   7.3e-37   8.6e-35  116.4   0.1     2   170     2   182     1   188 0.84 contig_8_277 # 281273 # 281914 # -1 # ID=19_277;partial=00;start_type=ATG;rbs_motif=GGA/GAG/AGG;rbs_spacer=5-10bp;gc_cont=0.315
contig_18:384091-384792|+ -            234 3233at766            -            175   1.9e-29   98.9   1.0   1   1     2e-30   2.3e-28   95.4   1.0     6   169    10   197     5   204 0.79 contig_18_376 # 384091 # 384792 # 1 # ID=5_376;partial=00;start_type=ATG;rbs_motif=None;rbs_spacer=None;gc_cont=0.322
contig_8:464831-465604|-  -            258 3233at766            -            175   1.3e-28   96.2   4.7   1   1   6.6e-30   7.7e-28   93.7   4.7    14   170    17   202     2   208 0.83 contig_8_456 # 464831 # 465604 # -1 # ID=19_456;partial=00;start_type=ATG;rbs_motif=None;rbs_spacer=None;gc_cont=0.335
contig_8:146470-148179|+  -            570 3233at766            -            175   1.3e-23   80.0   1.1   1   2     8e-11   9.3e-09   31.6   0.0    14    58   349   393   339   432 0.78 contig_8_153 # 146470 # 148179 # 1 # ID=19_153;partial=00;start_type=ATG;rbs_motif=None;rbs_spacer=None;gc_cont=0.354
contig_8:146470-148179|+  -            570 3233at766            -            175   1.3e-23   80.0   1.1   2   2   2.3e-15   2.7e-13   46.3   0.3   102   174   470   540   462   541 0.92 contig_8_153 # 146470 # 148179 # 1 # ID=19_153;partial=00;start_type=ATG;rbs_motif=None;rbs_spacer=None;gc_cont=0.354
contig_8:112456-113214|+  -            253 3233at766            -            175   1.6e-23   79.6   0.1   1   2     1e-07   1.2e-05   21.4   0.0    12    68    18    76     8   116 0.82 contig_8_116 # 112456 # 113214 # 1 # ID=19_116;partial=00;start_type=ATG;rbs_motif=AGGA;rbs_spacer=5-10bp;gc_cont=0.362
contig_8:112456-113214|+  -            253 3233at766            -            175   1.6e-23   79.6   0.1   2   2     2e-18   2.3e-16   56.3   0.2   101   170   149   216    67   221 0.89 contig_8_116 # 112456 # 113214 # 1 # ID=19_116;partial=00;start_type=ATG;rbs_motif=AGGA;rbs_spacer=5-10bp;gc_cont=0.362
contig_18:335873-336568|+ -            232 3233at766            -            175   6.7e-20   67.8   1.8   1   1   4.7e-21   5.5e-19   64.9   1.8     3   164    10   190     8   201 0.79 contig_18_323 # 335873 # 336568 # 1 # ID=5_323;partial=00;start_type=TTG;rbs_motif=None;rbs_spacer=None;gc_cont=0.326
contig_8:57717-59498|-    -            594 3233at766            -            175   5.1e-19   65.0   0.5   1   2   4.5e-07   5.2e-05   19.4   0.0     4    56   346   401   343   418 0.80 contig_8_66 # 57717 # 59498 # -1 # ID=19_66;partial=00;start_type=ATG;rbs_motif=GGA/GAG/AGG;rbs_spacer=5-10bp;gc_cont=0.352
contig_8:57717-59498|-    -            594 3233at766            -            175   5.1e-19   65.0   0.5   2   2   1.7e-14     2e-12   43.5   0.1   101   173   479   549   473   551 0.90 contig_8_66 # 57717 # 59498 # -1 # ID=19_66;partial=00;start_type=ATG;rbs_motif=GGA/GAG/AGG;rbs_spacer=5-10bp;gc_cont=0.352
contig_8:881930-883705|-  -            592 3233at766            -            175   2.7e-18   62.6   1.0   1   2   5.2e-07   6.1e-05   19.1   0.2     5    80   351   427   348   462 0.67 contig_8_863 # 881930 # 883705 # -1 # ID=19_863;partial=00;start_type=ATG;rbs_motif=3Base/5BMM;rbs_spacer=13-15bp;gc_cont=0.317
contig_8:881930-883705|-  -            592 3233at766            -            175   2.7e-18   62.6   1.0   2   2   8.5e-14   9.9e-12   41.2   0.0   102   173   484   553   475   555 0.86 contig_8_863 # 881930 # 883705 # -1 # ID=19_863;partial=00;start_type=ATG;rbs_motif=3Base/5BMM;rbs_spacer=13-15bp;gc_cont=0.317
contig_18:322930-325725|+ -            932 3233at766            -            175     1e-17   60.8   5.6   1   4    0.0015      0.18    7.8   0.0    15    41    15    41     4    47 0.90 contig_18_312 # 322930 # 325725 # 1 # ID=5_312;partial=00;start_type=ATG;rbs_motif=None;rbs_spacer=None;gc_cont=0.379
contig_18:322930-325725|+ -            932 3233at766            -            175     1e-17   60.8   5.6   2   4   8.8e-06     0.001   15.1   0.0    99   171   476   549   447   553 0.76 contig_18_312 # 322930 # 325725 # 1 # ID=5_312;partial=00;start_type=ATG;rbs_motif=None;rbs_spacer=None;gc_cont=0.379
contig_18:322930-325725|+ -            932 3233at766            -            175     1e-17   60.8   5.6   3   4   0.00014     0.016   11.3   0.1     4    42   603   641   600   655 0.84 contig_18_312 # 322930 # 325725 # 1 # ID=5_312;partial=00;start_type=ATG;rbs_motif=None;rbs_spacer=None;gc_cont=0.379
contig_18:322930-325725|+ -            932 3233at766            -            175     1e-17   60.8   5.6   4   4   3.3e-09   3.9e-07   26.3   0.0   100   174   817   893   791   894 0.86 contig_18_312 # 322930 # 325725 # 1 # ID=5_312;partial=00;start_type=ATG;rbs_motif=None;rbs_spacer=None;gc_cont=0.379
contig_18:33926-35671|+   -            582 3233at766            -            175   2.2e-16   56.4   0.9   1   2   1.1e-06   0.00013   18.0   0.2    15    57   353   395   347   399 0.90 contig_18_36 # 33926 # 35671 # 1 # ID=5_36;partial=00;start_type=GTG;rbs_motif=GGAG/GAGG;rbs_spacer=5-10bp;gc_cont=0.377
contig_18:33926-35671|+   -            582 3233at766            -            175   2.2e-16   56.4   0.9   2   2   2.5e-12     3e-10   36.4   0.0   102   173   474   544   471   546 0.91 contig_18_36 # 33926 # 35671 # 1 # ID=5_36;partial=00;start_type=GTG;rbs_motif=GGAG/GAGG;rbs_spacer=5-10bp;gc_cont=0.377
contig_8:204088-204711|-  -            208 3233at766            -            175   2.8e-14   49.6   0.0   1   1   1.8e-15   2.1e-13   46.7   0.0    12   162    14   186     3   195 0.71 contig_8_215 # 204088 # 204711 # -1 # ID=19_215;partial=00;start_type=ATG;rbs_motif=3Base/5BMM;rbs_spacer=13-15bp;gc_cont=0.364
#
# Program:         hmmsearch
# Version:         3.1b2 (February 2015)
# Pipeline mode:   SEARCH
# Query file:      /private/groups/russelllab/jodie/busco_downloads/lineages/rickettsiales_odb10/hmms/3233at766.hmm
# Target file:     private/groups/russelllab/jodie/merrill_23_wRi_genome/flye/merge_bootcamp_data/unpolished_busco.txt/prodigal_output/predicted_genes/predicted.faa
# Option settings: hmmsearch --domtblout private/groups/russelllab/jodie/merrill_23_wRi_genome/flye/merge_bootcamp_data/unpolished_busco.txt/run_rickettsiales_odb10/hmmer_output/3233at766.out --cpu 1 /private/groups/russelllab/jodie/busco_downloads/lineages/rickettsiales_odb10/hmms/3233at766.hmm private/groups/russelllab/jodie/merrill_23_wRi_genome/flye/merge_bootcamp_data/unpolished_busco.txt/prodigal_output/predicted_genes/predicted.faa 
# Current dir:     /private/groups/russelllab/jodie
# Date:            Fri Jan 17 16:13:38 2025
# [ok]
