#                                                                                --- full sequence --- -------------- this domain -------------   hmm coord   ali coord   env coord
# target name            accession   tlen query name           accession   qlen   E-value  score  bias   #  of  c-Evalue  i-Evalue  score  bias  from    to  from    to  from    to  acc description of target
#    ------------------- ---------- ----- -------------------- ---------- ----- --------- ------ ----- --- --- --------- --------- ------ ----- ----- ----- ----- ----- ----- ----- ---- ---------------------
contig_8:95698-97344|+   -            549 384at766             -            392  1.1e-189  626.8  12.7   1   3  1.8e-109  6.3e-107  354.4   3.6     1   213     7   243     7   253 0.90 contig_8_101 # 95698 # 97344 # 1 # ID=19_101;partial=00;start_type=ATG;rbs_motif=None;rbs_spacer=None;gc_cont=0.400
contig_8:95698-97344|+   -            549 384at766             -            392  1.1e-189  626.8  12.7   2   3     7e-67   2.4e-64  214.2   0.0   210   326   290   406   266   422 0.93 contig_8_101 # 95698 # 97344 # 1 # ID=19_101;partial=00;start_type=ATG;rbs_motif=None;rbs_spacer=None;gc_cont=0.400
contig_8:95698-97344|+   -            549 384at766             -            392  1.1e-189  626.8  12.7   3   3   8.5e-21     3e-18   62.4   0.5   328   388   449   514   427   520 0.88 contig_8_101 # 95698 # 97344 # 1 # ID=19_101;partial=00;start_type=ATG;rbs_motif=None;rbs_spacer=None;gc_cont=0.400
contig_8:270708-273179|+ -            824 384at766             -            392   1.6e-16   56.7   2.0   1   2     6e-07   0.00021   16.8   0.1     2    87    36   124    35   150 0.77 contig_8_269 # 270708 # 273179 # 1 # ID=19_269;partial=00;start_type=ATG;rbs_motif=GGA/GAG/AGG;rbs_spacer=5-10bp;gc_cont=0.384
contig_8:270708-273179|+ -            824 384at766             -            392   1.6e-16   56.7   2.0   2   2   1.2e-13     4e-11   38.9   0.4   218   341   510   633   498   662 0.78 contig_8_269 # 270708 # 273179 # 1 # ID=19_269;partial=00;start_type=ATG;rbs_motif=GGA/GAG/AGG;rbs_spacer=5-10bp;gc_cont=0.384
contig_8:508905-511421|- -            839 384at766             -            392   3.5e-10   35.8   0.3   1   2   6.6e-05     0.023   10.1   0.1     9   149    37   200    29   240 0.64 contig_8_509 # 508905 # 511421 # -1 # ID=19_509;partial=00;start_type=ATG;rbs_motif=GGA/GAG/AGG;rbs_spacer=5-10bp;gc_cont=0.386
contig_8:508905-511421|- -            839 384at766             -            392   3.5e-10   35.8   0.3   2   2   4.2e-08   1.5e-05   20.6   0.0   239   297   594   654   578   671 0.86 contig_8_509 # 508905 # 511421 # -1 # ID=19_509;partial=00;start_type=ATG;rbs_motif=GGA/GAG/AGG;rbs_spacer=5-10bp;gc_cont=0.386
contig_8:214987-218298|+ -           1104 384at766             -            392   4.4e-08   28.9   5.7   1   4   6.8e-05     0.024   10.1   0.1     9   152    53   207    48   220 0.72 contig_8_224 # 214987 # 218298 # 1 # ID=19_224;partial=00;start_type=ATG;rbs_motif=None;rbs_spacer=None;gc_cont=0.368
contig_8:214987-218298|+ -           1104 384at766             -            392   4.4e-08   28.9   5.7   2   4      0.14        48   -0.8   0.1   130   186   446   503   426   516 0.78 contig_8_224 # 214987 # 218298 # 1 # ID=19_224;partial=00;start_type=ATG;rbs_motif=None;rbs_spacer=None;gc_cont=0.368
contig_8:214987-218298|+ -           1104 384at766             -            392   4.4e-08   28.9   5.7   3   4   1.2e-07   4.2e-05   19.1   0.0   239   285   621   668   588   700 0.78 contig_8_224 # 214987 # 218298 # 1 # ID=19_224;partial=00;start_type=ATG;rbs_motif=None;rbs_spacer=None;gc_cont=0.368
contig_8:214987-218298|+ -           1104 384at766             -            392   4.4e-08   28.9   5.7   4   4      0.35   1.2e+02   -2.2   0.2   271   342   981  1055   975  1079 0.67 contig_8_224 # 214987 # 218298 # 1 # ID=19_224;partial=00;start_type=ATG;rbs_motif=None;rbs_spacer=None;gc_cont=0.368
#
# Program:         hmmsearch
# Version:         3.1b2 (February 2015)
# Pipeline mode:   SEARCH
# Query file:      /private/groups/russelllab/jodie/busco_downloads/lineages/rickettsiales_odb10/hmms/384at766.hmm
# Target file:     private/groups/russelllab/jodie/merrill_23_wRi_genome/flye/merge_bootcamp_data/unpolished_busco.txt/prodigal_output/predicted_genes/predicted.faa
# Option settings: hmmsearch --domtblout private/groups/russelllab/jodie/merrill_23_wRi_genome/flye/merge_bootcamp_data/unpolished_busco.txt/run_rickettsiales_odb10/hmmer_output/384at766.out --cpu 1 /private/groups/russelllab/jodie/busco_downloads/lineages/rickettsiales_odb10/hmms/384at766.hmm private/groups/russelllab/jodie/merrill_23_wRi_genome/flye/merge_bootcamp_data/unpolished_busco.txt/prodigal_output/predicted_genes/predicted.faa 
# Current dir:     /private/groups/russelllab/jodie
# Date:            Fri Jan 17 16:13:38 2025
# [ok]
