#                                                                                --- full sequence --- -------------- this domain -------------   hmm coord   ali coord   env coord
# target name            accession   tlen query name           accession   qlen   E-value  score  bias   #  of  c-Evalue  i-Evalue  score  bias  from    to  from    to  from    to  acc description of target
#    ------------------- ---------- ----- -------------------- ---------- ----- --------- ------ ----- --- --- --------- --------- ------ ----- ----- ----- ----- ----- ----- ----- ---- ---------------------
contig_8:461599-462972|- -            458 431at766             -            350  7.2e-152  501.8  15.0   1   3  1.2e-149  5.8e-147  485.6   3.7     2   288     3   324     2   339 0.90 contig_8_452 # 461599 # 462972 # -1 # ID=19_452;partial=00;start_type=ATG;rbs_motif=None;rbs_spacer=None;gc_cont=0.338
contig_8:461599-462972|- -            458 431at766             -            350  7.2e-152  501.8  15.0   2   3   3.9e-05     0.018   10.4   0.4   276   327   334   385   322   394 0.73 contig_8_452 # 461599 # 462972 # -1 # ID=19_452;partial=00;start_type=ATG;rbs_motif=None;rbs_spacer=None;gc_cont=0.338
contig_8:461599-462972|- -            458 431at766             -            350  7.2e-152  501.8  15.0   3   3   3.4e-06    0.0016   13.9   0.3   315   344   416   448   411   457 0.73 contig_8_452 # 461599 # 462972 # -1 # ID=19_452;partial=00;start_type=ATG;rbs_motif=None;rbs_spacer=None;gc_cont=0.338
contig_8:95698-97344|+   -            549 431at766             -            350   2.1e-07   26.7   0.1   1   2   3.6e-06    0.0017   13.8   0.0    12    87     2    77     1   125 0.82 contig_8_101 # 95698 # 97344 # 1 # ID=19_101;partial=00;start_type=ATG;rbs_motif=None;rbs_spacer=None;gc_cont=0.400
contig_8:95698-97344|+   -            549 431at766             -            350   2.1e-07   26.7   0.1   2   2   3.3e-05     0.015   10.6   0.0   179   272   281   372   268   396 0.67 contig_8_101 # 95698 # 97344 # 1 # ID=19_101;partial=00;start_type=ATG;rbs_motif=None;rbs_spacer=None;gc_cont=0.400
contig_8:152800-154473|+ -            558 431at766             -            350   1.8e-05   20.3   0.3   1   2    0.0019      0.88    4.9   0.0    28    62   124   158   108   177 0.82 contig_8_158 # 152800 # 154473 # 1 # ID=19_158;partial=00;start_type=TTG;rbs_motif=3Base/5BMM;rbs_spacer=13-15bp;gc_cont=0.381
contig_8:152800-154473|+ -            558 431at766             -            350   1.8e-05   20.3   0.3   2   2   5.6e-06    0.0026   13.2   0.0   229   282   375   427   355   434 0.85 contig_8_158 # 152800 # 154473 # 1 # ID=19_158;partial=00;start_type=TTG;rbs_motif=3Base/5BMM;rbs_spacer=13-15bp;gc_cont=0.381
#
# Program:         hmmsearch
# Version:         3.1b2 (February 2015)
# Pipeline mode:   SEARCH
# Query file:      /private/groups/russelllab/jodie/busco_downloads/lineages/rickettsiales_odb10/hmms/431at766.hmm
# Target file:     private/groups/russelllab/jodie/merrill_23_wRi_genome/flye/merge_bootcamp_data/unpolished_busco.txt/prodigal_output/predicted_genes/predicted.faa
# Option settings: hmmsearch --domtblout private/groups/russelllab/jodie/merrill_23_wRi_genome/flye/merge_bootcamp_data/unpolished_busco.txt/run_rickettsiales_odb10/hmmer_output/431at766.out --cpu 1 /private/groups/russelllab/jodie/busco_downloads/lineages/rickettsiales_odb10/hmms/431at766.hmm private/groups/russelllab/jodie/merrill_23_wRi_genome/flye/merge_bootcamp_data/unpolished_busco.txt/prodigal_output/predicted_genes/predicted.faa 
# Current dir:     /private/groups/russelllab/jodie
# Date:            Fri Jan 17 16:13:39 2025
# [ok]
