#                                                                                 --- full sequence --- -------------- this domain -------------   hmm coord   ali coord   env coord
# target name             accession   tlen query name           accession   qlen   E-value  score  bias   #  of  c-Evalue  i-Evalue  score  bias  from    to  from    to  from    to  acc description of target
#     ------------------- ---------- ----- -------------------- ---------- ----- --------- ------ ----- --- --- --------- --------- ------ ----- ----- ----- ----- ----- ----- ----- ---- ---------------------
contig_8:646455-647780|-  -            442 452at766             -            327  3.8e-113  374.4   9.0   1   2   1.3e-79   2.6e-77  256.6   6.2     1   225     3   300     3   318 0.85 contig_8_632 # 646455 # 647780 # -1 # ID=19_632;partial=00;start_type=ATG;rbs_motif=None;rbs_spacer=None;gc_cont=0.373
contig_8:646455-647780|-  -            442 452at766             -            327  3.8e-113  374.4   9.0   2   2     1e-34     2e-32  109.1   0.0   225   327   323   439   316   439 0.93 contig_8_632 # 646455 # 647780 # -1 # ID=19_632;partial=00;start_type=ATG;rbs_motif=None;rbs_spacer=None;gc_cont=0.373
contig_18:169567-170451|- -            295 452at766             -            327   9.4e-16   54.3   3.9   1   2   3.5e-16   6.9e-14   48.2   2.1   109   226     7   131     3   142 0.76 contig_18_162 # 169567 # 170451 # -1 # ID=5_162;partial=00;start_type=GTG;rbs_motif=None;rbs_spacer=None;gc_cont=0.350
contig_18:169567-170451|- -            295 452at766             -            327   9.4e-16   54.3   3.9   2   2    0.0026      0.51    5.9   0.0    85   112   144   172   133   176 0.80 contig_18_162 # 169567 # 170451 # -1 # ID=5_162;partial=00;start_type=GTG;rbs_motif=None;rbs_spacer=None;gc_cont=0.350
contig_18:377404-378732|+ -            443 452at766             -            327   6.8e-12   41.6   0.0   1   1   1.3e-13   2.7e-11   39.7   0.0     2    50   220   267   219   278 0.88 contig_18_370 # 377404 # 378732 # 1 # ID=5_370;partial=00;start_type=ATG;rbs_motif=None;rbs_spacer=None;gc_cont=0.359
contig_8:323797-324390|+  -            198 452at766             -            327   3.1e-08   29.6   1.6   1   1   6.7e-10   1.3e-07   27.5   1.6   111   248    29   175    28   195 0.55 contig_8_320 # 323797 # 324390 # 1 # ID=19_320;partial=00;start_type=ATG;rbs_motif=None;rbs_spacer=None;gc_cont=0.320
contig_8:242053-243147|-  -            365 452at766             -            327   5.3e-08   28.8   0.2   1   3   3.4e-09   6.7e-07   25.2   0.0     4    36     7    39     4    66 0.91 contig_8_242 # 242053 # 243147 # -1 # ID=19_242;partial=00;start_type=ATG;rbs_motif=None;rbs_spacer=None;gc_cont=0.379
contig_8:242053-243147|-  -            365 452at766             -            327   5.3e-08   28.8   0.2   2   3      0.74   1.5e+02   -2.2   0.0   145   165    63    83    35   100 0.58 contig_8_242 # 242053 # 243147 # -1 # ID=19_242;partial=00;start_type=ATG;rbs_motif=None;rbs_spacer=None;gc_cont=0.379
contig_8:242053-243147|-  -            365 452at766             -            327   5.3e-08   28.8   0.2   3   3      0.09        18    0.8   0.1    37   105   179   248   158   250 0.79 contig_8_242 # 242053 # 243147 # -1 # ID=19_242;partial=00;start_type=ATG;rbs_motif=None;rbs_spacer=None;gc_cont=0.379
contig_8:253923-255719|+  -            599 452at766             -            327   5.7e-05   18.9   1.9   1   2   9.1e-05     0.018   10.6   0.2   178   223    89   135     2   139 0.73 contig_8_253 # 253923 # 255719 # 1 # ID=19_253;partial=00;start_type=ATG;rbs_motif=None;rbs_spacer=None;gc_cont=0.378
contig_8:253923-255719|+  -            599 452at766             -            327   5.7e-05   18.9   1.9   2   2    0.0034      0.67    5.5   0.1    84   109   152   177   140   180 0.84 contig_8_253 # 253923 # 255719 # 1 # ID=19_253;partial=00;start_type=ATG;rbs_motif=None;rbs_spacer=None;gc_cont=0.378
contig_8:300960-301982|-  -            341 452at766             -            327    0.0041   12.8   1.0   1   1   0.00019     0.039    9.6   0.7     2    34   162   193   161   313 0.73 contig_8_300 # 300960 # 301982 # -1 # ID=19_300;partial=00;start_type=ATG;rbs_motif=None;rbs_spacer=None;gc_cont=0.362
#
# Program:         hmmsearch
# Version:         3.1b2 (February 2015)
# Pipeline mode:   SEARCH
# Query file:      /private/groups/russelllab/jodie/busco_downloads/lineages/rickettsiales_odb10/hmms/452at766.hmm
# Target file:     private/groups/russelllab/jodie/merrill_23_wRi_genome/flye/merge_bootcamp_data/unpolished_busco.txt/prodigal_output/predicted_genes/predicted.faa
# Option settings: hmmsearch --domtblout private/groups/russelllab/jodie/merrill_23_wRi_genome/flye/merge_bootcamp_data/unpolished_busco.txt/run_rickettsiales_odb10/hmmer_output/452at766.out --cpu 1 /private/groups/russelllab/jodie/busco_downloads/lineages/rickettsiales_odb10/hmms/452at766.hmm private/groups/russelllab/jodie/merrill_23_wRi_genome/flye/merge_bootcamp_data/unpolished_busco.txt/prodigal_output/predicted_genes/predicted.faa 
# Current dir:     /private/groups/russelllab/jodie
# Date:            Fri Jan 17 16:13:39 2025
# [ok]
