#                                                                                 --- full sequence --- -------------- this domain -------------   hmm coord   ali coord   env coord
# target name             accession   tlen query name           accession   qlen   E-value  score  bias   #  of  c-Evalue  i-Evalue  score  bias  from    to  from    to  from    to  acc description of target
#     ------------------- ---------- ----- -------------------- ---------- ----- --------- ------ ----- --- --- --------- --------- ------ ----- ----- ----- ----- ----- ----- ----- ---- ---------------------
contig_8:739875-742199|-  -            775 483at766             -            515  2.8e-194  642.7  19.5   1   4     1e-13   4.7e-11   38.1   0.1    11    69    23    96    15   111 0.78 contig_8_726 # 739875 # 742199 # -1 # ID=19_726;partial=00;start_type=ATG;rbs_motif=None;rbs_spacer=None;gc_cont=0.355
contig_8:739875-742199|-  -            775 483at766             -            515  2.8e-194  642.7  19.5   2   4   8.7e-11     4e-08   28.5   0.0    76   107   139   170   121   177 0.86 contig_8_726 # 739875 # 742199 # -1 # ID=19_726;partial=00;start_type=ATG;rbs_motif=None;rbs_spacer=None;gc_cont=0.355
contig_8:739875-742199|-  -            775 483at766             -            515  2.8e-194  642.7  19.5   3   4  3.8e-175  1.8e-172  570.7  10.7   106   509   279   745   270   751 0.89 contig_8_726 # 739875 # 742199 # -1 # ID=19_726;partial=00;start_type=ATG;rbs_motif=None;rbs_spacer=None;gc_cont=0.355
contig_8:739875-742199|-  -            775 483at766             -            515  2.8e-194  642.7  19.5   4   4      0.12        54   -1.7   0.0   500   515   759   774   744   774 0.74 contig_8_726 # 739875 # 742199 # -1 # ID=19_726;partial=00;start_type=ATG;rbs_motif=None;rbs_spacer=None;gc_cont=0.355
contig_18:225864-227885|+ -            674 483at766             -            515   1.1e-09   33.6   4.6   1   2   1.1e-11   5.2e-09   31.4   0.7    70   255   269   464   263   474 0.69 contig_18_221 # 225864 # 227885 # 1 # ID=5_221;partial=00;start_type=ATG;rbs_motif=None;rbs_spacer=None;gc_cont=0.361
contig_18:225864-227885|+ -            674 483at766             -            515   1.1e-09   33.6   4.6   2   2     0.003       1.4    3.6   0.2   343   383   514   554   469   579 0.76 contig_18_221 # 225864 # 227885 # 1 # ID=5_221;partial=00;start_type=ATG;rbs_motif=None;rbs_spacer=None;gc_cont=0.361
contig_18:244142-246055|- -            638 483at766             -            515   4.6e-09   31.6   0.2   1   2   0.00028      0.13    7.0   0.0    80   126    31    75    25    83 0.84 contig_18_241 # 244142 # 246055 # -1 # ID=5_241;partial=00;start_type=ATG;rbs_motif=None;rbs_spacer=None;gc_cont=0.382
contig_18:244142-246055|- -            638 483at766             -            515   4.6e-09   31.6   0.2   2   2   5.8e-09   2.7e-06   22.4   0.2   335   430   474   564   437   600 0.79 contig_18_241 # 244142 # 246055 # -1 # ID=5_241;partial=00;start_type=ATG;rbs_motif=None;rbs_spacer=None;gc_cont=0.382
#
# Program:         hmmsearch
# Version:         3.1b2 (February 2015)
# Pipeline mode:   SEARCH
# Query file:      /private/groups/russelllab/jodie/busco_downloads/lineages/rickettsiales_odb10/hmms/483at766.hmm
# Target file:     private/groups/russelllab/jodie/merrill_23_wRi_genome/flye/merge_bootcamp_data/unpolished_busco.txt/prodigal_output/predicted_genes/predicted.faa
# Option settings: hmmsearch --domtblout private/groups/russelllab/jodie/merrill_23_wRi_genome/flye/merge_bootcamp_data/unpolished_busco.txt/run_rickettsiales_odb10/hmmer_output/483at766.out --cpu 1 /private/groups/russelllab/jodie/busco_downloads/lineages/rickettsiales_odb10/hmms/483at766.hmm private/groups/russelllab/jodie/merrill_23_wRi_genome/flye/merge_bootcamp_data/unpolished_busco.txt/prodigal_output/predicted_genes/predicted.faa 
# Current dir:     /private/groups/russelllab/jodie
# Date:            Fri Jan 17 16:13:39 2025
# [ok]
