#                                                                                 --- full sequence --- -------------- this domain -------------   hmm coord   ali coord   env coord
# target name             accession   tlen query name           accession   qlen   E-value  score  bias   #  of  c-Evalue  i-Evalue  score  bias  from    to  from    to  from    to  acc description of target
#     ------------------- ---------- ----- -------------------- ---------- ----- --------- ------ ----- --- --- --------- --------- ------ ----- ----- ----- ----- ----- ----- ----- ---- ---------------------
contig_18:407382-409316|- -            645 538at766             -            530  2.1e-255  844.6   7.4   1   3  1.8e-229  6.3e-227  750.6   0.4     1   431     3   472     3   480 0.93 contig_18_399 # 407382 # 409316 # -1 # ID=5_399;partial=00;start_type=ATG;rbs_motif=None;rbs_spacer=None;gc_cont=0.396
contig_18:407382-409316|- -            645 538at766             -            530  2.1e-255  844.6   7.4   2   3   3.3e-09   1.2e-06   23.8   0.0   423   465   484   532   474   551 0.81 contig_18_399 # 407382 # 409316 # -1 # ID=5_399;partial=00;start_type=ATG;rbs_motif=None;rbs_spacer=None;gc_cont=0.396
contig_18:407382-409316|- -            645 538at766             -            530  2.1e-255  844.6   7.4   3   3   5.9e-24   2.1e-21   72.4   1.7   460   530   551   633   536   633 0.85 contig_18_399 # 407382 # 409316 # -1 # ID=5_399;partial=00;start_type=ATG;rbs_motif=None;rbs_spacer=None;gc_cont=0.396
contig_8:47162-48535|+    -            458 538at766             -            530   6.4e-06   21.3   0.4   1   3   1.7e-06   0.00059   14.8   0.2     1    42     3    44     3    55 0.93 contig_8_56 # 47162 # 48535 # 1 # ID=19_56;partial=00;start_type=ATG;rbs_motif=None;rbs_spacer=None;gc_cont=0.370
contig_8:47162-48535|+    -            458 538at766             -            530   6.4e-06   21.3   0.4   2   3      0.21        73   -2.0   0.0   383   420    56    93    47   112 0.73 contig_8_56 # 47162 # 48535 # 1 # ID=19_56;partial=00;start_type=ATG;rbs_motif=None;rbs_spacer=None;gc_cont=0.370
contig_8:47162-48535|+    -            458 538at766             -            530   6.4e-06   21.3   0.4   3   3     0.004       1.4    3.7   0.0     4    36   175   207   173   214 0.93 contig_8_56 # 47162 # 48535 # 1 # ID=19_56;partial=00;start_type=ATG;rbs_motif=None;rbs_spacer=None;gc_cont=0.370
contig_18:161342-162712|- -            457 538at766             -            530   6.5e-06   21.3   0.9   1   2   9.1e-07   0.00032   15.7   0.1     2    37     4    39     3    51 0.89 contig_18_155 # 161342 # 162712 # -1 # ID=5_155;partial=00;start_type=ATG;rbs_motif=GGA/GAG/AGG;rbs_spacer=5-10bp;gc_cont=0.392
contig_18:161342-162712|- -            457 538at766             -            530   6.5e-06   21.3   0.9   2   2    0.0037       1.3    3.8   0.0     3    31   172   200   170   212 0.88 contig_18_155 # 161342 # 162712 # -1 # ID=5_155;partial=00;start_type=ATG;rbs_motif=GGA/GAG/AGG;rbs_spacer=5-10bp;gc_cont=0.392
contig_18:20198-21136|-   -            313 538at766             -            530    0.0067   11.3   1.8   1   2    0.0011      0.39    5.5   0.3     3    37     9    43     7    52 0.86 contig_18_22 # 20198 # 21136 # -1 # ID=5_22;partial=00;start_type=GTG;rbs_motif=None;rbs_spacer=None;gc_cont=0.390
contig_18:20198-21136|-   -            313 538at766             -            530    0.0067   11.3   1.8   2   2    0.0015      0.51    5.1   0.1     4    36   153   185   150   190 0.90 contig_18_22 # 20198 # 21136 # -1 # ID=5_22;partial=00;start_type=GTG;rbs_motif=None;rbs_spacer=None;gc_cont=0.390
#
# Program:         hmmsearch
# Version:         3.1b2 (February 2015)
# Pipeline mode:   SEARCH
# Query file:      /private/groups/russelllab/jodie/busco_downloads/lineages/rickettsiales_odb10/hmms/538at766.hmm
# Target file:     private/groups/russelllab/jodie/merrill_23_wRi_genome/flye/merge_bootcamp_data/unpolished_busco.txt/prodigal_output/predicted_genes/predicted.faa
# Option settings: hmmsearch --domtblout private/groups/russelllab/jodie/merrill_23_wRi_genome/flye/merge_bootcamp_data/unpolished_busco.txt/run_rickettsiales_odb10/hmmer_output/538at766.out --cpu 1 /private/groups/russelllab/jodie/busco_downloads/lineages/rickettsiales_odb10/hmms/538at766.hmm private/groups/russelllab/jodie/merrill_23_wRi_genome/flye/merge_bootcamp_data/unpolished_busco.txt/prodigal_output/predicted_genes/predicted.faa 
# Current dir:     /private/groups/russelllab/jodie
# Date:            Fri Jan 17 16:13:39 2025
# [ok]
