#                                                                                --- full sequence --- -------------- this domain -------------   hmm coord   ali coord   env coord
# target name            accession   tlen query name           accession   qlen   E-value  score  bias   #  of  c-Evalue  i-Evalue  score  bias  from    to  from    to  from    to  acc description of target
#    ------------------- ---------- ----- -------------------- ---------- ----- --------- ------ ----- --- --- --------- --------- ------ ----- ----- ----- ----- ----- ----- ----- ---- ---------------------
contig_8:214987-218298|+ -           1104 60at766              -            816         0 1315.1  27.2   1   4  1.7e-135  4.7e-133  441.2   1.3     2   237     5   260     4   272 0.94 contig_8_224 # 214987 # 218298 # 1 # ID=19_224;partial=00;start_type=ATG;rbs_motif=None;rbs_spacer=None;gc_cont=0.368
contig_8:214987-218298|+ -           1104 60at766              -            816         0 1315.1  27.2   2   4    4e-243  1.1e-240  797.2   7.5   233   715   323   869   314   881 0.88 contig_8_224 # 214987 # 218298 # 1 # ID=19_224;partial=00;start_type=ATG;rbs_motif=None;rbs_spacer=None;gc_cont=0.368
contig_8:214987-218298|+ -           1104 60at766              -            816         0 1315.1  27.2   3   4   1.9e-13   5.3e-11   37.5   0.2   705   760   901   960   891   988 0.87 contig_8_224 # 214987 # 218298 # 1 # ID=19_224;partial=00;start_type=ATG;rbs_motif=None;rbs_spacer=None;gc_cont=0.368
contig_8:214987-218298|+ -           1104 60at766              -            816         0 1315.1  27.2   4   4   1.2e-15   3.3e-13   44.8   0.3   764   808  1007  1051   997  1057 0.92 contig_8_224 # 214987 # 218298 # 1 # ID=19_224;partial=00;start_type=ATG;rbs_motif=None;rbs_spacer=None;gc_cont=0.368
contig_8:270708-273179|+ -            824 60at766              -            816   2.4e-72  240.4  17.2   1   1   1.2e-72   3.4e-70  233.3  17.2    10   737     8   794     2   810 0.77 contig_8_269 # 270708 # 273179 # 1 # ID=19_269;partial=00;start_type=ATG;rbs_motif=GGA/GAG/AGG;rbs_spacer=5-10bp;gc_cont=0.384
contig_8:508905-511421|- -            839 60at766              -            816   3.9e-30  100.8  11.2   1   6   6.3e-14   1.8e-11   39.1   0.5     9   114     4   106     1   169 0.71 contig_8_509 # 508905 # 511421 # -1 # ID=19_509;partial=00;start_type=ATG;rbs_motif=GGA/GAG/AGG;rbs_spacer=5-10bp;gc_cont=0.386
contig_8:508905-511421|- -            839 60at766              -            816   3.9e-30  100.8  11.2   2   6   5.7e-05     0.016    9.5   0.1   339   388   170   218   168   227 0.88 contig_8_509 # 508905 # 511421 # -1 # ID=19_509;partial=00;start_type=ATG;rbs_motif=GGA/GAG/AGG;rbs_spacer=5-10bp;gc_cont=0.386
contig_8:508905-511421|- -            839 60at766              -            816   3.9e-30  100.8  11.2   3   6     0.042        12    0.0   0.0   256   287   314   345   296   358 0.81 contig_8_509 # 508905 # 511421 # -1 # ID=19_509;partial=00;start_type=ATG;rbs_motif=GGA/GAG/AGG;rbs_spacer=5-10bp;gc_cont=0.386
contig_8:508905-511421|- -            839 60at766              -            816   3.9e-30  100.8  11.2   4   6   3.7e-12     1e-09   33.3   0.0   375   539   407   579   391   590 0.73 contig_8_509 # 508905 # 511421 # -1 # ID=19_509;partial=00;start_type=ATG;rbs_motif=GGA/GAG/AGG;rbs_spacer=5-10bp;gc_cont=0.386
contig_8:508905-511421|- -            839 60at766              -            816   3.9e-30  100.8  11.2   5   6     7e-08     2e-05   19.1   0.0   530   573   597   641   588   666 0.86 contig_8_509 # 508905 # 511421 # -1 # ID=19_509;partial=00;start_type=ATG;rbs_motif=GGA/GAG/AGG;rbs_spacer=5-10bp;gc_cont=0.386
contig_8:508905-511421|- -            839 60at766              -            816   3.9e-30  100.8  11.2   6   6     0.098        28   -1.2   0.0   657   726   747   817   740   827 0.71 contig_8_509 # 508905 # 511421 # -1 # ID=19_509;partial=00;start_type=ATG;rbs_motif=GGA/GAG/AGG;rbs_spacer=5-10bp;gc_cont=0.386
contig_8:95698-97344|+   -            549 60at766              -            816   4.2e-16   54.4   3.0   1   4     1e-10   2.9e-08   28.5   0.2    43   105    15    76     3   116 0.77 contig_8_101 # 95698 # 97344 # 1 # ID=19_101;partial=00;start_type=ATG;rbs_motif=None;rbs_spacer=None;gc_cont=0.400
contig_8:95698-97344|+   -            549 60at766              -            816   4.2e-16   54.4   3.0   2   4     0.089        25   -1.1   0.0   121   169    72   122    62   140 0.78 contig_8_101 # 95698 # 97344 # 1 # ID=19_101;partial=00;start_type=ATG;rbs_motif=None;rbs_spacer=None;gc_cont=0.400
contig_8:95698-97344|+   -            549 60at766              -            816   4.2e-16   54.4   3.0   3   4    0.0019      0.53    4.4   0.2   352   407   158   216   152   264 0.80 contig_8_101 # 95698 # 97344 # 1 # ID=19_101;partial=00;start_type=ATG;rbs_motif=None;rbs_spacer=None;gc_cont=0.400
contig_8:95698-97344|+   -            549 60at766              -            816   4.2e-16   54.4   3.0   4   4   4.3e-08   1.2e-05   19.8   0.0   528   585   320   381   295   420 0.76 contig_8_101 # 95698 # 97344 # 1 # ID=19_101;partial=00;start_type=ATG;rbs_motif=None;rbs_spacer=None;gc_cont=0.400
contig_8:152800-154473|+ -            558 60at766              -            816   6.7e-07   24.0   0.1   1   2      0.23        65   -2.5   0.0    53    78   161   186   157   271 0.67 contig_8_158 # 152800 # 154473 # 1 # ID=19_158;partial=00;start_type=TTG;rbs_motif=3Base/5BMM;rbs_spacer=13-15bp;gc_cont=0.381
contig_8:152800-154473|+ -            558 60at766              -            816   6.7e-07   24.0   0.1   2   2   5.7e-09   1.6e-06   22.7   0.0   498   585   332   422   309   444 0.83 contig_8_158 # 152800 # 154473 # 1 # ID=19_158;partial=00;start_type=TTG;rbs_motif=3Base/5BMM;rbs_spacer=13-15bp;gc_cont=0.381
#
# Program:         hmmsearch
# Version:         3.1b2 (February 2015)
# Pipeline mode:   SEARCH
# Query file:      /private/groups/russelllab/jodie/busco_downloads/lineages/rickettsiales_odb10/hmms/60at766.hmm
# Target file:     private/groups/russelllab/jodie/merrill_23_wRi_genome/flye/merge_bootcamp_data/unpolished_busco.txt/prodigal_output/predicted_genes/predicted.faa
# Option settings: hmmsearch --domtblout private/groups/russelllab/jodie/merrill_23_wRi_genome/flye/merge_bootcamp_data/unpolished_busco.txt/run_rickettsiales_odb10/hmmer_output/60at766.out --cpu 1 /private/groups/russelllab/jodie/busco_downloads/lineages/rickettsiales_odb10/hmms/60at766.hmm private/groups/russelllab/jodie/merrill_23_wRi_genome/flye/merge_bootcamp_data/unpolished_busco.txt/prodigal_output/predicted_genes/predicted.faa 
# Current dir:     /private/groups/russelllab/jodie
# Date:            Fri Jan 17 16:13:39 2025
# [ok]
