#                                                                                --- full sequence --- -------------- this domain -------------   hmm coord   ali coord   env coord
# target name            accession   tlen query name           accession   qlen   E-value  score  bias   #  of  c-Evalue  i-Evalue  score  bias  from    to  from    to  from    to  acc description of target
#    ------------------- ---------- ----- -------------------- ---------- ----- --------- ------ ----- --- --- --------- --------- ------ ----- ----- ----- ----- ----- ----- ----- ---- ---------------------
contig_8:53958-55235|+   -            426 650at766             -            324  1.7e-155  513.3  13.1   1   2   1.8e-09   3.2e-07   26.1   1.1     1    37    10    53    10    68 0.83 contig_8_64 # 53958 # 55235 # 1 # ID=19_64;partial=00;start_type=ATG;rbs_motif=GGA/GAG/AGG;rbs_spacer=5-10bp;gc_cont=0.367
contig_8:53958-55235|+   -            426 650at766             -            324  1.7e-155  513.3  13.1   2   2  3.3e-150  5.7e-148  488.6   5.0    31   316    73   387    60   393 0.91 contig_8_64 # 53958 # 55235 # 1 # ID=19_64;partial=00;start_type=ATG;rbs_motif=GGA/GAG/AGG;rbs_spacer=5-10bp;gc_cont=0.367
contig_8:757236-758726|- -            497 650at766             -            324   5.6e-45  150.2   4.1   1   3   2.7e-24   4.7e-22   74.8   0.0    29   132    67   176    58   191 0.87 contig_8_742 # 757236 # 758726 # -1 # ID=19_742;partial=00;start_type=ATG;rbs_motif=GGAG/GAGG;rbs_spacer=5-10bp;gc_cont=0.371
contig_8:757236-758726|- -            497 650at766             -            324   5.6e-45  150.2   4.1   2   3   1.8e-09   3.2e-07   26.1   0.1   132   207   303   364   294   369 0.84 contig_8_742 # 757236 # 758726 # -1 # ID=19_742;partial=00;start_type=ATG;rbs_motif=GGAG/GAGG;rbs_spacer=5-10bp;gc_cont=0.371
contig_8:757236-758726|- -            497 650at766             -            324   5.6e-45  150.2   4.1   3   3     3e-16   5.2e-14   48.4   0.4   235   320   371   466   366   469 0.83 contig_8_742 # 757236 # 758726 # -1 # ID=19_742;partial=00;start_type=ATG;rbs_motif=GGAG/GAGG;rbs_spacer=5-10bp;gc_cont=0.371
contig_8:347523-350084|+ -            854 650at766             -            324   7.9e-15   51.1   0.3   1   3   1.1e-05    0.0019   13.7   0.0    65   143   199   284   185   298 0.80 contig_8_341 # 347523 # 350084 # 1 # ID=19_341;partial=00;start_type=ATG;rbs_motif=None;rbs_spacer=None;gc_cont=0.377
contig_8:347523-350084|+ -            854 650at766             -            324   7.9e-15   51.1   0.3   2   3   6.3e-08   1.1e-05   21.0   0.0    31    91   561   621   555   628 0.95 contig_8_341 # 347523 # 350084 # 1 # ID=19_341;partial=00;start_type=ATG;rbs_motif=None;rbs_spacer=None;gc_cont=0.377
contig_8:347523-350084|+ -            854 650at766             -            324   7.9e-15   51.1   0.3   3   3   2.9e-05     0.005   12.3   0.1   226   323   735   834   716   835 0.80 contig_8_341 # 347523 # 350084 # 1 # ID=19_341;partial=00;start_type=ATG;rbs_motif=None;rbs_spacer=None;gc_cont=0.377
contig_8:705803-708109|- -            769 650at766             -            324   1.5e-12   43.6   2.4   1   3     0.046       8.1    1.8   0.0    66   144   229   313   189   324 0.59 contig_8_696 # 705803 # 708109 # -1 # ID=19_696;partial=00;start_type=ATG;rbs_motif=GGA/GAG/AGG;rbs_spacer=5-10bp;gc_cont=0.340
contig_8:705803-708109|- -            769 650at766             -            324   1.5e-12   43.6   2.4   2   3   1.9e-08   3.3e-06   22.8   0.0    29   135   470   580   446   600 0.73 contig_8_696 # 705803 # 708109 # -1 # ID=19_696;partial=00;start_type=ATG;rbs_motif=GGA/GAG/AGG;rbs_spacer=5-10bp;gc_cont=0.340
contig_8:705803-708109|- -            769 650at766             -            324   1.5e-12   43.6   2.4   3   3   1.1e-06   0.00019   17.0   0.2   194   312   615   735   607   747 0.79 contig_8_696 # 705803 # 708109 # -1 # ID=19_696;partial=00;start_type=ATG;rbs_motif=GGA/GAG/AGG;rbs_spacer=5-10bp;gc_cont=0.340
contig_8:690395-692233|+ -            613 650at766             -            324   1.6e-05   20.5   0.1   1   2   2.9e-07   5.2e-05   18.8   0.0    69   147   189   261   152   265 0.76 contig_8_680 # 690395 # 692233 # 1 # ID=19_680;partial=00;start_type=ATG;rbs_motif=None;rbs_spacer=None;gc_cont=0.372
contig_8:690395-692233|+ -            613 650at766             -            324   1.6e-05   20.5   0.1   2   2       1.2   2.1e+02   -2.9   0.0   214   266   520   569   510   585 0.63 contig_8_680 # 690395 # 692233 # 1 # ID=19_680;partial=00;start_type=ATG;rbs_motif=None;rbs_spacer=None;gc_cont=0.372
contig_8:259645-260742|- -            366 650at766             -            324   1.7e-05   20.4   0.0   1   1   1.9e-07   3.3e-05   19.5   0.0    70   153   137   214    97   232 0.80 contig_8_257 # 259645 # 260742 # -1 # ID=19_257;partial=00;start_type=ATG;rbs_motif=GGA/GAG/AGG;rbs_spacer=5-10bp;gc_cont=0.360
contig_8:635509-636483|+ -            325 650at766             -            324   0.00011   17.8   0.0   1   1   1.6e-06   0.00029   16.4   0.0    30   109    19    93    11   126 0.76 contig_8_620 # 635509 # 636483 # 1 # ID=19_620;partial=00;start_type=ATG;rbs_motif=3Base/5BMM;rbs_spacer=13-15bp;gc_cont=0.389
contig_8:204088-204711|- -            208 650at766             -            324    0.0019   13.7   0.0   1   1   1.6e-05    0.0029   13.1   0.0    60    90    20    50     7    55 0.81 contig_8_215 # 204088 # 204711 # -1 # ID=19_215;partial=00;start_type=ATG;rbs_motif=3Base/5BMM;rbs_spacer=13-15bp;gc_cont=0.364
#
# Program:         hmmsearch
# Version:         3.1b2 (February 2015)
# Pipeline mode:   SEARCH
# Query file:      /private/groups/russelllab/jodie/busco_downloads/lineages/rickettsiales_odb10/hmms/650at766.hmm
# Target file:     private/groups/russelllab/jodie/merrill_23_wRi_genome/flye/merge_bootcamp_data/unpolished_busco.txt/prodigal_output/predicted_genes/predicted.faa
# Option settings: hmmsearch --domtblout private/groups/russelllab/jodie/merrill_23_wRi_genome/flye/merge_bootcamp_data/unpolished_busco.txt/run_rickettsiales_odb10/hmmer_output/650at766.out --cpu 1 /private/groups/russelllab/jodie/busco_downloads/lineages/rickettsiales_odb10/hmms/650at766.hmm private/groups/russelllab/jodie/merrill_23_wRi_genome/flye/merge_bootcamp_data/unpolished_busco.txt/prodigal_output/predicted_genes/predicted.faa 
# Current dir:     /private/groups/russelllab/jodie
# Date:            Fri Jan 17 16:13:39 2025
# [ok]
