#                                                                                 --- full sequence --- -------------- this domain -------------   hmm coord   ali coord   env coord
# target name             accession   tlen query name           accession   qlen   E-value  score  bias   #  of  c-Evalue  i-Evalue  score  bias  from    to  from    to  from    to  acc description of target
#     ------------------- ---------- ----- -------------------- ---------- ----- --------- ------ ----- --- --- --------- --------- ------ ----- ----- ----- ----- ----- ----- ----- ---- ---------------------
contig_8:91283-93031|-    -            583 968at766             -            455    7e-155  512.6  12.4   1   2  1.6e-152  5.6e-150  496.4   0.5     1   364     4   406     4   412 0.91 contig_8_98 # 91283 # 93031 # -1 # ID=19_98;partial=00;start_type=ATG;rbs_motif=None;rbs_spacer=None;gc_cont=0.337
contig_8:91283-93031|-    -            583 968at766             -            455    7e-155  512.6  12.4   2   2   4.7e-08   1.7e-05   20.1   5.7   360   448   439   529   410   540 0.75 contig_8_98 # 91283 # 93031 # -1 # ID=19_98;partial=00;start_type=ATG;rbs_motif=None;rbs_spacer=None;gc_cont=0.337
contig_18:197387-199402|- -            672 968at766             -            455     1e-05   20.9   0.0   1   2     0.035        12    0.8   0.0    49   132    54   140    47   149 0.75 contig_18_187 # 197387 # 199402 # -1 # ID=5_187;partial=00;start_type=ATG;rbs_motif=None;rbs_spacer=None;gc_cont=0.372
contig_18:197387-199402|- -            672 968at766             -            455     1e-05   20.9   0.0   2   2   2.9e-07    0.0001   17.6   0.0   213   298   161   246   153   271 0.90 contig_18_187 # 197387 # 199402 # -1 # ID=5_187;partial=00;start_type=ATG;rbs_motif=None;rbs_spacer=None;gc_cont=0.372
contig_36:534-2729|+      -            732 968at766             -            455   3.8e-05   19.0   0.0   1   2      0.86     3e+02   -3.8   0.0    47   108    85   149    69   158 0.58 contig_36_1 # 534 # 2729 # 1 # ID=16_1;partial=00;start_type=ATG;rbs_motif=AGGAG;rbs_spacer=5-10bp;gc_cont=0.381
contig_36:534-2729|+      -            732 968at766             -            455   3.8e-05   19.0   0.0   2   2   2.3e-07   8.2e-05   17.9   0.0   212   300   195   283   182   308 0.87 contig_36_1 # 534 # 2729 # 1 # ID=16_1;partial=00;start_type=ATG;rbs_motif=AGGAG;rbs_spacer=5-10bp;gc_cont=0.381
contig_8:896918-899113|+  -            732 968at766             -            455   3.8e-05   19.0   0.0   1   2      0.86     3e+02   -3.8   0.0    47   108    85   149    69   158 0.58 contig_8_871 # 896918 # 899113 # 1 # ID=19_871;partial=00;start_type=ATG;rbs_motif=AGGAG;rbs_spacer=5-10bp;gc_cont=0.381
contig_8:896918-899113|+  -            732 968at766             -            455   3.8e-05   19.0   0.0   2   2   2.3e-07   8.2e-05   17.9   0.0   212   300   195   283   182   308 0.87 contig_8_871 # 896918 # 899113 # 1 # ID=19_871;partial=00;start_type=ATG;rbs_motif=AGGAG;rbs_spacer=5-10bp;gc_cont=0.381
#
# Program:         hmmsearch
# Version:         3.1b2 (February 2015)
# Pipeline mode:   SEARCH
# Query file:      /private/groups/russelllab/jodie/busco_downloads/lineages/rickettsiales_odb10/hmms/968at766.hmm
# Target file:     private/groups/russelllab/jodie/merrill_23_wRi_genome/flye/merge_bootcamp_data/unpolished_busco.txt/prodigal_output/predicted_genes/predicted.faa
# Option settings: hmmsearch --domtblout private/groups/russelllab/jodie/merrill_23_wRi_genome/flye/merge_bootcamp_data/unpolished_busco.txt/run_rickettsiales_odb10/hmmer_output/968at766.out --cpu 1 /private/groups/russelllab/jodie/busco_downloads/lineages/rickettsiales_odb10/hmms/968at766.hmm private/groups/russelllab/jodie/merrill_23_wRi_genome/flye/merge_bootcamp_data/unpolished_busco.txt/prodigal_output/predicted_genes/predicted.faa 
# Current dir:     /private/groups/russelllab/jodie
# Date:            Fri Jan 17 16:13:39 2025
# [ok]
