#                                                                                --- full sequence --- -------------- this domain -------------   hmm coord   ali coord   env coord
# target name            accession   tlen query name           accession   qlen   E-value  score  bias   #  of  c-Evalue  i-Evalue  score  bias  from    to  from    to  from    to  acc description of target
#    ------------------- ---------- ----- -------------------- ---------- ----- --------- ------ ----- --- --- --------- --------- ------ ----- ----- ----- ----- ----- ----- ----- ---- ---------------------
contig_8:757236-758726|- -            497 977at766             -            391  1.8e-202  668.7  20.3   1   2   1.5e-61   3.5e-59  197.0   1.5     1   104    64   170    64   185 0.95 contig_8_742 # 757236 # 758726 # -1 # ID=19_742;partial=00;start_type=ATG;rbs_motif=GGAG/GAGG;rbs_spacer=5-10bp;gc_cont=0.371
contig_8:757236-758726|- -            497 977at766             -            391  1.8e-202  668.7  20.3   2   2  1.2e-146  2.8e-144  477.1  11.6   101   391   189   496   180   496 0.94 contig_8_742 # 757236 # 758726 # -1 # ID=19_742;partial=00;start_type=ATG;rbs_motif=GGAG/GAGG;rbs_spacer=5-10bp;gc_cont=0.371
contig_8:53958-55235|+   -            426 977at766             -            391   1.6e-56  188.2   0.3   1   3   1.1e-23   2.5e-21   72.4   0.0     2   101    69   172    68   177 0.90 contig_8_64 # 53958 # 55235 # 1 # ID=19_64;partial=00;start_type=ATG;rbs_motif=GGA/GAG/AGG;rbs_spacer=5-10bp;gc_cont=0.367
contig_8:53958-55235|+   -            426 977at766             -            391   1.6e-56  188.2   0.3   2   3   9.7e-12   2.3e-09   33.0   0.1   204   262   179   255   170   260 0.74 contig_8_64 # 53958 # 55235 # 1 # ID=19_64;partial=00;start_type=ATG;rbs_motif=GGA/GAG/AGG;rbs_spacer=5-10bp;gc_cont=0.367
contig_8:53958-55235|+   -            426 977at766             -            391   1.6e-56  188.2   0.3   3   3   7.1e-26   1.7e-23   79.5   0.1   260   377   287   406   284   416 0.88 contig_8_64 # 53958 # 55235 # 1 # ID=19_64;partial=00;start_type=ATG;rbs_motif=GGA/GAG/AGG;rbs_spacer=5-10bp;gc_cont=0.367
contig_8:347523-350084|+ -            854 977at766             -            391   4.1e-08   28.9   1.1   1   4     0.021       4.9    2.3   0.1    44    66   201   223   183   232 0.80 contig_8_341 # 347523 # 350084 # 1 # ID=19_341;partial=00;start_type=ATG;rbs_motif=None;rbs_spacer=None;gc_cont=0.377
contig_8:347523-350084|+ -            854 977at766             -            391   4.1e-08   28.9   1.1   2   4       1.7   3.9e+02   -4.0   0.0   195   221   263   289   259   293 0.76 contig_8_341 # 347523 # 350084 # 1 # ID=19_341;partial=00;start_type=ATG;rbs_motif=None;rbs_spacer=None;gc_cont=0.377
contig_8:347523-350084|+ -            854 977at766             -            391   4.1e-08   28.9   1.1   3   4   1.4e-08   3.2e-06   22.6   0.0     7    67   562   620   558   640 0.84 contig_8_341 # 347523 # 350084 # 1 # ID=19_341;partial=00;start_type=ATG;rbs_motif=None;rbs_spacer=None;gc_cont=0.377
contig_8:347523-350084|+ -            854 977at766             -            391   4.1e-08   28.9   1.1   4   4      0.16        38   -0.7   0.0   268   329   743   800   737   823 0.73 contig_8_341 # 347523 # 350084 # 1 # ID=19_341;partial=00;start_type=ATG;rbs_motif=None;rbs_spacer=None;gc_cont=0.377
contig_8:690395-692233|+ -            613 977at766             -            391   7.8e-07   24.7   2.5   1   3   4.4e-09     1e-06   24.3   0.0    16    99   158   240   154   244 0.73 contig_8_680 # 690395 # 692233 # 1 # ID=19_680;partial=00;start_type=ATG;rbs_motif=None;rbs_spacer=None;gc_cont=0.372
contig_8:690395-692233|+ -            613 977at766             -            391   7.8e-07   24.7   2.5   2   3      0.38        89   -1.9   0.0   207   219   248   260   244   270 0.81 contig_8_680 # 690395 # 692233 # 1 # ID=19_680;partial=00;start_type=ATG;rbs_motif=None;rbs_spacer=None;gc_cont=0.372
contig_8:690395-692233|+ -            613 977at766             -            391   7.8e-07   24.7   2.5   3   3      0.73   1.7e+02   -2.8   0.8   316   364   536   584   529   608 0.56 contig_8_680 # 690395 # 692233 # 1 # ID=19_680;partial=00;start_type=ATG;rbs_motif=None;rbs_spacer=None;gc_cont=0.372
contig_8:705803-708109|- -            769 977at766             -            391   1.7e-06   23.6   0.4   1   3      0.36        83   -1.8   0.0    46    62   232   248   223   254 0.85 contig_8_696 # 705803 # 708109 # -1 # ID=19_696;partial=00;start_type=ATG;rbs_motif=GGA/GAG/AGG;rbs_spacer=5-10bp;gc_cont=0.340
contig_8:705803-708109|- -            769 977at766             -            391   1.7e-06   23.6   0.4   2   3      0.13        30   -0.3   0.0   196   223   290   319   284   330 0.71 contig_8_696 # 705803 # 708109 # -1 # ID=19_696;partial=00;start_type=ATG;rbs_motif=GGA/GAG/AGG;rbs_spacer=5-10bp;gc_cont=0.340
contig_8:705803-708109|- -            769 977at766             -            391   1.7e-06   23.6   0.4   3   3   1.5e-07   3.6e-05   19.2   0.0     5    88   471   552   467   557 0.82 contig_8_696 # 705803 # 708109 # -1 # ID=19_696;partial=00;start_type=ATG;rbs_motif=GGA/GAG/AGG;rbs_spacer=5-10bp;gc_cont=0.340
contig_8:259645-260742|- -            366 977at766             -            391    0.0059   11.9   0.1   1   2    0.0014      0.33    6.1   0.0    48    91   138   180   122   190 0.81 contig_8_257 # 259645 # 260742 # -1 # ID=19_257;partial=00;start_type=ATG;rbs_motif=GGA/GAG/AGG;rbs_spacer=5-10bp;gc_cont=0.360
contig_8:259645-260742|- -            366 977at766             -            391    0.0059   11.9   0.1   2   2    0.0059       1.4    4.1   0.1   196   221   182   209   177   218 0.73 contig_8_257 # 259645 # 260742 # -1 # ID=19_257;partial=00;start_type=ATG;rbs_motif=GGA/GAG/AGG;rbs_spacer=5-10bp;gc_cont=0.360
#
# Program:         hmmsearch
# Version:         3.1b2 (February 2015)
# Pipeline mode:   SEARCH
# Query file:      /private/groups/russelllab/jodie/busco_downloads/lineages/rickettsiales_odb10/hmms/977at766.hmm
# Target file:     private/groups/russelllab/jodie/merrill_23_wRi_genome/flye/merge_bootcamp_data/unpolished_busco.txt/prodigal_output/predicted_genes/predicted.faa
# Option settings: hmmsearch --domtblout private/groups/russelllab/jodie/merrill_23_wRi_genome/flye/merge_bootcamp_data/unpolished_busco.txt/run_rickettsiales_odb10/hmmer_output/977at766.out --cpu 1 /private/groups/russelllab/jodie/busco_downloads/lineages/rickettsiales_odb10/hmms/977at766.hmm private/groups/russelllab/jodie/merrill_23_wRi_genome/flye/merge_bootcamp_data/unpolished_busco.txt/prodigal_output/predicted_genes/predicted.faa 
# Current dir:     /private/groups/russelllab/jodie
# Date:            Fri Jan 17 16:13:39 2025
# [ok]
