
Found perl:
   /private/home/jomojaco/mambaforge/envs/improve_assembly/bin/perl
   This is perl 5, version 32, subversion 1 (v5.32.1) built for x86_64-linux-thread-multi

Found java:
   /private/home/jomojaco/mambaforge/envs/improve_assembly/lib/jvm/bin/java
   openjdk version "23.0.1-internal" 2024-10-15

Found canu:
   /private/home/jomojaco/mambaforge/envs/improve_assembly/bin/canu
   canu 2.2

-- canu 2.2
--
-- CITATIONS
--
-- For 'standard' assemblies of PacBio or Nanopore reads:
--   Koren S, Walenz BP, Berlin K, Miller JR, Phillippy AM.
--   Canu: scalable and accurate long-read assembly via adaptive k-mer weighting and repeat separation.
--   Genome Res. 2017 May;27(5):722-736.
--   http://doi.org/10.1101/gr.215087.116
-- 
-- Read and contig alignments during correction and consensus use:
--   Šošic M, Šikic M.
--   Edlib: a C/C ++ library for fast, exact sequence alignment using edit distance.
--   Bioinformatics. 2017 May 1;33(9):1394-1395.
--   http://doi.org/10.1093/bioinformatics/btw753
-- 
-- Overlaps are generated using:
--   Berlin K, et al.
--   Assembling large genomes with single-molecule sequencing and locality-sensitive hashing.
--   Nat Biotechnol. 2015 Jun;33(6):623-30.
--   http://doi.org/10.1038/nbt.3238
-- 
--   Myers EW, et al.
--   A Whole-Genome Assembly of Drosophila.
--   Science. 2000 Mar 24;287(5461):2196-204.
--   http://doi.org/10.1126/science.287.5461.2196
-- 
-- Corrected read consensus sequences are generated using an algorithm derived from FALCON-sense:
--   Chin CS, et al.
--   Phased diploid genome assembly with single-molecule real-time sequencing.
--   Nat Methods. 2016 Dec;13(12):1050-1054.
--   http://doi.org/10.1038/nmeth.4035
-- 
-- Contig consensus sequences are generated using an algorithm derived from pbdagcon:
--   Chin CS, et al.
--   Nonhybrid, finished microbial genome assemblies from long-read SMRT sequencing data.
--   Nat Methods. 2013 Jun;10(6):563-9
--   http://doi.org/10.1038/nmeth.2474
-- 
-- CONFIGURE CANU
--
-- Detected Java(TM) Runtime Environment '23.0.1-internal' (from '/private/home/jomojaco/mambaforge/envs/improve_assembly/lib/jvm/bin/java') without -d64 support.
-- Detected gnuplot version '5.4 patchlevel 10   ' (from 'gnuplot') and image format 'png'.
--
-- Detected 1 CPUs and 4096 gigabytes of memory on the local machine.
--
-- Detected Slurm with 'sinfo' binary in /usr/bin/sinfo.
-- Detected Slurm with task IDs up to 99999 allowed.
-- 
-- Slurm support detected.  Resources available:
--      1 host  with 256 cores and  972 GB memory.
--     19 hosts with 256 cores and 1949 GB memory.
--      5 hosts with 384 cores and 2147 GB memory.
--
--                         (tag)Threads
--                (tag)Memory         |
--        (tag)             |         |  algorithm
--        -------  ----------  --------  -----------------------------
-- Grid:  meryl     12.000 GB    4 CPUs  (k-mer counting)
-- Grid:  hap        8.000 GB    4 CPUs  (read-to-haplotype assignment)
-- Grid:  cormhap    6.000 GB   16 CPUs  (overlap detection with mhap)
-- Grid:  obtovl     4.000 GB    8 CPUs  (overlap detection)
-- Grid:  utgovl     4.000 GB    8 CPUs  (overlap detection)
-- Grid:  cor        -.--- GB    4 CPUs  (read correction)
-- Grid:  ovb        4.000 GB    1 CPU   (overlap store bucketizer)
-- Grid:  ovs        8.000 GB    1 CPU   (overlap store sorting)
-- Grid:  red       15.000 GB    4 CPUs  (read error detection)
-- Grid:  oea        8.000 GB    1 CPU   (overlap error adjustment)
-- Grid:  bat       16.000 GB    4 CPUs  (contig construction with bogart)
-- Grid:  cns        -.--- GB    4 CPUs  (consensus)
--
-- Found untrimmed raw Nanopore reads in the input files.
--
-- Generating assembly 'canu' in '/private/groups/russelllab/jodie/merrill_23_wRi_genome/flye/merge_bootcamp_data/improve_assembly/canu':
--   genomeSize:
--     1300000
--
--   Overlap Generation Limits:
--     corOvlErrorRate 0.3200 ( 32.00%)
--     obtOvlErrorRate 0.1200 ( 12.00%)
--     utgOvlErrorRate 0.1200 ( 12.00%)
--
--   Overlap Processing Limits:
--     corErrorRate    0.3000 ( 30.00%)
--     obtErrorRate    0.1200 ( 12.00%)
--     utgErrorRate    0.1200 ( 12.00%)
--     cnsErrorRate    0.2000 ( 20.00%)
--
--   Stages to run:
--     correct raw reads.
--     trim corrected reads.
--     assemble corrected and trimmed reads.
--
--
-- BEGIN CORRECTION
----------------------------------------
-- Starting command on Thu Jan 23 09:51:52 2025 with 475299.425 GB free disk space

    cd .
    ./canu.seqStore.sh \
    > ./canu.seqStore.err 2>&1

-- Finished on Thu Jan 23 09:51:52 2025 (like a bat out of hell) with 475299.425 GB free disk space
----------------------------------------
--
-- In sequence store './canu.seqStore':
--   Found 18 reads.
--   Found 1453849 bases (1.11 times coverage).
--    Histogram of raw reads:
--    
--    G=1453849                          sum of  ||               length     num
--    NG         length     index       lengths  ||                range    seqs
--    ----- ------------ --------- ------------  ||  ------------------- -------
--    00010       902718         0       902718  ||       1045-19078          14|---------------------------------------------------------------
--    00020       902718         0       902718  ||      19079-37112           1|-----
--    00030       902718         0       902718  ||      37113-55146           1|-----
--    00040       902718         0       902718  ||      55147-73180           0|
--    00050       902718         0       902718  ||      73181-91214           0|
--    00060       902718         0       902718  ||      91215-109248          0|
--    00070       447292         1      1350010  ||     109249-127282          0|
--    00080       447292         1      1350010  ||     127283-145316          0|
--    00090       447292         1      1350010  ||     145317-163350          0|
--    00100         1045        17      1453849  ||     163351-181384          0|
--    001.000x                  18      1453849  ||     181385-199418          0|
--                                               ||     199419-217452          0|
--                                               ||     217453-235486          0|
--                                               ||     235487-253520          0|
--                                               ||     253521-271554          0|
--                                               ||     271555-289588          0|
--                                               ||     289589-307622          0|
--                                               ||     307623-325656          0|
--                                               ||     325657-343690          0|
--                                               ||     343691-361724          0|
--                                               ||     361725-379758          0|
--                                               ||     379759-397792          0|
--                                               ||     397793-415826          0|
--                                               ||     415827-433860          0|
--                                               ||     433861-451894          1|-----
--                                               ||     451895-469928          0|
--                                               ||     469929-487962          0|
--                                               ||     487963-505996          0|
--                                               ||     505997-524030          0|
--                                               ||     524031-542064          0|
--                                               ||     542065-560098          0|
--                                               ||     560099-578132          0|
--                                               ||     578133-596166          0|
--                                               ||     596167-614200          0|
--                                               ||     614201-632234          0|
--                                               ||     632235-650268          0|
--                                               ||     650269-668302          0|
--                                               ||     668303-686336          0|
--                                               ||     686337-704370          0|
--                                               ||     704371-722404          0|
--                                               ||     722405-740438          0|
--                                               ||     740439-758472          0|
--                                               ||     758473-776506          0|
--                                               ||     776507-794540          0|
--                                               ||     794541-812574          0|
--                                               ||     812575-830608          0|
--                                               ||     830609-848642          0|
--                                               ||     848643-866676          0|
--                                               ||     866677-884710          0|
--                                               ||     884711-902744          1|-----
--    
--
-- ERROR:  Read coverage (1.11) lower than allowed.
-- ERROR:    minInputCoverage  = 10
-- ERROR:
-- ERROR:  This could be caused by an incorrect genomeSize.
-- ERROR:
-- ERROR:  You can force Canu to continue by decreasing parameter
-- ERROR:  minInputCoverage.  Be warned that the quality of corrected
-- ERROR:  reads and/or contiguity of contigs will be poor.
--

ABORT:
ABORT: canu 2.2
ABORT: Don't panic, but a mostly harmless error occurred and Canu stopped.
ABORT: Try restarting.  If that doesn't work, ask for help.
ABORT:
