>contig_10
2	637	-	2	1.269099	I:	D:
749	1291	-	2	1.310205	I:	D:
1423	2748	+	1	1.298785	I:	D:
2827	3045	+	1	1.305707	I:	D:
3061	3588	+	1	1.322648	I:3378,3423,3495,	D:
>contig_11
1	2809	-	1	1.303773	I:133,233,1115,	D:177,711,
2923	3534	+	1	1.355669	I:3138,	D:3230,
>contig_14
51	125	+	3	1.377836	I:	D:
176	1447	-	2	1.304088	I:	D:
1461	1721	-	3	1.251310	I:	D:
1867	2658	+	1	1.304439	I:	D:
2675	3592	+	2	1.289863	I:	D:
>contig_16
1	458	+	1	1.333660	I:325,384,	D:
764	940	+	2	1.296387	I:	D:
1116	2515	-	3	1.310890	I:1213,1270,	D:
2559	4382	-	3	1.296179	I:	D:
>contig_18
12	437	+	3	1.277751	I:	D:
565	1711	+	1	1.317597	I:	D:933,1344,
1729	3037	-	1	1.293341	I:2808,	D:
3102	4016	-	3	1.289847	I:	D:
4210	4445	+	1	1.328004	I:	D:4274,
4500	5411	-	3	1.302307	I:	D:
5437	6345	-	1	1.273363	I:	D:
6421	7554	-	1	1.311792	I:	D:
7655	8311	-	2	1.295429	I:	D:
8481	9392	-	3	1.274306	I:	D:
9522	10044	+	3	1.337872	I:9961,	D:
10222	10365	+	1	1.351091	I:	D:
10403	11734	+	2	1.348473	I:	D:
11744	11824	+	2	1.227669	I:	D:
11877	12911	-	3	1.291261	I:	D:
13146	14165	+	3	1.292503	I:13249,13431,13469,	D:
14305	15687	+	1	1.319716	I:	D:
15749	17117	-	2	1.315823	I:15786,	D:
17245	18684	+	1	1.266668	I:	D:
18779	18859	+	2	1.227669	I:	D:
18912	19946	-	3	1.291021	I:	D:
20198	21722	-	2	1.288522	I:21148,	D:
21885	22014	-	3	1.490890	I:21955,	D:
22671	23543	-	3	1.302528	I:	D:
23659	23997	-	1	1.304289	I:	D:
24066	25471	+	3	1.300724	I:	D:24980,
25501	28147	+	1	1.282382	I:26837,	D:
28161	28707	-	3	1.312998	I:28172,	D:
29012	29384	+	2	1.306018	I:29378,	D:
29421	29705	-	3	1.279258	I:	D:
30020	31867	+	2	1.245885	I:	D:
31988	32437	+	2	1.271317	I:	D:
32444	33235	+	2	1.337056	I:	D:
33630	33802	-	3	1.392291	I:33693,33742,	D:
33894	35671	+	3	1.319541	I:	D:33920,
36033	36227	+	3	1.265562	I:	D:
36237	36317	+	3	1.227669	I:	D:
36370	37404	-	1	1.291261	I:	D:
37420	38962	+	1	1.293761	I:37577,	D:
38967	39575	+	3	1.261855	I:	D:
39580	40386	+	1	1.270495	I:	D:
40541	41023	+	2	1.266623	I:	D:
41033	41989	+	2	1.347304	I:	D:
42028	44167	-	1	1.296814	I:44027,	D:
44231	45553	+	2	1.303021	I:	D:
45695	45871	+	2	1.311197	I:	D:
46200	49574	+	3	1.311761	I:	D:
49623	50396	+	3	1.257078	I:	D:
50399	50671	+	2	1.329550	I:	D:
50679	51233	+	3	1.250591	I:	D:
51240	52762	+	3	1.307042	I:	D:51457,
53005	54261	-	1	1.318440	I:	D:
54304	55406	+	1	1.313074	I:	D:55331,
55449	56831	-	3	1.321344	I:	D:
56997	57746	-	3	1.328686	I:57129,	D:57072,
57768	59069	-	3	1.270188	I:	D:
59153	60589	-	2	1.334145	I:	D:
60635	61212	+	2	1.350107	I:	D:60669,
61235	61711	+	2	1.317411	I:	D:
61877	63280	-	2	1.283850	I:	D:
63480	64082	-	3	1.262240	I:	D:
64390	66189	+	1	1.266643	I:	D:
66392	66472	+	2	1.227669	I:	D:
66525	67559	-	3	1.291261	I:	D:
67752	68716	+	3	1.331910	I:68593,68642,68663,	D:68451,
68805	68919	+	3	1.265239	I:68823,	D:
68975	69768	+	2	1.317176	I:69214,69656,	D:
69817	69921	+	1	1.384783	I:	D:
69965	71055	+	2	1.307931	I:	D:69975,
71221	72228	-	1	1.303355	I:	D:
72339	72645	+	3	1.423747	I:72477,72549,	D:72512,
72704	73441	-	2	1.320978	I:	D:
74311	75447	-	1	1.305244	I:	D:
75603	76301	+	3	1.311486	I:	D:
76354	76518	+	1	1.316962	I:	D:
76540	77214	-	1	1.305918	I:	D:
77254	77721	-	1	1.274404	I:	D:
77769	80050	+	3	1.319611	I:	D:78963,
80163	81580	+	3	1.352067	I:80492,80984,81099,81250,81378,	D:
81662	82342	-	2	1.291653	I:	D:
82454	82882	-	2	1.299912	I:	D:
82958	83788	+	2	1.311653	I:	D:
83795	84079	-	2	1.263255	I:	D:
84080	84472	-	2	1.286861	I:	D:
84553	85602	+	1	1.301050	I:	D:
85623	87431	-	3	1.406041	I:85751,85769,85889,85981,	D:86071,
87945	88121	+	3	1.307723	I:	D:
88421	90648	-	2	1.309870	I:	D:90000,
90912	91778	+	3	1.333197	I:91105,	D:91014,
91882	92214	+	1	1.288813	I:	D:
92249	92620	+	2	1.311924	I:	D:
92757	93851	-	3	1.275464	I:	D:
94007	95002	+	2	1.285371	I:94055,	D:94928,
95013	95342	+	3	1.281832	I:	D:
95365	95739	+	1	1.313478	I:	D:
95958	96787	+	3	1.327922	I:96017,96163,96293,96344,96600,96673,	D:96170,
96828	97078	+	3	1.301196	I:96851,96995,	D:
97116	100020	-	3	1.288343	I:97246,	D:
100638	101582	+	3	1.306868	I:	D:
101694	101940	+	3	1.330270	I:101830,	D:
101947	104211	-	1	1.328339	I:	D:
104221	105591	-	1	1.309708	I:	D:
105624	106296	+	3	1.307292	I:105754,106195,	D:105720,
106591	107208	+	1	1.243956	I:	D:
107233	107565	+	1	1.279649	I:	D:
107597	108868	+	2	1.329131	I:	D:
108991	110373	-	1	1.321344	I:	D:
110629	110802	+	1	1.250530	I:	D:
110875	111340	+	1	1.255120	I:111108,	D:
111431	112510	-	2	1.275844	I:	D:
112723	113178	-	1	1.339388	I:	D:
113207	113332	-	2	1.280705	I:	D:
113621	115499	-	2	1.322009	I:	D:114697,115159,
115527	117380	-	3	1.267127	I:	D:
117761	125417	-	2	1.271178	I:	D:125292,125372,
125558	126637	-	2	1.268711	I:	D:
126733	129333	-	1	1.267181	I:	D:
129455	129581	-	2	1.300302	I:129505,	D:
129862	130005	+	1	1.262966	I:	D:
130207	131127	-	1	1.317195	I:	D:
131137	131355	-	1	1.299145	I:	D:
131480	131973	+	2	1.286224	I:	D:131967,
131982	133564	-	3	1.285356	I:132974,133158,	D:
133568	136112	-	2	1.282535	I:135741,135787,	D:135885,
136129	143206	-	1	1.309004	I:136653,137809,	D:136684,138392,139851,140113,141247,142404,142866,
143234	144079	-	2	1.277378	I:	D:
144086	146010	-	2	1.311288	I:	D:144799,
146017	146814	-	1	1.298094	I:	D:
146824	149134	-	1	1.309677	I:147876,148338,148822,	D:147169,147517,
149218	150222	-	1	1.325422	I:	D:
150248	150619	-	2	1.303220	I:	D:
150687	154173	-	3	1.306137	I:	D:151732,153154,
154200	154424	-	3	1.279120	I:	D:
154426	157582	-	1	1.321292	I:156252,156270,	D:157425,
157598	158632	+	2	1.291654	I:	D:
158685	158765	-	3	1.234989	I:	D:
158926	160411	+	1	1.280364	I:160342,	D:
160419	163814	-	3	1.322947	I:162726,	D:161346,
164172	165098	+	3	1.325823	I:164430,164531,	D:164675,164827,
165323	168545	-	2	1.307362	I:166237,166409,	D:166146,166278,166491,166583,
168753	170451	-	3	1.310976	I:169576,	D:
170582	170686	-	2	1.288411	I:	D:
170702	173159	-	2	1.307503	I:171734,	D:
174025	174642	+	1	1.277856	I:	D:
174644	175918	+	2	1.299565	I:	D:
176218	177813	-	1	1.281461	I:	D:
178538	179755	-	2	1.315286	I:	D:
179756	180256	-	2	1.291574	I:	D:
180481	182658	+	1	1.303727	I:182528,	D:182584,
183142	183912	-	1	1.291138	I:	D:
184238	186492	+	2	1.305718	I:185217,185718,	D:
186535	187671	+	1	1.293850	I:	D:
187675	188463	-	1	1.324012	I:	D:
188550	189361	-	3	1.343337	I:	D:189032,
189387	190981	-	3	1.288264	I:	D:189802,
191230	191679	-	1	1.257197	I:	D:
191763	194905	-	3	1.304191	I:193197,194769,	D:
195100	197371	+	1	1.290625	I:196275,	D:
197387	201149	-	2	1.296579	I:	D:199433,200662,
201173	201970	-	2	1.323463	I:	D:
202022	202513	-	2	1.279117	I:	D:
203186	203308	-	2	1.228886	I:	D:
203397	203867	+	3	1.274859	I:	D:
203871	204891	+	3	1.286061	I:204478,	D:
204948	205028	+	3	1.227669	I:	D:
205081	206115	-	1	1.291261	I:	D:
206637	206957	+	3	1.297112	I:	D:
206968	207945	+	1	1.289822	I:	D:
208007	208576	+	2	1.265588	I:	D:
208594	209701	+	1	1.301418	I:209588,	D:
209768	211058	-	2	1.292280	I:210539,	D:
211499	212271	-	2	1.301952	I:211992,212189,	D:
212302	212800	-	1	1.273745	I:212745,	D:
212963	213158	+	2	1.391207	I:213063,	D:
213196	213776	+	1	1.335300	I:213249,213313,213417,	D:213504,
213827	216324	+	2	1.335931	I:215271,	D:215131,215748,
216426	218367	+	3	1.350584	I:	D:217692,218039,218081,218106,218256,
218546	220046	+	2	1.330326	I:220012,	D:
220051	220713	-	1	1.310427	I:	D:
220772	221566	-	2	1.239986	I:	D:
221640	223066	-	3	1.287507	I:	D:222502,
223185	223655	-	3	1.298187	I:	D:
223731	224615	+	3	1.289327	I:	D:
224617	225598	-	1	1.274451	I:224626,	D:
225647	225867	+	2	1.415396	I:225720,225811,	D:
225957	228001	+	3	1.315739	I:	D:227877,
228918	229205	+	3	1.303422	I:	D:
229221	229796	-	3	1.335033	I:	D:
229880	230198	-	2	1.260963	I:230181,	D:
230248	231992	-	1	1.325260	I:230532,230643,	D:230330,230410,230594,
232034	232828	+	2	1.350826	I:232742,	D:232376,
232846	233445	-	1	1.281776	I:	D:
233515	233816	+	1	1.327017	I:	D:233570,
233852	234925	+	2	1.281665	I:	D:
234928	235800	+	1	1.264508	I:	D:
235804	237288	+	1	1.266456	I:	D:
237519	238281	+	3	1.369693	I:237679,	D:
238357	238470	+	1	1.234104	I:	D:
238615	239934	+	1	1.292536	I:	D:
240016	240258	+	1	1.286773	I:	D:
240279	242291	+	3	1.322591	I:	D:
242563	243945	+	1	1.319949	I:	D:
244142	246055	-	2	1.312117	I:	D:
246463	246754	-	1	1.326769	I:246548,	D:
246858	247031	+	3	1.293454	I:	D:
247128	247968	+	3	1.337027	I:247357,247856,	D:247593,
248017	248260	+	1	1.373835	I:248173,	D:
248276	250387	-	2	1.329468	I:248658,249700,250212,250238,	D:250093,
250914	253161	+	3	1.328183	I:252493,253050,	D:252435,
253212	255026	+	3	1.322178	I:254656,	D:254516,
255040	255532	-	1	1.320684	I:255062,	D:
255655	260014	-	1	1.300970	I:256283,	D:
260104	270711	-	1	1.311458	I:265394,268013,270398,	D:263060,265447,270419,
270820	272355	+	1	1.291226	I:	D:
272657	272833	-	2	1.293969	I:	D:
273040	276059	-	1	1.328847	I:273248,273359,273482,	D:273134,
276225	276668	+	3	1.282180	I:	D:
276767	276973	+	2	1.313130	I:	D:
276994	277359	+	1	1.310292	I:	D:
277372	278271	+	1	1.308277	I:	D:
278352	279949	+	3	1.295278	I:	D:279841,
280607	282149	+	2	1.320691	I:282099,	D:
282167	283147	-	2	1.302108	I:	D:
283276	283479	+	1	1.295306	I:	D:
283518	284312	+	3	1.315108	I:	D:
284396	285971	+	2	1.307298	I:285757,285850,	D:285820,
286028	287390	-	2	1.319949	I:286971,	D:
287596	289869	-	1	1.287412	I:	D:
289884	290156	-	3	1.308477	I:	D:
290169	291455	-	3	1.326261	I:290521,290961,291192,	D:
291607	292848	+	1	1.286088	I:	D:
292854	293686	-	3	1.349527	I:	D:293346,
293728	294470	+	1	1.314758	I:293736,294313,	D:
295310	296335	+	2	1.277383	I:	D:
296539	297470	+	1	1.314244	I:	D:297417,
297472	297854	+	1	1.407996	I:297580,297781,	D:
298359	299105	+	3	1.328851	I:	D:
299113	301703	-	1	1.294129	I:300854,301323,	D:
301716	302099	-	3	1.299112	I:	D:
302278	303189	+	1	1.295106	I:	D:
303199	304519	-	1	1.318938	I:303210,	D:
305057	306183	-	2	1.328648	I:305189,305214,305267,305735,306037,	D:
306293	307125	-	2	1.349527	I:	D:306785,
307146	310794	-	3	1.314678	I:307960,310105,	D:307244,308446,309716,310148,
310984	311307	-	1	1.309007	I:	D:
311424	312044	-	3	1.329928	I:	D:
312578	312754	-	2	1.301005	I:	D:
312969	314351	-	3	1.321344	I:	D:
314613	315493	+	3	1.326663	I:314790,315229,315280,315325,315370,315437,	D:314934,
315638	318615	-	2	1.323227	I:	D:315795,
318724	321687	+	1	1.325382	I:	D:
321783	322362	+	3	1.323637	I:322246,	D:
322930	325725	+	1	1.329175	I:	D:
325780	326424	+	1	1.321200	I:	D:
326533	327297	+	1	1.330543	I:326601,	D:327248,
327460	330413	-	1	1.310126	I:328877,330117,	D:
330466	332388	-	1	1.261408	I:	D:
332475	334247	-	3	1.294587	I:	D:
334397	334597	+	2	1.252160	I:	D:
334623	334898	+	3	1.287827	I:	D:
334955	335836	-	2	1.281694	I:	D:
335873	337995	+	2	1.294608	I:336543,336628,	D:
338290	338491	+	1	1.314763	I:338294,	D:
338600	339690	+	2	1.307931	I:	D:338610,
339865	340851	-	1	1.300796	I:	D:
340970	341692	+	2	1.280465	I:	D:
341938	343218	-	1	1.333077	I:342518,	D:342476,
343277	344041	-	2	1.299899	I:	D:
344092	345140	+	1	1.393570	I:344608,344853,344892,344923,344976,345076,	D:344785,
345423	346546	-	3	1.324642	I:	D:345553,
346687	347139	+	1	1.296668	I:	D:
347461	348405	+	1	1.312193	I:347714,347857,348142,	D:
348619	349893	-	1	1.317588	I:	D:
350029	351495	+	1	1.294509	I:	D:
351574	351866	-	1	1.400798	I:351766,351824,	D:
351922	353088	+	1	1.295441	I:	D:
353180	353383	+	2	1.363308	I:	D:
353417	354063	+	2	1.335043	I:353901,	D:353526,353733,
354093	355351	-	3	1.320219	I:354348,354876,	D:
355352	356294	-	2	1.356248	I:	D:355492,355954,
356353	357209	-	1	1.312603	I:	D:357200,
357238	357387	+	1	1.269703	I:	D:
357499	358331	+	1	1.350607	I:	D:357841,
358424	360377	-	2	1.321087	I:358489,	D:
360505	360918	-	1	1.285225	I:	D:
361003	362037	+	1	1.320326	I:361105,	D:361730,
362042	363898	+	2	1.320130	I:	D:
363902	368114	+	2	1.319104	I:365338,365415,366694,366712,367724,	D:367588,
368177	368509	-	2	1.281056	I:	D:
368611	369063	-	1	1.284690	I:	D:
369109	370581	-	1	1.291293	I:	D:
370979	371110	-	2	1.258146	I:	D:
371282	372535	+	2	1.314860	I:	D:
372635	374017	+	2	1.319716	I:	D:
374054	374572	-	2	1.282085	I:	D:
374585	377299	-	2	1.326649	I:	D:376487,376684,376805,
377404	379021	+	1	1.316067	I:378704,378796,	D:378894,
379036	380128	+	1	1.309929	I:380047,	D:
380655	380777	+	3	1.365427	I:	D:
380798	382989	-	2	1.307260	I:381757,382803,	D:
383316	384792	+	3	1.316117	I:384089,	D:
384900	387275	+	3	1.289547	I:	D:
387502	387999	+	1	1.277333	I:	D:
388065	389228	+	3	1.284465	I:	D:
389299	389593	-	1	1.387333	I:389451,	D:
389601	392719	+	3	1.343510	I:389947,389993,390064,390115,391925,391963,	D:390366,
392722	394001	-	1	1.318226	I:	D:392784,
394043	395706	-	2	1.348904	I:394110,	D:394285,394296,
395924	396421	+	2	1.323127	I:	D:
396666	398152	+	3	1.318582	I:397364,397409,	D:
398179	399216	-	1	1.298258	I:	D:
399266	401842	-	2	1.296715	I:	D:
402086	402404	-	2	1.328226	I:402253,	D:
402408	403120	-	3	1.301498	I:	D:402896,
403279	404159	-	1	1.309952	I:	D:403357,
404165	404845	-	2	1.282085	I:	D:
404965	405177	-	1	1.404158	I:	D:
405219	405584	-	3	1.278890	I:	D:
405706	407373	-	1	1.291934	I:	D:
407382	409316	-	3	1.331064	I:	D:
409501	409987	-	1	1.317871	I:409725,	D:
410022	414173	+	3	1.302782	I:411223,	D:411625,
414447	415829	+	3	1.319716	I:	D:
415854	416735	-	3	1.344252	I:415946,	D:416395,
416814	417443	+	3	1.270237	I:	D:
417471	418491	+	3	1.347069	I:	D:417813,418276,
418726	419919	-	1	1.329412	I:	D:
420155	420627	-	2	1.313389	I:	D:420416,
420881	422481	+	2	1.307070	I:	D:421489,
422493	424269	-	3	1.391892	I:422638,422777,422817,	D:422602,422730,
424276	424567	+	1	1.445535	I:	D:424338,424414,
425049	425846	-	3	1.308120	I:	D:
425853	427103	-	3	1.303855	I:	D:
427152	427334	+	3	1.382681	I:	D:
427383	428454	-	3	1.308387	I:427763,	D:
428529	429251	+	3	1.267803	I:	D:
429259	430285	-	1	1.289405	I:429266,	D:
430419	431071	+	3	1.276942	I:	D:430692,
431138	431956	-	2	1.277770	I:	D:
432018	432172	+	3	1.264903	I:	D:432073,
432359	433375	+	2	1.313795	I:	D:
433445	434638	+	2	1.290009	I:	D:
434684	435090	-	2	1.307664	I:	D:434933,
435106	436140	+	1	1.291654	I:	D:
436193	436273	-	2	1.234989	I:	D:
436437	437687	-	3	1.279911	I:	D:
437768	438037	-	2	1.304525	I:	D:
438089	438814	-	2	1.302234	I:	D:
438870	439856	-	3	1.305959	I:	D:
440222	440857	-	2	1.271682	I:	D:
440987	442051	-	2	1.290265	I:	D:
442089	442997	-	3	1.306069	I:	D:
443093	444295	+	2	1.286002	I:	D:
445254	446318	-	3	1.291622	I:	D:
446415	447003	+	3	1.320848	I:446790,	D:
447051	447290	+	3	1.303630	I:	D:
>contig_2
1	1093	+	1	1.307212	I:829,1031,	D:948,
1470	2082	-	3	1.340879	I:1551,	D:
2083	2238	-	1	1.254658	I:	D:
>contig_23
2	313	+	2	1.349242	I:257,	D:136,
566	5767	+	2	1.357034	I:4886,	D:1660,
>contig_25
146	803	+	2	1.266286	I:150,334,443,618,	D:324,469,628,
829	909	+	1	1.211355	I:	D:
>contig_26
1	174	+	1	1.336311	I:	D:
260	1722	+	2	1.362494	I:	D:932,
1787	2218	+	2	1.297391	I:	D:
>contig_30
2	1042	+	2	1.265567	I:	D:
>contig_31
477	572	-	3	1.193979	I:	D:
958	1294	-	1	1.331340	I:1158,1196,	D:1056,
1921	2016	-	1	1.221301	I:	D:
>contig_32
>contig_33
2	109	+	2	1.376067	I:	D:
131	2372	+	2	1.349626	I:293,	D:
>contig_34
3	1052	-	3	1.344413	I:741,887,	D:274,911,
1154	1255	+	2	1.299652	I:	D:
>contig_35
2	170	+	2	1.412244	I:118,	D:
218	511	-	2	1.317154	I:	D:
801	1334	-	3	1.326256	I:	D:
1497	1703	+	3	1.313082	I:	D:
1868	2062	-	2	1.349964	I:	D:
2078	2289	-	2	1.366649	I:	D:2192,
>contig_36
534	2729	+	3	1.298081	I:	D:
3517	3673	+	1	1.247795	I:3595,	D:
3710	5582	-	2	1.365253	I:5177,5284,5400,	D:3904,5343,
5794	6798	-	1	1.260620	I:	D:
7635	9923	+	3	1.302575	I:9424,	D:8088,
9927	13228	+	3	1.304516	I:	D:11396,
13232	13465	+	2	1.238953	I:	D:
13506	14038	+	3	1.277956	I:	D:13753,
14141	16617	+	2	1.301062	I:	D:15550,
16692	18105	+	3	1.321253	I:17054,	D:
18203	18508	+	2	1.284546	I:	D:
18510	19955	+	3	1.284138	I:19500,	D:19027,
19963	20217	+	1	1.294314	I:	D:
20229	22509	+	3	1.314797	I:	D:20551,21347,
22677	23411	+	3	1.316209	I:	D:
23437	23895	+	1	1.272219	I:	D:
23908	24213	+	1	1.339980	I:	D:
24241	26754	+	1	1.334072	I:25262,25288,	D:24583,25046,
26892	27056	+	3	1.310585	I:	D:
27161	30061	-	2	1.281115	I:	D:
31023	31166	-	3	1.258805	I:	D:
31181	34702	-	2	1.305368	I:34018,	D:34075,
34757	36181	-	2	1.306830	I:	D:
36424	38007	+	1	1.276411	I:	D:
>contig_39
837	959	+	3	1.285646	I:	D:
1108	1436	+	1	1.257354	I:	D:1171,
2017	2248	-	1	1.225747	I:2204,	D:
2506	2784	-	1	1.139522	I:	D:
4359	4436	-	3	1.107825	I:	D:
11452	11529	+	1	1.078559	I:	D:
13105	13383	+	1	1.147813	I:	D:
13640	13919	+	2	1.194137	I:13684,	D:
14157	14707	-	3	1.264267	I:14256,14454,	D:14303,14458,14702,
14719	14961	+	1	1.278886	I:14781,	D:14809,
15039	15272	-	3	1.245839	I:15189,	D:15173,
15276	15611	-	3	1.120456	I:	D:
15654	16016	-	3	1.209249	I:15862,15907,16012,	D:
16789	17110	+	1	1.272931	I:16838,16956,	D:16986,
17125	17381	-	1	1.264192	I:17208,	D:17189,17378,
17811	17981	+	3	1.162343	I:	D:
17983	18110	+	1	1.240160	I:	D:17989,
18121	18890	+	1	1.206397	I:18241,	D:18137,18247,
19173	19331	+	3	1.164247	I:	D:
19865	20173	+	2	1.164283	I:	D:
20339	20704	-	2	1.253032	I:20628,	D:20622,
21061	21601	-	1	1.216425	I:21413,21593,	D:21380,
21639	21801	+	3	1.208841	I:	D:21655,21732,
21904	22023	-	1	1.184383	I:	D:
22049	22666	-	2	1.252313	I:22240,22410,22527,	D:22223,22391,22519,
22788	23106	-	3	1.294944	I:22912,22953,22993,23095,	D:
23142	23364	-	3	1.269088	I:23311,	D:
23466	23625	-	3	1.206551	I:23614,	D:
23631	24171	+	3	1.283236	I:23638,23942,	D:23948,
>contig_6
1	441	+	1	1.250641	I:	D:
>contig_8
2	196	-	2	1.281390	I:	D:
256	3197	+	1	1.317563	I:364,3102,	D:
3248	4630	+	2	1.319716	I:	D:
4699	5737	-	1	1.280963	I:4751,	D:
5862	6773	+	3	1.287999	I:	D:
6874	7971	+	1	1.257320	I:	D:
8004	8476	+	3	1.370106	I:8077,8151,8349,	D:8181,
8514	9008	-	3	1.276666	I:	D:
9129	10305	+	3	1.304169	I:9203,	D:
10656	11828	+	3	1.336971	I:	D:
11843	12895	+	2	1.296746	I:12198,	D:12157,
12898	13796	+	1	1.284441	I:	D:13503,
13798	14622	+	1	1.312322	I:	D:
14626	15263	+	1	1.296711	I:	D:14893,
15303	15917	+	3	1.295170	I:	D:
15932	16789	+	2	1.313696	I:16530,	D:16343,
16803	17479	+	3	1.289476	I:	D:17153,
17486	18019	+	2	1.263359	I:	D:
18036	18761	+	3	1.302126	I:18241,	D:18353,
18778	19323	+	1	1.279407	I:	D:
19329	19700	+	3	1.296450	I:	D:
19713	20225	+	3	1.313738	I:	D:
20229	20699	+	3	1.298458	I:	D:
20703	22669	+	3	1.290741	I:	D:22016,
22729	23097	+	1	1.317051	I:	D:
23122	23508	+	1	1.318942	I:	D:
23530	24597	+	1	1.292587	I:	D:
24605	25407	+	2	1.297277	I:	D:25031,
25449	26009	+	3	1.277497	I:	D:
26018	27547	+	2	1.280608	I:	D:
27557	28051	+	2	1.266148	I:	D:
28058	28702	+	2	1.277664	I:	D:
28774	30054	+	1	1.269065	I:	D:
30082	30417	-	1	1.323840	I:	D:
30513	31247	-	3	1.293287	I:	D:
31442	33034	+	2	1.301671	I:	D:
33177	34061	+	3	1.317287	I:33497,33761,33840,33904,	D:33626,
34219	34326	-	1	1.277838	I:	D:
35221	35301	-	1	1.227115	I:	D:
35601	36365	+	3	1.302279	I:	D:
36381	37931	+	3	1.319642	I:	D:
37933	38845	+	1	1.325129	I:38681,	D:
38997	42505	+	3	1.273203	I:39430,42345,	D:
42645	43577	-	3	1.320219	I:43228,	D:43326,
43827	45425	-	3	1.289856	I:	D:
45596	45749	+	2	1.327928	I:45637,	D:
46230	46452	+	3	1.442040	I:46358,	D:
46636	46812	+	1	1.309017	I:	D:
46988	47113	-	2	1.326682	I:	D:
47162	48535	+	2	1.294864	I:	D:
48541	48933	-	1	1.247925	I:	D:
49003	50014	+	1	1.306810	I:50010,	D:
50019	50930	-	3	1.304073	I:	D:
50945	51605	-	2	1.309619	I:51038,	D:
51752	51910	+	2	1.340374	I:	D:
51983	55235	+	2	1.275883	I:	D:53318,53947,
55251	57704	+	3	1.290067	I:	D:
57717	59598	-	3	1.304954	I:59506,	D:
59670	61323	+	3	1.310772	I:59826,61070,	D:61234,
61339	62365	+	1	1.322103	I:61387,	D:
62838	63255	+	3	1.421448	I:62890,	D:
63444	64478	+	3	1.291527	I:	D:
64531	64611	-	1	1.234989	I:	D:
64818	66646	+	3	1.297629	I:	D:66555,
66773	67028	-	2	1.497291	I:66956,	D:
67282	68284	-	1	1.336551	I:67484,	D:
68462	68752	+	2	1.255666	I:	D:
68853	70502	+	3	1.270935	I:	D:
70777	70879	+	1	1.337880	I:70810,	D:
70898	71029	+	2	1.432813	I:	D:
71185	71688	+	1	1.291643	I:	D:
71845	72789	-	1	1.316725	I:72107,72390,72535,	D:
73121	73317	+	2	1.371132	I:73153,73195,	D:
73374	73454	+	3	1.227669	I:	D:
73507	74541	-	1	1.291168	I:	D:
74850	76193	+	3	1.314547	I:	D:
76229	76387	+	2	1.371150	I:	D:
76540	79212	+	1	1.273785	I:	D:
79233	80041	-	3	1.347541	I:79246,79858,	D:
80098	82592	-	1	1.281033	I:	D:80169,
82673	82741	-	2	1.177083	I:	D:
82844	83464	-	2	1.330386	I:83193,	D:83289,
83676	84953	-	3	1.307260	I:	D:
85229	85939	-	2	1.333555	I:	D:
86075	86905	+	2	1.278796	I:	D:
86955	87083	+	3	1.320262	I:	D:
87133	87447	+	1	1.262218	I:	D:
87527	88248	+	2	1.301749	I:	D:87763,
88252	88570	+	1	1.323697	I:88409,	D:
88671	89787	-	3	1.285903	I:89679,	D:
89797	91045	-	1	1.284063	I:89993,	D:
91283	93031	-	2	1.291048	I:	D:
93606	93844	+	3	1.360192	I:	D:93733,
93932	95107	+	2	1.306322	I:	D:
95119	95558	-	1	1.312636	I:	D:95240,
95698	97344	+	1	1.343254	I:	D:
97418	98791	-	2	1.253909	I:98390,	D:98371,
98922	100373	-	3	1.299788	I:	D:
100587	101395	+	3	1.347338	I:101155,101302,	D:
101773	102736	+	1	1.338041	I:102014,102625,	D:101846,
102939	103229	+	3	1.265588	I:	D:
103336	106683	-	1	1.330414	I:	D:
106717	107583	+	1	1.309123	I:	D:
107587	108754	+	1	1.307862	I:107945,	D:
108886	110063	+	1	1.308182	I:	D:109058,
110233	113214	+	1	1.320608	I:111684,	D:111260,111504,111591,112452,
113293	114005	+	1	1.299072	I:	D:113520,
114009	114327	+	3	1.316898	I:114166,	D:
114356	114442	-	2	1.269729	I:	D:
114507	115611	-	3	1.289096	I:115556,	D:
115765	117135	+	1	1.308574	I:	D:
117303	118843	-	3	1.331952	I:	D:117394,
118954	120037	+	1	1.285939	I:118981,	D:
120117	121133	-	3	1.300851	I:	D:
121275	121832	+	3	1.319386	I:	D:
122591	125788	+	2	1.324943	I:	D:
125975	127214	+	2	1.331134	I:127138,	D:
127310	127738	+	2	1.252435	I:	D:
127905	128939	+	3	1.291654	I:	D:
128992	129072	-	1	1.234989	I:	D:
129195	130027	-	3	1.349527	I:	D:129687,
130113	131093	-	3	1.319665	I:130177,130645,130947,	D:
131203	132035	-	1	1.349527	I:	D:131695,
132077	133565	+	2	1.289517	I:132085,	D:
133581	135653	-	3	1.330738	I:	D:
135676	136381	+	1	1.322765	I:135719,	D:
136508	136708	+	2	1.246455	I:	D:
137047	137388	+	1	1.269526	I:	D:
137426	138596	+	2	1.309810	I:137735,	D:
138650	140563	+	2	1.336352	I:140457,	D:139356,
140673	141923	-	3	1.332295	I:141771,	D:141421,
141939	142973	+	3	1.291654	I:	D:
143026	143106	-	1	1.234989	I:	D:
143116	144447	-	1	1.347418	I:	D:
144485	145328	-	2	1.377903	I:144649,144892,	D:144810,
145550	145823	-	2	1.542179	I:	D:145670,145750,
146470	148214	+	1	1.317619	I:	D:148162,
148381	150360	+	1	1.237165	I:	D:
150691	151020	-	1	1.344298	I:150808,150828,150892,	D:
151258	151851	+	1	1.356328	I:	D:
151938	154473	+	3	1.295934	I:	D:152628,152765,
154632	155682	-	3	1.311978	I:154799,154945,155009,155088,155353,	D:155403,
155810	156024	+	2	1.367937	I:	D:155878,
156052	157224	-	1	1.321313	I:	D:
157500	158678	+	3	1.283288	I:	D:
158767	160050	+	1	1.303722	I:	D:
160064	161760	+	2	1.294811	I:160328,160868,	D:
162035	162255	+	2	1.294314	I:	D:162045,
162271	163361	-	1	1.310514	I:	D:163352,
163418	163940	-	2	1.321563	I:163494,	D:
164137	164305	-	1	1.365078	I:164226,	D:
164404	164926	+	1	1.351040	I:164843,	D:
165104	165247	+	2	1.351091	I:	D:
165285	167602	+	3	1.332034	I:166823,166861,	D:
167649	168151	+	3	1.351614	I:167784,168000,	D:
168306	169482	+	3	1.318205	I:	D:168316,169389,
169522	170163	+	1	1.290136	I:	D:
170385	170471	-	3	1.261040	I:	D:
170500	171607	+	1	1.304781	I:171567,	D:
171658	173040	+	1	1.319716	I:	D:
173114	175769	-	2	1.314396	I:173211,	D:
176011	176646	+	1	1.277354	I:	D:
176652	177484	-	3	1.349597	I:	D:177144,
177570	178550	-	3	1.319665	I:177634,178102,178404,	D:
178580	181648	+	2	1.287358	I:	D:
181687	182859	-	1	1.280896	I:	D:
183644	185569	+	2	1.309873	I:183762,	D:184670,
185584	186576	-	1	1.352316	I:185759,	D:186236,
186754	189107	-	1	1.332346	I:	D:187571,
189145	189988	-	1	1.377745	I:189309,189552,	D:189470,
189996	190277	+	3	1.415417	I:190044,	D:190188,
190295	192124	-	2	1.316329	I:	D:
192187	192558	-	1	1.251392	I:	D:
192964	194653	+	1	1.272507	I:193804,	D:
194709	195407	+	3	1.279371	I:	D:
195415	196241	+	1	1.284787	I:	D:195959,
196248	197559	+	3	1.292283	I:196914,	D:
197576	197767	-	2	1.342270	I:	D:
197836	198342	-	1	1.292762	I:	D:
198645	199576	+	3	1.293814	I:	D:198659,
199799	200045	+	2	1.302854	I:199867,	D:
200074	201116	-	1	1.319823	I:200234,200387,200451,200530,200795,	D:
201202	201315	+	1	1.209708	I:	D:
201340	201733	+	1	1.290610	I:201722,	D:
201766	203061	-	1	1.300955	I:	D:
203197	203609	-	1	1.419833	I:203417,	D:203286,203436,
203825	204711	-	2	1.335726	I:203941,204112,	D:
204715	205146	-	1	1.266851	I:	D:
205343	207145	+	2	1.314586	I:	D:
207207	208469	+	3	1.307274	I:	D:
208477	209400	-	1	1.311341	I:	D:
209430	209803	+	3	1.468155	I:209539,209579,209789,	D:209467,
209809	210789	-	1	1.291094	I:	D:
210845	211602	+	2	1.361941	I:	D:211227,
211885	213204	+	1	1.320757	I:	D:
213344	214810	-	2	1.307123	I:	D:
214987	218298	+	1	1.307267	I:	D:
218367	220856	+	3	1.260940	I:	D:
220861	223186	-	1	1.305401	I:220873,	D:
223299	223562	-	3	1.300403	I:	D:
223792	224517	+	1	1.320578	I:	D:
224577	224804	+	3	1.228479	I:	D:
224808	225772	+	3	1.260564	I:	D:225266,
225778	228342	+	1	1.304945	I:228313,	D:227331,
228357	231187	-	3	1.311496	I:230491,	D:228370,230476,
231338	232768	+	2	1.338015	I:	D:
233042	233403	-	2	1.397838	I:	D:233232,
233514	235313	+	3	1.327314	I:	D:
235325	238074	-	2	1.274424	I:	D:235334,
238361	241965	-	2	1.282889	I:238959,240759,	D:
242053	243147	-	1	1.297063	I:	D:
243266	244210	+	2	1.306241	I:	D:
244294	245466	+	1	1.312028	I:	D:
245492	246874	-	2	1.321344	I:	D:
246925	248663	-	1	1.272568	I:	D:247964,
248794	250176	+	1	1.319716	I:	D:
250290	250823	-	3	1.295442	I:	D:
250952	251051	+	2	1.375050	I:251003,	D:
251075	251664	-	2	1.364315	I:	D:251512,
251742	251918	+	3	1.320141	I:	D:
252440	253843	+	2	1.294429	I:	D:
253923	255719	+	3	1.306624	I:	D:
256286	257668	+	2	1.319716	I:	D:
258056	258430	+	2	1.330608	I:	D:
258440	259404	-	2	1.307246	I:	D:258448,
259466	259567	+	2	1.277626	I:	D:
259645	260742	-	1	1.301676	I:	D:
260752	260892	-	1	1.205681	I:	D:
261076	261660	-	1	1.305846	I:	D:
261790	263283	+	1	1.344383	I:263037,	D:263125,
263305	266118	+	1	1.294774	I:266054,	D:264714,
266129	268486	-	2	1.321774	I:266568,	D:268173,
268631	269146	+	2	1.320305	I:	D:
269187	270458	-	3	1.255904	I:	D:
270708	273179	+	3	1.325144	I:	D:
273198	273983	+	3	1.249094	I:	D:
273987	274718	+	3	1.291696	I:	D:
274892	276095	+	2	1.268609	I:275976,	D:
276178	277581	+	1	1.272156	I:	D:
277602	278286	+	3	1.296373	I:277628,	D:
278336	279133	+	2	1.283091	I:	D:
279141	279230	-	3	1.196782	I:	D:
279326	279642	-	2	1.389748	I:	D:279570,
279691	281024	+	1	1.337552	I:280719,280879,	D:
281273	283279	-	2	1.268728	I:281919,	D:282551,
283405	283860	+	1	1.259347	I:	D:
283914	285658	-	3	1.320403	I:	D:284677,
285830	286327	+	2	1.288183	I:	D:
286494	287528	+	3	1.291654	I:	D:
287581	287661	-	1	1.234989	I:	D:
287809	288899	-	1	1.319822	I:288531,288853,	D:
288925	289770	-	1	1.297758	I:	D:
289778	291452	-	2	1.301468	I:290687,290718,	D:290644,
291566	292219	-	2	1.274614	I:	D:
292280	292606	-	2	1.314746	I:	D:
292799	293833	+	2	1.291654	I:	D:
293886	293966	-	3	1.234989	I:	D:
294061	294711	-	1	1.273589	I:	D:
294823	295365	-	1	1.310205	I:	D:
295497	296822	+	3	1.298785	I:	D:
296901	297119	+	3	1.305707	I:	D:
297135	297662	+	3	1.322648	I:297452,297497,297569,	D:
297687	299069	-	3	1.321344	I:	D:
299101	300944	-	1	1.339012	I:300545,300616,300717,	D:300804,
300960	303244	-	3	1.300234	I:	D:301983,
303249	304637	-	3	1.285311	I:	D:
304723	305374	+	1	1.319453	I:	D:304746,304815,
305461	305753	-	1	1.477339	I:	D:305618,
305987	306165	-	2	1.342676	I:	D:306128,
306244	307608	+	1	1.291110	I:	D:
307766	309148	+	2	1.319716	I:	D:
309233	310720	+	2	1.293352	I:	D:
310728	311678	-	3	1.267509	I:	D:
311724	312950	-	3	1.284895	I:	D:
313039	313158	+	1	1.370453	I:	D:
313340	314809	+	2	1.310362	I:	D:
314968	316262	-	1	1.318380	I:315406,315551,315610,	D:315393,
316358	317302	+	2	1.296688	I:	D:
317339	318670	-	2	1.291068	I:	D:
318702	318915	+	3	1.339101	I:318756,	D:
318927	319097	-	3	1.361423	I:	D:
319184	319499	-	2	1.277974	I:319362,	D:
319559	319824	-	2	1.274717	I:	D:319701,
320034	320963	-	3	1.305457	I:	D:
321002	321176	-	2	1.264222	I:321121,	D:
321208	321411	-	1	1.277935	I:	D:
321428	322591	+	2	1.326234	I:	D:
322619	323698	-	2	1.290981	I:	D:
323797	325306	+	1	1.295539	I:324368,	D:
325316	325546	+	2	1.345815	I:	D:
326009	327166	+	2	1.307332	I:326446,326499,326584,	D:
327171	328773	-	3	1.335122	I:327240,327334,	D:327471,
328805	331655	-	2	1.301350	I:328979,329079,329961,	D:329023,329557,
331769	332404	+	2	1.356900	I:331984,	D:332076,
332472	333783	-	3	1.323210	I:332556,	D:
334071	334949	-	3	1.310402	I:	D:
334972	337075	-	1	1.297057	I:335138,335166,	D:335066,
337131	339342	-	3	1.339141	I:337257,	D:
339702	340895	+	3	1.249592	I:	D:
341010	342335	+	3	1.290209	I:	D:
342534	343718	+	3	1.321726	I:	D:
343722	344318	+	3	1.278795	I:	D:
344416	346245	+	1	1.309973	I:	D:
346308	346751	+	3	1.319073	I:	D:
346991	347134	+	2	1.353401	I:	D:
347484	350084	+	3	1.285816	I:	D:
350112	354845	+	3	1.302743	I:	D:
354850	356494	+	1	1.284362	I:355139,	D:
356816	358800	-	2	1.296712	I:357562,358403,	D:356913,357702,357788,
358973	359593	+	2	1.300409	I:	D:
359755	360294	-	1	1.352364	I:359830,	D:359961,
360426	361415	+	3	1.308528	I:	D:
361544	363249	+	2	1.322539	I:	D:362671,
363278	363867	-	2	1.305771	I:	D:363306,
364047	364858	+	3	1.321653	I:	D:364145,
364931	365196	+	2	1.282701	I:	D:365056,
365256	365571	+	3	1.277422	I:365392,	D:
365658	365828	+	3	1.358249	I:	D:
366005	366223	-	2	1.224702	I:	D:
366312	367842	-	3	1.328554	I:366378,366445,	D:366540,
368200	369144	+	1	1.312193	I:368453,368596,368881,	D:
369150	369251	+	3	1.349130	I:	D:
369269	369613	-	2	1.256291	I:	D:
369626	371077	-	2	1.280912	I:	D:
371155	372255	-	1	1.298326	I:	D:
372350	372827	+	2	1.306827	I:372462,	D:
372913	373176	+	1	1.255632	I:	D:
373301	374683	+	2	1.319716	I:	D:
375057	375611	+	3	1.486485	I:375143,375316,	D:375098,375402,
378026	379102	+	2	1.292772	I:	D:
379161	380995	+	3	1.320487	I:	D:380928,
381493	383494	+	1	1.344133	I:381629,381723,381764,381860,381935,	D:381622,
383602	384400	-	1	1.338152	I:383714,	D:
384661	384774	+	1	1.292030	I:	D:
384798	384980	+	3	1.281502	I:	D:
385166	385972	+	2	1.271767	I:	D:
386193	388757	+	3	1.321439	I:	D:
388793	388903	+	2	1.329051	I:	D:
389079	389255	-	3	1.308284	I:	D:
389271	389727	+	3	1.448877	I:389504,389620,	D:389417,
389746	390144	-	1	1.283297	I:	D:
390218	391456	+	2	1.297659	I:	D:
391768	392673	+	1	1.342584	I:	D:392327,392415,392611,
392684	394108	+	2	1.307269	I:	D:
394200	394518	-	3	1.328226	I:394367,	D:
394522	395243	-	1	1.302561	I:	D:395010,
395414	397463	-	2	1.294910	I:396551,396655,	D:397044,
397644	398957	-	3	1.291609	I:	D:
399205	399990	+	1	1.321358	I:	D:
400028	401495	-	2	1.306468	I:400042,	D:
401651	401731	+	2	1.285888	I:	D:
401743	401913	-	1	1.361423	I:	D:
402000	404197	-	3	1.306278	I:402178,402305,402396,402731,	D:402517,402661,
404229	405095	-	3	1.279902	I:	D:
405253	405951	+	1	1.287012	I:	D:
406165	407253	-	1	1.297303	I:	D:
407315	407765	+	2	1.312488	I:407687,	D:
407883	408668	+	3	1.264854	I:	D:
408748	410440	+	1	1.309117	I:409689,	D:
410558	410789	-	2	1.475558	I:410699,	D:
411218	412324	+	2	1.280154	I:	D:
412424	412738	+	2	1.343345	I:	D:
412754	413098	+	2	1.347098	I:	D:
413113	413250	+	1	1.343626	I:	D:
413489	414423	+	2	1.346198	I:413658,413976,414102,	D:413538,413918,414110,414178,
414642	417782	-	3	1.297948	I:	D:
417917	420511	-	2	1.304913	I:	D:
420526	421029	-	1	1.261262	I:	D:
421194	421844	+	3	1.271474	I:	D:
421869	422564	+	3	1.307547	I:	D:
422609	423217	+	2	1.299443	I:	D:
423392	426171	+	2	1.302566	I:425816,	D:425899,426111,
426352	426812	+	1	1.329287	I:426526,426667,	D:
426841	429447	-	1	1.322898	I:427001,427154,427218,427904,428098,428167,428591,428736,428795,	D:427659,427954,428578,
429626	431516	-	2	1.306015	I:430939,	D:
431749	432285	-	1	1.254273	I:	D:
432375	435639	-	3	1.345174	I:435029,435083,435157,435203,	D:432505,433224,434784,
435821	437935	-	2	1.316647	I:	D:
437940	438215	-	3	1.346876	I:	D:
438387	438874	-	3	1.279087	I:	D:438664,
439075	439709	-	1	1.317828	I:439587,439607,439662,	D:439523,
439990	440580	-	1	1.313526	I:	D:
440638	441234	-	1	1.297847	I:	D:
441416	443146	-	2	1.296201	I:	D:
443293	444336	+	1	1.293885	I:	D:
444439	445629	+	1	1.296240	I:	D:
446343	446423	-	3	1.394741	I:	D:
446843	447145	+	2	1.268904	I:	D:
447156	447425	+	3	1.297956	I:	D:
447569	448741	+	2	1.295873	I:	D:
448868	450255	+	2	1.309354	I:449532,449572,	D:
450303	451130	+	3	1.329260	I:	D:
451131	451619	+	3	1.280345	I:	D:
451664	452131	-	2	1.305614	I:	D:
452193	452300	-	3	1.276054	I:	D:
452379	452459	+	3	1.227669	I:	D:
452512	453546	-	1	1.291261	I:	D:
453792	453999	+	3	1.348633	I:453847,	D:
454431	455813	+	3	1.319716	I:	D:
456371	461088	+	2	1.291660	I:	D:457789,
461173	461592	-	1	1.345004	I:	D:
461599	463621	-	1	1.294521	I:462987,	D:
463712	464368	-	2	1.328353	I:	D:
464535	464714	-	3	1.288611	I:	D:
464796	465604	-	3	1.304532	I:	D:464849,
465845	469848	-	2	1.302413	I:465948,467739,	D:
469852	470691	-	1	1.287342	I:	D:
470736	471494	-	3	1.291620	I:	D:
471641	475904	-	2	1.310249	I:472641,473644,	D:475697,
475971	476330	-	3	1.412040	I:476271,	D:476317,
476698	478164	-	1	1.323890	I:477631,	D:476833,
478303	479541	+	1	1.296206	I:	D:
479674	480456	+	1	1.309965	I:	D:
480484	481731	-	1	1.310449	I:	D:
481874	483139	+	2	1.319372	I:481911,	D:482815,
483142	483731	-	1	1.338227	I:483283,483340,483387,	D:483476,
483877	485036	+	1	1.291257	I:	D:484482,
485039	486063	-	2	1.328637	I:	D:485968,
486121	486337	-	1	1.334090	I:486245,	D:
486443	487591	-	2	1.287882	I:	D:
488082	488258	-	3	1.314382	I:	D:
488318	490052	-	2	1.318319	I:489336,489676,489773,489980,	D:
490207	490844	+	1	1.313379	I:	D:490443,
490845	491842	+	3	1.316844	I:491300,491778,	D:
491893	492725	-	1	1.349527	I:	D:492385,
492958	493276	+	1	1.323697	I:493115,	D:
493678	494493	-	1	1.292484	I:	D:
494529	495303	-	3	1.296389	I:494902,	D:
495602	495799	-	2	1.320909	I:	D:
495837	496927	+	3	1.307848	I:	D:495847,
496943	497182	-	2	1.269712	I:	D:
497319	497645	-	3	1.260141	I:	D:
497994	500090	-	3	1.264727	I:	D:
500195	500479	+	2	1.406756	I:500376,	D:500271,
500658	503351	-	3	1.274840	I:500896,501539,502134,	D:
503481	504405	+	3	1.290034	I:503935,	D:
504552	504838	+	3	1.306762	I:	D:504831,
504856	505563	-	1	1.311690	I:	D:
505700	506421	+	2	1.303318	I:	D:505936,
506425	506743	+	1	1.323697	I:506582,	D:
506768	507600	-	2	1.349527	I:	D:507260,
507691	508012	-	1	1.288400	I:507954,	D:
508181	508786	-	2	1.293140	I:	D:
508905	512402	-	3	1.323367	I:511451,512082,	D:511429,512041,
512439	512707	-	3	1.313568	I:	D:512597,
512768	513955	-	2	1.322789	I:	D:
514066	514609	+	1	1.472047	I:514137,514171,514273,514298,514509,	D:514501,
514650	516194	-	3	1.273864	I:	D:
516249	516890	-	3	1.314987	I:	D:
516936	517145	+	3	1.319470	I:	D:
517373	518035	+	2	1.347452	I:	D:517710,517756,517945,
518045	518233	-	2	1.302098	I:	D:
518539	519478	+	1	1.286039	I:518828,	D:
519675	519950	+	3	1.242677	I:	D:
520165	521109	+	1	1.304127	I:	D:
521336	522454	+	2	1.292799	I:	D:
522663	525565	+	3	1.294712	I:524291,524337,	D:
525607	526876	-	1	1.298790	I:525965,	D:
527092	528046	-	1	1.285386	I:527191,	D:
528496	530625	+	1	1.265016	I:	D:
530784	530876	+	3	1.245420	I:	D:
531033	532533	-	3	1.306718	I:531291,	D:
532568	533866	-	2	1.315287	I:	D:
533989	536879	+	1	1.292687	I:	D:535900,
536886	545399	-	3	1.292902	I:	D:
545458	545868	-	1	1.204226	I:	D:
545886	546404	-	3	1.290177	I:	D:
546417	547070	-	3	1.217339	I:	D:
547075	547515	-	1	1.270035	I:	D:
547518	549822	-	3	1.326458	I:548350,548656,	D:548558,
549834	551909	-	3	1.270559	I:	D:
551931	552410	-	3	1.284274	I:	D:
552416	552790	-	2	1.338662	I:	D:
553317	553891	-	3	1.438058	I:553758,	D:553477,553695,
553904	554758	+	2	1.307484	I:	D:
554921	555772	-	2	1.300686	I:	D:
555895	557913	-	1	1.291230	I:	D:
557944	561918	-	1	1.296044	I:558947,560467,561246,	D:
561991	563073	-	1	1.301549	I:	D:
563381	564655	+	2	1.297782	I:	D:
564683	566065	-	2	1.303857	I:	D:
566392	567129	+	1	1.306740	I:	D:
567133	567873	-	1	1.267988	I:	D:
567991	571123	+	1	1.313661	I:568114,	D:
571212	572774	+	3	1.260252	I:	D:
572784	575108	+	3	1.267659	I:	D:
575118	575516	+	3	1.291124	I:	D:
575520	576330	+	3	1.354556	I:576244,	D:
576399	576524	+	3	1.342173	I:	D:
576584	577966	-	2	1.321344	I:	D:
577998	579307	-	3	1.324865	I:	D:578082,
579974	581452	-	2	1.324298	I:	D:
581548	582790	-	1	1.307005	I:582645,	D:
583122	583880	+	3	1.302957	I:	D:
584072	584668	+	2	1.314605	I:	D:
584792	585580	-	2	1.310697	I:	D:
585791	588471	-	2	1.330633	I:	D:585852,
589344	591161	-	3	1.305310	I:	D:
591169	591660	-	1	1.290805	I:	D:
592097	592393	+	2	1.233395	I:	D:
592454	592861	+	2	1.273635	I:	D:
592875	593161	-	3	1.301854	I:	D:592948,
593178	593429	+	3	1.259958	I:	D:
593431	594678	+	1	1.300626	I:593952,	D:594358,
594814	596769	+	1	1.276159	I:	D:
596910	597890	+	3	1.273304	I:	D:
598065	602491	-	3	1.315138	I:598421,598987,	D:598669,598888,599081,
602606	602791	+	2	1.356280	I:	D:
603262	604739	-	1	1.316047	I:603320,604039,	D:
604818	604898	+	3	1.227669	I:	D:
604951	605985	-	1	1.291261	I:	D:
606152	606338	-	2	1.299954	I:606286,	D:
606456	606797	+	3	1.349512	I:	D:
606815	607171	+	2	1.328549	I:	D:
607379	607699	+	2	1.324846	I:	D:
607967	608074	+	2	1.299131	I:	D:
608206	609962	-	1	1.311650	I:608376,609492,	D:
610140	611579	-	3	1.269774	I:	D:
611634	612809	+	3	1.298296	I:	D:
612824	613330	+	2	1.297363	I:	D:
613393	613959	+	1	1.266982	I:	D:
613968	614663	+	3	1.311004	I:	D:
614684	615990	-	2	1.334890	I:614760,614800,	D:
616055	618820	-	2	1.280769	I:617214,	D:617249,
618858	620765	-	3	1.306596	I:	D:
620852	621040	+	2	1.357300	I:	D:
621559	621881	+	1	1.393937	I:	D:621701,
622057	624911	-	1	1.301347	I:622153,622263,622392,	D:623408,
625059	625868	+	3	1.252799	I:	D:
625885	626142	+	1	1.294517	I:	D:
626146	626514	+	1	1.282498	I:	D:
626533	626886	+	1	1.302133	I:	D:
626890	627961	+	1	1.325813	I:627379,	D:
627965	628915	+	2	1.302611	I:	D:
628943	630862	-	2	1.300426	I:630195,	D:629719,
630985	631456	+	1	1.330391	I:	D:631290,631396,
631534	632784	+	1	1.295081	I:	D:
633475	633616	+	1	1.361674	I:633507,	D:
633748	634214	+	1	1.332773	I:	D:634066,
634252	634413	-	1	1.455815	I:	D:
634940	636483	+	2	1.313021	I:	D:635494,
636559	636630	+	1	1.283113	I:	D:
636884	637393	+	2	1.342915	I:	D:
637413	638798	-	3	1.306498	I:	D:
638824	639927	-	1	1.325436	I:	D:
639981	641447	-	3	1.326357	I:	D:
641512	641826	+	1	1.275896	I:	D:
641829	642440	+	3	1.323400	I:642303,	D:642247,
642470	643252	+	2	1.319213	I:	D:
643256	643852	-	2	1.297838	I:	D:
643859	645249	-	2	1.336275	I:644860,644887,645046,645099,	D:644903,645216,
645420	647780	-	3	1.326979	I:645967,	D:646463,
647912	648121	+	2	1.294335	I:	D:
648208	649080	-	1	1.344404	I:648522,648654,648973,	D:648461,648563,648714,
649493	649955	-	2	1.281553	I:649580,	D:
650062	650709	+	1	1.287313	I:	D:
650810	651245	-	2	1.450178	I:650910,651029,	D:651088,
651261	652295	+	3	1.291654	I:	D:
652348	652428	-	1	1.234989	I:	D:
652507	654626	+	1	1.352472	I:652553,654405,	D:
654635	656748	+	2	1.338765	I:	D:655304,
656770	657904	+	1	1.321298	I:657822,	D:
657944	659407	+	2	1.291755	I:	D:
659474	659845	+	2	1.296681	I:	D:
659897	660898	+	2	1.348919	I:	D:
660981	661286	+	3	1.294466	I:	D:
661288	661362	+	1	1.230871	I:	D:
661386	662582	+	3	1.295360	I:	D:
662670	663476	+	3	1.329988	I:662961,663401,	D:662886,663156,
663646	665721	+	1	1.325597	I:665259,	D:664972,
665857	666689	+	1	1.350607	I:	D:666199,
666726	667737	-	3	1.316174	I:667262,	D:
667768	668004	+	1	1.360991	I:	D:
668007	668342	+	3	1.284297	I:	D:
668345	670314	+	2	1.325111	I:	D:669137,
670482	671294	+	3	1.318901	I:	D:
671391	671459	+	3	1.260229	I:	D:
671509	673420	+	1	1.291538	I:671702,	D:
673475	674404	-	2	1.294498	I:	D:
674425	675972	+	1	1.313199	I:	D:
675975	676283	-	3	1.267478	I:	D:
676459	677166	-	1	1.291189	I:	D:
677303	678340	+	2	1.249786	I:	D:
678385	679540	-	1	1.276523	I:678931,	D:
679628	680773	-	2	1.264814	I:	D:
681248	681376	+	2	1.376380	I:	D:
681439	681954	-	1	1.284641	I:	D:
682024	683247	-	1	1.262235	I:	D:
683477	683688	+	2	1.467121	I:	D:683483,
684108	685309	-	3	1.319582	I:	D:684214,
685626	686702	-	3	1.280661	I:	D:
686726	688147	-	2	1.280531	I:	D:
688259	688902	+	2	1.288459	I:	D:688392,
689087	690382	+	2	1.305918	I:	D:
690395	692233	+	2	1.292185	I:	D:
692250	692336	-	3	1.192778	I:	D:
692388	693015	+	3	1.288716	I:692991,	D:
693049	693639	-	1	1.280652	I:	D:
693748	696044	+	1	1.293952	I:	D:694318,
696075	697170	-	3	1.285856	I:696709,	D:
697230	698353	-	3	1.320775	I:	D:697721,
698521	699345	+	1	1.260564	I:	D:
700233	700788	+	3	1.297880	I:700725,	D:
700843	701385	+	1	1.283813	I:	D:
701499	702422	-	3	1.294114	I:701683,	D:701729,
702428	703580	-	2	1.327216	I:702565,	D:
703779	704675	-	3	1.297874	I:	D:
704734	705744	-	1	1.293360	I:	D:
705803	708109	-	2	1.290993	I:	D:
708313	709539	-	1	1.308367	I:	D:
709575	709826	-	3	1.283232	I:	D:
709867	709950	+	1	1.218407	I:	D:
710001	711335	-	3	1.275508	I:	D:
711354	712217	-	3	1.264465	I:	D:
712278	712358	+	3	1.230060	I:	D:
712370	715586	-	2	1.296687	I:712461,713578,713639,714375,	D:
715611	717009	-	3	1.306603	I:715749,	D:
717042	718360	-	3	1.274351	I:	D:717134,
718425	719175	-	3	1.336444	I:	D:718624,718858,
719379	720341	-	3	1.470741	I:719433,719505,719545,719739,719859,720111,720155,720226,	D:719909,719998,
720967	721548	+	1	1.274254	I:	D:
721588	721686	+	1	1.340662	I:	D:
722061	722338	+	3	1.420002	I:722233,722274,	D:
722350	724040	-	1	1.318883	I:	D:723233,
724131	726614	-	3	1.286610	I:	D:
726647	726745	+	2	1.224296	I:	D:
726775	727599	+	1	1.288539	I:	D:
727648	728817	+	1	1.283524	I:	D:
728986	729799	+	1	1.306781	I:729646,	D:
729814	730052	-	1	1.400513	I:	D:729940,
730139	730380	+	2	1.294869	I:730169,730322,	D:
730402	731553	+	1	1.262882	I:	D:
731557	732432	+	1	1.305422	I:	D:
732441	733797	-	3	1.307875	I:733225,	D:
733883	734782	+	2	1.337718	I:734736,	D:734399,
734968	735840	+	1	1.267951	I:	D:
735845	736069	-	2	1.391328	I:	D:
736085	736431	+	2	1.374970	I:736122,736325,	D:
736471	739179	+	1	1.302486	I:	D:
739266	739865	+	3	1.335280	I:	D:
739875	742217	-	3	1.316727	I:	D:
742362	744222	+	3	1.279530	I:744142,	D:
744243	745075	+	3	1.350607	I:	D:744585,
745212	745990	-	3	1.314045	I:	D:745635,
746090	746944	-	2	1.291030	I:	D:
746954	748231	-	2	1.302939	I:	D:
748387	749245	-	1	1.336543	I:749093,	D:
749261	750295	+	2	1.292461	I:	D:
750348	750428	-	3	1.234989	I:	D:
750630	752012	-	3	1.321344	I:	D:
752136	752210	+	3	1.394987	I:	D:
752261	753532	-	2	1.304492	I:	D:
753546	753806	-	3	1.252672	I:	D:
753952	754743	+	1	1.305294	I:	D:
754760	755677	+	2	1.289347	I:	D:
755762	757144	+	2	1.319716	I:	D:
757236	758726	-	3	1.302714	I:	D:
758728	759282	-	1	1.281098	I:	D:
759398	760558	+	2	1.301477	I:	D:
760562	761359	-	2	1.348256	I:	D:
761430	763175	-	3	1.333728	I:762367,	D:762382,
763294	763713	+	1	1.273004	I:	D:
764313	764423	-	3	1.343522	I:	D:
764592	764687	+	3	1.339911	I:	D:
764809	766638	+	1	1.294366	I:765472,	D:765407,
766684	767508	-	1	1.272064	I:	D:
767578	768942	-	1	1.293670	I:	D:
769013	769500	+	2	1.368598	I:	D:769372,
769501	769986	-	1	1.296553	I:	D:
770110	775294	-	1	1.296119	I:772955,	D:
775339	775713	-	1	1.263575	I:	D:
775815	777038	-	3	1.273176	I:	D:
777149	778704	-	2	1.305600	I:	D:778191,
779530	780726	+	1	1.311063	I:	D:
780776	781562	+	2	1.307241	I:781266,781340,	D:781060,
781660	782010	+	1	1.316245	I:	D:
782022	784765	-	3	1.292024	I:	D:782981,
784827	788657	-	3	1.317459	I:787060,787091,787766,788544,	D:787127,
788819	790329	-	2	1.288427	I:	D:788865,
790450	791127	-	1	1.283191	I:	D:
791160	791300	-	3	1.269661	I:	D:
791573	792515	+	2	1.344925	I:791742,792060,792186,792259,	D:791622,792002,792194,
792592	792789	+	1	1.412439	I:	D:
792866	793617	-	2	1.311709	I:	D:793482,
793671	795323	+	3	1.281305	I:	D:
795353	795631	+	2	1.277057	I:	D:
795704	795965	+	2	1.285502	I:795934,	D:
796005	796283	-	3	1.333608	I:	D:
796383	797501	+	3	1.282537	I:	D:
797510	799846	+	2	1.273430	I:	D:
799847	800398	+	2	1.233943	I:	D:
800403	800834	+	3	1.289859	I:	D:
800880	803639	+	3	1.308095	I:	D:
803928	806894	+	3	1.303875	I:806820,	D:805473,
807025	807442	+	1	1.459427	I:807126,807240,	D:807338,
807955	808707	+	1	1.278529	I:	D:
808728	810535	-	3	1.282693	I:	D:809965,
810557	810694	-	2	1.230870	I:	D:
810696	810944	+	3	1.286095	I:	D:
810964	812493	-	1	1.265745	I:	D:
812562	812773	+	3	1.264750	I:	D:812714,
812837	815329	+	2	1.331204	I:	D:814050,815185,815254,
815332	815433	-	1	1.247779	I:	D:
815468	815645	+	2	1.319277	I:815544,	D:
815662	816399	+	1	1.320078	I:	D:
816490	817872	+	1	1.319716	I:	D:
817978	819135	-	1	1.306593	I:	D:
819259	820641	-	1	1.310401	I:819756,	D:819566,
820960	821652	-	1	1.252603	I:	D:
822022	822222	+	1	1.391621	I:822149,	D:822053,
822243	822575	-	3	1.215941	I:	D:
822579	824180	-	3	1.303567	I:	D:
824354	824594	+	2	1.363525	I:824547,	D:
824632	825285	+	1	1.308628	I:	D:
825287	825934	-	2	1.255640	I:	D:
826186	826464	+	1	1.224024	I:	D:
826494	827180	-	3	1.271158	I:	D:
827234	827776	-	2	1.308796	I:	D:
827978	829854	+	2	1.305902	I:	D:828563,
829866	830865	-	3	1.278426	I:829899,	D:
830897	831908	-	2	1.316174	I:831433,	D:
831909	832851	-	3	1.356248	I:	D:832049,832511,
833014	833189	+	1	1.417616	I:	D:833103,
833435	834502	+	2	1.288048	I:	D:
834548	834640	+	2	1.257147	I:	D:
834690	836149	+	3	1.322955	I:	D:835378,
836173	839685	+	1	1.335928	I:837490,838977,	D:839124,839582,
839699	841519	-	2	1.278158	I:	D:
841572	842675	-	3	1.355169	I:842639,	D:842564,
842837	843669	+	2	1.350607	I:	D:843179,
843737	847304	+	2	1.291594	I:847072,	D:
847585	848852	+	1	1.271872	I:847601,847712,	D:
848947	849027	+	1	1.227669	I:	D:
849080	850114	-	2	1.291261	I:	D:
850523	851737	+	2	1.288734	I:	D:
851813	853042	+	2	1.313166	I:	D:
853104	853367	-	3	1.259748	I:	D:
853510	853842	+	1	1.289486	I:	D:
853899	853979	+	3	1.227669	I:	D:
854032	855066	-	1	1.291261	I:	D:
855259	855667	+	1	1.307886	I:855604,	D:
856043	856219	+	2	1.301750	I:	D:
856520	857794	-	2	1.304726	I:	D:
857838	859728	-	3	1.297072	I:859701,	D:
859807	859887	+	1	1.227669	I:	D:
859940	860974	-	2	1.291261	I:	D:
860990	862092	+	2	1.368945	I:861147,861283,	D:
862369	864819	+	1	1.295769	I:	D:
864845	865825	-	2	1.334777	I:864976,	D:865002,
865955	867553	+	2	1.337306	I:	D:
867564	869866	-	3	1.333319	I:	D:868330,
869904	870747	-	3	1.372861	I:870068,870311,	D:870229,
870877	871788	+	1	1.272637	I:	D:
871958	872614	+	2	1.293302	I:	D:
872715	873848	+	3	1.309340	I:	D:
873924	874832	+	3	1.271569	I:	D:
874858	875769	+	1	1.296881	I:	D:
875824	876059	-	1	1.326360	I:	D:876000,
876253	877167	+	1	1.292477	I:	D:
877232	878539	+	2	1.290387	I:	D:
878557	879702	-	1	1.300727	I:	D:
879830	883705	-	2	1.297860	I:881939,	D:880909,
883706	884695	-	2	1.290509	I:	D:
884699	889606	-	2	1.296382	I:888675,	D:886395,
889738	890499	-	1	1.296733	I:	D:
891031	891156	-	1	1.280686	I:	D:
891193	894720	+	1	1.287003	I:	D:
894929	896311	-	2	1.321344	I:	D:
896918	899113	+	2	1.298081	I:	D:
899901	900057	+	3	1.247795	I:899979,	D:
900094	901966	-	1	1.365253	I:901561,901668,901784,	D:900288,901727,
902178	902717	-	3	1.254367	I:	D:
>contig_9
39	1129	-	3	1.319667	I:719,1083,	D:
1155	2000	-	3	1.298410	I:	D:
2008	3682	-	1	1.304265	I:2917,2948,	D:2874,
3796	4449	-	1	1.274360	I:	D:
4510	4821	-	1	1.312155	I:	D:
