host: phoenix-06.prism
Building DAG of jobs...
Using shell: /usr/bin/bash
Provided remote nodes: 1
Provided resources: mem_mb=20000, mem_mib=19074, disk_mb=5146, disk_mib=4908
Select jobs to execute...
Execute 1 jobs...

[Thu Mar  6 12:15:45 2025]
rule short_reads_bam2fastq:
    input: /private/groups/russelllab/jodie/merrill_23_wRi_genome/short_reads/dsim.bam, /private/groups/russelllab/jodie/merrill_23_wRi_genome/short_reads/wri.bam
    output: /private/groups/russelllab/jodie/merrill_23_wRi_genome/short_reads/dsim_R1.fastq.gz, /private/groups/russelllab/jodie/merrill_23_wRi_genome/short_reads/dsim_R2.fastq.gz, /private/groups/russelllab/jodie/merrill_23_wRi_genome/short_reads/wri_R1.fastq.gz, /private/groups/russelllab/jodie/merrill_23_wRi_genome/short_reads/wri_R2.fastq.gz
    jobid: 0
    reason: Forced execution
    threads: 8
    resources: mem_mb=20000, mem_mib=19074, disk_mb=5146, disk_mib=4908, tmpdir=<TBD>, slurm_partition=medium, runtime=180

host: phoenix-06.prism
Building DAG of jobs...
Using shell: /usr/bin/bash
Provided cores: 8
Rules claiming more threads will be scaled down.
Provided resources: mem_mb=20000, mem_mib=19074, disk_mb=5146, disk_mib=4908
Select jobs to execute...
Execute 1 jobs...

[Thu Mar  6 12:15:46 2025]
localrule short_reads_bam2fastq:
    input: /private/groups/russelllab/jodie/merrill_23_wRi_genome/short_reads/dsim.bam, /private/groups/russelllab/jodie/merrill_23_wRi_genome/short_reads/wri.bam
    output: /private/groups/russelllab/jodie/merrill_23_wRi_genome/short_reads/dsim_R1.fastq.gz, /private/groups/russelllab/jodie/merrill_23_wRi_genome/short_reads/dsim_R2.fastq.gz, /private/groups/russelllab/jodie/merrill_23_wRi_genome/short_reads/wri_R1.fastq.gz, /private/groups/russelllab/jodie/merrill_23_wRi_genome/short_reads/wri_R2.fastq.gz
    jobid: 0
    reason: Forced execution
    threads: 8
    resources: mem_mb=20000, mem_mib=19074, disk_mb=5146, disk_mib=4908, tmpdir=/data/tmp, slurm_partition=medium, runtime=180

[M::bam2fq_mainloop] discarded 148314 singletons
[M::bam2fq_mainloop] processed 52644130 reads
[M::bam2fq_mainloop] discarded 148314 singletons
[M::bam2fq_mainloop] processed 1847530 reads
[Thu Mar  6 12:17:59 2025]
Finished job 0.
1 of 1 steps (100%) done
Storing output in storage.
[Thu Mar  6 12:18:00 2025]
Finished job 0.
1 of 1 steps (100%) done
Storing output in storage.
