   SW   perc perc perc  query      position in query        matching      repeat           position in repeat
score   div. del. ins.  sequence   begin  end      (left)   repeat        class/family   begin  end    (left)  ID

   15   23.2  1.6  5.1  contig_18     350    410 (446882) + (AGATATA)n    Simple_repeat       1     59    (0)   1  
   11   14.0  2.0 11.1  contig_18    8550   8598 (438694) + (TTTCACT)n    Simple_repeat       1     45    (0)   2  
   12   24.0  4.5  0.0  contig_18   35893  35936 (411356) + (TAA)n        Simple_repeat       1     46    (0)   3  
   11   13.2  5.7  2.8  contig_18   50491  50525 (396767) + (TATAGAT)n    Simple_repeat       1     36    (0)   4  
   12   24.7  2.6  0.0  contig_18   64283  64321 (382971) + (TTATA)n      Simple_repeat       1     40    (0)   5  
   25   26.8  0.0  0.0  contig_18   77477  77547 (369745) + (TCGTCA)n     Simple_repeat       1     71    (0)   6  
   13   18.3  2.6  2.6  contig_18   84483  84521 (362771) + (TTATA)n      Simple_repeat       1     39    (0)   7  
   14   21.1  0.0  2.6  contig_18   90877  90916 (356376) + (TAATA)n      Simple_repeat       1     39    (0)   8  
   12   19.9  5.0  0.0  contig_18   95774  95813 (351479) + (TTTCAT)n     Simple_repeat       1     42    (0)   9  
   12   19.9  5.0  0.0  contig_18  103754 103793 (343499) + (CTTCAT)n     Simple_repeat       1     42    (0)  10  
   13   26.4  0.0  0.0  contig_18  112230 112270 (335022) + (TCTCTT)n     Simple_repeat       1     41    (0)  11  
   15   16.8  5.8  5.8  contig_18  117414 117490 (329802) + (TA)n         Simple_repeat       1     77    (0)  12  
   12   15.5  3.5  0.0  contig_18  160026 160054 (287238) + (AATTG)n      Simple_repeat       1     30    (0)  13  
   12   27.3  0.0  4.0  contig_18  180372 180423 (266869) + (TTTTAA)n     Simple_repeat       1     50    (0)  14  
   33   15.1  4.5  0.0  contig_18  203039 203104 (244188) + (TA)n         Simple_repeat       1     69    (0)  15  
   13   17.4  6.4  2.0  contig_18  206888 206934 (240358) + A-rich        Low_complexity      1     49    (0)  16  
   12   21.8  2.7  0.0  contig_18  213380 213416 (233876) + (TATAGCT)n    Simple_repeat       1     38    (0)  17  
   14   22.0  2.4  0.0  contig_18  216007 216048 (231244) + A-rich        Low_complexity      1     43    (0)  18  
   12   29.8  0.0  0.0  contig_18  229354 229395 (217897) + (TTACTA)n     Simple_repeat       1     42    (0)  19  
   15   15.9  2.9  0.0  contig_18  234947 234981 (212311) + (TTGTTT)n     Simple_repeat       1     36    (0)  20  
   13    8.5  4.0  0.0  contig_18  244331 244355 (202937) + (TTC)n        Simple_repeat       1     26    (0)  21  
   18   26.9  0.0  0.0  contig_18  265527 265579 (181713) + (AGC)n        Simple_repeat       1     53    (0)  22  
   12   15.3  3.5  0.0  contig_18  312188 312216 (135076) + (TAATT)n      Simple_repeat       1     30    (0)  23  
   14   27.6  0.0  6.2  contig_18  315645 315712 (131580) + A-rich        Low_complexity      1     64    (0)  24  
   13   18.9  2.8  0.0  contig_18  327596 327631 (119661) + (CCTATCT)n    Simple_repeat       1     37    (0)  25  
   13   20.6  0.0  8.3  contig_18  337939 337990 (109302) + (TAATTT)n     Simple_repeat       1     48    (0)  26  
   12   19.6  0.0  0.0  contig_18  398221 398249  (49043) + (TTCCT)n      Simple_repeat       1     29    (0)  27  
   13   12.0  5.0  5.0  contig_18  417283 417322  (29970) + (AGATAA)n     Simple_repeat       1     40    (0)  28  
   16    8.5  0.0  0.0  contig_18  434260 434284  (13008) + (AGC)n        Simple_repeat       1     25    (0)  29  
   12   25.0  6.3  1.5  contig_18  436800 436862  (10430) + (ATCTTT)n     Simple_repeat       1     66    (0)  30  
   13   17.0  6.0  3.9  contig_18  438824 438873   (8419) + A-rich        Low_complexity      1     51    (0)  31  
   12   21.8  0.0  9.6  contig_18  439821 439877   (7415) + (ATTTTT)n     Simple_repeat       1     52    (0)  32  
   15   29.9  0.0  1.0  contig_23     383    450   (5318) + A-rich        Low_complexity      1     67    (0)  33  
   61    8.1  1.1  1.1  contig_23     635    728   (5040) + (CAA)n        Simple_repeat       1     94    (0)  34  
   14   20.9  0.0  0.0  contig_23    1627   1659   (4109) + GA-rich       Low_complexity      1     33    (0)  35  
   12   20.5  2.9  0.0  contig_23    2300   2333   (3435) + A-rich        Low_complexity      1     35    (0)  36  
   17   12.4  2.9  0.0  contig_26    1793   1827    (392) + (TGTCTTT)n    Simple_repeat       1     36    (0)  37  
 1007    3.9  0.0  0.3  contig_30       1   1043      (2) + (ACAACAA)n    Simple_repeat       1   1040    (0)  38  
 1720    0.3  0.0  0.0  contig_32     599   2074      (0) + (AATAGAATTG)n Simple_repeat       1   1476    (0)  39  
   16   17.1  4.2  2.0  contig_36    3037   3084  (34925) + (TTATATA)n    Simple_repeat       1     49    (0)  40  
   15   17.3  4.1  4.1  contig_36   23911  23959  (14050) + A-rich        Low_complexity      1     49    (0)  41  
   11   13.2  5.7  2.8  contig_36   30077  30111   (7898) + (TAGTATA)n    Simple_repeat       1     36    (0)  42  
   12   32.8  0.0  0.0  contig_39    3219   3268  (21222) + A-rich        Low_complexity      1     50    (0)  43  
   13   18.7  2.1  6.5  contig_39    3881   3928  (20562) + (ATATT)n      Simple_repeat       1     46    (0)  44  
   16   16.6  0.0  2.9  contig_39    4475   4510  (19980) + (ATT)n        Simple_repeat       1     35    (0)  45  
   15   28.8  0.0  0.0  contig_39    5448   5489  (19001) + (TT)n         Simple_repeat       1     42    (0)  46  
   15   28.8  0.0  0.0  contig_39   10399  10440  (14050) + GA-rich       Low_complexity      1     42    (0)  47  
   15   11.3  7.9  0.0  contig_39   10735  10772  (13718) + A-rich        Low_complexity      1     41    (0)  48  
   13   21.0  3.8  3.8  contig_39   10772  10824  (13666) + (TTATT)n      Simple_repeat       1     53    (0)  49 *
   16   16.6  0.0  2.9  contig_39   11378  11413  (13077) + (ATA)n        Simple_repeat       1     35    (0)  50  
   19   16.2  4.0  2.0  contig_39   11711  11760  (12730) + (ATTT)n       Simple_repeat       1     51    (0)  51  
   15   12.1  5.9  5.9  contig_39   12619  12669  (11821) + (AATTTT)n     Simple_repeat       1     51    (0)  52  
   11   14.6  7.5  2.4  contig_39   16949  16988   (7502) + (AATTAG)n     Simple_repeat       1     42    (0)  53  
   20   23.3  3.7  3.7  contig_39   17661  17741   (6749) + (TTTAT)n      Simple_repeat       1     81    (0)  54  
   16   23.7  2.0  2.0  contig_39   17899  17949   (6541) + (TTA)n        Simple_repeat       1     51    (0)  55  
   13    0.0  0.0  0.0  contig_39   18371  18387   (6103) + (ATT)n        Simple_repeat       1     17    (0)  56  
   18   20.9  5.4  0.0  contig_39   19310  19365   (5125) + (TTTATT)n     Simple_repeat       1     59    (0)  57  
   18    6.4  8.8  6.9  contig_39   20219  20275   (4215) + (TAAT)n       Simple_repeat       1     58    (0)  58  
   14   23.7  3.5  3.5  contig_39   20903  20960   (3530) + (TAA)n        Simple_repeat       1     58    (0)  59  
   21    9.4  0.0  0.0  contig_39   21409  21442   (3048) + (TAAAGT)n     Simple_repeat       1     34    (0)  60  
   17   21.0  2.0  2.0  contig_39   21479  21529   (2961) + A-rich        Low_complexity      1     51    (0)  61  
   24   17.1  4.3  2.9  contig_39   21799  21867   (2623) + (TAA)n        Simple_repeat       1     70    (0)  62  
   13   13.0  5.6  2.7  contig_8     5624   5662 (897056) + (TTTAT)n      Simple_repeat       1     40    (0)  63  
   12   21.8  0.0  5.1  contig_8     6795   6835 (895883) + (CTATA)n      Simple_repeat       1     39    (0)  64  
   12   22.1  0.0  0.0  contig_8     7417   7448 (895270) + (AATATT)n     Simple_repeat       1     32    (0)  65  
   12   20.7  5.1  0.0  contig_8    13508  13546 (889172) + (TATAA)n      Simple_repeat       1     41    (0)  66  
   11   21.1  8.2  0.0  contig_8    18088  18136 (884582) + A-rich        Low_complexity      1     53    (0)  67  
   12    3.8  3.0  9.7  contig_8    18940  18972 (883746) + A-rich        Low_complexity      1     31    (0)  68  
   13   20.7  2.8  8.8  contig_8    28686  28757 (873961) + A-rich        Low_complexity      1     68    (0)  69  
   13   23.6  6.0  0.0  contig_8    35378  35427 (867291) + (TATAA)n      Simple_repeat       1     53    (0)  70  
   13   14.9  3.9  8.0  contig_8    98575  98626 (804092) + (TTACTT)n     Simple_repeat       1     50    (0)  71  
   14   23.8  0.0  2.2  contig_8   100598 100643 (802075) + (ATTTTTT)n    Simple_repeat       1     45    (0)  72  
   11   16.9  2.9  2.9  contig_8   120838 120872 (781846) + (ATTTCT)n     Simple_repeat       1     35    (0)  73  
   12   20.1  6.2  2.0  contig_8   152474 152521 (750197) + A-rich        Low_complexity      1     50    (0)  74  
   16   15.9  0.0  0.0  contig_8   164043 164070 (738648) + (T)n          Simple_repeat       1     28    (0)  75  
   12   12.8  5.6  2.7  contig_8   195428 195463 (707255) + A-rich        Low_complexity      1     37    (0)  76  
   12   11.1  0.0  9.4  contig_8   230623 230657 (672061) + A-rich        Low_complexity      1     32    (0)  77  
   12   12.0  3.7  0.0  contig_8   231658 231684 (671034) + A-rich        Low_complexity      1     28    (0)  78  
   16   17.7  7.8  0.0  contig_8   243871 243921 (658797) + (AGCAAG)n     Simple_repeat       1     55    (0)  79  
   12   13.9  0.0  0.0  contig_8   247226 247249 (655469) + (TTA)n        Simple_repeat       1     24    (0)  80  
   21   25.1  4.2  3.1  contig_8   248620 248714 (654004) + (TTAATA)n     Simple_repeat       1     96    (0)  81  
   12   20.1  2.9  0.0  contig_8   275362 275395 (627323) + GA-rich       Low_complexity      1     35    (0)  82  
   13   16.6  8.2  1.9  contig_8   284559 284607 (618111) + A-rich        Low_complexity      1     52    (0)  83  
   12   21.6  2.5  2.5  contig_8   292237 292276 (610442) + A-rich        Low_complexity      1     40    (0)  84  
   12   21.6  3.9  3.9  contig_8   310708 310759 (591959) + (ATATCA)n     Simple_repeat       1     52    (0)  85  
   13   24.2  1.9  3.9  contig_8   372303 372354 (530364) + (AATAA)n      Simple_repeat       1     51    (0)  86  
   12   17.4  0.0  5.9  contig_8   377718 377753 (524965) + A-rich        Low_complexity      1     34    (0)  87  
   13   25.4  5.4  0.0  contig_8   396585 396640 (506078) + A-rich        Low_complexity      1     59    (0)  88  
   12   13.1  1.9 12.5  contig_8   432300 432352 (470366) + (TAATTA)n     Simple_repeat       1     48    (0)  89  
   13   10.7  6.7  0.0  contig_8   451821 451850 (450868) + (TTTAT)n      Simple_repeat       1     32    (0)  90  
   12    9.7  0.0  0.0  contig_8   470714 470735 (431983) + (TAAA)n       Simple_repeat       1     22    (0)  91  
   13   18.9  0.0  0.0  contig_8   474763 474792 (427926) + (TATTT)n      Simple_repeat       1     30    (0)  92  
   12   20.6  4.1  4.1  contig_8   478230 478278 (424440) + A-rich        Low_complexity      1     49    (0)  93  
   16    6.3  5.7  2.8  contig_8   483815 483849 (418869) + (ATATT)n      Simple_repeat       1     36    (0)  94  
   12   15.3  3.5  0.0  contig_8   524327 524355 (378363) + (TTAT)n       Simple_repeat       1     30    (0)  95  
   13   21.9  0.0  2.6  contig_8   529930 529968 (372750) + (AACATA)n     Simple_repeat       1     38    (0)  96  
   12   17.4  6.1  4.0  contig_8   546309 546357 (356361) + (ATTTATAA)n   Simple_repeat       1     50    (0)  97  
   14   10.8  9.3  2.2  contig_8   549100 549142 (353576) + (TATCTC)n     Simple_repeat       1     46    (0)  98  
   30   33.2  1.4  1.4  contig_8   555919 556056 (346662) + (ATC)n        Simple_repeat       1    138    (0)  99  
   12   28.7  0.0  0.0  contig_8   560074 560115 (342603) + (TTTAT)n      Simple_repeat       1     42    (0) 100  
   13   15.4  5.6  0.0  contig_8   585628 585663 (317055) + A-rich        Low_complexity      1     38    (0) 101  
   12   12.1  0.0  6.9  contig_8   591715 591745 (310973) + (ATATT)n      Simple_repeat       1     29    (0) 102  
   12   29.7  0.0  0.0  contig_8   625494 625538 (277180) + A-rich        Low_complexity      1     45    (0) 103  
   11   13.0  8.8  0.0  contig_8   677607 677640 (225078) + (AATAAGT)n    Simple_repeat       1     37    (0) 104  
   13   14.2  3.2  0.0  contig_8   705552 705582 (197136) + (TCTTTT)n     Simple_repeat       1     32    (0) 105  
   12   20.1  2.9  0.0  contig_8   707884 707917 (194801) + (TTA)n        Simple_repeat       1     35    (0) 106  
   12   19.7  0.0  0.0  contig_8   717010 717038 (185680) + (TTAA)n       Simple_repeat       1     29    (0) 107  
   12   21.9  3.9  3.9  contig_8   733243 733293 (169425) + (TTC)n        Simple_repeat       1     51    (0) 108  
   17   18.2  1.8  5.7  contig_8   742910 742964 (159754) + GA-rich       Low_complexity      1     53    (0) 109  
   12   28.7  0.0  2.3  contig_8   827187 827231  (75487) + (ATAA)n       Simple_repeat       1     44    (0) 110  
   14   20.4  2.5  0.0  contig_8   890264 890303  (12415) + (ATTATAT)n    Simple_repeat       1     41    (0) 111  
   16   17.1  4.2  2.0  contig_8   899421 899468   (3250) + (TTATATA)n    Simple_repeat       1     49    (0) 112  
   12   21.6  2.5  2.5  contig_9     4467   4506    (318) + A-rich        Low_complexity      1     40    (0) 113  
