host: phoenix-18.prism
Building DAG of jobs...
Using shell: /usr/bin/bash
Provided remote nodes: 1
Provided resources: mem_mb=4000, mem_mib=3815, time=120
Select jobs to execute...
Execute 1 jobs...

[Wed Mar  5 11:07:04 2025]
rule find_interspersed_repeats:
    input: data/genomes/merrill-23.fasta
    output: results/repeat_analysis/interspersed_repeats/repeats.gff
    jobid: 0
    reason: Forced execution
    threads: 8
    resources: mem_mb=4000, mem_mib=3815, disk_mb=1000, disk_mib=954, tmpdir=<TBD>, time=120

host: phoenix-18.prism
Building DAG of jobs...
Using shell: /usr/bin/bash
Provided cores: 8
Rules claiming more threads will be scaled down.
Provided resources: mem_mb=4000, mem_mib=3815, disk_mb=1000, disk_mib=954, time=120
Select jobs to execute...
Execute 1 jobs...

[Wed Mar  5 11:07:05 2025]
localrule find_interspersed_repeats:
    input: data/genomes/merrill-23.fasta
    output: results/repeat_analysis/interspersed_repeats/repeats.gff
    jobid: 0
    reason: Forced execution
    threads: 8
    resources: mem_mb=4000, mem_mib=3815, disk_mb=1000, disk_mib=954, tmpdir=/data/tmp, time=120

Activating conda environment: blast


Building a new DB, current time: 03/05/2025 11:07:09
New DB name:   /private/groups/russelllab/jodie/merrill_23_wRi_genome/de_novo_wRi_merrill_23_assembly/scripts/bacterial-repeat-analysis/results/repeat_analysis/interspersed_repeats/self_blast
New DB title:  data/genomes/merrill-23.fasta
Sequence type: Nucleotide
Keep MBits: T
Maximum file size: 3000000000B
Adding sequences from FASTA; added 20 sequences in 0.033673 seconds.


Found 5031 interspersed repeats. Results written to results/repeat_analysis/interspersed_repeats/repeats.gff
[Wed Mar  5 11:09:40 2025]
Finished job 0.
1 of 1 steps (100%) done
Storing output in storage.
[Wed Mar  5 11:09:42 2025]
Finished job 0.
1 of 1 steps (100%) done
Storing output in storage.
