-------------------------------------
PRODIGAL v2.6.3 [February, 2016]         
Univ of Tenn / Oak Ridge National Lab
Doug Hyatt, Loren Hauser, et al.     
-------------------------------------
Request:  Single Genome, Phase:  Training
Reading in the sequence(s) to train...1455443 bp seq created, 34.88 pct GC
Locating all potential starts and stops...48395 nodes
Looking for GC bias in different frames...frame bias scores: 2.58 0.24 0.18
Building initial set of genes to train from...done!
Creating coding model and scoring nodes...done!
Examining upstream regions and training starts...done!
-------------------------------------
Request:  Single Genome, Phase:  Gene Finding
Finding genes in sequence #1 (3594 bp)...done!
Finding genes in sequence #2 (3536 bp)...done!
Finding genes in sequence #3 (3602 bp)...done!
Finding genes in sequence #4 (4385 bp)...done!
Finding genes in sequence #5 (447292 bp)...done!
Finding genes in sequence #6 (2239 bp)...done!
Finding genes in sequence #7 (5768 bp)...done!
Finding genes in sequence #8 (910 bp)...done!
Finding genes in sequence #9 (2219 bp)...done!
Finding genes in sequence #10 (1045 bp)...done!
Finding genes in sequence #11 (2132 bp)...done!
Finding genes in sequence #12 (2074 bp)...done!
Finding genes in sequence #13 (2374 bp)...done!
Finding genes in sequence #14 (1256 bp)...done!
Finding genes in sequence #15 (2292 bp)...done!
Finding genes in sequence #16 (38009 bp)...done!
Finding genes in sequence #17 (24490 bp)...done!
Finding genes in sequence #18 (444 bp)...done!
Finding genes in sequence #19 (902718 bp)...done!
Finding genes in sequence #20 (4824 bp)...done!
