host: phoenix-23.prism
Building DAG of jobs...
Using shell: /usr/bin/bash
Provided remote nodes: 1
Provided resources: mem_mb=20000, mem_mib=19074, disk_mb=8508, disk_mib=8114
Select jobs to execute...
Execute 1 jobs...

[Thu Mar  6 10:49:32 2025]
rule trim_short_reads:
    input: /private/groups/russelllab/jodie/merrill_23_wRi_genome/short_reads/merged_R1.fastq.gz, /private/groups/russelllab/jodie/merrill_23_wRi_genome/short_reads/merged_R2.fastq.gz
    output: /private/groups/russelllab/jodie/merrill_23_wRi_genome/short_reads/trimmed_R1.fastq.gz, /private/groups/russelllab/jodie/merrill_23_wRi_genome/short_reads/trimmed_R2.fastq.gz
    jobid: 0
    reason: Forced execution
    threads: 8
    resources: mem_mb=20000, mem_mib=19074, disk_mb=8508, disk_mib=8114, tmpdir=<TBD>, slurm_partition=medium, runtime=180

host: phoenix-23.prism
Building DAG of jobs...
Using shell: /usr/bin/bash
Provided cores: 8
Rules claiming more threads will be scaled down.
Provided resources: mem_mb=20000, mem_mib=19074, disk_mb=8508, disk_mib=8114
Select jobs to execute...
Execute 1 jobs...

[Thu Mar  6 10:49:33 2025]
localrule trim_short_reads:
    input: /private/groups/russelllab/jodie/merrill_23_wRi_genome/short_reads/merged_R1.fastq.gz, /private/groups/russelllab/jodie/merrill_23_wRi_genome/short_reads/merged_R2.fastq.gz
    output: /private/groups/russelllab/jodie/merrill_23_wRi_genome/short_reads/trimmed_R1.fastq.gz, /private/groups/russelllab/jodie/merrill_23_wRi_genome/short_reads/trimmed_R2.fastq.gz
    jobid: 0
    reason: Forced execution
    threads: 8
    resources: mem_mb=20000, mem_mib=19074, disk_mb=8508, disk_mib=8114, tmpdir=/data/tmp, slurm_partition=medium, runtime=180

/usr/bin/bash: line 3: trimmomatic: command not found
[Thu Mar  6 10:49:33 2025]
Error in rule trim_short_reads:
    jobid: 0
    input: /private/groups/russelllab/jodie/merrill_23_wRi_genome/short_reads/merged_R1.fastq.gz, /private/groups/russelllab/jodie/merrill_23_wRi_genome/short_reads/merged_R2.fastq.gz
    output: /private/groups/russelllab/jodie/merrill_23_wRi_genome/short_reads/trimmed_R1.fastq.gz, /private/groups/russelllab/jodie/merrill_23_wRi_genome/short_reads/trimmed_R2.fastq.gz
    shell:
        
        # Trim adapters and low quality bases
        trimmomatic PE -threads 8             /private/groups/russelllab/jodie/merrill_23_wRi_genome/short_reads/merged_R1.fastq.gz /private/groups/russelllab/jodie/merrill_23_wRi_genome/short_reads/merged_R2.fastq.gz             /private/groups/russelllab/jodie/merrill_23_wRi_genome/short_reads/trimmed_R1.fastq.gz /dev/null             /private/groups/russelllab/jodie/merrill_23_wRi_genome/short_reads/trimmed_R2.fastq.gz /dev/null             ILLUMINACLIP:/private/groups/russelllab/jodie/adapters/TruSeq3-PE.fa:2:30:10             LEADING:3 TRAILING:3 SLIDINGWINDOW:4:15 MINLEN:36
        
        (one of the commands exited with non-zero exit code; note that snakemake uses bash strict mode!)

Shutting down, this might take some time.
Exiting because a job execution failed. Look above for error message
Storing output in storage.
WorkflowError:
At least one job did not complete successfully.
srun: error: phoenix-23: task 0: Exited with exit code 1
[Thu Mar  6 10:49:33 2025]
Error in rule trim_short_reads:
    jobid: 0
    input: /private/groups/russelllab/jodie/merrill_23_wRi_genome/short_reads/merged_R1.fastq.gz, /private/groups/russelllab/jodie/merrill_23_wRi_genome/short_reads/merged_R2.fastq.gz
    output: /private/groups/russelllab/jodie/merrill_23_wRi_genome/short_reads/trimmed_R1.fastq.gz, /private/groups/russelllab/jodie/merrill_23_wRi_genome/short_reads/trimmed_R2.fastq.gz
    shell:
        
        # Trim adapters and low quality bases
        trimmomatic PE -threads 8             /private/groups/russelllab/jodie/merrill_23_wRi_genome/short_reads/merged_R1.fastq.gz /private/groups/russelllab/jodie/merrill_23_wRi_genome/short_reads/merged_R2.fastq.gz             /private/groups/russelllab/jodie/merrill_23_wRi_genome/short_reads/trimmed_R1.fastq.gz /dev/null             /private/groups/russelllab/jodie/merrill_23_wRi_genome/short_reads/trimmed_R2.fastq.gz /dev/null             ILLUMINACLIP:/private/groups/russelllab/jodie/adapters/TruSeq3-PE.fa:2:30:10             LEADING:3 TRAILING:3 SLIDINGWINDOW:4:15 MINLEN:36
        
        (one of the commands exited with non-zero exit code; note that snakemake uses bash strict mode!)

Shutting down, this might take some time.
Exiting because a job execution failed. Look above for error message
Storing output in storage.
WorkflowError:
At least one job did not complete successfully.
