host: phoenix-23.prism
Building DAG of jobs...
Using shell: /usr/bin/bash
Provided remote nodes: 1
Provided resources: mem_mb=20000, mem_mib=19074, disk_mb=8508, disk_mib=8114
Select jobs to execute...
Execute 1 jobs...

[Thu Mar  6 10:55:26 2025]
rule trim_short_reads:
    input: /private/groups/russelllab/jodie/merrill_23_wRi_genome/short_reads/merged_R1.fastq.gz, /private/groups/russelllab/jodie/merrill_23_wRi_genome/short_reads/merged_R2.fastq.gz
    output: /private/groups/russelllab/jodie/merrill_23_wRi_genome/short_reads/trimmed_R1.fastq.gz, /private/groups/russelllab/jodie/merrill_23_wRi_genome/short_reads/trimmed_R2.fastq.gz
    jobid: 0
    reason: Forced execution
    threads: 8
    resources: mem_mb=20000, mem_mib=19074, disk_mb=8508, disk_mib=8114, tmpdir=<TBD>, slurm_partition=medium, runtime=180

host: phoenix-23.prism
Building DAG of jobs...
Using shell: /usr/bin/bash
Provided cores: 8
Rules claiming more threads will be scaled down.
Provided resources: mem_mb=20000, mem_mib=19074, disk_mb=8508, disk_mib=8114
Select jobs to execute...
Execute 1 jobs...

[Thu Mar  6 10:55:27 2025]
localrule trim_short_reads:
    input: /private/groups/russelllab/jodie/merrill_23_wRi_genome/short_reads/merged_R1.fastq.gz, /private/groups/russelllab/jodie/merrill_23_wRi_genome/short_reads/merged_R2.fastq.gz
    output: /private/groups/russelllab/jodie/merrill_23_wRi_genome/short_reads/trimmed_R1.fastq.gz, /private/groups/russelllab/jodie/merrill_23_wRi_genome/short_reads/trimmed_R2.fastq.gz
    jobid: 0
    reason: Forced execution
    threads: 8
    resources: mem_mb=20000, mem_mib=19074, disk_mb=8508, disk_mib=8114, tmpdir=/data/tmp, slurm_partition=medium, runtime=180

TrimmomaticPE: Started with arguments:
 -threads 8 /private/groups/russelllab/jodie/merrill_23_wRi_genome/short_reads/merged_R1.fastq.gz /private/groups/russelllab/jodie/merrill_23_wRi_genome/short_reads/merged_R2.fastq.gz /private/groups/russelllab/jodie/merrill_23_wRi_genome/short_reads/trimmed_R1.fastq.gz /dev/null /private/groups/russelllab/jodie/merrill_23_wRi_genome/short_reads/trimmed_R2.fastq.gz /dev/null ILLUMINACLIP:/private/groups/russelllab/jodie/sequencing_data/TruSeq3-PE.fa:2:30:10 LEADING:3 TRAILING:3 SLIDINGWINDOW:4:15 MINLEN:36
Using PrefixPair: 'TACACTCTTTCCCTACACGACGCTCTTCCGATCT' and 'GTGACTGGAGTTCAGACGTGTGCTCTTCCGATCT'
ILLUMINACLIP: Using 1 prefix pairs, 0 forward/reverse sequences, 0 forward only sequences, 0 reverse only sequences
Quality encoding detected as phred33
Input Read Pairs: 27644844 Both Surviving: 27245830 (98.56%) Forward Only Surviving: 346398 (1.25%) Reverse Only Surviving: 44769 (0.16%) Dropped: 7847 (0.03%)
TrimmomaticPE: Completed successfully
[Thu Mar  6 11:09:06 2025]
Finished job 0.
1 of 1 steps (100%) done
Storing output in storage.
[Thu Mar  6 11:09:06 2025]
Finished job 0.
1 of 1 steps (100%) done
Storing output in storage.
